Removed Pin From Net: NetName=Cross_Green Pin=P12-2
Removed Pin From Net: NetName=Cross_Orange Pin=P12-3
Removed Pin From Net: NetName=Long_Yellow Pin=P12-4
Removed Pin From Net: NetName=Long_Green Pin=P12-5
Change Component Footprint: Designator=P12 Old Footprint=HDR2X3_CEN New Footprint=IPL1-103-01-F-D
Change Component Comment : Designator=P12 Old Comment=Header 3X2A New Comment=IPL1-103-01-F-D
Change component parameters: Designator = "P12"; Footprint = "IPL1-103-01-F-D"; UniqueID = "\FNPTWFWT"
Change component parameters. Clean all parameters for all variants
Change component parameters (AddParameter): Name = "ComponentLink1Description"; Value = "https://webassistants.partcommunity.com/23d-libs/samtec/search/resolve.html?EMAIL=mysamtec@samtec.com&PN=HTSW-114-05-F-D"; VariantName = "[No Variations]"
Change component parameters (AddParameter): Name = "ComponentLink1URL"; Value = "https://webassistants.partcommunity.com/23d-libs/samtec/search/resolve.html?EMAIL=mysamtec@samtec.com&PN=HTSW-114-05-F-D"; VariantName = "[No Variations]"
Change component parameters (AddParameter): Name = "Manufacturer"; Value = "SAMTEC"; VariantName = "[No Variations]"
Change component parameters (AddParameter): Name = "Manufacturer Part Number"; Value = "IPL1-103-01-F-D-K"; VariantName = "[No Variations]"
Change component parameters (AddParameter): Name = "Pricing 1"; Value = "1=1.8, 5000=1.56, 10000=1.46 (USD)"; VariantName = "[No Variations]"
Change component parameters (AddParameter): Name = "Stock 1"; Value = "0"; VariantName = "[No Variations]"
Change component parameters (AddParameter): Name = "Supplier 1"; Value = "Newark"; VariantName = "[No Variations]"
Change component parameters (AddParameter): Name = "Supplier Part Number 1"; Value = "51P2678"; VariantName = "[No Variations]"
Added Pin To Net: NetName=Long_Yellow Pin=P12-2
Added Pin To Net: NetName=Cross_Green Pin=P12-3
Added Pin To Net: NetName=Long_Green Pin=P12-4
Added Pin To Net: NetName=Cross_Orange Pin=P12-5
