Added Component: Designator=P1(IPL1-112-01-F-S-K)
Add component. Clean all parameters for all variants
Add component (AddParameter): Name = "Supplier 1"; Value = "Newark"; VariantName = "[No Variations]"
Add component (AddParameter): Name = "Supplier Part Number 1"; Value = "08W3504"; VariantName = "[No Variations]"
Added Pin To Net: NetName=Cross_Orange Pin=P1-1
Added Pin To Net: NetName=Long_Orange Pin=P1-2
Added Pin To Net: NetName=Cross_Green Pin=P1-3
Added Pin To Net: NetName=Long_Green Pin=P1-4
Added Pin To Net: NetName=Cross_Yellow Pin=P1-5
Added Pin To Net: NetName=Long_Yellow Pin=P1-6
Added Pin To Net: NetName=SPI0_MISO Pin=P1-7
Added Pin To Net: NetName=MUX_A0 Pin=P1-8
Added Pin To Net: NetName=Thermistor_CS0 Pin=P1-9
Added Pin To Net: NetName=SPI0_SCLK Pin=P1-10
Added Pin To Net: NetName=MUX_A1 Pin=P1-11
Added Pin To Net: NetName=MUX A2 Pin=P1-12
Added Pin To Net: NetName=Arrestment Heater FET Pin=P1-13
Added Pin To Net: NetName=Gearbox Heater FET Pin=P1-14
Added Pin To Net: NetName=Conning Tower FET Pin=P1-15
Added Pin To Net: NetName=Meter Heater FET Pin=P1-16
Added Pin To Net: NetName=+5 Pin=P1-17
Added Pin To Net: NetName=+3.3 Pin=P1-18
Added Pin To Net: NetName=GND Pin=P1-19
Added Pin To Net: NetName=GND Pin=P1-20
Added Pin To Net: NetName=+12 Pin=P1-21
Added Pin To Net: NetName=+12 Pin=P1-22
Added Pin To Net: NetName=GND Pin=P1-23
Added Pin To Net: NetName=GND Pin=P1-24
Added Member To Class: ClassName=LM_HTR_001 Member=Component P1 IPL1-112-01-F-S-K
