Added Component: Designator=DS1(LTST-C19HE1WT-4_V)
Add component. Clean all parameters for all variants
Add component (AddParameter): Name = "Datasheet URL"; Value = "http://download.siliconexpert.com/pdfs/2014/3/25/6/41/6/148/lot_/manual/s_110_ltst-c19he1wt.pdf"; VariantName = "[No Variations]"
Add component (AddParameter): Name = "Datasheet Version"; Value = "Rev. B, 10/2013"; VariantName = "[No Variations]"
Add component (AddParameter): Name = "Dimensions"; Value = "1.6x1.6x0.35mm"; VariantName = "[No Variations]"
Add component (AddParameter): Name = "Dominant Wavelength"; Value = "470/525/624nm"; VariantName = "[No Variations]"
Add component (AddParameter): Name = "Forward Voltage"; Value = "2.4(Red)V,3.9(Blue)V,3.9(Green)V"; VariantName = "[No Variations]"
Add component (AddParameter): Name = "LED Colours"; Value = "Blue,Green,Red"; VariantName = "[No Variations]"
Add component (AddParameter): Name = "LED Material"; Value = "AlInGaP(Red),InGaN(Blue),InGaN(Green)"; VariantName = "[No Variations]"
Add component (AddParameter): Name = "Lens Colour"; Value = "Clear"; VariantName = "[No Variations]"
Add component (AddParameter): Name = "Lens Shape"; Value = "Rectangle"; VariantName = "[No Variations]"
Add component (AddParameter): Name = "Luminous Intensity"; Value = "180mcd,450mcd"; VariantName = "[No Variations]"
Add component (AddParameter): Name = "Manufacturer"; Value = "Lite-On"; VariantName = "[No Variations]"
Add component (AddParameter): Name = "Manufacturer URL"; Value = "http://www.us.liteon.com/"; VariantName = "[No Variations]"
Add component (AddParameter): Name = "Mounting Type"; Value = "SurfaceMount"; VariantName = "[No Variations]"
Add component (AddParameter): Name = "Number of LEDs"; Value = "3"; VariantName = "[No Variations]"
Add component (AddParameter): Name = "Number of Pins"; Value = "3"; VariantName = "[No Variations]"
Add component (AddParameter): Name = "Series"; Value = "LTST"; VariantName = "[No Variations]"
Add component (AddParameter): Name = "Viewing Angle"; Value = "130deg"; VariantName = "[No Variations]"
Added Component: Designator=P1(FSI-120-03-G-D-E-AB)
Add component. Clean all parameters for all variants
Add component (AddParameter): Name = "Supplier 1"; Value = "Avnet"; VariantName = "[No Variations]"
Add component (AddParameter): Name = "Supplier Part Number 1"; Value = "FSI-120-03-G-D-E-AB"; VariantName = "[No Variations]"
Added Component: Designator=P2(HDR1X3)
Add component. Clean all parameters for all variants
Add component (AddParameter): Name = "LatestRevisionDate"; Value = "17-Jul-2002"; VariantName = "[No Variations]"
Add component (AddParameter): Name = "LatestRevisionNote"; Value = "Re-released for DXP Platform."; VariantName = "[No Variations]"
Add component (AddParameter): Name = "Publisher"; Value = "Altium Limited"; VariantName = "[No Variations]"
Added Component: Designator=P3(HDR1X3)
Add component. Clean all parameters for all variants
Add component (AddParameter): Name = "LatestRevisionDate"; Value = "17-Jul-2002"; VariantName = "[No Variations]"
Add component (AddParameter): Name = "LatestRevisionNote"; Value = "Re-released for DXP Platform."; VariantName = "[No Variations]"
Add component (AddParameter): Name = "Publisher"; Value = "Altium Limited"; VariantName = "[No Variations]"
Added Component: Designator=R1(RESC0402(1005)_M)
Add component. Clean all parameters for all variants
Added Component: Designator=R2(RESC0402(1005)_M)
Add component. Clean all parameters for all variants
Added Component: Designator=R3(RESC0402(1005)_M)
Add component. Clean all parameters for all variants
Added Component: Designator=R4(RESC0402(1005)_M)
Add component. Clean all parameters for all variants
Added Component: Designator=R5(RESC0402(1005)_M)
Add component. Clean all parameters for all variants
Added Component: Designator=R6(RESC0402(1005)_M)
Add component. Clean all parameters for all variants
Added Pin To Net: NetName=+3.3 Pin=DS1-4
Added Pin To Net: NetName=+3.3 Pin=P1-J2-3
Added Pin To Net: NetName=+3.3 Pin=P1-J2-4
Added Pin To Net: NetName=+3.3 Pin=P2-1
Added Net: Name=+3.3
Added Pin To Net: NetName=Blue LED Pin=P1-J2-14
Added Pin To Net: NetName=Blue LED Pin=R3-2
Added Net: Name=Blue LED
Added Pin To Net: NetName=Cross_Green Pin=P2-2
Added Net: Name=Cross_Green
Added Pin To Net: NetName=GND Pin=P1-J2-1
Added Pin To Net: NetName=GND Pin=P1-J2-2
Added Pin To Net: NetName=GND Pin=P2-3
Added Pin To Net: NetName=GND Pin=P3-2
Added Net: Name=GND
Added Pin To Net: NetName=Green LED Pin=P1-J2-13
Added Pin To Net: NetName=Green LED Pin=R2-2
Added Net: Name=Green LED
Added Pin To Net: NetName=NetDS1_1 Pin=DS1-1
Added Pin To Net: NetName=NetDS1_1 Pin=R1-1
Added Net: Name=NetDS1_1
Added Pin To Net: NetName=NetDS1_2 Pin=DS1-2
Added Pin To Net: NetName=NetDS1_2 Pin=R2-1
Added Net: Name=NetDS1_2
Added Pin To Net: NetName=NetDS1_3 Pin=DS1-3
Added Pin To Net: NetName=NetDS1_3 Pin=R3-1
Added Net: Name=NetDS1_3
Added Pin To Net: NetName=NetR5_2 Pin=R5-2
Added Net: Name=NetR5_2
Added Pin To Net: NetName=NetR6_2 Pin=R6-2
Added Net: Name=NetR6_2
Added Pin To Net: NetName=Red LED Pin=P1-J2-11
Added Pin To Net: NetName=Red LED Pin=R1-2
Added Net: Name=Red LED
Added Pin To Net: NetName=RS232_RX Pin=P3-3
Added Net: Name=RS232_RX
Added Pin To Net: NetName=RS232_TX Pin=P3-1
Added Net: Name=RS232_TX
Added Pin To Net: NetName=RXD Pin=P1-J2-18
Added Pin To Net: NetName=RXD Pin=R6-1
Added Net: Name=RXD
Added Pin To Net: NetName=TXD Pin=P1-J2-16
Added Pin To Net: NetName=TXD Pin=R4-1
Added Pin To Net: NetName=TXD Pin=R5-1
Added Net: Name=TXD
Added Pin To Net: NetName=VCC_2V85 Pin=P1-J3-20
Added Pin To Net: NetName=VCC_2V85 Pin=R4-2
Added Net: Name=VCC_2V85
Added Class: Name=Bluetooth
