Removed Pin From Net: NetName=GND Pin=P14-1
Removed Pin From Net: NetName=GND Pin=P14-2
Removed Pin From Net: NetName=-5 Pin=P14-3
Removed Pin From Net: NetName=Meter Heater FET Pin=P14-13
Removed Pin From Net: NetName=Conning Tower Heater FET Pin=P14-14
Removed Pin From Net: NetName=Gearbox Heater FET Pin=P14-15
Removed Pin From Net: NetName=Arrestment Heater FET Pin=P14-16
Removed Pin From Net: NetName=Board1 Heater FET Pin=P14-17
Removed Pin From Net: NetName=Board2 Heater FET Pin=P14-18
Removed Pin From Net: NetName=+5 Pin=P14-19
Removed Pin From Net: NetName=+3.3 Pin=P14-20
Removed Pin From Net: NetName=+12 Pin=P14-21
Removed Pin From Net: NetName=+12 Pin=P14-22
Removed Pin From Net: NetName=GND Pin=P14-23
Removed Pin From Net: NetName=GND Pin=P14-24
Removed Member From Class: ClassName=U_SynchDemod Member=C1
Removed Member From Class: ClassName=U_SynchDemod Member=C2
Removed Member From Class: ClassName=U_SynchDemod Member=C5
Removed Member From Class: ClassName=U_SynchDemod Member=C11
Removed Member From Class: ClassName=U_SynchDemod Member=C20
Removed Member From Class: ClassName=U_SynchDemod Member=C24
Removed Member From Class: ClassName=U_SynchDemod Member=C28
Removed Member From Class: ClassName=U_Heater Member=P1
Removed Member From Class: ClassName=U_Heater Member=P14
Removed Member From Class: ClassName=U_Heater Member=R1
Removed Member From Class: ClassName=U_Heater Member=R3
Removed Member From Class: ClassName=U_SynchDemod Member=R4
Removed Member From Class: ClassName=U_SynchDemod Member=R5
Removed Member From Class: ClassName=U_SynchDemod Member=R6
Removed Member From Class: ClassName=U_SynchDemod Member=R7
Removed Member From Class: ClassName=U_SynchDemod Member=R8
Removed Member From Class: ClassName=U_SynchDemod Member=R9
Removed Member From Class: ClassName=U_SynchDemod Member=R10
Removed Member From Class: ClassName=U_Connectors Member=SB4
Removed Member From Class: ClassName=U_SynchDemod Member=U2
Removed Member From Class: ClassName=U_SynchDemod Member=U3
Removed Member From Class: ClassName=U_SynchDemod Member=U4
Change component parameters: Designator = "U14"; Footprint = "ICC_LQFP144_20X20_P050_SOCKET_YAMAICHI_IC149-144-145-B5_NM"; UniqueID = "\OUWECVDB\UIWQTVTY\IUDFBGBV"
Change component parameters. Clean all parameters for all variants
Change component parameters (AddParameter): Name = "BMS_Part_Number"; Value = "9175347"; VariantName = "[No Variations]"
Change component parameters (AddParameter): Name = "ComponentLink1Description"; Value = "Datasheet"; VariantName = "[No Variations]"
Change component parameters (AddParameter): Name = "ComponentLink1URL"; Value = "http://tunmcdsvn.tun.st.com/Component_Datasheet_Library/Trunk/IC/STM_STM32L552ZET6QU"; VariantName = "[No Variations]"
Change component parameters (AddParameter): Name = "ECCN_EU"; Value = "NEC"; VariantName = "[No Variations]"
Change component parameters (AddParameter): Name = "ECCN_US"; Value = "3A991A2"; VariantName = "[No Variations]"
Change component parameters (AddParameter): Name = "Internal_Part_Number"; Value = "MCD-01349"; VariantName = "[No Variations]"
Change component parameters (AddParameter): Name = "Manufacturer"; Value = "STMICROELECTRONICS"; VariantName = "[No Variations]"
Change component parameters (AddParameter): Name = "Manufacturer_Part_Number"; Value = "STM32H7A3ZIT6U"; VariantName = "[No Variations]"
Change component parameters (AddParameter): Name = "Package"; Value = "LQFP144"; VariantName = "[No Variations]"
Change component parameters (AddParameter): Name = "Part_Type"; Value = "IC"; VariantName = "[No Variations]"
Change component parameters (AddParameter): Name = "Provided_By"; Value = "SUBCO with ST control"; VariantName = "[No Variations]"
Change component parameters (AddParameter): Name = "Status"; Value = "Released"; VariantName = "[No Variations]"
Change component parameters (AddParameter): Name = "Value"; Value = "STM32H7A3ZIT6U"; VariantName = "[No Variations]"
Change component parameters (AddParameter): Name = "BMS_Part_Number"; Value = "9175293 (cut2.0)"; VariantName = "H743ZI"
Change component parameters (AddParameter): Name = "ComponentLink1Description"; Value = "Datasheet"; VariantName = "H743ZI"
Change component parameters (AddParameter): Name = "ComponentLink1URL"; Value = "http://tunmcdsvn.tun.st.com/Component_Datasheet_Library/Trunk/IC/STM_STM32L552ZET6QU"; VariantName = "H743ZI"
Change component parameters (AddParameter): Name = "ECCN_EU"; Value = "NEC"; VariantName = "H743ZI"
Change component parameters (AddParameter): Name = "ECCN_US"; Value = "3A991A2"; VariantName = "H743ZI"
Change component parameters (AddParameter): Name = "Internal_Part_Number"; Value = "MCD-01403"; VariantName = "H743ZI"
Change component parameters (AddParameter): Name = "Manufacturer"; Value = "STMICROELECTRONICS"; VariantName = "H743ZI"
Change component parameters (AddParameter): Name = "Manufacturer_Part_Number"; Value = "STM32H743ZIT6U"; VariantName = "H743ZI"
Change component parameters (AddParameter): Name = "Package"; Value = "LQFP144"; VariantName = "H743ZI"
Change component parameters (AddParameter): Name = "Part_Type"; Value = "IC"; VariantName = "H743ZI"
Change component parameters (AddParameter): Name = "Provided_By"; Value = "SUBCO with ST control"; VariantName = "H743ZI"
Change component parameters (AddParameter): Name = "Status"; Value = "Released"; VariantName = "H743ZI"
Change component parameters (AddParameter): Name = "Value"; Value = "STM32H743ZIT6U"; VariantName = "H743ZI"
Change component parameters (AddParameter): Name = "BMS_Part_Number"; Value = "9175347"; VariantName = "H7A3ZI"
Change component parameters (AddParameter): Name = "ComponentLink1Description"; Value = "Datasheet"; VariantName = "H7A3ZI"
Change component parameters (AddParameter): Name = "ComponentLink1URL"; Value = "http://tunmcdsvn.tun.st.com/Component_Datasheet_Library/Trunk/IC/STM_STM32L552ZET6QU"; VariantName = "H7A3ZI"
Change component parameters (AddParameter): Name = "ECCN_EU"; Value = "NEC"; VariantName = "H7A3ZI"
Change component parameters (AddParameter): Name = "ECCN_US"; Value = "3A991A2"; VariantName = "H7A3ZI"
Change component parameters (AddParameter): Name = "Internal_Part_Number"; Value = "MCD-01349"; VariantName = "H7A3ZI"
Change component parameters (AddParameter): Name = "Manufacturer"; Value = "STMICROELECTRONICS"; VariantName = "H7A3ZI"
Change component parameters (AddParameter): Name = "Manufacturer_Part_Number"; Value = "STM32H7A3ZIT6U"; VariantName = "H7A3ZI"
Change component parameters (AddParameter): Name = "Package"; Value = "LQFP144"; VariantName = "H7A3ZI"
Change component parameters (AddParameter): Name = "Part_Type"; Value = "IC"; VariantName = "H7A3ZI"
Change component parameters (AddParameter): Name = "Provided_By"; Value = "SUBCO with ST control"; VariantName = "H7A3ZI"
Change component parameters (AddParameter): Name = "Status"; Value = "Released"; VariantName = "H7A3ZI"
Change component parameters (AddParameter): Name = "Value"; Value = "STM32H7A3ZIT6U"; VariantName = "H7A3ZI"
Change component parameters (AddParameter): Name = "BMS_Part_Number"; Value = "9175345"; VariantName = "H7B3ZI"
Change component parameters (AddParameter): Name = "ComponentLink1Description"; Value = "Datasheet"; VariantName = "H7B3ZI"
Change component parameters (AddParameter): Name = "ComponentLink1URL"; Value = "http://tunmcdsvn.tun.st.com/Component_Datasheet_Library/Trunk/IC/STM_STM32L552ZET6QU"; VariantName = "H7B3ZI"
Change component parameters (AddParameter): Name = "ECCN_EU"; Value = "5A002A4"; VariantName = "H7B3ZI"
Change component parameters (AddParameter): Name = "ECCN_US"; Value = "5A002A4"; VariantName = "H7B3ZI"
Change component parameters (AddParameter): Name = "Internal_Part_Number"; Value = "MCD-01764"; VariantName = "H7B3ZI"
Change component parameters (AddParameter): Name = "Manufacturer"; Value = "STMICROELECTRONICS"; VariantName = "H7B3ZI"
Change component parameters (AddParameter): Name = "Manufacturer_Part_Number"; Value = "STM32H7B3ZIT6U"; VariantName = "H7B3ZI"
Change component parameters (AddParameter): Name = "Package"; Value = "LQFP144"; VariantName = "H7B3ZI"
Change component parameters (AddParameter): Name = "Part_Type"; Value = "IC"; VariantName = "H7B3ZI"
Change component parameters (AddParameter): Name = "Provided_By"; Value = "SUBCO with ST control"; VariantName = "H7B3ZI"
Change component parameters (AddParameter): Name = "Status"; Value = "Released"; VariantName = "H7B3ZI"
Change component parameters (AddParameter): Name = "Value"; Value = "STM32H7B3ZIT6U"; VariantName = "H7B3ZI"
Change component parameters (AddParameter): Name = "BMS_Part_Number"; Value = "9175294 (cut 2.0)"; VariantName = "H753ZI"
Change component parameters (AddParameter): Name = "ComponentLink1Description"; Value = "Datasheet"; VariantName = "H753ZI"
Change component parameters (AddParameter): Name = "ComponentLink1URL"; Value = "http://tunmcdsvn.tun.st.com/Component_Datasheet_Library/Trunk/IC/STM_STM32L552ZET6QU"; VariantName = "H753ZI"
Change component parameters (AddParameter): Name = "ECCN_EU"; Value = "5A002A4"; VariantName = "H753ZI"
Change component parameters (AddParameter): Name = "ECCN_US"; Value = "5A992C"; VariantName = "H753ZI"
Change component parameters (AddParameter): Name = "Internal_Part_Number"; Value = "MCD-01404"; VariantName = "H753ZI"
Change component parameters (AddParameter): Name = "Manufacturer"; Value = "STMICROELECTRONICS"; VariantName = "H753ZI"
Change component parameters (AddParameter): Name = "Manufacturer_Part_Number"; Value = "STM32H753ZIT6U"; VariantName = "H753ZI"
Change component parameters (AddParameter): Name = "Package"; Value = "LQFP144"; VariantName = "H753ZI"
Change component parameters (AddParameter): Name = "Part_Type"; Value = "IC"; VariantName = "H753ZI"
Change component parameters (AddParameter): Name = "Provided_By"; Value = "SUBCO with ST control"; VariantName = "H753ZI"
Change component parameters (AddParameter): Name = "Status"; Value = "Released"; VariantName = "H753ZI"
Change component parameters (AddParameter): Name = "Value"; Value = "STM32H753ZIT6U"; VariantName = "H753ZI"
Added Member To Class: ClassName=U_SynchDemod Member=Component C38 CAP CER 0.1UF 25V X7R 0805
Added Member To Class: ClassName=U_SynchDemod Member=Component C41 CAP CER 0.1UF 25V X7R 0805
Added Member To Class: ClassName=U_SynchDemod Member=Component C42 CAP CER 0.1UF 25V X7R 0805
Added Member To Class: ClassName=U_SynchDemod Member=Component C46 CAP CER 0.1UF 25V X7R 0805
Added Member To Class: ClassName=U_SynchDemod Member=Component C47 CAP CER 0.1UF 25V X7R 0805
Added Member To Class: ClassName=U_SynchDemod Member=Component C48 CAP CER 0.1UF 25V X7R 0805
Added Member To Class: ClassName=U_SynchDemod Member=Component C49 Multilayer Ceramic Capacitors MLCC - SMD/SMT 0.01uF 50volts 10% X7R
Added Member To Class: ClassName=U_Heater Member=Component R12 4.99K
Added Member To Class: ClassName=U_Heater Member=Component R17 4.99K
Added Member To Class: ClassName=U_SynchDemod Member=Component R33 18.2K
Added Member To Class: ClassName=U_SynchDemod Member=Component R34 511k
Added Member To Class: ClassName=U_SynchDemod Member=Component R35 20k
Added Member To Class: ClassName=U_SynchDemod Member=Component R36 20k
Added Member To Class: ClassName=U_SynchDemod Member=Component R37 20k
Added Member To Class: ClassName=U_SynchDemod Member=Component R38 0
Added Member To Class: ClassName=U_SynchDemod Member=Component R39 33K
Added Member To Class: ClassName=U_Connectors Member=Component SB2 SB_ON
Added Member To Class: ClassName=U_SynchDemod Member=Component U8 LPC662AIM
Added Member To Class: ClassName=U_SynchDemod Member=Component U11 LTC6994MPS6-2#TRMPBF
Added Member To Class: ClassName=U_SynchDemod Member=Component U12 AD584KNZ
