Change component parameters: Designator = "U14"; Footprint = "ICC_LQFP144_20X20_P050_SOCKET_YAMAICHI_IC149-144-145-B5_NM"; UniqueID = "\OUWECVDB\UIWQTVTY\IUDFBGBV"
Change component parameters. Clean all parameters for all variants
Change component parameters (AddParameter): Name = "BMS_Part_Number"; Value = "9175347"; VariantName = "[No Variations]"
Change component parameters (AddParameter): Name = "ComponentLink1Description"; Value = "Datasheet"; VariantName = "[No Variations]"
Change component parameters (AddParameter): Name = "ComponentLink1URL"; Value = "http://tunmcdsvn.tun.st.com/Component_Datasheet_Library/Trunk/IC/STM_STM32L552ZET6QU"; VariantName = "[No Variations]"
Change component parameters (AddParameter): Name = "ECCN_EU"; Value = "NEC"; VariantName = "[No Variations]"
Change component parameters (AddParameter): Name = "ECCN_US"; Value = "3A991A2"; VariantName = "[No Variations]"
Change component parameters (AddParameter): Name = "Internal_Part_Number"; Value = "MCD-01349"; VariantName = "[No Variations]"
Change component parameters (AddParameter): Name = "Manufacturer"; Value = "STMICROELECTRONICS"; VariantName = "[No Variations]"
Change component parameters (AddParameter): Name = "Manufacturer_Part_Number"; Value = "STM32H7A3ZIT6U"; VariantName = "[No Variations]"
Change component parameters (AddParameter): Name = "Package"; Value = "LQFP144"; VariantName = "[No Variations]"
Change component parameters (AddParameter): Name = "Part_Type"; Value = "IC"; VariantName = "[No Variations]"
Change component parameters (AddParameter): Name = "Provided_By"; Value = "SUBCO with ST control"; VariantName = "[No Variations]"
Change component parameters (AddParameter): Name = "Status"; Value = "Released"; VariantName = "[No Variations]"
Change component parameters (AddParameter): Name = "Value"; Value = "STM32H7A3ZIT6U"; VariantName = "[No Variations]"
Change component parameters (AddParameter): Name = "BMS_Part_Number"; Value = "9175293 (cut2.0)"; VariantName = "H743ZI"
Change component parameters (AddParameter): Name = "ComponentLink1Description"; Value = "Datasheet"; VariantName = "H743ZI"
Change component parameters (AddParameter): Name = "ComponentLink1URL"; Value = "http://tunmcdsvn.tun.st.com/Component_Datasheet_Library/Trunk/IC/STM_STM32L552ZET6QU"; VariantName = "H743ZI"
Change component parameters (AddParameter): Name = "ECCN_EU"; Value = "NEC"; VariantName = "H743ZI"
Change component parameters (AddParameter): Name = "ECCN_US"; Value = "3A991A2"; VariantName = "H743ZI"
Change component parameters (AddParameter): Name = "Internal_Part_Number"; Value = "MCD-01403"; VariantName = "H743ZI"
Change component parameters (AddParameter): Name = "Manufacturer"; Value = "STMICROELECTRONICS"; VariantName = "H743ZI"
Change component parameters (AddParameter): Name = "Manufacturer_Part_Number"; Value = "STM32H743ZIT6U"; VariantName = "H743ZI"
Change component parameters (AddParameter): Name = "Package"; Value = "LQFP144"; VariantName = "H743ZI"
Change component parameters (AddParameter): Name = "Part_Type"; Value = "IC"; VariantName = "H743ZI"
Change component parameters (AddParameter): Name = "Provided_By"; Value = "SUBCO with ST control"; VariantName = "H743ZI"
Change component parameters (AddParameter): Name = "Status"; Value = "Released"; VariantName = "H743ZI"
Change component parameters (AddParameter): Name = "Value"; Value = "STM32H743ZIT6U"; VariantName = "H743ZI"
Change component parameters (AddParameter): Name = "BMS_Part_Number"; Value = "9175347"; VariantName = "H7A3ZI"
Change component parameters (AddParameter): Name = "ComponentLink1Description"; Value = "Datasheet"; VariantName = "H7A3ZI"
Change component parameters (AddParameter): Name = "ComponentLink1URL"; Value = "http://tunmcdsvn.tun.st.com/Component_Datasheet_Library/Trunk/IC/STM_STM32L552ZET6QU"; VariantName = "H7A3ZI"
Change component parameters (AddParameter): Name = "ECCN_EU"; Value = "NEC"; VariantName = "H7A3ZI"
Change component parameters (AddParameter): Name = "ECCN_US"; Value = "3A991A2"; VariantName = "H7A3ZI"
Change component parameters (AddParameter): Name = "Internal_Part_Number"; Value = "MCD-01349"; VariantName = "H7A3ZI"
Change component parameters (AddParameter): Name = "Manufacturer"; Value = "STMICROELECTRONICS"; VariantName = "H7A3ZI"
Change component parameters (AddParameter): Name = "Manufacturer_Part_Number"; Value = "STM32H7A3ZIT6U"; VariantName = "H7A3ZI"
Change component parameters (AddParameter): Name = "Package"; Value = "LQFP144"; VariantName = "H7A3ZI"
Change component parameters (AddParameter): Name = "Part_Type"; Value = "IC"; VariantName = "H7A3ZI"
Change component parameters (AddParameter): Name = "Provided_By"; Value = "SUBCO with ST control"; VariantName = "H7A3ZI"
Change component parameters (AddParameter): Name = "Status"; Value = "Released"; VariantName = "H7A3ZI"
Change component parameters (AddParameter): Name = "Value"; Value = "STM32H7A3ZIT6U"; VariantName = "H7A3ZI"
Change component parameters (AddParameter): Name = "BMS_Part_Number"; Value = "9175345"; VariantName = "H7B3ZI"
Change component parameters (AddParameter): Name = "ComponentLink1Description"; Value = "Datasheet"; VariantName = "H7B3ZI"
Change component parameters (AddParameter): Name = "ComponentLink1URL"; Value = "http://tunmcdsvn.tun.st.com/Component_Datasheet_Library/Trunk/IC/STM_STM32L552ZET6QU"; VariantName = "H7B3ZI"
Change component parameters (AddParameter): Name = "ECCN_EU"; Value = "5A002A4"; VariantName = "H7B3ZI"
Change component parameters (AddParameter): Name = "ECCN_US"; Value = "5A002A4"; VariantName = "H7B3ZI"
Change component parameters (AddParameter): Name = "Internal_Part_Number"; Value = "MCD-01764"; VariantName = "H7B3ZI"
Change component parameters (AddParameter): Name = "Manufacturer"; Value = "STMICROELECTRONICS"; VariantName = "H7B3ZI"
Change component parameters (AddParameter): Name = "Manufacturer_Part_Number"; Value = "STM32H7B3ZIT6U"; VariantName = "H7B3ZI"
Change component parameters (AddParameter): Name = "Package"; Value = "LQFP144"; VariantName = "H7B3ZI"
Change component parameters (AddParameter): Name = "Part_Type"; Value = "IC"; VariantName = "H7B3ZI"
Change component parameters (AddParameter): Name = "Provided_By"; Value = "SUBCO with ST control"; VariantName = "H7B3ZI"
Change component parameters (AddParameter): Name = "Status"; Value = "Released"; VariantName = "H7B3ZI"
Change component parameters (AddParameter): Name = "Value"; Value = "STM32H7B3ZIT6U"; VariantName = "H7B3ZI"
Change component parameters (AddParameter): Name = "BMS_Part_Number"; Value = "9175294 (cut 2.0)"; VariantName = "H753ZI"
Change component parameters (AddParameter): Name = "ComponentLink1Description"; Value = "Datasheet"; VariantName = "H753ZI"
Change component parameters (AddParameter): Name = "ComponentLink1URL"; Value = "http://tunmcdsvn.tun.st.com/Component_Datasheet_Library/Trunk/IC/STM_STM32L552ZET6QU"; VariantName = "H753ZI"
Change component parameters (AddParameter): Name = "ECCN_EU"; Value = "5A002A4"; VariantName = "H753ZI"
Change component parameters (AddParameter): Name = "ECCN_US"; Value = "5A992C"; VariantName = "H753ZI"
Change component parameters (AddParameter): Name = "Internal_Part_Number"; Value = "MCD-01404"; VariantName = "H753ZI"
Change component parameters (AddParameter): Name = "Manufacturer"; Value = "STMICROELECTRONICS"; VariantName = "H753ZI"
Change component parameters (AddParameter): Name = "Manufacturer_Part_Number"; Value = "STM32H753ZIT6U"; VariantName = "H753ZI"
Change component parameters (AddParameter): Name = "Package"; Value = "LQFP144"; VariantName = "H753ZI"
Change component parameters (AddParameter): Name = "Part_Type"; Value = "IC"; VariantName = "H753ZI"
Change component parameters (AddParameter): Name = "Provided_By"; Value = "SUBCO with ST control"; VariantName = "H753ZI"
Change component parameters (AddParameter): Name = "Status"; Value = "Released"; VariantName = "H753ZI"
Change component parameters (AddParameter): Name = "Value"; Value = "STM32H753ZIT6U"; VariantName = "H753ZI"
Added Component: Designator=P19(IPL1-102-01-F-S-K)
Add component. Clean all parameters for all variants
Add component (AddParameter): Name = "Applications"; Value = "-"; VariantName = "[No Variations]"
Add component (AddParameter): Name = "Category"; Value = "Connectors, Interconnects"; VariantName = "[No Variations]"
Add component (AddParameter): Name = "ComponentLink1Description"; Value = "http://suddendocs.samtec.com/prints/ipl1-1xx-xx-xxx-s-xx-x-xx-mkt.pdf"; VariantName = "[No Variations]"
Add component (AddParameter): Name = "ComponentLink1URL"; Value = "http://suddendocs.samtec.com/prints/ipl1-1xx-xx-xxx-s-xx-x-xx-mkt.pdf"; VariantName = "[No Variations]"
Add component (AddParameter): Name = "Connector Type"; Value = "Header"; VariantName = "[No Variations]"
Add component (AddParameter): Name = "Contact Finish - Mating"; Value = "Gold"; VariantName = "[No Variations]"
Add component (AddParameter): Name = "Contact Finish - Post"; Value = "Tin"; VariantName = "[No Variations]"
Add component (AddParameter): Name = "Contact Finish Thickness - Mating"; Value = "3µin (0.08µm)"; VariantName = "[No Variations]"
Add component (AddParameter): Name = "Contact Finish Thickness - Post"; Value = "-"; VariantName = "[No Variations]"
Add component (AddParameter): Name = "Contact Length - Mating"; Value = "0.215" (5.46mm)"; VariantName = "[No Variations]"
Add component (AddParameter): Name = "Contact Length - Post"; Value = "0.120" (3.05mm)"; VariantName = "[No Variations]"
Add component (AddParameter): Name = "Contact Material"; Value = "Phosphor Bronze"; VariantName = "[No Variations]"
Add component (AddParameter): Name = "Contact Shape"; Value = "Square"; VariantName = "[No Variations]"
Add component (AddParameter): Name = "Contact Type"; Value = "Male Pin"; VariantName = "[No Variations]"
Add component (AddParameter): Name = "Current Rating"; Value = "-"; VariantName = "[No Variations]"
Add component (AddParameter): Name = "Fastening Type"; Value = "Locking Ramp"; VariantName = "[No Variations]"
Add component (AddParameter): Name = "Features"; Value = "-"; VariantName = "[No Variations]"
Add component (AddParameter): Name = "Ingress Protection"; Value = "-"; VariantName = "[No Variations]"
Add component (AddParameter): Name = "Insulation Color"; Value = "Natural"; VariantName = "[No Variations]"
Add component (AddParameter): Name = "Insulation Height"; Value = "0.320" (8.13mm)"; VariantName = "[No Variations]"
Add component (AddParameter): Name = "Insulation Material"; Value = "Liquid Crystal Polymer (LCP)"; VariantName = "[No Variations]"
Add component (AddParameter): Name = "Manufacturer"; Value = "Samtec Inc."; VariantName = "[No Variations]"
Add component (AddParameter): Name = "Manufacturer Part Number"; Value = "IPL1-102-01-F-S-K"; VariantName = "[No Variations]"
Add component (AddParameter): Name = "Mated Stacking Heights"; Value = "-"; VariantName = "[No Variations]"
Add component (AddParameter): Name = "Material Flammability Rating"; Value = "UL94 V-0"; VariantName = "[No Variations]"
Add component (AddParameter): Name = "Mounting Type"; Value = "Through Hole"; VariantName = "[No Variations]"
Add component (AddParameter): Name = "Number of Positions"; Value = "2"; VariantName = "[No Variations]"
Add component (AddParameter): Name = "Number of Positions Loaded"; Value = "All"; VariantName = "[No Variations]"
Add component (AddParameter): Name = "Number of Rows"; Value = "1"; VariantName = "[No Variations]"
Add component (AddParameter): Name = "Operating Temperature"; Value = "-55°C ~ 125°C"; VariantName = "[No Variations]"
Add component (AddParameter): Name = "Overall Contact Length"; Value = "-"; VariantName = "[No Variations]"
Add component (AddParameter): Name = "Packaging"; Value = "Tube"; VariantName = "[No Variations]"
Add component (AddParameter): Name = "Part Status"; Value = "Active"; VariantName = "[No Variations]"
Add component (AddParameter): Name = "Pitch - Mating"; Value = "0.100" (2.54mm)"; VariantName = "[No Variations]"
Add component (AddParameter): Name = "Pricing 1"; Value = "1=1.69 (USD)"; VariantName = "[No Variations]"
Add component (AddParameter): Name = "RoHS"; Value = "RoHS Compliant"; VariantName = "[No Variations]"
Add component (AddParameter): Name = "Row Spacing - Mating"; Value = "-"; VariantName = "[No Variations]"
Add component (AddParameter): Name = "Shrouding"; Value = "Shrouded - 4 Wall"; VariantName = "[No Variations]"
Add component (AddParameter): Name = "Stock 1"; Value = "0"; VariantName = "[No Variations]"
Add component (AddParameter): Name = "Style"; Value = "Board to Cable/Wire"; VariantName = "[No Variations]"
Add component (AddParameter): Name = "Supplier 1"; Value = "Digi-Key"; VariantName = "[No Variations]"
Add component (AddParameter): Name = "Supplier Part Number 1"; Value = "IPL1-102-01-F-S-K-ND"; VariantName = "[No Variations]"
Add component (AddParameter): Name = "Termination"; Value = "Solder"; VariantName = "[No Variations]"
Add component (AddParameter): Name = "Voltage Rating"; Value = "675VAC, 954VDC"; VariantName = "[No Variations]"
Added Member To Class: ClassName=U_Heater Member=Component P19 IPL1-102-01-F-S-K
