Removed Pin From Net: NetName=PF3 Pin=1-1
Removed Pin From Net: NetName=PD5 Pin=1-2
Removed Pin From Net: NetName=+3.3 Pin=1-3
Removed Pin From Net: NetName=PD4 Pin=1-4
Removed Pin From Net: NetName=PA15 Pin=1-5
Removed Pin From Net: NetName=PD0 Pin=1-6
Removed Pin From Net: NetName=PC10 Pin=1-7
Removed Pin From Net: NetName=PC12 Pin=1-8
Removed Pin From Net: NetName=PB4 Pin=1-9
Removed Pin From Net: NetName=PD2 Pin=1-10
Removed Pin From Net: NetName=PB2 Pin=1-11
Removed Pin From Net: NetName=PD3 Pin=1-12
Removed Pin From Net: NetName=+5 Pin=1-13
Removed Pin From Net: NetName=PD1 Pin=1-14
Removed Pin From Net: NetName=GND Pin=1-15
Removed Pin From Net: NetName=GND Pin=1-16
Removed Pin From Net: NetName=PD1 Pin=R95-2
Removed Pin From Net: NetName=PE10 Pin=R102-2
Removed Pin From Net: NetName=PE7 Pin=U14-58
Removed Pin From Net: NetName=PD0 Pin=U14-114
Removed Pin From Net: NetName=PD5 Pin=U48-1
Removed Pin From Net: NetName=PB8 Pin=U48-2
Removed Pin From Net: NetName=PC12 Pin=U48-14
Removed Pin From Net: NetName=PD2 Pin=U48-15
Removed Pin From Net: NetName=PD3 Pin=U48-16
Removed Pin From Net: NetName=PG0 Pin=U49-1
Removed Pin From Net: NetName=PD12 Pin=U49-2
Removed Pin From Net: NetName=PG1 Pin=U49-14
Removed Member From Class: ClassName=Connectors Member=1
Added Pin To Net: NetName=GND Pin=U11-9
