Removed Pin From Net: NetName=Batt Pin=DS1-1
Removed Pin From Net: NetName=Batt Pin=DS2-1
Removed Pin From Net: NetName=Batt Pin=DS3-1
Removed Pin From Net: NetName=Batt Pin=DS4-1
Removed Pin From Net: NetName=Batt Pin=DS5-1
Removed Pin From Net: NetName=Batt Pin=U7-4
Removed Pin From Net: NetName=Batt Pin=U7-8
Removed Pin From Net: NetName=Batt Pin=U7-12
Removed Pin From Net: NetName=Batt Pin=U7-16
Removed Pin From Net: NetName=Batt Pin=U7-20
Added Pin To Net: NetName=+12 Pin=DS1-1
Added Pin To Net: NetName=+12 Pin=DS2-1
Added Pin To Net: NetName=+12 Pin=DS3-1
Added Pin To Net: NetName=+12 Pin=DS4-1
Added Pin To Net: NetName=+12 Pin=DS5-1
Added Pin To Net: NetName=+12 Pin=U7-4
Added Pin To Net: NetName=+12 Pin=U7-8
Added Pin To Net: NetName=+12 Pin=U7-12
Added Pin To Net: NetName=+12 Pin=U7-16
Added Pin To Net: NetName=+12 Pin=U7-20
Added Pin To Net: NetName=GND Pin=U22-9
