Removed Pin From Net: NetName=GND Pin=C2-1
Removed Pin From Net: NetName=+5 Pin=C2-2
Removed Pin From Net: NetName=GND Pin=C5-1
Removed Pin From Net: NetName=+5 Pin=C5-2
Removed Pin From Net: NetName=Meter Thermistor 1 Pin=U1-3
Removed Pin From Net: NetName=+5 Pin=U1-4
Removed Pin From Net: NetName=Arrestment Thermistor Pin=U1-5
Removed Pin From Net: NetName=Conning Tower Thermistor Pin=U1-10
Removed Pin From Net: NetName=GND Pin=U1-11
Removed Pin From Net: NetName=Meter Thermistor 2 Pin=U1-12
Removed Pin From Net: NetName=GND Pin=U4-2
Removed Pin From Net: NetName=Gearbox Thermistor Pin=U4-3
Removed Pin From Net: NetName=+5 Pin=U4-5
Removed Member From Class: ClassName=LM_HTR_001 Member=C2
Removed Member From Class: ClassName=LM_HTR_001 Member=C5
Removed Member From Class: ClassName=LM_HTR_001 Member=U1
Removed Member From Class: ClassName=LM_HTR_001 Member=U4
Added Pin To Net: NetName=Gearbox Thermistor Pin=U6-2
Added Pin To Net: NetName=Conning Tower Thermistor Pin=U6-3
Added Pin To Net: NetName=Arrestment Thermistor Pin=U6-4
Added Pin To Net: NetName=Meter Thermistor 1 Pin=U6-5
Added Pin To Net: NetName=Meter Thermistor 2 Pin=U6-6
