Removed Pin From Net: NetName=+5 Pin=C18-1
Removed Pin From Net: NetName=GND Pin=C18-2
Removed Pin From Net: NetName=+3.3 Pin=C19-1
Removed Pin From Net: NetName=GND Pin=C19-2
Removed Pin From Net: NetName=+5 Pin=C22-1
Removed Pin From Net: NetName=GND Pin=C22-2
Removed Pin From Net: NetName=+3.3 Pin=C23-1
Removed Pin From Net: NetName=GND Pin=C23-2
Removed Pin From Net: NetName=SPI0_MISO Pin=U7-1
Removed Pin From Net: NetName=GND Pin=U7-2
Removed Pin From Net: NetName=+3.3 Pin=U7-3
Removed Pin From Net: NetName=GND Pin=U7-4
Removed Pin From Net: NetName=NetR18_3 Pin=U7-5
Removed Pin From Net: NetName=ADC REF Pin=U7-6
Removed Pin From Net: NetName=+5 Pin=U7-7
Removed Pin From Net: NetName=GND Pin=U7-8
Removed Pin From Net: NetName=BEAM_CS0 Pin=U7-9
Removed Pin From Net: NetName=SPI0_SCLK Pin=U7-10
Removed Pin From Net: NetName=SPI0_MISO Pin=U9-1
Removed Pin From Net: NetName=GND Pin=U9-2
Removed Pin From Net: NetName=+3.3 Pin=U9-3
Removed Pin From Net: NetName=GND Pin=U9-4
Removed Pin From Net: NetName=ADC REF Pin=U9-6
Removed Pin From Net: NetName=+5 Pin=U9-7
Removed Pin From Net: NetName=GND Pin=U9-8
Removed Pin From Net: NetName=ZP_CS0 Pin=U9-9
Removed Pin From Net: NetName=SPI0_SCLK Pin=U9-10
Removed Member From Class: ClassName=Sheet2 Member=C18
Removed Member From Class: ClassName=Sheet2 Member=C19
Removed Member From Class: ClassName=Sheet2 Member=C22
Removed Member From Class: ClassName=Sheet2 Member=C23
Removed Member From Class: ClassName=Sheet2 Member=U9
Change Component Footprint: Designator=U7 Old Footprint=U10+2_L New Footprint=ADI-RU-14_L
Change Component Comment : Designator=U7 Old Comment=MAX11100EUB+T New Comment=ADG1204YRUZ-REEL7
Change component parameters: Designator = "U7"; Footprint = "ADI-RU-14_L"; UniqueID = "\NOLMNNPU"
Change component parameters. Clean all parameters for all variants
Change component parameters (AddParameter): Name = "Bandwidth (Hz)"; Value = "800M, 550M"; VariantName = "[No Variations]"
Change component parameters (AddParameter): Name = "Code_JEDEC"; Value = "MO-153AB-1"; VariantName = "[No Variations]"
Change component parameters (AddParameter): Name = "ComponentLink1Description"; Value = "Manufacturer URL"; VariantName = "[No Variations]"
Change component parameters (AddParameter): Name = "ComponentLink1URL"; Value = "http://www.analog.com/en/index.html"; VariantName = "[No Variations]"
Change component parameters (AddParameter): Name = "ComponentLink2Description"; Value = "Datasheet"; VariantName = "[No Variations]"
Change component parameters (AddParameter): Name = "ComponentLink2URL"; Value = "http://www.analog.com/static/imported-files/data_sheets/ADG1204.pdf"; VariantName = "[No Variations]"
Change component parameters (AddParameter): Name = "ComponentLink3Description"; Value = "Package Specification"; VariantName = "[No Variations]"
Change component parameters (AddParameter): Name = "ComponentLink3URL"; Value = "http://www.analog.com/static/imported-files/packages/36057385283879153717235186773RU14.pdf"; VariantName = "[No Variations]"
Change component parameters (AddParameter): Name = "DatasheetVersion"; Value = "Rev. B"; VariantName = "[No Variations]"
Change component parameters (AddParameter): Name = "Manufacturer"; Value = "Analog Devices"; VariantName = "[No Variations]"
Change component parameters (AddParameter): Name = "Max Analog Signal Range"; Value = "Vss to Vdd"; VariantName = "[No Variations]"
Change component parameters (AddParameter): Name = "Mounting Technology"; Value = "Surface Mount"; VariantName = "[No Variations]"
Change component parameters (AddParameter): Name = "PackageDescription"; Value = "14-Pin Thin Shrink Small Outline Package, Body 5 x 4.4 mm, Pitch 0.65 mm"; VariantName = "[No Variations]"
Change component parameters (AddParameter): Name = "PackageReference"; Value = "RU-14"; VariantName = "[No Variations]"
Change component parameters (AddParameter): Name = "PackageVersion"; Value = "Aug-02"; VariantName = "[No Variations]"
Change component parameters (AddParameter): Name = "Packing"; Value = "Reel"; VariantName = "[No Variations]"
Change component parameters (AddParameter): Name = "PartNumber"; Value = "ADG1204YRUZ-REEL7"; VariantName = "[No Variations]"
Change component parameters (AddParameter): Name = "Ron (ohms)"; Value = "120"; VariantName = "[No Variations]"
Change component parameters (AddParameter): Name = "t transition (s)"; Value = "120n"; VariantName = "[No Variations]"
Added Pin To Net: NetName=NetR18_3 Pin=U7-4
Added Pin To Net: NetName=NetU7_5 Pin=U7-5
Added Pin To Net: NetName=NetU7_5 Pin=U8-1
Added Net: Name=NetU7_5
Added Pin To Net: NetName=NetU7_6 Pin=U7-6
Added Pin To Net: NetName=NetU7_6 Pin=U11-5
Added Net: Name=NetU7_6
Added Pin To Net: NetName=NetU7_11 Pin=U7-11
Added Pin To Net: NetName=NetU7_11 Pin=U10-1
Added Pin To Net: NetName=NetU7_11 Pin=U10-4
Added Net: Name=NetU7_11
