Removed Pin From Net: NetName=ZH Pin=R13-2
Removed Pin From Net: NetName=GND Pin=R14-1
Removed Pin From Net: NetName=Beam Sync Demod Out Pin=U1-5
Removed Member From Class: ClassName=Sheet2 Member=R14
Change Component Footprint: Designator=R7 Old Footprint=RESC0805(2012)_M New Footprint=SOT95P230X102-3N-MPM
Change Component Footprint: Designator=R8 Old Footprint=RESC0805(2012)_M New Footprint=SOT95P230X102-3N-MPM
Change Component Footprint: Designator=R13 Old Footprint=RESC0805(2012)_M New Footprint=SOT95P230X102-3N-MPM
Change Component Comment : Designator=R8 Old Comment=RES SMD 1K OHM 1% 1/8W 0805 New Comment=MPMT10011002AT1
Change Component Comment : Designator=R13 Old Comment=RES SMD 10K OHM 1% 1/8W 0805 New Comment=MPM
Change Component Comment : Designator=R7 Old Comment=RES SMD 10K OHM 1% 1/8W 0805 New Comment=MPMT10011002AT1
Change component parameters: Designator = "R13"; Footprint = "SOT95P230X102-3N-MPM"; UniqueID = "\EIYNTHVW"
Change component parameters. Clean all parameters for all variants
Change component parameters: Designator = "R7"; Footprint = "SOT95P230X102-3N-MPM"; UniqueID = "\MSQUPJPM"
Change component parameters. Clean all parameters for all variants
Change component parameters (AddParameter): Name = "Applications"; Value = "Voltage Divider (TCR Matched)"; VariantName = "[No Variations]"
Change component parameters (AddParameter): Name = "Category"; Value = "Resistors"; VariantName = "[No Variations]"
Change component parameters (AddParameter): Name = "Circuit Type"; Value = "Voltage Divider"; VariantName = "[No Variations]"
Change component parameters (AddParameter): Name = "ComponentLink1Description"; Value = "http://www.vishay.com/docs/60001/mpm.pdf"; VariantName = "[No Variations]"
Change component parameters (AddParameter): Name = "ComponentLink1URL"; Value = "http://www.vishay.com/docs/60001/mpm.pdf"; VariantName = "[No Variations]"
Change component parameters (AddParameter): Name = "Height - Seated (Max)"; Value = "0.040" (1.02mm)"; VariantName = "[No Variations]"
Change component parameters (AddParameter): Name = "Manufacturer"; Value = "Vishay Thin Film"; VariantName = "[No Variations]"
Change component parameters (AddParameter): Name = "Manufacturer Part Number"; Value = "MPMT10011002AT1"; VariantName = "[No Variations]"
Change component parameters (AddParameter): Name = "Mounting Type"; Value = "Surface Mount"; VariantName = "[No Variations]"
Change component parameters (AddParameter): Name = "Operating Temperature"; Value = "-55°C ~ 125°C"; VariantName = "[No Variations]"
Change component parameters (AddParameter): Name = "Package / Case"; Value = "TO-236-3, SC-59, SOT-23-3"; VariantName = "[No Variations]"
Change component parameters (AddParameter): Name = "Packaging"; Value = "Cut Tape (CT)"; VariantName = "[No Variations]"
Change component parameters (AddParameter): Name = "Part Status"; Value = "Active"; VariantName = "[No Variations]"
Change component parameters (AddParameter): Name = "Power Per Element"; Value = "100mW"; VariantName = "[No Variations]"
Change component parameters (AddParameter): Name = "Pricing 1"; Value = "1=4.18, 10=3.774, 25=3.4528, 50=3.212, 100=2.8105, 250=2.409, 500=2.20826 (USD)"; VariantName = "[No Variations]"
Change component parameters (AddParameter): Name = "Resistance (Ohms)"; Value = "1k, 10k"; VariantName = "[No Variations]"
Change component parameters (AddParameter): Name = "RoHS"; Value = "RoHS Compliant"; VariantName = "[No Variations]"
Change component parameters (AddParameter): Name = "Size / Dimension"; Value = "0.113" L x 0.051" W (2.86mm x 1.30mm)"; VariantName = "[No Variations]"
Change component parameters (AddParameter): Name = "Stock 1"; Value = "4892"; VariantName = "[No Variations]"
Change component parameters (AddParameter): Name = "Supplier 1"; Value = "Digi-Key"; VariantName = "[No Variations]"
Change component parameters (AddParameter): Name = "Supplier Device Package"; Value = "SOT-23"; VariantName = "[No Variations]"
Change component parameters (AddParameter): Name = "Supplier Part Number 1"; Value = "MPMT-1K/10KCT-ND"; VariantName = "[No Variations]"
Change component parameters (AddParameter): Name = "Temperature Coefficient"; Value = "±25ppm/°C"; VariantName = "[No Variations]"
Change component parameters (AddParameter): Name = "Tolerance"; Value = "±0.1%"; VariantName = "[No Variations]"
Change component parameters: Designator = "R8"; Footprint = "SOT95P230X102-3N-MPM"; UniqueID = "\QHLPNCGX"
Change component parameters. Clean all parameters for all variants
Change component parameters (AddParameter): Name = "Applications"; Value = "Voltage Divider (TCR Matched)"; VariantName = "[No Variations]"
Change component parameters (AddParameter): Name = "Category"; Value = "Resistors"; VariantName = "[No Variations]"
Change component parameters (AddParameter): Name = "Circuit Type"; Value = "Voltage Divider"; VariantName = "[No Variations]"
Change component parameters (AddParameter): Name = "ComponentLink1Description"; Value = "http://www.vishay.com/docs/60001/mpm.pdf"; VariantName = "[No Variations]"
Change component parameters (AddParameter): Name = "ComponentLink1URL"; Value = "http://www.vishay.com/docs/60001/mpm.pdf"; VariantName = "[No Variations]"
Change component parameters (AddParameter): Name = "Height - Seated (Max)"; Value = "0.040" (1.02mm)"; VariantName = "[No Variations]"
Change component parameters (AddParameter): Name = "Manufacturer"; Value = "Vishay Thin Film"; VariantName = "[No Variations]"
Change component parameters (AddParameter): Name = "Manufacturer Part Number"; Value = "MPMT10011002AT1"; VariantName = "[No Variations]"
Change component parameters (AddParameter): Name = "Mounting Type"; Value = "Surface Mount"; VariantName = "[No Variations]"
Change component parameters (AddParameter): Name = "Operating Temperature"; Value = "-55°C ~ 125°C"; VariantName = "[No Variations]"
Change component parameters (AddParameter): Name = "Package / Case"; Value = "TO-236-3, SC-59, SOT-23-3"; VariantName = "[No Variations]"
Change component parameters (AddParameter): Name = "Packaging"; Value = "Cut Tape (CT)"; VariantName = "[No Variations]"
Change component parameters (AddParameter): Name = "Part Status"; Value = "Active"; VariantName = "[No Variations]"
Change component parameters (AddParameter): Name = "Power Per Element"; Value = "100mW"; VariantName = "[No Variations]"
Change component parameters (AddParameter): Name = "Pricing 1"; Value = "1=4.18, 10=3.774, 25=3.4528, 50=3.212, 100=2.8105, 250=2.409, 500=2.20826 (USD)"; VariantName = "[No Variations]"
Change component parameters (AddParameter): Name = "Resistance (Ohms)"; Value = "1k, 10k"; VariantName = "[No Variations]"
Change component parameters (AddParameter): Name = "RoHS"; Value = "RoHS Compliant"; VariantName = "[No Variations]"
Change component parameters (AddParameter): Name = "Size / Dimension"; Value = "0.113" L x 0.051" W (2.86mm x 1.30mm)"; VariantName = "[No Variations]"
Change component parameters (AddParameter): Name = "Stock 1"; Value = "4892"; VariantName = "[No Variations]"
Change component parameters (AddParameter): Name = "Supplier 1"; Value = "Digi-Key"; VariantName = "[No Variations]"
Change component parameters (AddParameter): Name = "Supplier Device Package"; Value = "SOT-23"; VariantName = "[No Variations]"
Change component parameters (AddParameter): Name = "Supplier Part Number 1"; Value = "MPMT-1K/10KCT-ND"; VariantName = "[No Variations]"
Change component parameters (AddParameter): Name = "Temperature Coefficient"; Value = "±25ppm/°C"; VariantName = "[No Variations]"
Change component parameters (AddParameter): Name = "Tolerance"; Value = "±0.1%"; VariantName = "[No Variations]"
Added Pin To Net: NetName=GND Pin=R7-1
Added Pin To Net: NetName=ZH Pin=R8-2
Added Pin To Net: NetName=GND Pin=R13-1
Added Pin To Net: NetName=Beam Sync Demod Out Pin=R13-2
Added Pin To Net: NetName=NetR7_3 Pin=R7-3
Added Pin To Net: NetName=NetR7_3 Pin=U8-3
Added Net: Name=NetR7_3
Added Pin To Net: NetName=NetR8_3 Pin=R8-3
Added Pin To Net: NetName=NetR8_3 Pin=U9-3
Added Net: Name=NetR8_3
