Removed Pin From Net: NetName=Beam_Reduced Pin=U7-4
Removed Pin From Net: NetName=ZP_Reduced Pin=U7-5
Removed Pin From Net: NetName=HZ_Reduced Pin=U7-11
Added Component: Designator=U9(ADI-CP-12-1_L)
Add component. Clean all parameters for all variants
Add component (AddParameter): Name = "Bandwidth (Hz)"; Value = "800M, 550M"; VariantName = "[No Variations]"
Add component (AddParameter): Name = "Code_JEDEC"; Value = "MO-220-VEED-1"; VariantName = "[No Variations]"
Add component (AddParameter): Name = "ComponentLink1Description"; Value = "Manufacturer URL"; VariantName = "[No Variations]"
Add component (AddParameter): Name = "ComponentLink1URL"; Value = "http://www.analog.com/en/index.html"; VariantName = "[No Variations]"
Add component (AddParameter): Name = "ComponentLink2Description"; Value = "Datasheet"; VariantName = "[No Variations]"
Add component (AddParameter): Name = "ComponentLink2URL"; Value = "http://www.analog.com/static/imported-files/data_sheets/ADG1204.pdf"; VariantName = "[No Variations]"
Add component (AddParameter): Name = "ComponentLink3Description"; Value = "Package Specification"; VariantName = "[No Variations]"
Add component (AddParameter): Name = "ComponentLink3URL"; Value = "http://www.analog.com/static/imported-files/packages/CP_12_1.pdf"; VariantName = "[No Variations]"
Add component (AddParameter): Name = "DatasheetVersion"; Value = "Rev. B"; VariantName = "[No Variations]"
Add component (AddParameter): Name = "Manufacturer"; Value = "Analog Devices"; VariantName = "[No Variations]"
Add component (AddParameter): Name = "Max Analog Signal Range"; Value = "Vss to Vdd"; VariantName = "[No Variations]"
Add component (AddParameter): Name = "Mounting Technology"; Value = "Surface Mount"; VariantName = "[No Variations]"
Add component (AddParameter): Name = "PackageDescription"; Value = "12-Pin Lead Frame Chip Scale Package, Body 3 x 3 mm, Pitch 0.5 mm"; VariantName = "[No Variations]"
Add component (AddParameter): Name = "PackageReference"; Value = "CP-12-1"; VariantName = "[No Variations]"
Add component (AddParameter): Name = "Packing"; Value = "Reel"; VariantName = "[No Variations]"
Add component (AddParameter): Name = "PartNumber"; Value = "ADG1204YCPZ-REEL7"; VariantName = "[No Variations]"
Add component (AddParameter): Name = "Ron (ohms)"; Value = "120"; VariantName = "[No Variations]"
Add component (AddParameter): Name = "t transition (s)"; Value = "120n"; VariantName = "[No Variations]"
Added Pin To Net: NetName=Beam_Reduced Pin=U9-2
Added Pin To Net: NetName=ZP_Reduced Pin=U9-3
Added Pin To Net: NetName=HZ_Reduced Pin=U9-7
Added Pin To Net: NetName=NetU9_4 Pin=U9-4
Added Pin To Net: NetName=NetU9_4 Pin=U11-5
Added Net: Name=NetU9_4
Added Member To Class: ClassName=Sheet2 Member=Component U9 ADG1204YCPZ-REEL7
