Removed Pin From Net: NetName=+5 Pin=C8-1
Removed Pin From Net: NetName=GND Pin=C8-2
Removed Pin From Net: NetName=NetR22_1 Pin=R22-1
Removed Pin From Net: NetName=Long_Raw Pin=R28-2
Removed Pin From Net: NetName=NetR29_1 Pin=R33-1
Removed Pin From Net: NetName=GND Pin=R33-2
Removed Pin From Net: NetName=NetR38_1 Pin=R38-1
Removed Pin From Net: NetName=Cross_Raw Pin=R44-2
Removed Pin From Net: NetName=NetR46_1 Pin=R47-1
Removed Pin From Net: NetName=GND Pin=R47-2
Removed Pin From Net: NetName=NetC9_1 Pin=U5-20
Removed Pin From Net: NetName=NetC9_2 Pin=U5-21
Change Component Footprint: Designator=C7 Old Footprint=CAPC0402(1005)60_L New Footprint=CAPC0805(2012)145_N
Change Component Footprint: Designator=C8 Old Footprint=CAPC0402(1005)60_L New Footprint=CAPC0805(2012)145_N
Change Component Footprint: Designator=C9 Old Footprint=CAPC0402(1005)60_L New Footprint=CAPC0805(2012)145_N
Change Component Footprint: Designator=C12 Old Footprint=CAPC0402(1005)60_L New Footprint=CAPC0805(2012)145_N
Change Component Comment : Designator=C7 Old Comment=0.1uF New Comment=CAP CER 0.1UF 25V X7R 0805
Change Component Comment : Designator=C8 Old Comment=0.1uF New Comment=CAP CER 0.1UF 25V X7R 0805
Change Component Comment : Designator=C9 Old Comment=0.1uF New Comment=CAP CER 0.1UF 25V X7R 0805
Change Component Comment : Designator=C12 Old Comment=0.1uF New Comment=CAP CER 0.1UF 25V X7R 0805
Change Component Comment : Designator=R29 Old Comment=1.2k New Comment=1.21k
Change Component Comment : Designator=R46 Old Comment=1.2k New Comment=1.21k
Change Component Comment : Designator=TP1 Old Comment=5003 New Comment=DNP
Change Component Comment : Designator=TP2 Old Comment=5003 New Comment=DNP
Change Component Comment : Designator=TP3 Old Comment=5003 New Comment=DNP
Change Component Comment : Designator=TP4 Old Comment=5003 New Comment=DNP
Change Component Comment : Designator=TP5 Old Comment=5003 New Comment=DNP
Change Component Comment : Designator=TP6 Old Comment=5003 New Comment=DNP
Change Component Comment : Designator=TP7 Old Comment=5003 New Comment=DNP
Change Component Comment : Designator=TP8 Old Comment=5003 New Comment=DNP
Change Component Comment : Designator=P10 Old Comment=Header 4 New Comment=IPL1-104-01-F-S-K-ND
Change Component Designator: OldDesignator=R45 NewDesignator=R44
Added Component: Designator=R45(RESC0805(2012)_L)
Add component. Clean all parameters for all variants
Add component (AddParameter): Name = "Category"; Value = "Resistors"; VariantName = "[No Variations]"
Add component (AddParameter): Name = "ComponentLink1Description"; Value = "http://www.vishay.com/docs/20035/dcrcwe3.pdf"; VariantName = "[No Variations]"
Add component (AddParameter): Name = "ComponentLink1URL"; Value = "http://www.vishay.com/docs/20035/dcrcwe3.pdf"; VariantName = "[No Variations]"
Add component (AddParameter): Name = "Composition"; Value = "Thick Film"; VariantName = "[No Variations]"
Add component (AddParameter): Name = "Failure Rate"; Value = "-"; VariantName = "[No Variations]"
Add component (AddParameter): Name = "Features"; Value = "Automotive AEC-Q200"; VariantName = "[No Variations]"
Add component (AddParameter): Name = "Height - Seated (Max)"; Value = "0.020" (0.50mm)"; VariantName = "[No Variations]"
Add component (AddParameter): Name = "Manufacturer"; Value = "Vishay Dale"; VariantName = "[No Variations]"
Add component (AddParameter): Name = "Manufacturer Part Number"; Value = "CRCW080510K0FKEA"; VariantName = "[No Variations]"
Add component (AddParameter): Name = "Operating Temperature"; Value = "-55°C ~ 155°C"; VariantName = "[No Variations]"
Add component (AddParameter): Name = "Package / Case"; Value = "0805 (2012 Metric)"; VariantName = "[No Variations]"
Add component (AddParameter): Name = "Packaging"; Value = "Cut Tape (CT)"; VariantName = "[No Variations]"
Add component (AddParameter): Name = "Part Status"; Value = "Active"; VariantName = "[No Variations]"
Add component (AddParameter): Name = "Power (Watts)"; Value = "0.125W, 1/8W"; VariantName = "[No Variations]"
Add component (AddParameter): Name = "Pricing 1"; Value = "1=0.1, 10=0.055, 100=0.0223, 1000=0.01003, 2500=0.0087 (USD)"; VariantName = "[No Variations]"
Add component (AddParameter): Name = "RoHS"; Value = "RoHS Compliant"; VariantName = "[No Variations]"
Add component (AddParameter): Name = "Size / Dimension"; Value = "0.079" L x 0.049" W (2.00mm x 1.25mm)"; VariantName = "[No Variations]"
Add component (AddParameter): Name = "Stock 1"; Value = "1858038"; VariantName = "[No Variations]"
Add component (AddParameter): Name = "Supplier 1"; Value = "Digi-Key"; VariantName = "[No Variations]"
Add component (AddParameter): Name = "Supplier Device Package"; Value = "0805"; VariantName = "[No Variations]"
Add component (AddParameter): Name = "Supplier Part Number 1"; Value = "541-10.0KCCT-ND"; VariantName = "[No Variations]"
Add component (AddParameter): Name = "Temperature Coefficient"; Value = "±100ppm/°C"; VariantName = "[No Variations]"
Add component (AddParameter): Name = "Tolerance"; Value = "±1%"; VariantName = "[No Variations]"
Added Pin To Net: NetName=+5 Pin=C12-1
Added Pin To Net: NetName=GND Pin=C12-2
Added Pin To Net: NetName=NetR22_1 Pin=R22-2
Added Pin To Net: NetName=Long_Raw Pin=R28-1
Added Pin To Net: NetName=GND Pin=R33-1
Added Pin To Net: NetName=NetR29_1 Pin=R33-2
Added Pin To Net: NetName=NetR38_1 Pin=R38-2
Added Pin To Net: NetName=Cross_Raw Pin=R45-1
Added Pin To Net: NetName=GND Pin=R47-1
Added Pin To Net: NetName=NetR46_1 Pin=R47-2
Added Pin To Net: NetName=NetC9_2 Pin=U7-20
Added Pin To Net: NetName=NetC9_1 Pin=U7-21
Change Net Name : Old Net Name=NetR22_1 New Net Name=NetR22_2
Change Net Name : Old Net Name=NetR38_1 New Net Name=NetR38_2
Change Net Name : Old Net Name=NetR45_2 New Net Name=NetR44_2
Added Pin To Net: NetName=NetC8_1 Pin=C8-1
Added Pin To Net: NetName=NetC8_1 Pin=U5-21
Added Net: Name=NetC8_1
Added Pin To Net: NetName=NetC8_2 Pin=C8-2
Added Pin To Net: NetName=NetC8_2 Pin=U5-20
Added Net: Name=NetC8_2
Added Pin To Net: NetName=NetR22_1 Pin=R22-1
Added Pin To Net: NetName=NetR22_1 Pin=R28-2
Added Pin To Net: NetName=NetR22_1 Pin=U4-6
Added Net: Name=NetR22_1
Added Pin To Net: NetName=NetR38_1 Pin=R38-1
Added Pin To Net: NetName=NetR38_1 Pin=R45-2
Added Pin To Net: NetName=NetR38_1 Pin=U6-6
Added Net: Name=NetR38_1
