Added Pin To Net: NetName=GND Pin=C11-1
Added Pin To Net: NetName=GND Pin=C12-1
Added Pin To Net: NetName=GND Pin=C13-2
Added Pin To Net: NetName=GND Pin=C14-1
Added Pin To Net: NetName=GND Pin=R4-1
Added Pin To Net: NetName=GND Pin=R6-1
Added Pin To Net: NetName=GND Pin=R7-1
Added Pin To Net: NetName=GND Pin=R8-1
Added Pin To Net: NetName=GND Pin=U4-A4
Added Pin To Net: NetName=GND Pin=U4-A5
Added Pin To Net: NetName=GND Pin=U4-B3
Added Pin To Net: NetName=GND Pin=U4-B4
Added Pin To Net: NetName=GND Pin=U4-B5
Added Pin To Net: NetName=GND Pin=U4-C1
Added Pin To Net: NetName=GND Pin=U4-C2
Added Pin To Net: NetName=GND Pin=U4-C3
Added Pin To Net: NetName=GND Pin=U4-C4
Added Pin To Net: NetName=GND Pin=U4-C5
Added Pin To Net: NetName=GND Pin=U4-D1
Added Pin To Net: NetName=GND Pin=U4-D2
Added Pin To Net: NetName=GND Pin=U4-D3
Added Pin To Net: NetName=GND Pin=U4-D4
Added Pin To Net: NetName=GND Pin=U4-D5
Added Pin To Net: NetName=GND Pin=U4-E2
Added Pin To Net: NetName=GND Pin=U4-E3
Added Pin To Net: NetName=GND Pin=U4-E4
Added Pin To Net: NetName=GND Pin=U4-E5
Added Pin To Net: NetName=GND Pin=U4-F2
Added Pin To Net: NetName=GND Pin=U4-F3
Added Pin To Net: NetName=GND Pin=U4-F4
Added Pin To Net: NetName=GND Pin=U4-F5
Added Pin To Net: NetName=GND Pin=U4-G2
Added Pin To Net: NetName=GND Pin=U4-H1
Added Pin To Net: NetName=GND Pin=U4-H2
Added Pin To Net: NetName=GND Pin=U4-H3
Added Pin To Net: NetName=GND Pin=U5-A1
Added Pin To Net: NetName=GND Pin=U5-A2
Added Pin To Net: NetName=GND Pin=U5-B1
Added Pin To Net: NetName=GND Pin=U5-B2
Added Pin To Net: NetName=GND Pin=U5-B3
Added Pin To Net: NetName=GND Pin=U5-C1
Added Pin To Net: NetName=GND Pin=U5-C2
Added Pin To Net: NetName=GND Pin=U5-C3
Added Pin To Net: NetName=GND Pin=U5-C4
Added Pin To Net: NetName=GND Pin=U5-C5
Added Pin To Net: NetName=GND Pin=U5-D1
Added Pin To Net: NetName=GND Pin=U5-D2
Added Pin To Net: NetName=GND Pin=U5-D3
Added Pin To Net: NetName=GND Pin=U5-D4
Added Pin To Net: NetName=GND Pin=U5-D5
Added Pin To Net: NetName=GND Pin=U5-E2
Added Pin To Net: NetName=GND Pin=U5-E3
Added Pin To Net: NetName=GND Pin=U5-E4
Added Pin To Net: NetName=GND Pin=U5-E5
Added Pin To Net: NetName=GND Pin=U5-F2
Added Pin To Net: NetName=GND Pin=U5-F3
Added Pin To Net: NetName=GND Pin=U5-F4
Added Pin To Net: NetName=GND Pin=U5-F5
Added Pin To Net: NetName=GND Pin=U5-G2
Added Pin To Net: NetName=GND Pin=U5-H1
Added Pin To Net: NetName=GND Pin=U5-H2
Added Pin To Net: NetName=GND Pin=U5-H3
