Removed Member From Class: ClassName=36V_Supply Member=C3
Removed Member From Class: ClassName=5R_Supply Member=C4
Removed Member From Class: ClassName=Power_Input_FET Member=C5
Removed Member From Class: ClassName=LM-008 Member=C7
Removed Member From Class: ClassName=LM-008 Member=C10
Removed Member From Class: ClassName=LM-008 Member=C15
Removed Member From Class: ClassName=36V_Supply Member=R6
Removed Member From Class: ClassName=5R_Supply Member=R9
Removed Member From Class: ClassName=5R_Supply Member=U2
Removed Member From Class: ClassName=BBB-Supply Member=U2
Removed Member From Class: ClassName=12_Supply Member=U3
Removed Member From Class: ClassName=LM-008 Member=U3
Removed Member From Class: ClassName=Power_Input_FET Member=U4
Removed Member From Class: ClassName=LM-008 Member=U5
Removed Member From Class: ClassName=5R_Supply Member=U6
Added Member To Class: ClassName=LM-008 Member=Component C2 CAP CER 1UF 50V X7R 1210
Added Member To Class: ClassName=36V_Supply Member=Component C6 CAP CER 1UF 50V X7R 1210
Added Member To Class: ClassName=36V_Supply Member=Component C8 CAP CER 1UF 16V X7R 0805
Added Member To Class: ClassName=36V_Supply Member=Component C10 CAP CER 0.047UF 16V X7R 0603
Added Member To Class: ClassName=5R_Supply Member=Component C13 CAP CER 10UF 6.3V X5R 1206
Added Member To Class: ClassName=Power_Input_FET Member=Component C16 CAP CER 10UF 6.3V X5R 1206
Added Member To Class: ClassName=36V_Supply Member=Component R1 RES SMD 280K OHM 1% 1/8W 0805
Added Member To Class: ClassName=36V_Supply Member=Component R2 RES SMD 10K OHM 1% 1/8W 0805
Added Member To Class: ClassName=5R_Supply Member=Component R4 RES SMD 43K OHM 1% 1/8W 0805
Added Member To Class: ClassName=5R_Supply Member=Component R7 RES SMD 43K OHM 1% 1/8W 0805
Added Member To Class: ClassName=5R_Supply Member=Component R8 RES SMD 43K OHM 1% 1/8W 0805
Added Member To Class: ClassName=Power_Input_FET Member=Component R10 6.98K
Added Member To Class: ClassName=5R_Supply Member=Component U5 LTM8045MPY#PBF
Added Member To Class: ClassName=12_Supply Member=Component U8 OPA188AIDBVR
Added Member To Class: ClassName=Power_Input_FET Member=Component U9 LTC4412HVIS6#TRMPBF
Added Member To Class: ClassName=BBB-Supply Member=Component U10 LTM4612EV#PBF
