Removed Pin From Net: NetName=Post-fuse Pin=F1-2
Removed Pin From Net: NetName=Post-fuse Pin=R11-1
Removed Pin From Net: NetName=NetDS2_2 Pin=R11-2
Removed Pin From Net: NetName=Post-fuse Pin=R12-1
Removed Pin From Net: NetName=Power_IN Pin=R12-2
Removed Member From Class: ClassName=LM-008 Member=C1
Removed Member From Class: ClassName=LM-008 Member=C3
Removed Member From Class: ClassName=LM-008 Member=C4
Removed Member From Class: ClassName=LM-008 Member=C6
Removed Member From Class: ClassName=LM-008 Member=C7
Removed Member From Class: ClassName=LM-008 Member=C8
Removed Member From Class: ClassName=LM-008 Member=DS2
Removed Member From Class: ClassName=LM-008 Member=F1
Removed Member From Class: ClassName=LM-008 Member=L1
Removed Member From Class: ClassName=LM-008 Member=P1
Removed Member From Class: ClassName=LM-008 Member=P2
Removed Member From Class: ClassName=LM-008 Member=R1
Removed Member From Class: ClassName=LM-008 Member=R2
Removed Member From Class: ClassName=LM-008 Member=R4
Removed Member From Class: ClassName=LM-008 Member=R5
Removed Member From Class: ClassName=LM-008 Member=R10
Removed Member From Class: ClassName=LM-008 Member=R11
Removed Member From Class: ClassName=LM-008 Member=R12
Removed Member From Class: ClassName=LM-008 Member=RL1
Removed Member From Class: ClassName=LM-008 Member=U1
Change Component Footprint: Designator=R10 Old Footprint=RESC0402(1005)_L New Footprint=RESC0805(2012)_M
Change Component Footprint: Designator=R11 Old Footprint=RESC0805(2012)_M New Footprint=RESC2512(6432)_L
Change Component Comment : Designator=R10 Old Comment= New Comment=RES SMD 4.7K OHM 1% 1/8W 0805
Change Component Comment : Designator=R11 Old Comment=RES SMD 4.7K OHM 1% 1/8W 0805 New Comment=Y14870R10000B9R
Change component parameters: Designator = "R11"; Footprint = "RESC2512(6432)_L"; UniqueID = "\XHVTDVPB"
Change component parameters. Clean all parameters for all variants
Change component parameters (AddParameter): Name = "Category"; Value = "Resistors"; VariantName = "[No Variations]"
Change component parameters (AddParameter): Name = "ComponentLink1Description"; Value = "http://www.vishaypg.com/docs/63089/csm.pdf"; VariantName = "[No Variations]"
Change component parameters (AddParameter): Name = "ComponentLink1URL"; Value = "http://www.vishaypg.com/docs/63089/csm.pdf"; VariantName = "[No Variations]"
Change component parameters (AddParameter): Name = "Composition"; Value = "Metal Foil"; VariantName = "[No Variations]"
Change component parameters (AddParameter): Name = "Failure Rate"; Value = "-"; VariantName = "[No Variations]"
Change component parameters (AddParameter): Name = "Features"; Value = "Current Sense, Moisture Resistant"; VariantName = "[No Variations]"
Change component parameters (AddParameter): Name = "Height - Seated (Max)"; Value = "0.035" (0.89mm)"; VariantName = "[No Variations]"
Change component parameters (AddParameter): Name = "Manufacturer"; Value = "Vishay Foil Resistors (Division of Vishay Precision Group)"; VariantName = "[No Variations]"
Change component parameters (AddParameter): Name = "Manufacturer Part Number"; Value = "Y14870R10000B9R"; VariantName = "[No Variations]"
Change component parameters (AddParameter): Name = "Operating Temperature"; Value = "-65°C ~ 170°C"; VariantName = "[No Variations]"
Change component parameters (AddParameter): Name = "Package / Case"; Value = "2512 (6432 Metric)"; VariantName = "[No Variations]"
Change component parameters (AddParameter): Name = "Packaging"; Value = "Cut Tape (CT)"; VariantName = "[No Variations]"
Change component parameters (AddParameter): Name = "Part Status"; Value = "Active"; VariantName = "[No Variations]"
Change component parameters (AddParameter): Name = "Power (Watts)"; Value = "1W"; VariantName = "[No Variations]"
Change component parameters (AddParameter): Name = "Pricing 1"; Value = "1=7.44, 10=6.98, 25=6.5144, 50=5.7388, 100=4.9632, 250=4.49792, 500=4.1877 (USD)"; VariantName = "[No Variations]"
Change component parameters (AddParameter): Name = "RoHS"; Value = "RoHS Compliant"; VariantName = "[No Variations]"
Change component parameters (AddParameter): Name = "Size / Dimension"; Value = "0.250" L x 0.125" W (6.35mm x 3.18mm)"; VariantName = "[No Variations]"
Change component parameters (AddParameter): Name = "Stock 1"; Value = "9055"; VariantName = "[No Variations]"
Change component parameters (AddParameter): Name = "Supplier 1"; Value = "Digi-Key"; VariantName = "[No Variations]"
Change component parameters (AddParameter): Name = "Supplier Device Package"; Value = "-"; VariantName = "[No Variations]"
Change component parameters (AddParameter): Name = "Supplier Part Number 1"; Value = "804-1045-1-ND"; VariantName = "[No Variations]"
Change component parameters (AddParameter): Name = "Temperature Coefficient"; Value = "±15ppm/°C"; VariantName = "[No Variations]"
Change component parameters (AddParameter): Name = "Tolerance"; Value = "±0.1%"; VariantName = "[No Variations]"
Change component parameters: Designator = "R10"; Footprint = "RESC0805(2012)_M"; UniqueID = "\BGRUIJBE"
Change component parameters. Clean all parameters for all variants
Change component parameters (AddParameter): Name = "Category"; Value = "Resistors"; VariantName = "[No Variations]"
Change component parameters (AddParameter): Name = "ComponentLink1Description"; Value = "http://www.vishay.com/docs/20035/dcrcwe3.pdf"; VariantName = "[No Variations]"
Change component parameters (AddParameter): Name = "ComponentLink1URL"; Value = "http://www.vishay.com/docs/20035/dcrcwe3.pdf"; VariantName = "[No Variations]"
Change component parameters (AddParameter): Name = "Composition"; Value = "Thick Film"; VariantName = "[No Variations]"
Change component parameters (AddParameter): Name = "Failure Rate"; Value = "-"; VariantName = "[No Variations]"
Change component parameters (AddParameter): Name = "Features"; Value = "Automotive AEC-Q200"; VariantName = "[No Variations]"
Change component parameters (AddParameter): Name = "Height - Seated (Max)"; Value = "0.020" (0.50mm)"; VariantName = "[No Variations]"
Change component parameters (AddParameter): Name = "Manufacturer"; Value = "Vishay Dale"; VariantName = "[No Variations]"
Change component parameters (AddParameter): Name = "Manufacturer Part Number"; Value = "CRCW08054K70FKEA"; VariantName = "[No Variations]"
Change component parameters (AddParameter): Name = "Operating Temperature"; Value = "-55°C ~ 155°C"; VariantName = "[No Variations]"
Change component parameters (AddParameter): Name = "Package / Case"; Value = "0805 (2012 Metric)"; VariantName = "[No Variations]"
Change component parameters (AddParameter): Name = "Packaging"; Value = "Digi-Reel®"; VariantName = "[No Variations]"
Change component parameters (AddParameter): Name = "Part Status"; Value = "Active"; VariantName = "[No Variations]"
Change component parameters (AddParameter): Name = "Power (Watts)"; Value = "0.125W, 1/8W"; VariantName = "[No Variations]"
Change component parameters (AddParameter): Name = "Pricing 1"; Value = "1=0.1, 10=0.044, 100=0.0178, 1000=0.00802, 2500=0.00696 (USD)"; VariantName = "[No Variations]"
Change component parameters (AddParameter): Name = "Resistance (Ohms)"; Value = "4.7k"; VariantName = "[No Variations]"
Change component parameters (AddParameter): Name = "RoHS"; Value = "RoHS Compliant"; VariantName = "[No Variations]"
Change component parameters (AddParameter): Name = "Size / Dimension"; Value = "0.079" L x 0.049" W (2.00mm x 1.25mm)"; VariantName = "[No Variations]"
Change component parameters (AddParameter): Name = "Stock 1"; Value = "0"; VariantName = "[No Variations]"
Change component parameters (AddParameter): Name = "Supplier 1"; Value = "Digi-Key"; VariantName = "[No Variations]"
Change component parameters (AddParameter): Name = "Supplier Device Package"; Value = "0805"; VariantName = "[No Variations]"
Change component parameters (AddParameter): Name = "Supplier Part Number 1"; Value = "541-4.70KCDKR-ND"; VariantName = "[No Variations]"
Change component parameters (AddParameter): Name = "Temperature Coefficient"; Value = "±100ppm/°C"; VariantName = "[No Variations]"
Change component parameters (AddParameter): Name = "Tolerance"; Value = "±1%"; VariantName = "[No Variations]"
Added Pin To Net: NetName=NetDS2_2 Pin=R10-2
Added Pin To Net: NetName=AGND Pin=U11-11
Added Class: Name=36V_Supply
Added Class: Name=Power_Input
Added Room: Name=36V_Supply
Added Room: Name=Power_Input
