Removed Pin From Net: NetName=+12 Pin=C15-2
Removed Pin From Net: NetName=GND Pin=C17-2
Removed Pin From Net: NetName=+12 Pin=C18-1
Removed Pin From Net: NetName=GND Pin=C18-2
Removed Pin From Net: NetName=GND Pin=U6-4
Removed Pin From Net: NetName=+12 Pin=U6-8
Removed Pin From Net: NetName=+5R Pin=U7-1
Removed Pin From Net: NetName=GND Pin=U7-2
Removed Pin From Net: NetName=+5R Pin=U7-4
Removed Pin From Net: NetName=+12 Pin=U7-5
Removed Member From Class: ClassName=SensePlates Member=C1
Removed Member From Class: ClassName=SensePlates Member=C3
Removed Member From Class: ClassName=SensePlates Member=C10
Removed Member From Class: ClassName=Sheet1 Member=C15
Removed Member From Class: ClassName=Sheet1 Member=C16
Removed Member From Class: ClassName=Sheet1 Member=C17
Removed Member From Class: ClassName=Sheet1 Member=C18
Removed Member From Class: ClassName=SensePlates Member=R9
Removed Member From Class: ClassName=SensePlates Member=TP8
Removed Member From Class: ClassName=SensePlates Member=U2
Removed Member From Class: ClassName=Sheet1 Member=U6
Removed Member From Class: ClassName=Sheet1 Member=U7
