Removed Pin From Net: NetName=GND Pin=C19-1
Removed Pin From Net: NetName=+5 Pin=C19-2
Removed Pin From Net: NetName=GND Pin=C21-1
Removed Pin From Net: NetName=+5 Pin=C21-2
Removed Pin From Net: NetName=GND Pin=C22-2
Removed Pin From Net: NetName=GND Pin=C23-2
Removed Pin From Net: NetName=GND Pin=C24-1
Removed Pin From Net: NetName=+5 Pin=C24-2
Removed Pin From Net: NetName=ZH Pin=R20-2
Removed Pin From Net: NetName=GND Pin=R21-1
Removed Pin From Net: NetName=ZP Pin=R22-2
Removed Pin From Net: NetName=GND Pin=R23-1
Removed Pin From Net: NetName=+5R Pin=R24-2
Removed Pin From Net: NetName=GND Pin=R25-1
Removed Pin From Net: NetName=GND Pin=U8-2
Removed Pin From Net: NetName=+5 Pin=U8-5
Removed Pin From Net: NetName=+5 Pin=U9-6
Removed Pin From Net: NetName=FB_CS0 Pin=U9-10
Removed Pin From Net: NetName=SPI0_SCLK Pin=U9-11
Removed Pin From Net: NetName=SPI0_MISO Pin=U9-12
Removed Pin From Net: NetName=SPI0_MOSI Pin=U9-13
Removed Pin From Net: NetName=GND Pin=U9-18
Removed Pin From Net: NetName=+3.3 Pin=U9-19
Removed Pin From Net: NetName=GND Pin=U10-2
Removed Pin From Net: NetName=+5 Pin=U10-5
Removed Pin From Net: NetName=GND Pin=U13-2
Removed Pin From Net: NetName=+5 Pin=U13-5
Added Pin To Net: NetName=ZP Pin=P1-13
