Added Component: Designator=U8(CP-24-5_N)
Add component. Clean all parameters for all variants
Add component (AddParameter): Name = "# DAC Outputs"; Value = "1"; VariantName = "[No Variations]"
Add component (AddParameter): Name = "ADI Part Number"; Value = "AD5760"; VariantName = "[No Variations]"
Add component (AddParameter): Name = "ComponentLink1Description"; Value = "Manufacturer URL"; VariantName = "[No Variations]"
Add component (AddParameter): Name = "ComponentLink1URL"; Value = "http://www.analog.com/en/index.html"; VariantName = "[No Variations]"
Add component (AddParameter): Name = "ComponentLink2Description"; Value = "Datasheet"; VariantName = "[No Variations]"
Add component (AddParameter): Name = "ComponentLink2URL"; Value = "http://www.analog.com/static/imported-files/data_sheets/AD5760.pdf"; VariantName = "[No Variations]"
Add component (AddParameter): Name = "ComponentLink3Description"; Value = "Package Specification"; VariantName = "[No Variations]"
Add component (AddParameter): Name = "ComponentLink3URL"; Value = "http://www.analog.com/static/imported-files/packages/PKG_PDF/LFCSP(CP)/CP_24_5.pdf"; VariantName = "[No Variations]"
Add component (AddParameter): Name = "ComponentLink4Description"; Value = "URL Link1"; VariantName = "[No Variations]"
Add component (AddParameter): Name = "ComponentLink4URL"; Value = "Product URL:http://www.analog.com/en/digital-to-analog-converters/da-converters/ad5760/products/product.html"; VariantName = "[No Variations]"
Add component (AddParameter): Name = "DatasheetVersion"; Value = "Rev.B"; VariantName = "[No Variations]"
Add component (AddParameter): Name = "Max V+"; Value = "16.5V"; VariantName = "[No Variations]"
Add component (AddParameter): Name = "Mounting Technology"; Value = "Surface Mount"; VariantName = "[No Variations]"
Add component (AddParameter): Name = "PackageDescription"; Value = "24-Lead Lead Frame Chip Scale Package [LFCSP_VQ] 4 x 5 mm Body, Very Thin Quad"; VariantName = "[No Variations]"
Add component (AddParameter): Name = "PackageReference"; Value = "CP-24-5"; VariantName = "[No Variations]"
Add component (AddParameter): Name = "PackageVersion"; Value = "04-11-2012-B"; VariantName = "[No Variations]"
Add component (AddParameter): Name = "Packing"; Value = "Reel"; VariantName = "[No Variations]"
Add component (AddParameter): Name = "Resolution (Bits)"; Value = "16"; VariantName = "[No Variations]"
Add component (AddParameter): Name = "RoHS"; Value = "Y"; VariantName = "[No Variations]"
Add component (AddParameter): Name = "Settling Time"; Value = "2.5µs"; VariantName = "[No Variations]"
Add component (AddParameter): Name = "Single Supply"; Value = "No"; VariantName = "[No Variations]"
Added Pin To Net: NetName=DAC_OUT Pin=U8-1
Added Member To Class: ClassName=zp_zh Member=Component U8 AD5760ACPZ-REEL7
