Removed Pin From Net: NetName=ZP Pin=TP3-1
Removed Member From Class: ClassName=Voltage_Sources Member=C5
Removed Member From Class: ClassName=Voltage_Sources Member=C8
Removed Member From Class: ClassName=Voltage_Sources Member=C9
Removed Member From Class: ClassName=Voltage_Sources Member=C10
Removed Member From Class: ClassName=Voltage_Sources Member=C11
Removed Member From Class: ClassName=Voltage_Sources Member=D1
Removed Member From Class: ClassName=Voltage_Sources Member=L1
Removed Member From Class: ClassName=Voltage_Sources Member=R7
Removed Member From Class: ClassName=Voltage_Sources Member=R8
Removed Member From Class: ClassName=Voltage_Sources Member=R10
Removed Member From Class: ClassName=Voltage_Sources Member=R11
Removed Member From Class: ClassName=Voltage_Sources Member=TP3
Removed Member From Class: ClassName=Voltage_Sources Member=U3
Change Component Designator: OldDesignator=C5 NewDesignator=C15
Change Component Designator: OldDesignator=C8 NewDesignator=C16
Change Component Designator: OldDesignator=C9 NewDesignator=C17
Change Component Designator: OldDesignator=C10 NewDesignator=C18
Change Component Designator: OldDesignator=C11 NewDesignator=C22
Change Component Designator: OldDesignator=R7 NewDesignator=R1
Change Component Designator: OldDesignator=R8 NewDesignator=R2
Change Component Designator: OldDesignator=R10 NewDesignator=R3
Change Component Designator: OldDesignator=R11 NewDesignator=R4
Change Net Name : Old Net Name=NetC5_2 New Net Name=NetC15_2
Change Net Name : Old Net Name=NetC9_2 New Net Name=NetC17_2
Change Net Name : Old Net Name=NetC10_2 New Net Name=NetC18_2
Change Net Name : Old Net Name=NetC11_2 New Net Name=NetC22_2
Change Net Name : Old Net Name=NetR7_2 New Net Name=NetR1_2
Change Net Name : Old Net Name=NetR11_1 New Net Name=NetR4_1
Added Class: Name=ZP
Added Room: Name=ZP
