Removed Pin From Net: NetName=GND Pin=C22-1
Removed Pin From Net: NetName=ZP Pin=R8-1
Removed Pin From Net: NetName=NetD1_1 Pin=R8-2
Removed Member From Class: ClassName=ZP Member=C22
Change Component Footprint: Designator=C9 Old Footprint=CAPC0805(2012)155_L New Footprint=CAPC0402(1005)60_L
Change Component Footprint: Designator=C10 Old Footprint=CAPC0805(2012)155_L New Footprint=CAPC0402(1005)60_L
Change Component Footprint: Designator=R7 Old Footprint=RESC0805(2012)_L New Footprint=RESC0402(1005)_M
Change Component Footprint: Designator=R8 Old Footprint=RESC0805(2012)_L New Footprint=RESC0402(1005)_M
Change Component Footprint: Designator=R10 Old Footprint=RESC0805(2012)_L New Footprint=RESC0402(1005)_M
Change Component Footprint: Designator=R11 Old Footprint=RESC0805(2012)_L New Footprint=RESC0402(1005)_M
Change Component Comment : Designator=C10 Old Comment=CAP CER 1UF 25V X7R 0805 New Comment=47pF
Change Component Comment : Designator=C9 Old Comment=CAP CER 1UF 25V X7R 0805 New Comment=220pF
Change component parameters: Designator = "C9"; Footprint = "CAPC0402(1005)60_L"; UniqueID = "\LJCKTSBW"
Change component parameters. Clean all parameters for all variants
Change component parameters: Designator = "C10"; Footprint = "CAPC0402(1005)60_L"; UniqueID = "\IMLGKNKX"
Change component parameters. Clean all parameters for all variants
Added Component: Designator=C11(CAPC0402(1005)60_L)
Add component. Clean all parameters for all variants
Added Pin To Net: NetName=GND Pin=C11-1
Added Pin To Net: NetName=NetD1_1 Pin=R8-1
Added Pin To Net: NetName=ZP Pin=R8-2
Added Pin To Net: NetName=NetC11_2 Pin=C11-2
Added Pin To Net: NetName=NetC11_2 Pin=U3-7
Added Net: Name=NetC11_2
Added Member To Class: ClassName=ZP Member=Component C11 .47uF
