Removed Pin From Net: NetName=PLATE_P_F Pin=P1-5
Removed Pin From Net: NetName=PLATE_N_F Pin=P1-6
Removed Pin From Net: NetName=PLATE_P_S Pin=P1-7
Removed Pin From Net: NetName=PLATE_N_S Pin=P1-8
Removed Pin From Net: NetName=ZH Pin=P1-10
Removed Pin From Net: NetName=PWM2B_DELAY Pin=P1-11
Removed Pin From Net: NetName=Top Forcing Plate Sense Pin=P1-12
Removed Pin From Net: NetName=CT_CS0 Pin=P1-13
Removed Pin From Net: NetName=Top Forcing Plate Force Pin=P1-14
Removed Pin From Net: NetName=SPI0_MOSI Pin=P1-15
Removed Pin From Net: NetName=Bottom Forcing Plate Sense Pin=P1-16
Removed Pin From Net: NetName=Bottom Forcing Plate Force Pin=P1-18
Removed Pin From Net: NetName=SPIO_SCLK Pin=P1-19
Added Component: Designator=TP10(KSTN-5003)
Add component. Clean all parameters for all variants
Add component (AddParameter): Name = "ComponentLink1Description"; Value = "Manufacturer URL"; VariantName = "[No Variations]"
Add component (AddParameter): Name = "ComponentLink1URL"; Value = "http://www.keyelco.com/"; VariantName = "[No Variations]"
Add component (AddParameter): Name = "ComponentLink2Description"; Value = "Datasheet"; VariantName = "[No Variations]"
Add component (AddParameter): Name = "ComponentLink2URL"; Value = "http://keyelco.com/userAssets/file/M65p56.pdf"; VariantName = "[No Variations]"
Add component (AddParameter): Name = "DatasheetVersion"; Value = "Jun-15"; VariantName = "[No Variations]"
Add component (AddParameter): Name = "Diameter"; Value = "5.3 mm"; VariantName = "[No Variations]"
Add component (AddParameter): Name = "Forward Current"; Value = "3 A"; VariantName = "[No Variations]"
Add component (AddParameter): Name = "Forward Voltage"; Value = "1.08 V"; VariantName = "[No Variations]"
Add component (AddParameter): Name = "Height"; Value = "0.25 inch"; VariantName = "[No Variations]"
Add component (AddParameter): Name = "Length"; Value = "9.5 mm"; VariantName = "[No Variations]"
Add component (AddParameter): Name = "Max Operating Temperature"; Value = "150 degC"; VariantName = "[No Variations]"
Add component (AddParameter): Name = "Max Surge Current"; Value = "80 A"; VariantName = "[No Variations]"
Add component (AddParameter): Name = "Min Operating Temperature"; Value = "-65 degC"; VariantName = "[No Variations]"
Add component (AddParameter): Name = "Mount"; Value = "Through Hole"; VariantName = "[No Variations]"
Add component (AddParameter): Name = "PackageDescription"; Value = "1-Pin Through Hole Device, Dia 2.54 mm"; VariantName = "[No Variations]"
Add component (AddParameter): Name = "Package Quantity"; Value = "500"; VariantName = "[No Variations]"
Add component (AddParameter): Name = "PackageReference"; Value = "5003"; VariantName = "[No Variations]"
Add component (AddParameter): Name = "Packaging"; Value = "Bulk"; VariantName = "[No Variations]"
Add component (AddParameter): Name = "Peak Reverse Current"; Value = "600 uA"; VariantName = "[No Variations]"
Add component (AddParameter): Name = "Pins"; Value = "2"; VariantName = "[No Variations]"
Add component (AddParameter): Name = "Radiation Hardening"; Value = "No"; VariantName = "[No Variations]"
Add component (AddParameter): Name = "REACH SVHC"; Value = "No SVHC"; VariantName = "[No Variations]"
Add component (AddParameter): Name = "RoHSCompliant"; Value = "true"; VariantName = "[No Variations]"
Add component (AddParameter): Name = "Weight"; Value = "0.01 lb"; VariantName = "[No Variations]"
Add component (AddParameter): Name = "Width"; Value = "0.25 inch"; VariantName = "[No Variations]"
Added Pin To Net: NetName=CT_CS0 Pin=P1-5
Added Pin To Net: NetName=SPIO_SCLK Pin=P1-7
Added Pin To Net: NetName=PWM2B_DELAY Pin=P1-8
Added Pin To Net: NetName=Top Forcing Plate Sense Pin=P1-10
Added Pin To Net: NetName=SPI0_MOSI Pin=P1-11
Added Pin To Net: NetName=Top Forcing Plate Force Pin=P1-12
Added Pin To Net: NetName=Bottom Forcing Plate Sense Pin=P1-14
Added Pin To Net: NetName=Bottom Forcing Plate Force Pin=P1-16
Added Pin To Net: NetName=PLATE_P_F Pin=P1-17
Added Pin To Net: NetName=PLATE_N_F Pin=P1-18
Added Pin To Net: NetName=PLATE_P_S Pin=P1-19
Added Pin To Net: NetName=PLATE_N_S Pin=P1-20
Added Pin To Net: NetName=PLATE_P Pin=TP10-1
Change Net Name : Old Net Name=Sync_clk New Net Name=SPIO_MISO
Added Pin To Net: NetName=Sync_clk Pin=P1-6
Added Net: Name=Sync_clk
Added Member To Class: ClassName=Sheet1 Member=Component TP10 5003
Added Room: Name=Sheet1
Added Room: Name=Sheet2
