Removed Pin From Net: NetName=+5 Pin=C2-1
Removed Pin From Net: NetName=GND Pin=C2-2
Removed Pin From Net: NetName=-5 Pin=C3-1
Removed Pin From Net: NetName=GND Pin=C4-1
Removed Pin From Net: NetName=Beam Sync Demod Out Pin=C4-2
Removed Pin From Net: NetName=+9 Pin=C8-2
Removed Pin From Net: NetName=-5 Pin=C9-1
Removed Pin From Net: NetName=GND Pin=C9-2
Removed Pin From Net: NetName=+9 Pin=C23-2
Removed Pin From Net: NetName=GND Pin=C24-1
Removed Pin From Net: NetName=NetC24_2 Pin=C24-2
Removed Member From Class: ClassName=Sheet1 Member=C24
Change Component Footprint: Designator=C1 Old Footprint=CAPC0402(1005)60_L New Footprint=CAPC0805(2012)75_L
Change Component Footprint: Designator=C2 Old Footprint=CAPC0402(1005)60_L New Footprint=CAPC0805(2012)75_L
Change Component Footprint: Designator=C3 Old Footprint=CAPC0402(1005)60_L New Footprint=CAPC0805(2012)75_L
Change Component Footprint: Designator=C4 Old Footprint=CAPC0402(1005)60_L New Footprint=CAPC0805(2012)75_L
Change Component Footprint: Designator=C14 Old Footprint=CAPC0402(1005)60_L New Footprint=CAPC0805(2012)75_L
Change Component Footprint: Designator=C8 Old Footprint=CAPC0805(2012)145_N New Footprint=CAPC0805(2012)75_L
Change Component Footprint: Designator=C9 Old Footprint=CAPC0805(2012)145_N New Footprint=CAPC0805(2012)75_L
Change Component Footprint: Designator=C23 Old Footprint=CAPC0805(2012)145_N New Footprint=CAPC0805(2012)75_L
Change Component Comment : Designator=C1 Old Comment= New Comment=470nF
Change Component Comment : Designator=C4 Old Comment= New Comment=.1uF
Change Component Comment : Designator=C2 Old Comment=0.1uF New Comment=.1uF
Change Component Comment : Designator=C3 Old Comment=0.1uF New Comment=.1uF
Change Component Comment : Designator=C14 Old Comment=0.1uF New Comment=.1uF
Change Component Comment : Designator=C8 Old Comment=CAP CER 0.1UF 25V X7R 0805 New Comment=22uF
Change Component Comment : Designator=C9 Old Comment=CAP CER 0.1UF 25V X7R 0805 New Comment=.1uF
Change Component Comment : Designator=C23 Old Comment=CAP CER 0.1UF 25V X7R 0805 New Comment=.1uF
Change component parameters: Designator = "C4"; Footprint = "CAPC0805(2012)75_L"; UniqueID = "\EKIAWSNJ"
Change component parameters. Clean all parameters for all variants
Change component parameters (AddParameter): Name = "Case-EIA"; Value = "0805"; VariantName = "[No Variations]"
Change component parameters (AddParameter): Name = "Case-Metric"; Value = "2012"; VariantName = "[No Variations]"
Change component parameters (AddParameter): Name = "Max Thickness"; Value = "0.75 mm"; VariantName = "[No Variations]"
Change component parameters (AddParameter): Name = "Rated Voltage"; Value = "16 V"; VariantName = "[No Variations]"
Change component parameters (AddParameter): Name = "Technology"; Value = "SMT"; VariantName = "[No Variations]"
Change component parameters (AddParameter): Name = "Tolerance"; Value = "±10%"; VariantName = "[No Variations]"
Change component parameters (AddParameter): Name = "Value"; Value = ".1uF"; VariantName = "[No Variations]"
Change component parameters: Designator = "C2"; Footprint = "CAPC0805(2012)75_L"; UniqueID = "\TBIVIVPX"
Change component parameters. Clean all parameters for all variants
Change component parameters (AddParameter): Name = "Case-EIA"; Value = "0805"; VariantName = "[No Variations]"
Change component parameters (AddParameter): Name = "Case-Metric"; Value = "2012"; VariantName = "[No Variations]"
Change component parameters (AddParameter): Name = "Max Thickness"; Value = "0.75 mm"; VariantName = "[No Variations]"
Change component parameters (AddParameter): Name = "Rated Voltage"; Value = "16 V"; VariantName = "[No Variations]"
Change component parameters (AddParameter): Name = "Technology"; Value = "SMT"; VariantName = "[No Variations]"
Change component parameters (AddParameter): Name = "Tolerance"; Value = "±10%"; VariantName = "[No Variations]"
Change component parameters (AddParameter): Name = "Value"; Value = ".1uF"; VariantName = "[No Variations]"
Change component parameters: Designator = "C3"; Footprint = "CAPC0805(2012)75_L"; UniqueID = "\FVVYUYGI"
Change component parameters. Clean all parameters for all variants
Change component parameters (AddParameter): Name = "Case-EIA"; Value = "0805"; VariantName = "[No Variations]"
Change component parameters (AddParameter): Name = "Case-Metric"; Value = "2012"; VariantName = "[No Variations]"
Change component parameters (AddParameter): Name = "Max Thickness"; Value = "0.75 mm"; VariantName = "[No Variations]"
Change component parameters (AddParameter): Name = "Rated Voltage"; Value = "16 V"; VariantName = "[No Variations]"
Change component parameters (AddParameter): Name = "Technology"; Value = "SMT"; VariantName = "[No Variations]"
Change component parameters (AddParameter): Name = "Tolerance"; Value = "±10%"; VariantName = "[No Variations]"
Change component parameters (AddParameter): Name = "Value"; Value = ".1uF"; VariantName = "[No Variations]"
Change component parameters: Designator = "C14"; Footprint = "CAPC0805(2012)75_L"; UniqueID = "\DWGBWGWK"
Change component parameters. Clean all parameters for all variants
Change component parameters (AddParameter): Name = "Case-EIA"; Value = "0805"; VariantName = "[No Variations]"
Change component parameters (AddParameter): Name = "Case-Metric"; Value = "2012"; VariantName = "[No Variations]"
Change component parameters (AddParameter): Name = "Max Thickness"; Value = "0.75 mm"; VariantName = "[No Variations]"
Change component parameters (AddParameter): Name = "Rated Voltage"; Value = "16 V"; VariantName = "[No Variations]"
Change component parameters (AddParameter): Name = "Technology"; Value = "SMT"; VariantName = "[No Variations]"
Change component parameters (AddParameter): Name = "Tolerance"; Value = "±10%"; VariantName = "[No Variations]"
Change component parameters (AddParameter): Name = "Value"; Value = ".1uF"; VariantName = "[No Variations]"
Change component parameters: Designator = "C8"; Footprint = "CAPC0805(2012)75_L"; UniqueID = "\FRMDAOAT"
Change component parameters. Clean all parameters for all variants
Change component parameters (AddParameter): Name = "Case-EIA"; Value = "0805"; VariantName = "[No Variations]"
Change component parameters (AddParameter): Name = "Case-Metric"; Value = "2012"; VariantName = "[No Variations]"
Change component parameters (AddParameter): Name = "Max Thickness"; Value = "0.75 mm"; VariantName = "[No Variations]"
Change component parameters (AddParameter): Name = "Rated Voltage"; Value = "16 V"; VariantName = "[No Variations]"
Change component parameters (AddParameter): Name = "Technology"; Value = "SMT"; VariantName = "[No Variations]"
Change component parameters (AddParameter): Name = "Tolerance"; Value = "±10%"; VariantName = "[No Variations]"
Change component parameters (AddParameter): Name = "Value"; Value = "22uF"; VariantName = "[No Variations]"
Change component parameters: Designator = "C9"; Footprint = "CAPC0805(2012)75_L"; UniqueID = "\GYQYOIQQ"
Change component parameters. Clean all parameters for all variants
Change component parameters (AddParameter): Name = "Case-EIA"; Value = "0805"; VariantName = "[No Variations]"
Change component parameters (AddParameter): Name = "Case-Metric"; Value = "2012"; VariantName = "[No Variations]"
Change component parameters (AddParameter): Name = "Max Thickness"; Value = "0.75 mm"; VariantName = "[No Variations]"
Change component parameters (AddParameter): Name = "Rated Voltage"; Value = "16 V"; VariantName = "[No Variations]"
Change component parameters (AddParameter): Name = "Technology"; Value = "SMT"; VariantName = "[No Variations]"
Change component parameters (AddParameter): Name = "Tolerance"; Value = "±10%"; VariantName = "[No Variations]"
Change component parameters (AddParameter): Name = "Value"; Value = ".1uF"; VariantName = "[No Variations]"
Change component parameters: Designator = "C23"; Footprint = "CAPC0805(2012)75_L"; UniqueID = "\AVJDRSQY"
Change component parameters. Clean all parameters for all variants
Change component parameters (AddParameter): Name = "Case-EIA"; Value = "0805"; VariantName = "[No Variations]"
Change component parameters (AddParameter): Name = "Case-Metric"; Value = "2012"; VariantName = "[No Variations]"
Change component parameters (AddParameter): Name = "Max Thickness"; Value = "0.75 mm"; VariantName = "[No Variations]"
Change component parameters (AddParameter): Name = "Rated Voltage"; Value = "16 V"; VariantName = "[No Variations]"
Change component parameters (AddParameter): Name = "Technology"; Value = "SMT"; VariantName = "[No Variations]"
Change component parameters (AddParameter): Name = "Tolerance"; Value = "±10%"; VariantName = "[No Variations]"
Change component parameters (AddParameter): Name = "Value"; Value = ".1uF"; VariantName = "[No Variations]"
Change component parameters: Designator = "C1"; Footprint = "CAPC0805(2012)75_L"; UniqueID = "\VTRTRNSF"
Change component parameters. Clean all parameters for all variants
Change component parameters (AddParameter): Name = "Case-EIA"; Value = "0805"; VariantName = "[No Variations]"
Change component parameters (AddParameter): Name = "Case-Metric"; Value = "2012"; VariantName = "[No Variations]"
Change component parameters (AddParameter): Name = "Max Thickness"; Value = "0.75 mm"; VariantName = "[No Variations]"
Change component parameters (AddParameter): Name = "Rated Voltage"; Value = "16 V"; VariantName = "[No Variations]"
Change component parameters (AddParameter): Name = "Technology"; Value = "SMT"; VariantName = "[No Variations]"
Change component parameters (AddParameter): Name = "Tolerance"; Value = "±10%"; VariantName = "[No Variations]"
Change component parameters (AddParameter): Name = "Value"; Value = ".47uF"; VariantName = "[No Variations]"
Added Component: Designator=C15(CAPC0805(2012)75_L)
Add component. Clean all parameters for all variants
Add component (AddParameter): Name = "Case-EIA"; Value = "0805"; VariantName = "[No Variations]"
Add component (AddParameter): Name = "Case-Metric"; Value = "2012"; VariantName = "[No Variations]"
Add component (AddParameter): Name = "Max Thickness"; Value = "0.75 mm"; VariantName = "[No Variations]"
Add component (AddParameter): Name = "Rated Voltage"; Value = "16 V"; VariantName = "[No Variations]"
Add component (AddParameter): Name = "Technology"; Value = "SMT"; VariantName = "[No Variations]"
Add component (AddParameter): Name = "Tolerance"; Value = "±10%"; VariantName = "[No Variations]"
Add component (AddParameter): Name = "Value"; Value = ".1uF"; VariantName = "[No Variations]"
Added Component: Designator=P2(SSW-102-02-G-S-RA)
Add component. Clean all parameters for all variants
Add component (AddParameter): Name = "Supplier 1"; Value = "Digi-Key"; VariantName = "[No Variations]"
Add component (AddParameter): Name = "Supplier Part Number 1"; Value = "SAM1225-02-ND"; VariantName = "[No Variations]"
Added Pin To Net: NetName=GND Pin=C2-1
Added Pin To Net: NetName=+9 Pin=C2-2
Added Pin To Net: NetName=+5 Pin=C3-1
Added Pin To Net: NetName=-5 Pin=C4-1
Added Pin To Net: NetName=GND Pin=C4-2
Added Pin To Net: NetName=Beam Sync Demod Out Pin=C8-2
Added Pin To Net: NetName=GND Pin=C9-1
Added Pin To Net: NetName=+9 Pin=C9-2
Added Pin To Net: NetName=GND Pin=C14-1
Added Pin To Net: NetName=-5 Pin=C14-2
Added Pin To Net: NetName=NetC24_2 Pin=C23-2
Added Pin To Net: NetName=GND Pin=P2-1
Added Pin To Net: NetName=Beam Sync Demod Out Pin=P2-2
Change Net Name : Old Net Name=NetC24_2 New Net Name=NetC23_2
Added Pin To Net: NetName=NetC15_1 Pin=C15-1
Added Pin To Net: NetName=NetC15_1 Pin=U5-6
Added Net: Name=NetC15_1
Added Pin To Net: NetName=NetC15_2 Pin=C15-2
Added Pin To Net: NetName=NetC15_2 Pin=U5-7
Added Net: Name=NetC15_2
Added Member To Class: ClassName=Sheet1 Member=Component C15 .1uF
Added Member To Class: ClassName=Sheet1 Member=Component P2 SSW-102-02-G-S-RA
