Removed Pin From Net: NetName=+12 Pin=D3-2
Removed Pin From Net: NetName=+12 Pin=D4-2
Removed Pin From Net: NetName=+12 Pin=P1-1
Removed Pin From Net: NetName=+12 Pin=P1-3
Removed Pin From Net: NetName=BAT_COM Pin=U5-12
Removed Pin From Net: NetName=BAT_COM Pin=U5-14
Removed Member From Class: ClassName=Sheet1 Member=D3
Removed Member From Class: ClassName=Sheet1 Member=D4
Removed Member From Class: ClassName=Sheet1 Member=P1
Removed Member From Class: ClassName=Sheet1 Member=R14
Removed Member From Class: ClassName=Sheet1 Member=R15
Change Component Footprint: Designator=P4 Old Footprint=HDR1X6 New Footprint=JF-6
Change Component Footprint: Designator=D2 Old Footprint=JSCJ-SOD-123-2_V New Footprint=NXP-SOD27-2_V
Change Component Comment : Designator=D2 Old Comment=1N4148W New Comment=1N4148
Change Component Comment : Designator=P4 Old Comment=Header 6 New Comment=JF-6
Change component parameters: Designator = "P4"; Footprint = "JF-6"; UniqueID = "\LOOPAJWD"
Change component parameters. Clean all parameters for all variants
Change component parameters: Designator = "D2"; Footprint = "NXP-SOD27-2_V"; UniqueID = "\DJOIADNT"
Change component parameters. Clean all parameters for all variants
Change component parameters (AddParameter): Name = "Cd"; Value = "4 pF Max."; VariantName = "[No Variations]"
Change component parameters (AddParameter): Name = "ComponentLink1Description"; Value = "Manufacturer URL"; VariantName = "[No Variations]"
Change component parameters (AddParameter): Name = "ComponentLink1URL"; Value = "http://www.nxp.com/"; VariantName = "[No Variations]"
Change component parameters (AddParameter): Name = "ComponentLink2Description"; Value = "Datasheet"; VariantName = "[No Variations]"
Change component parameters (AddParameter): Name = "ComponentLink2URL"; Value = "http://www.nxp.com/documents/data_sheet/1N4148_1N4448.pdf"; VariantName = "[No Variations]"
Change component parameters (AddParameter): Name = "ComponentLink3Description"; Value = "Package Specification"; VariantName = "[No Variations]"
Change component parameters (AddParameter): Name = "ComponentLink3URL"; Value = "http://www.nxp.com/documents/data_sheet/1N4148_1N4448.pdf"; VariantName = "[No Variations]"
Change component parameters (AddParameter): Name = "Configuration"; Value = "Single"; VariantName = "[No Variations]"
Change component parameters (AddParameter): Name = "DatasheetVersion"; Value = "Aug-04"; VariantName = "[No Variations]"
Change component parameters (AddParameter): Name = "IF"; Value = "200 mA Max."; VariantName = "[No Variations]"
Change component parameters (AddParameter): Name = "IFRM"; Value = "450 mA"; VariantName = "[No Variations]"
Change component parameters (AddParameter): Name = "IFSM"; Value = "4 A Max."; VariantName = "[No Variations]"
Change component parameters (AddParameter): Name = "IR (VR"; Value = "20 V)=25 nA"; VariantName = "[No Variations]"
Change component parameters (AddParameter): Name = "Manufacturer"; Value = "NXP Semiconductors"; VariantName = "[No Variations]"
Change component parameters (AddParameter): Name = "Mounting Technology"; Value = "Through Hole"; VariantName = "[No Variations]"
Change component parameters (AddParameter): Name = "PackageDescription"; Value = "2-Pin Hermetically Sealed Glass Package, Axial Leaded, Dia 1.85 mm, Body Length 4.25 mm, Lead Spread 25.4 mm"; VariantName = "[No Variations]"
Change component parameters (AddParameter): Name = "PackageReference"; Value = "SOD27"; VariantName = "[No Variations]"
Change component parameters (AddParameter): Name = "PackageVersion"; Value = "Aug-04"; VariantName = "[No Variations]"
Change component parameters (AddParameter): Name = "PartNumber"; Value = "1N4148"; VariantName = "[No Variations]"
Change component parameters (AddParameter): Name = "RoHS"; Value = "TRUE"; VariantName = "[No Variations]"
Change component parameters (AddParameter): Name = "Trr"; Value = "4 ns Max."; VariantName = "[No Variations]"
Change component parameters (AddParameter): Name = "VF (IF"; Value = "10 mA)=1 V"; VariantName = "[No Variations]"
Change component parameters (AddParameter): Name = "VR"; Value = "100 V Max."; VariantName = "[No Variations]"
