Change Component Designator: Old Designator=CN7 New Designator=CN41
Change Component Designator: Old Designator=CN8 New Designator=CN44
Change Component Designator: Old Designator=CN11 New Designator=CN42
Change Component Designator: Old Designator=CN12 New Designator=CN43
Change Component Designator: Old Designator=LD1 New Designator=LD41
Change Component Designator: Old Designator=R32 New Designator=R43
Change Component Designator: Old Designator=R33 New Designator=R41
Change Component Designator: Old Designator=R34 New Designator=R42
Change Component Designator: Old Designator=SB4 New Designator=SB52
Change Component Designator: Old Designator=SB7 New Designator=SB47
Change Component Designator: Old Designator=SB113 New Designator=SB42
Change Component Designator: Old Designator=SB114 New Designator=SB41
Change Component Designator: Old Designator=SB116 New Designator=SB46
Change Component Designator: Old Designator=SB117 New Designator=SB45
Change Component Designator: Old Designator=SB119 New Designator=SB54
Change Component Designator: Old Designator=SB120 New Designator=SB53
Change Component Designator: Old Designator=SB121 New Designator=SB43
Change Component Designator: Old Designator=SB122 New Designator=SB44
Change Component Designator: Old Designator=SB144 New Designator=SB48
Change Component Designator: Old Designator=SB145 New Designator=SB49
Change Component Designator: Old Designator=SB148 New Designator=SB50
Change Component Designator: Old Designator=SB163 New Designator=SB51
Change Component Designator: Old Designator=U7 New Designator=U41
