Change Component Designator: Old Designator=C40 New Designator=C65
Change Component Designator: Old Designator=C41 New Designator=C66
Change Component Designator: Old Designator=C42 New Designator=C67
Change Component Designator: Old Designator=C43 New Designator=C68
Change Component Designator: Old Designator=C44 New Designator=C69
Change Component Designator: Old Designator=C45 New Designator=C70
Change Component Designator: Old Designator=C59 New Designator=C23
Change Component Designator: Old Designator=C60 New Designator=C31
Change Component Designator: Old Designator=C61 New Designator=C24
Change Component Designator: Old Designator=C62 New Designator=C30
Change Component Designator: Old Designator=C63 New Designator=C28
Change Component Designator: Old Designator=C64 New Designator=C29
Change Component Designator: Old Designator=C65 New Designator=C32
Change Component Designator: Old Designator=C67 New Designator=C33
Change Component Designator: Old Designator=C68 New Designator=C34
Change Component Designator: Old Designator=C72 New Designator=C35
Change Component Designator: Old Designator=C73 New Designator=C36
Change Component Designator: Old Designator=C74 New Designator=C37
Change Component Designator: Old Designator=C75 New Designator=C38
Change Component Designator: Old Designator=C76 New Designator=C40
Change Component Designator: Old Designator=C77 New Designator=C39
Change Component Designator: Old Designator=C79 New Designator=C25
Change Component Designator: Old Designator=C80 New Designator=C26
Change Component Designator: Old Designator=C81 New Designator=C27
Change Component Designator: Old Designator=L2 New Designator=L1
Change Component Designator: Old Designator=R42 New Designator=R76
Change Component Designator: Old Designator=R44 New Designator=R77
Change Component Designator: Old Designator=R74 New Designator=R30
Change Component Designator: Old Designator=R75 New Designator=R31
Change Component Designator: Old Designator=R76 New Designator=R32
Change Component Designator: Old Designator=R77 New Designator=R33
Change Component Designator: Old Designator=R78 New Designator=R37
Change Component Designator: Old Designator=R79 New Designator=R39
Change Component Designator: Old Designator=R80 New Designator=R40
Change Component Designator: Old Designator=R82 New Designator=R64
Change Component Designator: Old Designator=R85 New Designator=R65
Change Component Designator: Old Designator=R86 New Designator=R66
Change Component Designator: Old Designator=R87 New Designator=R67
Change Component Designator: Old Designator=R88 New Designator=R68
Change Component Designator: Old Designator=R89 New Designator=R69
Change Component Designator: Old Designator=R90 New Designator=R70
Change Component Designator: Old Designator=R91 New Designator=R71
Change Component Designator: Old Designator=R92 New Designator=R72
Change Component Designator: Old Designator=R93 New Designator=R73
Change Component Designator: Old Designator=R94 New Designator=R74
Change Component Designator: Old Designator=R95 New Designator=R75
Change Component Designator: Old Designator=R96 New Designator=R34
Change Component Designator: Old Designator=R97 New Designator=R35
Change Component Designator: Old Designator=R98 New Designator=R36
Change Component Designator: Old Designator=R99 New Designator=R38
Change Component Designator: Old Designator=R100 New Designator=R63
Change Component Designator: Old Designator=TP2 New Designator=TP1
Change Component Designator: Old Designator=TP3 New Designator=TP2
Change Component Designator: Old Designator=TP4 New Designator=TP3
Change Component Designator: Old Designator=TP5 New Designator=TP4
Change Component Designator: Old Designator=TP6 New Designator=TP5
Change Component Designator: Old Designator=TP8 New Designator=TP6
Change Component Designator: Old Designator=TP9 New Designator=TP7
Change Component Designator: Old Designator=TP10 New Designator=TP8
Change Component Designator: Old Designator=TP11 New Designator=TP9
Change Component Designator: Old Designator=TP12 New Designator=TP10
Change Component Designator: Old Designator=U10 New Designator=U14
Change Component Designator: Old Designator=U13 New Designator=U7
Change Component Designator: Old Designator=U14 New Designator=U8
Change Component Designator: Old Designator=U15 New Designator=U10
Change Component Designator: Old Designator=U16 New Designator=U13
Change Component Designator: Old Designator=U16 New Designator=U13
Change Component Designator: Old Designator=U18 New Designator=U11
Change Component Designator: Old Designator=U18 New Designator=U11
Change Component Designator: Old Designator=U20 New Designator=U12
Change Component Designator: Old Designator=U21 New Designator=U9
