Change Component Designator: Old Designator=B1 New Designator=B41
Change Component Designator: Old Designator=B2 New Designator=B42
Change Component Designator: Old Designator=C21 New Designator=C63
Change Component Designator: Old Designator=C24 New Designator=C61
Change Component Designator: Old Designator=C25 New Designator=C54
Change Component Designator: Old Designator=C26 New Designator=C55
Change Component Designator: Old Designator=C27 New Designator=C62
Change Component Designator: Old Designator=C28 New Designator=C53
Change Component Designator: Old Designator=C29 New Designator=C56
Change Component Designator: Old Designator=C30 New Designator=C52
Change Component Designator: Old Designator=C31 New Designator=C57
Change Component Designator: Old Designator=C32 New Designator=C59
Change Component Designator: Old Designator=C33 New Designator=C60
Change Component Designator: Old Designator=C34 New Designator=C50
Change Component Designator: Old Designator=C35 New Designator=C43
Change Component Designator: Old Designator=C36 New Designator=C42
Change Component Designator: Old Designator=C37 New Designator=C44
Change Component Designator: Old Designator=C38 New Designator=C45
Change Component Designator: Old Designator=C39 New Designator=C51
Change Component Designator: Old Designator=C52 New Designator=C41
Change Component Designator: Old Designator=C53 New Designator=C46
Change Component Designator: Old Designator=C55 New Designator=C47
Change Component Designator: Old Designator=C56 New Designator=C48
Change Component Designator: Old Designator=C57 New Designator=C49
Change Component Designator: Old Designator=JP4 New Designator=JP43
Change Component Designator: Old Designator=JP6 New Designator=JP41
Change Component Designator: Old Designator=JP7 New Designator=JP42
Change Component Designator: Old Designator=L1 New Designator=L41
Change Component Designator: Old Designator=LD2 New Designator=LD42
Change Component Designator: Old Designator=LD3 New Designator=LD43
Change Component Designator: Old Designator=R30 New Designator=R47
Change Component Designator: Old Designator=R31 New Designator=R45
Change Component Designator: Old Designator=R35 New Designator=R46
Change Component Designator: Old Designator=R36 New Designator=R53
Change Component Designator: Old Designator=R37 New Designator=R51
Change Component Designator: Old Designator=R38 New Designator=R50
Change Component Designator: Old Designator=R58 New Designator=R52
Change Component Designator: Old Designator=R59 New Designator=R48
Change Component Designator: Old Designator=R60 New Designator=R49
Change Component Designator: Old Designator=R73 New Designator=R44
Change Component Designator: Old Designator=SB5 New Designator=SB61
Change Component Designator: Old Designator=SB6 New Designator=SB63
Change Component Designator: Old Designator=SB8 New Designator=SB75
Change Component Designator: Old Designator=SB9 New Designator=SB76
Change Component Designator: Old Designator=SB12 New Designator=SB77
Change Component Designator: Old Designator=SB13 New Designator=SB56
Change Component Designator: Old Designator=SB118 New Designator=SB67
Change Component Designator: Old Designator=SB123 New Designator=SB78
Change Component Designator: Old Designator=SB124 New Designator=SB79
Change Component Designator: Old Designator=SB125 New Designator=SB64
Change Component Designator: Old Designator=SB127 New Designator=SB62
Change Component Designator: Old Designator=SB129 New Designator=SB81
Change Component Designator: Old Designator=SB132 New Designator=SB66
Change Component Designator: Old Designator=SB133 New Designator=SB65
Change Component Designator: Old Designator=SB139 New Designator=SB60
Change Component Designator: Old Designator=SB142 New Designator=SB57
Change Component Designator: Old Designator=SB149 New Designator=SB74
Change Component Designator: Old Designator=SB152 New Designator=SB59
Change Component Designator: Old Designator=SB153 New Designator=SB83
Change Component Designator: Old Designator=SB154 New Designator=SB82
Change Component Designator: Old Designator=SB155 New Designator=SB84
Change Component Designator: Old Designator=SB156 New Designator=SB80
Change Component Designator: Old Designator=SB160 New Designator=SB58
Change Component Designator: Old Designator=SB161 New Designator=SB85
Change Component Designator: Old Designator=SB162 New Designator=SB87
Change Component Designator: Old Designator=SB164 New Designator=SB68
Change Component Designator: Old Designator=SB166 New Designator=SB86
Change Component Designator: Old Designator=SB173 New Designator=SB71
Change Component Designator: Old Designator=SB178 New Designator=SB69
Change Component Designator: Old Designator=SB180 New Designator=SB55
Change Component Designator: Old Designator=SB181 New Designator=SB70
Change Component Designator: Old Designator=SB182 New Designator=SB73
Change Component Designator: Old Designator=SB183 New Designator=SB72
Change Component Designator: Old Designator=TP1 New Designator=TP41
Change Component Designator: Old Designator=U8 New Designator=U42
Change Component Designator: Old Designator=U8 New Designator=U42
Change Component Designator: Old Designator=U8 New Designator=U42
Change Component Designator: Old Designator=X2 New Designator=X41
Change Component Designator: Old Designator=X3 New Designator=X42
