Change Component Designator: Old Designator=C54 New Designator=C64
Change Component Designator: Old Designator=CN13 New Designator=CN45
Change Component Designator: Old Designator=D6 New Designator=D41
Change Component Designator: Old Designator=LD7 New Designator=LD44
Change Component Designator: Old Designator=LD8 New Designator=LD45
Change Component Designator: Old Designator=R61 New Designator=R54
Change Component Designator: Old Designator=R62 New Designator=R57
Change Component Designator: Old Designator=R63 New Designator=R59
Change Component Designator: Old Designator=R64 New Designator=R60
Change Component Designator: Old Designator=R68 New Designator=R61
Change Component Designator: Old Designator=R69 New Designator=R62
Change Component Designator: Old Designator=R70 New Designator=R58
Change Component Designator: Old Designator=R71 New Designator=R55
Change Component Designator: Old Designator=R72 New Designator=R56
Change Component Designator: Old Designator=SB184 New Designator=SB91
Change Component Designator: Old Designator=SB185 New Designator=SB88
Change Component Designator: Old Designator=SB186 New Designator=SB90
Change Component Designator: Old Designator=SB187 New Designator=SB89
Change Component Designator: Old Designator=T2 New Designator=T41
Change Component Designator: Old Designator=U12 New Designator=U43
