Change Component Designator: OldDesignator=C? NewDesignator=C40
Change Component Designator: OldDesignator=C? NewDesignator=C41
Change Component Designator: OldDesignator=C? NewDesignator=C42
Change Component Designator: OldDesignator=C? NewDesignator=C43
Change Component Designator: OldDesignator=C? NewDesignator=C44
Change Component Designator: OldDesignator=C? NewDesignator=C45
Change Component Designator: OldDesignator=C? NewDesignator=C46
Change Component Designator: OldDesignator=C? NewDesignator=C47
Change Component Designator: OldDesignator=L? NewDesignator=L2
Change Component Designator: OldDesignator=P? NewDesignator=P3
Change Component Designator: OldDesignator=R? NewDesignator=R39
Change Component Designator: OldDesignator=R? NewDesignator=R40
Change Component Designator: OldDesignator=R? NewDesignator=R41
Change Component Designator: OldDesignator=R? NewDesignator=R42
Change Component Designator: OldDesignator=R? NewDesignator=R43
Change Component Designator: OldDesignator=R? NewDesignator=R44
Change Component Designator: OldDesignator=U? NewDesignator=U9
Change Component Designator: OldDesignator=U? NewDesignator=U10
Change Component Designator: OldDesignator=U? NewDesignator=U11
Change Net Name : Old Net Name=NetC?_1 New Net Name=NetC40_1
Change Net Name : Old Net Name=NetL?_2 New Net Name=NetL2_2
Change Net Name : Old Net Name=NetR?_1 New Net Name=NetR40_1
Added Member To Class: ClassName=U_Power Member=Component C41 CAP CER 1UF 50V X7R 1210
Added Member To Class: ClassName=U_Power Member=Component C42 CAP CER 0.47UF 50V X7R 1206
Added Member To Class: ClassName=U_Power Member=Component C43 CAP CER 1UF 16V X7R 0805
Added Member To Class: ClassName=U_Power Member=Component C44 4.7uF
Added Member To Class: ClassName=U_Power Member=Component C45 CAP CER 0.047UF 16V X7R 0603
Added Member To Class: ClassName=U_Power Member=Component C46 CAP CER 1UF 50V X7R 1210
Added Member To Class: ClassName=U_Power Member=Component C47 CAP CER 1UF 50V X7R 1210
Added Member To Class: ClassName=U_Power Member=Component R39 DNP
Added Member To Class: ClassName=U_Power Member=Component R40 DNP
Added Member To Class: ClassName=U_Power Member=Component R41 RES SMD 100K OHM 1% 1/8W 0805
Added Member To Class: ClassName=U_Power Member=Component R42 RES SMD 280K OHM 1% 1/8W 0805
Added Member To Class: ClassName=U_Power Member=Component R43 DNP
Added Member To Class: ClassName=U_Power Member=Component U9 CCG30-24-12S
Added Member To Class: ClassName=U_Power Member=Component U11 TLV70233DBVR
