Removed Member From Class: ClassName=Real Time Clock Member=C1
Removed Member From Class: ClassName=BBB Headers Member=P9
Removed Member From Class: ClassName=Power Member=R10
Removed Member From Class: ClassName=Power Member=R11
Removed Member From Class: ClassName=Power Member=R12
Removed Member From Class: ClassName=Power Member=R14
Removed Member From Class: ClassName=BBB Headers Member=R17
Removed Member From Class: ClassName=Power Member=R19
Added Member To Class: ClassName=Real Time Clock Member=Component C2 CAP 100nF 25V 0805(2012)
Added Member To Class: ClassName=RS232 Member=Component DS6 LTST-C19HE1WT
Added Member To Class: ClassName=BBB Headers Member=Component P5 Header 3
Added Member To Class: ClassName=BBB Headers Member=Component P6 SLW-105-01-G-D
Added Member To Class: ClassName=BBB Headers Member=Component P8 SLW-104-01-G-S
Added Member To Class: ClassName=Power Member=Component R2 RES SMD 10K OHM 1% 1/8W 0805
Added Member To Class: ClassName=Power Member=Component R3 RES SMD 1K OHM 1% 1/8W 0805
Added Member To Class: ClassName=Power Member=Component R5 RES SMD 10K OHM 1% 1/8W 0805
Added Member To Class: ClassName=Power Member=Component R6 RES SMD 3K OHM 1% 1/2W 0805
Added Member To Class: ClassName=Power Member=Component R7 RES SMD 4.99K OHM 1% 1/8W 0805
Added Member To Class: ClassName=BBB Headers Member=Component R13 
Added Member To Class: ClassName=RS232 Member=Component R14 RES SMD 100 OHM 1% 1/8W 0805
Added Member To Class: ClassName=RS232 Member=Component R15 RES SMD 100 OHM 1% 1/8W 0805
Added Member To Class: ClassName=RS232 Member=Component R16 RES SMD 100 OHM 1% 1/8W 0805
Added Member To Class: ClassName=BBB Headers Member=Component U1 MAX3221EIPWRG4
