Removed Pin From Net: NetName=GND Pin=C1-1
Removed Pin From Net: NetName=+5 Pin=C1-2
Removed Pin From Net: NetName=GND Pin=C2-1
Removed Pin From Net: NetName=+5 Pin=C2-2
Removed Pin From Net: NetName=GND Pin=C3-1
Removed Pin From Net: NetName=+5 Pin=C3-2
Removed Pin From Net: NetName=GND Pin=C4-1
Removed Pin From Net: NetName=+5 Pin=C4-2
Removed Pin From Net: NetName=GND Pin=C5-1
Removed Pin From Net: NetName=+5 Pin=C5-2
Removed Pin From Net: NetName=GND Pin=C6-1
Removed Pin From Net: NetName=+5 Pin=C6-2
Removed Pin From Net: NetName=Meter Heater FET_Buff Pin=DS2-1
Removed Pin From Net: NetName=Arrestment Heater FET_Buff Pin=DS3-1
Removed Pin From Net: NetName=Board Heater FET_Buff 1 Pin=DS4-1
Removed Pin From Net: NetName=Gearbox Heater FET_Buff Pin=DS5-1
Removed Pin From Net: NetName=Board Heater FET_Buff 2 Pin=DS6-1
Removed Pin From Net: NetName=Conning Tower Heater FET Buff Pin=DS7-1
Removed Pin From Net: NetName=GND Pin=R2-2
Removed Pin From Net: NetName=GND Pin=R3-2
Removed Pin From Net: NetName=GND Pin=R4-2
Removed Pin From Net: NetName=GND Pin=R5-2
Removed Pin From Net: NetName=GND Pin=R6-2
Removed Pin From Net: NetName=GND Pin=R7-2
Removed Pin From Net: NetName=GND Pin=R8-2
Removed Pin From Net: NetName=GND Pin=R9-2
Removed Pin From Net: NetName=GND Pin=R10-2
Removed Pin From Net: NetName=GND Pin=R11-2
Removed Pin From Net: NetName=GND Pin=R12-2
Removed Pin From Net: NetName=GND Pin=R13-2
Removed Pin From Net: NetName=MUX A2 Pin=U2-1
Removed Pin From Net: NetName=MUX A2 Pin=U2-2
Removed Pin From Net: NetName=+3.3 Pin=U2-4
Removed Pin From Net: NetName=MUX_A1 Pin=U2-6
Removed Pin From Net: NetName=MUX_A1 Pin=U2-7
Removed Pin From Net: NetName=MUX_A0 Pin=U2-8
Removed Pin From Net: NetName=MUX_A0 Pin=U2-9
Removed Pin From Net: NetName=GND Pin=U2-11
Removed Pin From Net: NetName=MUX A3 Pin=U2-13
Removed Pin From Net: NetName=MUX A3 Pin=U2-14
Removed Pin From Net: NetName=FB_CS0 Pin=U3-6
Removed Pin From Net: NetName=Thermistor_CS0 Pin=U3-9
Removed Pin From Net: NetName=Meter Heater FET_Buff Pin=U4-1
Removed Pin From Net: NetName=GND Pin=U4-2
Removed Pin From Net: NetName=Meter Heater FET_Buff Pin=U4-4
Removed Pin From Net: NetName=+5 Pin=U4-5
Removed Pin From Net: NetName=Arrestment Heater FET_Buff Pin=U5-1
Removed Pin From Net: NetName=GND Pin=U5-2
Removed Pin From Net: NetName=Arrestment Heater FET_Buff Pin=U5-4
Removed Pin From Net: NetName=+5 Pin=U5-5
Removed Pin From Net: NetName=Board Heater FET_Buff 1 Pin=U6-1
Removed Pin From Net: NetName=GND Pin=U6-2
Removed Pin From Net: NetName=Board Heater FET_Buff 1 Pin=U6-4
Removed Pin From Net: NetName=+5 Pin=U6-5
Removed Pin From Net: NetName=Gearbox Heater FET_Buff Pin=U7-1
Removed Pin From Net: NetName=GND Pin=U7-2
Removed Pin From Net: NetName=Gearbox Heater FET_Buff Pin=U7-4
Removed Pin From Net: NetName=+5 Pin=U7-5
Removed Pin From Net: NetName=Board Heater FET_Buff 2 Pin=U8-1
Removed Pin From Net: NetName=GND Pin=U8-2
Removed Pin From Net: NetName=Board Heater FET_Buff 2 Pin=U8-4
Removed Pin From Net: NetName=+5 Pin=U8-5
Removed Pin From Net: NetName=Conning Tower Heater FET Buff Pin=U9-1
Removed Pin From Net: NetName=GND Pin=U9-2
Removed Pin From Net: NetName=Conning Tower Heater FET Buff Pin=U9-4
Removed Pin From Net: NetName=+5 Pin=U9-5
Added Pin To Net: NetName=GND Pin=U1-A5
Added Pin To Net: NetName=GND Pin=U1-A8
Added Pin To Net: NetName=GND Pin=U1-B11
Added Pin To Net: NetName=GND Pin=U1-B12
Added Pin To Net: NetName=GND Pin=U1-F2
Added Pin To Net: NetName=GND Pin=U1-G2
Added Pin To Net: NetName=GND Pin=U1-G12
Added Pin To Net: NetName=PWM2B Pin=U1-H6
Added Pin To Net: NetName=SPI0_CS0_MUX_A1 Pin=U1-L9
Added Pin To Net: NetName=GND Pin=U1-M1
Added Pin To Net: NetName=SPI0_CS0_MUX_A0 Pin=U1-M9
Added Pin To Net: NetName=SPI0_CS0_MUX A2 Pin=U1-M10
Added Pin To Net: NetName=FB_CS0 Pin=U3-5
Change Net Name : Old Net Name=Power_CS0 New Net Name=SPI0_SYS_VOLTAGE_CS0
Added Pin To Net: NetName=Encoder_CS0 Pin=U3-12
Added Net: Name=Encoder_CS0
Added Pin To Net: NetName=Heater_CS0 Pin=U3-7
Added Net: Name=Heater_CS0
Added Pin To Net: NetName=NetP1_21 Pin=P1-21
Added Net: Name=NetP1_21
Added Pin To Net: NetName=NetU1_H7 Pin=U1-H7
Added Net: Name=NetU1_H7
Added Pin To Net: NetName=NetU1_J6 Pin=U1-J6
Added Net: Name=NetU1_J6
Added Pin To Net: NetName=NetU1_L6 Pin=U1-L6
Added Net: Name=NetU1_L6
Added Pin To Net: NetName=NetU1_L7 Pin=U1-L7
Added Net: Name=NetU1_L7
Added Pin To Net: NetName=NetU1_L8 Pin=U1-L8
Added Net: Name=NetU1_L8
Added Pin To Net: NetName=NetU1_M5 Pin=U1-M5
Added Net: Name=NetU1_M5
Added Pin To Net: NetName=NetU1_M6 Pin=U1-M6
Added Net: Name=NetU1_M6
Added Pin To Net: NetName=NetU1_M8 Pin=U1-M8
Added Net: Name=NetU1_M8
Added Pin To Net: NetName=Power_CS0 Pin=U3-11
Added Net: Name=Power_CS0
Added Pin To Net: NetName=SPI1_CS0 Pin=U1-J12
Added Net: Name=SPI1_CS0
Added Pin To Net: NetName=SPI1_MISO Pin=U1-G9
Added Net: Name=SPI1_MISO
Added Pin To Net: NetName=SPI1_MOSI Pin=U1-E12
Added Net: Name=SPI1_MOSI
Added Pin To Net: NetName=SPI1_SCLK Pin=U1-F11
Added Net: Name=SPI1_SCLK
Added Class: Name=MCU
Added Member To Class: ClassName=Connectors Member=Component P4 IPL1-112-01-F-S-K
Added Room: Name=36V_HV_Supply
