Added Component: Designator=P11(HDR1X6)
Add component. Clean all parameters for all variants
Add component (AddParameter): Name = "Category 1"; Value = "Cable Assemblies"; VariantName = "[No Variations]"
Add component (AddParameter): Name = "ComponentLink1Description"; Value = "http://www.ftdichip.com/Support/Documents/DataSheets/Cables/DS_TTL-232R_CABLES.pdf"; VariantName = "[No Variations]"
Add component (AddParameter): Name = "ComponentLink1URL"; Value = "http://www.ftdichip.com/Support/Documents/DataSheets/Cables/DS_TTL-232R_CABLES.pdf"; VariantName = "[No Variations]"
Add component (AddParameter): Name = "Convert From (Adapter End)"; Value = "USB - A, Plug"; VariantName = "[No Variations]"
Add component (AddParameter): Name = "Convert To (Adapter End)"; Value = "Rectangular Connector, Female Sockets, 8 pos (7 open), 2mm"; VariantName = "[No Variations]"
Add component (AddParameter): Name = "Description 1"; Value = "CABLE USB SERIAL 3.3V 2MM HEADER"; VariantName = "[No Variations]"
Add component (AddParameter): Name = "Length"; Value = "5.90' (1.80m)"; VariantName = "[No Variations]"
Add component (AddParameter): Name = "Manufacturer 1"; Value = "FTDI, Future Technology Devices International Ltd"; VariantName = "[No Variations]"
Add component (AddParameter): Name = "Manufacturer Part Number 1"; Value = "TTL-232R-3V3-2MM"; VariantName = "[No Variations]"
Add component (AddParameter): Name = "Part Status"; Value = "Active"; VariantName = "[No Variations]"
Add component (AddParameter): Name = "Pricing 1"; Value = "1=20, 10=18, 50=16.875 (USD)"; VariantName = "[No Variations]"
Add component (AddParameter): Name = "RoHS 1"; Value = "RoHS Compliant"; VariantName = "[No Variations]"
Add component (AddParameter): Name = "Shielding"; Value = "Unshielded"; VariantName = "[No Variations]"
Add component (AddParameter): Name = "Stock 1"; Value = "274"; VariantName = "[No Variations]"
Add component (AddParameter): Name = "Supplier 1"; Value = "Digi-Key"; VariantName = "[No Variations]"
Add component (AddParameter): Name = "Supplier Part Number 1"; Value = "768-1095-ND"; VariantName = "[No Variations]"
Add component (AddParameter): Name = "Usage"; Value = "USB to TTL Serial 3.3V"; VariantName = "[No Variations]"
Added Pin To Net: NetName=VCC Pin=C2-1
Added Pin To Net: NetName=VCC Pin=C6-1
Added Pin To Net: NetName=VCC Pin=DS3-4
Added Pin To Net: NetName=VCC Pin=P1-1
Added Pin To Net: NetName=VCC Pin=P6-5
Added Pin To Net: NetName=VMM Pin=P7-6
Added Pin To Net: NetName=VMM Pin=P8-15
Added Pin To Net: NetName=VMM Pin=P8-16
Added Pin To Net: NetName=VCC Pin=P9-5
Added Pin To Net: NetName=VCC Pin=P10-J2-3
Added Pin To Net: NetName=VCC Pin=P10-J2-4
Added Pin To Net: NetName=GND Pin=P11-1
Added Pin To Net: NetName=TXD Pin=P11-4
Added Pin To Net: NetName=RXD Pin=P11-5
Added Pin To Net: NetName=VCC Pin=P12-18
Added Pin To Net: NetName=VMM Pin=P12-21
Added Pin To Net: NetName=VMM Pin=P12-22
Added Pin To Net: NetName=VCC Pin=R1-2
Added Pin To Net: NetName=VMM Pin=R2-2
Added Pin To Net: NetName=VCC Pin=U2-3
Added Pin To Net: NetName=VCC Pin=U4-5
Added Pin To Net: NetName=VCC Pin=U5-9-15
Added Pin To Net: NetName=VCC Pin=U7-2
Added Pin To Net: NetName=VCC Pin=U7-13
Change Net Name : Old Net Name=VCC New Net Name=+3.3
Change Net Name : Old Net Name=VMM New Net Name=+12
Added Pin To Net: NetName=NetR34_1 Pin=R34-1
Added Pin To Net: NetName=NetR34_1 Pin=U5-8-27
Added Pin To Net: NetName=NetR34_1 Pin=U10-1
Added Net: Name=NetR34_1
Added Pin To Net: NetName=NetR41_1 Pin=R41-1
Added Pin To Net: NetName=NetR41_1 Pin=U5-8-30
Added Pin To Net: NetName=NetR41_1 Pin=U9-1
Added Net: Name=NetR41_1
Added Pin To Net: NetName=NetR50_1 Pin=R50-1
Added Pin To Net: NetName=NetR50_1 Pin=U5-8-9
Added Pin To Net: NetName=NetR50_1 Pin=U11-1
Added Net: Name=NetR50_1
Added Pin To Net: NetName=NetR53_1 Pin=R53-1
Added Pin To Net: NetName=NetR53_1 Pin=U5-8-10
Added Pin To Net: NetName=NetR53_1 Pin=U12-1
Added Net: Name=NetR53_1
Added Member To Class: ClassName=RS232 Member=Component P11 Header 100 mil (2.54 mm)
Added Member To Class: ClassName=Connectors Member=Component P? IPL1-102-01-F-S-K
Added Member To Class: ClassName=Connectors Member=Component P? IPL1-102-01-F-S-K
Added Member To Class: ClassName=Connectors Member=Component P? IPL1-102-01-F-S-K
