Removed Pin From Net: NetName=GND Pin=P3-1
Removed Pin From Net: NetName=GND Pin=P3-21
Removed Pin From Net: NetName=Disp_RX Pin=P3-23
Removed Pin From Net: NetName=Disp_TX Pin=P3-24
Removed Pin From Net: NetName=GND Pin=P3-25
Removed Pin From Net: NetName=+5 Pin=P3-26
Removed Pin From Net: NetName=+5 Pin=P3-27
Removed Pin From Net: NetName=GND Pin=P3-30
Removed Pin From Net: NetName=GND Pin=P3-MP1
Removed Pin From Net: NetName=GND Pin=P3-MP2
Change Component Footprint: Designator=P3 Old Footprint=MOLX-54132-3062 New Footprint=IPL1-105-01-F-S-K
Change Component Comment : Designator=P3 Old Comment=54132-3062 New Comment=IPL1-105-01-F-S-K
Change component parameters: Designator = "P3"; Footprint = "IPL1-105-01-F-S-K"; UniqueID = "\ALPLOKNE"
Change component parameters. Clean all parameters for all variants
Change component parameters (AddParameter): Name = "Supplier 1"; Value = "Newark"; VariantName = "[No Variations]"
Change component parameters (AddParameter): Name = "Supplier Part Number 1"; Value = "99R3297"; VariantName = "[No Variations]"
Added Pin To Net: NetName=+5 Pin=P3-1
Added Pin To Net: NetName=Disp_TX Pin=P3-2
Added Pin To Net: NetName=Disp_RX Pin=P3-3
Added Pin To Net: NetName=GND Pin=P3-4
