Removed Pin From Net: NetName=METER_HTR_OUT Pin=P7-1
Removed Pin From Net: NetName=+12 Pin=P7-2
Removed Pin From Net: NetName=GND Pin=P7-3
Removed Pin From Net: NetName=Arrestment Htr Out Pin=P12-1
Removed Pin From Net: NetName=+12 Pin=P12-2
Removed Pin From Net: NetName=GND Pin=P12-3
Removed Pin From Net: NetName=Gearbox Htr Out Pin=P13-1
Removed Pin From Net: NetName=+12 Pin=P13-2
Removed Pin From Net: NetName=GND Pin=P13-3
Removed Pin From Net: NetName=+5 Pin=R31-1
Removed Pin From Net: NetName=+5 Pin=R39-2
Removed Pin From Net: NetName=+5 Pin=R41-2
Removed Pin From Net: NetName=+5 Pin=R45-1
Removed Pin From Net: NetName=+5 Pin=R48-2
Removed Member From Class: ClassName=heater_control Member=P7
Removed Member From Class: ClassName=heater_control Member=P11
Removed Member From Class: ClassName=heater_control Member=P12
Removed Member From Class: ClassName=heater_control Member=P13
Removed Member From Class: ClassName=heater_control Member=R31
Removed Member From Class: ClassName=heater_control Member=R39
Removed Member From Class: ClassName=heater_control Member=R41
Removed Member From Class: ClassName=heater_control Member=R45
Removed Member From Class: ClassName=heater_control Member=R48
