Removed Pin From Net: NetName=+12_Designator Pin=DS1_Designator-1
Removed Pin From Net: NetName=+12_Designator Pin=DS1_Heater Control-1
Change Component Footprint: Designator=DS1_Designator Old Footprint=KING-LED0603-25-GREEN_V New Footprint=KING-LED2107-13-RED-2_V
Change Component Footprint: Designator=DS1_Heater Control Old Footprint=KING-LED0603-25-GREEN_V New Footprint=KING-LED2107-13-RED-2_V
Change Component Comment : Designator=DS1_Designator Old Comment=Blue LED New Comment=APJA2107EC
Change Component Comment : Designator=DS1_Heater Control Old Comment=Blue LED New Comment=APJA2107EC
Change Component Designator: OldDesignator=DS3_Designator NewDesignator=DS5_Designator
Change Component Designator: OldDesignator=DS3_Heater Control NewDesignator=DS5_Heater Control
Change Component Designator: OldDesignator=R?_Designator NewDesignator=R1_Designator
Change Component Designator: OldDesignator=R?_Designator NewDesignator=R6_Designator
Change Component Designator: OldDesignator=R?_Designator NewDesignator=R7_Designator
Change Component Designator: OldDesignator=R?_Designator NewDesignator=R8_Designator
Change Component Designator: OldDesignator=R?_Designator NewDesignator=R9_Designator
Change Component Designator: OldDesignator=R?_Designator NewDesignator=R26_Designator
Change Component Designator: OldDesignator=R?_Designator NewDesignator=R31_Designator
Change Component Designator: OldDesignator=R?_Designator NewDesignator=R32_Designator
Change Component Designator: OldDesignator=R?_Designator NewDesignator=R56_Designator
Change Component Designator: OldDesignator=R?_Designator NewDesignator=R57_Designator
Change Component Designator: OldDesignator=R?_Heater Control NewDesignator=R1_Heater Control
Change Component Designator: OldDesignator=R?_Heater Control NewDesignator=R6_Heater Control
Change Component Designator: OldDesignator=R?_Heater Control NewDesignator=R7_Heater Control
Change Component Designator: OldDesignator=R?_Heater Control NewDesignator=R8_Heater Control
Change Component Designator: OldDesignator=R?_Heater Control NewDesignator=R9_Heater Control
Change Component Designator: OldDesignator=R?_Heater Control NewDesignator=R26_Heater Control
Change Component Designator: OldDesignator=R?_Heater Control NewDesignator=R31_Heater Control
Change Component Designator: OldDesignator=R?_Heater Control NewDesignator=R32_Heater Control
Change Component Designator: OldDesignator=R?_Heater Control NewDesignator=R56_Heater Control
Change Component Designator: OldDesignator=R?_Heater Control NewDesignator=R57_Heater Control
Change component parameters: Designator = "DS1_Designator"; Footprint = "KING-LED2107-13-RED-2_V"; UniqueID = "\AIUGPTWK\QBPQKOXK"
Change component parameters. Clean all parameters for all variants
Change component parameters (AddParameter): Name = "ComponentLink1Description"; Value = "Manufacturer URL"; VariantName = "[No Variations]"
Change component parameters (AddParameter): Name = "ComponentLink1URL"; Value = "http://www.kingbrightusa.com/"; VariantName = "[No Variations]"
Change component parameters (AddParameter): Name = "ComponentLink2Description"; Value = "Datasheet"; VariantName = "[No Variations]"
Change component parameters (AddParameter): Name = "ComponentLink2URL"; Value = "http://www.kingbrightusa.com/images/catalog/SPEC/APJA2107EC.pdf"; VariantName = "[No Variations]"
Change component parameters (AddParameter): Name = "DatasheetVersion"; Value = "Rev. 8, 06/2011"; VariantName = "[No Variations]"
Change component parameters (AddParameter): Name = "Emitting Color"; Value = "Red"; VariantName = "[No Variations]"
Change component parameters (AddParameter): Name = "Forward Current"; Value = "30 mA"; VariantName = "[No Variations]"
Change component parameters (AddParameter): Name = "Mounting Technology"; Value = "Surface Mount"; VariantName = "[No Variations]"
Change component parameters (AddParameter): Name = "PackageDescription"; Value = "2-Pin Right Angle SMT LED, 2.1x0.7 mm Body, 1.3mm Thickness"; VariantName = "[No Variations]"
Change component parameters (AddParameter): Name = "PackageReference"; Value = "LED2107-13-RED-2"; VariantName = "[No Variations]"
Change component parameters (AddParameter): Name = "PackageVersion"; Value = "Rev. 8, 6/2011"; VariantName = "[No Variations]"
Change component parameters (AddParameter): Name = "PartNumber"; Value = "APJA2107EC"; VariantName = "[No Variations]"
Change component parameters (AddParameter): Name = "Power Dissipation"; Value = "75 mW"; VariantName = "[No Variations]"
Change component parameters (AddParameter): Name = "Reverse Voltage"; Value = "5 V"; VariantName = "[No Variations]"
Change component parameters (AddParameter): Name = "Storage Temperature"; Value = "-40 to 85 degC"; VariantName = "[No Variations]"
Change component parameters: Designator = "DS1_Heater Control"; Footprint = "KING-LED2107-13-RED-2_V"; UniqueID = "\HHFJKTOF\QBPQKOXK"
Change component parameters. Clean all parameters for all variants
Change component parameters (AddParameter): Name = "ComponentLink1Description"; Value = "Manufacturer URL"; VariantName = "[No Variations]"
Change component parameters (AddParameter): Name = "ComponentLink1URL"; Value = "http://www.kingbrightusa.com/"; VariantName = "[No Variations]"
Change component parameters (AddParameter): Name = "ComponentLink2Description"; Value = "Datasheet"; VariantName = "[No Variations]"
Change component parameters (AddParameter): Name = "ComponentLink2URL"; Value = "http://www.kingbrightusa.com/images/catalog/SPEC/APJA2107EC.pdf"; VariantName = "[No Variations]"
Change component parameters (AddParameter): Name = "DatasheetVersion"; Value = "Rev. 8, 06/2011"; VariantName = "[No Variations]"
Change component parameters (AddParameter): Name = "Emitting Color"; Value = "Red"; VariantName = "[No Variations]"
Change component parameters (AddParameter): Name = "Forward Current"; Value = "30 mA"; VariantName = "[No Variations]"
Change component parameters (AddParameter): Name = "Mounting Technology"; Value = "Surface Mount"; VariantName = "[No Variations]"
Change component parameters (AddParameter): Name = "PackageDescription"; Value = "2-Pin Right Angle SMT LED, 2.1x0.7 mm Body, 1.3mm Thickness"; VariantName = "[No Variations]"
Change component parameters (AddParameter): Name = "PackageReference"; Value = "LED2107-13-RED-2"; VariantName = "[No Variations]"
Change component parameters (AddParameter): Name = "PackageVersion"; Value = "Rev. 8, 6/2011"; VariantName = "[No Variations]"
Change component parameters (AddParameter): Name = "PartNumber"; Value = "APJA2107EC"; VariantName = "[No Variations]"
Change component parameters (AddParameter): Name = "Power Dissipation"; Value = "75 mW"; VariantName = "[No Variations]"
Change component parameters (AddParameter): Name = "Reverse Voltage"; Value = "5 V"; VariantName = "[No Variations]"
Change component parameters (AddParameter): Name = "Storage Temperature"; Value = "-40 to 85 degC"; VariantName = "[No Variations]"
Added Component: Designator=DS3_Designator(KING-LED2107-13-RED-2_V)
Add component. Clean all parameters for all variants
Add component (AddParameter): Name = "ComponentLink1Description"; Value = "Manufacturer URL"; VariantName = "[No Variations]"
Add component (AddParameter): Name = "ComponentLink1URL"; Value = "http://www.kingbrightusa.com/"; VariantName = "[No Variations]"
Add component (AddParameter): Name = "ComponentLink2Description"; Value = "Datasheet"; VariantName = "[No Variations]"
Add component (AddParameter): Name = "ComponentLink2URL"; Value = "http://www.kingbrightusa.com/images/catalog/SPEC/APJA2107EC.pdf"; VariantName = "[No Variations]"
Add component (AddParameter): Name = "DatasheetVersion"; Value = "Rev. 8, 06/2011"; VariantName = "[No Variations]"
Add component (AddParameter): Name = "Emitting Color"; Value = "Red"; VariantName = "[No Variations]"
Add component (AddParameter): Name = "Forward Current"; Value = "30 mA"; VariantName = "[No Variations]"
Add component (AddParameter): Name = "Mounting Technology"; Value = "Surface Mount"; VariantName = "[No Variations]"
Add component (AddParameter): Name = "PackageDescription"; Value = "2-Pin Right Angle SMT LED, 2.1x0.7 mm Body, 1.3mm Thickness"; VariantName = "[No Variations]"
Add component (AddParameter): Name = "PackageReference"; Value = "LED2107-13-RED-2"; VariantName = "[No Variations]"
Add component (AddParameter): Name = "PackageVersion"; Value = "Rev. 8, 6/2011"; VariantName = "[No Variations]"
Add component (AddParameter): Name = "PartNumber"; Value = "APJA2107EC"; VariantName = "[No Variations]"
Add component (AddParameter): Name = "Power Dissipation"; Value = "75 mW"; VariantName = "[No Variations]"
Add component (AddParameter): Name = "Reverse Voltage"; Value = "5 V"; VariantName = "[No Variations]"
Add component (AddParameter): Name = "Storage Temperature"; Value = "-40 to 85 degC"; VariantName = "[No Variations]"
Added Component: Designator=DS3_Heater Control(KING-LED2107-13-RED-2_V)
Add component. Clean all parameters for all variants
Add component (AddParameter): Name = "ComponentLink1Description"; Value = "Manufacturer URL"; VariantName = "[No Variations]"
Add component (AddParameter): Name = "ComponentLink1URL"; Value = "http://www.kingbrightusa.com/"; VariantName = "[No Variations]"
Add component (AddParameter): Name = "ComponentLink2Description"; Value = "Datasheet"; VariantName = "[No Variations]"
Add component (AddParameter): Name = "ComponentLink2URL"; Value = "http://www.kingbrightusa.com/images/catalog/SPEC/APJA2107EC.pdf"; VariantName = "[No Variations]"
Add component (AddParameter): Name = "DatasheetVersion"; Value = "Rev. 8, 06/2011"; VariantName = "[No Variations]"
Add component (AddParameter): Name = "Emitting Color"; Value = "Red"; VariantName = "[No Variations]"
Add component (AddParameter): Name = "Forward Current"; Value = "30 mA"; VariantName = "[No Variations]"
Add component (AddParameter): Name = "Mounting Technology"; Value = "Surface Mount"; VariantName = "[No Variations]"
Add component (AddParameter): Name = "PackageDescription"; Value = "2-Pin Right Angle SMT LED, 2.1x0.7 mm Body, 1.3mm Thickness"; VariantName = "[No Variations]"
Add component (AddParameter): Name = "PackageReference"; Value = "LED2107-13-RED-2"; VariantName = "[No Variations]"
Add component (AddParameter): Name = "PackageVersion"; Value = "Rev. 8, 6/2011"; VariantName = "[No Variations]"
Add component (AddParameter): Name = "PartNumber"; Value = "APJA2107EC"; VariantName = "[No Variations]"
Add component (AddParameter): Name = "Power Dissipation"; Value = "75 mW"; VariantName = "[No Variations]"
Add component (AddParameter): Name = "Reverse Voltage"; Value = "5 V"; VariantName = "[No Variations]"
Add component (AddParameter): Name = "Storage Temperature"; Value = "-40 to 85 degC"; VariantName = "[No Variations]"
Added Component: Designator=DS4_Designator(KING-LED2107-13-RED-2_V)
Add component. Clean all parameters for all variants
Add component (AddParameter): Name = "ComponentLink1Description"; Value = "Manufacturer URL"; VariantName = "[No Variations]"
Add component (AddParameter): Name = "ComponentLink1URL"; Value = "http://www.kingbrightusa.com/"; VariantName = "[No Variations]"
Add component (AddParameter): Name = "ComponentLink2Description"; Value = "Datasheet"; VariantName = "[No Variations]"
Add component (AddParameter): Name = "ComponentLink2URL"; Value = "http://www.kingbrightusa.com/images/catalog/SPEC/APJA2107EC.pdf"; VariantName = "[No Variations]"
Add component (AddParameter): Name = "DatasheetVersion"; Value = "Rev. 8, 06/2011"; VariantName = "[No Variations]"
Add component (AddParameter): Name = "Emitting Color"; Value = "Red"; VariantName = "[No Variations]"
Add component (AddParameter): Name = "Forward Current"; Value = "30 mA"; VariantName = "[No Variations]"
Add component (AddParameter): Name = "Mounting Technology"; Value = "Surface Mount"; VariantName = "[No Variations]"
Add component (AddParameter): Name = "PackageDescription"; Value = "2-Pin Right Angle SMT LED, 2.1x0.7 mm Body, 1.3mm Thickness"; VariantName = "[No Variations]"
Add component (AddParameter): Name = "PackageReference"; Value = "LED2107-13-RED-2"; VariantName = "[No Variations]"
Add component (AddParameter): Name = "PackageVersion"; Value = "Rev. 8, 6/2011"; VariantName = "[No Variations]"
Add component (AddParameter): Name = "PartNumber"; Value = "APJA2107EC"; VariantName = "[No Variations]"
Add component (AddParameter): Name = "Power Dissipation"; Value = "75 mW"; VariantName = "[No Variations]"
Add component (AddParameter): Name = "Reverse Voltage"; Value = "5 V"; VariantName = "[No Variations]"
Add component (AddParameter): Name = "Storage Temperature"; Value = "-40 to 85 degC"; VariantName = "[No Variations]"
Added Component: Designator=DS4_Heater Control(KING-LED2107-13-RED-2_V)
Add component. Clean all parameters for all variants
Add component (AddParameter): Name = "ComponentLink1Description"; Value = "Manufacturer URL"; VariantName = "[No Variations]"
Add component (AddParameter): Name = "ComponentLink1URL"; Value = "http://www.kingbrightusa.com/"; VariantName = "[No Variations]"
Add component (AddParameter): Name = "ComponentLink2Description"; Value = "Datasheet"; VariantName = "[No Variations]"
Add component (AddParameter): Name = "ComponentLink2URL"; Value = "http://www.kingbrightusa.com/images/catalog/SPEC/APJA2107EC.pdf"; VariantName = "[No Variations]"
Add component (AddParameter): Name = "DatasheetVersion"; Value = "Rev. 8, 06/2011"; VariantName = "[No Variations]"
Add component (AddParameter): Name = "Emitting Color"; Value = "Red"; VariantName = "[No Variations]"
Add component (AddParameter): Name = "Forward Current"; Value = "30 mA"; VariantName = "[No Variations]"
Add component (AddParameter): Name = "Mounting Technology"; Value = "Surface Mount"; VariantName = "[No Variations]"
Add component (AddParameter): Name = "PackageDescription"; Value = "2-Pin Right Angle SMT LED, 2.1x0.7 mm Body, 1.3mm Thickness"; VariantName = "[No Variations]"
Add component (AddParameter): Name = "PackageReference"; Value = "LED2107-13-RED-2"; VariantName = "[No Variations]"
Add component (AddParameter): Name = "PackageVersion"; Value = "Rev. 8, 6/2011"; VariantName = "[No Variations]"
Add component (AddParameter): Name = "PartNumber"; Value = "APJA2107EC"; VariantName = "[No Variations]"
Add component (AddParameter): Name = "Power Dissipation"; Value = "75 mW"; VariantName = "[No Variations]"
Add component (AddParameter): Name = "Reverse Voltage"; Value = "5 V"; VariantName = "[No Variations]"
Add component (AddParameter): Name = "Storage Temperature"; Value = "-40 to 85 degC"; VariantName = "[No Variations]"
Added Component: Designator=DS6_Designator(KING-LED2107-13-RED-2_V)
Add component. Clean all parameters for all variants
Add component (AddParameter): Name = "ComponentLink1Description"; Value = "Manufacturer URL"; VariantName = "[No Variations]"
Add component (AddParameter): Name = "ComponentLink1URL"; Value = "http://www.kingbrightusa.com/"; VariantName = "[No Variations]"
Add component (AddParameter): Name = "ComponentLink2Description"; Value = "Datasheet"; VariantName = "[No Variations]"
Add component (AddParameter): Name = "ComponentLink2URL"; Value = "http://www.kingbrightusa.com/images/catalog/SPEC/APJA2107EC.pdf"; VariantName = "[No Variations]"
Add component (AddParameter): Name = "DatasheetVersion"; Value = "Rev. 8, 06/2011"; VariantName = "[No Variations]"
Add component (AddParameter): Name = "Emitting Color"; Value = "Red"; VariantName = "[No Variations]"
Add component (AddParameter): Name = "Forward Current"; Value = "30 mA"; VariantName = "[No Variations]"
Add component (AddParameter): Name = "Mounting Technology"; Value = "Surface Mount"; VariantName = "[No Variations]"
Add component (AddParameter): Name = "PackageDescription"; Value = "2-Pin Right Angle SMT LED, 2.1x0.7 mm Body, 1.3mm Thickness"; VariantName = "[No Variations]"
Add component (AddParameter): Name = "PackageReference"; Value = "LED2107-13-RED-2"; VariantName = "[No Variations]"
Add component (AddParameter): Name = "PackageVersion"; Value = "Rev. 8, 6/2011"; VariantName = "[No Variations]"
Add component (AddParameter): Name = "PartNumber"; Value = "APJA2107EC"; VariantName = "[No Variations]"
Add component (AddParameter): Name = "Power Dissipation"; Value = "75 mW"; VariantName = "[No Variations]"
Add component (AddParameter): Name = "Reverse Voltage"; Value = "5 V"; VariantName = "[No Variations]"
Add component (AddParameter): Name = "Storage Temperature"; Value = "-40 to 85 degC"; VariantName = "[No Variations]"
Added Component: Designator=DS6_Heater Control(KING-LED2107-13-RED-2_V)
Add component. Clean all parameters for all variants
Add component (AddParameter): Name = "ComponentLink1Description"; Value = "Manufacturer URL"; VariantName = "[No Variations]"
Add component (AddParameter): Name = "ComponentLink1URL"; Value = "http://www.kingbrightusa.com/"; VariantName = "[No Variations]"
Add component (AddParameter): Name = "ComponentLink2Description"; Value = "Datasheet"; VariantName = "[No Variations]"
Add component (AddParameter): Name = "ComponentLink2URL"; Value = "http://www.kingbrightusa.com/images/catalog/SPEC/APJA2107EC.pdf"; VariantName = "[No Variations]"
Add component (AddParameter): Name = "DatasheetVersion"; Value = "Rev. 8, 06/2011"; VariantName = "[No Variations]"
Add component (AddParameter): Name = "Emitting Color"; Value = "Red"; VariantName = "[No Variations]"
Add component (AddParameter): Name = "Forward Current"; Value = "30 mA"; VariantName = "[No Variations]"
Add component (AddParameter): Name = "Mounting Technology"; Value = "Surface Mount"; VariantName = "[No Variations]"
Add component (AddParameter): Name = "PackageDescription"; Value = "2-Pin Right Angle SMT LED, 2.1x0.7 mm Body, 1.3mm Thickness"; VariantName = "[No Variations]"
Add component (AddParameter): Name = "PackageReference"; Value = "LED2107-13-RED-2"; VariantName = "[No Variations]"
Add component (AddParameter): Name = "PackageVersion"; Value = "Rev. 8, 6/2011"; VariantName = "[No Variations]"
Add component (AddParameter): Name = "PartNumber"; Value = "APJA2107EC"; VariantName = "[No Variations]"
Add component (AddParameter): Name = "Power Dissipation"; Value = "75 mW"; VariantName = "[No Variations]"
Add component (AddParameter): Name = "Reverse Voltage"; Value = "5 V"; VariantName = "[No Variations]"
Add component (AddParameter): Name = "Storage Temperature"; Value = "-40 to 85 degC"; VariantName = "[No Variations]"
Added Pin To Net: NetName=+12_Designator Pin=DS1_Designator-2
Added Pin To Net: NetName=+12_Designator Pin=DS1_Heater Control-2
Added Pin To Net: NetName=+12_Designator Pin=DS3_Designator-2
Added Pin To Net: NetName=+12_Designator Pin=DS3_Heater Control-2
Added Pin To Net: NetName=+12_Designator Pin=DS4_Designator-2
Added Pin To Net: NetName=+12_Designator Pin=DS4_Heater Control-2
Added Pin To Net: NetName=+12_Designator Pin=DS5_Designator-2
Added Pin To Net: NetName=+12_Designator Pin=DS5_Heater Control-2
Added Pin To Net: NetName=+12_Designator Pin=DS6_Designator-2
Added Pin To Net: NetName=+12_Designator Pin=DS6_Heater Control-2
Change Net Name : Old Net Name=NetR?_Designator_1 New Net Name=NetR32_Designator_1
Change Net Name : Old Net Name=NetR?_Heater Control_1 New Net Name=NetR31_Heater Control_1
Added Pin To Net: NetName=NetDS1_Designator_1 Pin=DS1_Designator-1
Added Pin To Net: NetName=NetDS1_Designator_1 Pin=R6_Designator-1
Added Net: Name=NetDS1_Designator_1
Added Pin To Net: NetName=NetDS1_Heater Control_1 Pin=DS1_Heater Control-1
Added Pin To Net: NetName=NetDS1_Heater Control_1 Pin=R6_Heater Control-1
Added Net: Name=NetDS1_Heater Control_1
Added Pin To Net: NetName=NetDS3_Designator_1 Pin=DS3_Designator-1
Added Pin To Net: NetName=NetDS3_Designator_1 Pin=R1_Designator-1
Added Net: Name=NetDS3_Designator_1
Added Pin To Net: NetName=NetDS3_Heater Control_1 Pin=DS3_Heater Control-1
Added Pin To Net: NetName=NetDS3_Heater Control_1 Pin=R1_Heater Control-1
Added Net: Name=NetDS3_Heater Control_1
Added Pin To Net: NetName=NetDS4_Designator_1 Pin=DS4_Designator-1
Added Pin To Net: NetName=NetDS4_Designator_1 Pin=R9_Designator-1
Added Net: Name=NetDS4_Designator_1
Added Pin To Net: NetName=NetDS4_Heater Control_1 Pin=DS4_Heater Control-1
Added Pin To Net: NetName=NetDS4_Heater Control_1 Pin=R9_Heater Control-1
Added Net: Name=NetDS4_Heater Control_1
Added Pin To Net: NetName=NetDS5_Designator_1 Pin=DS5_Designator-1
Added Pin To Net: NetName=NetDS5_Designator_1 Pin=R26_Designator-1
Added Net: Name=NetDS5_Designator_1
Added Pin To Net: NetName=NetDS5_Heater Control_1 Pin=DS5_Heater Control-1
Added Pin To Net: NetName=NetDS5_Heater Control_1 Pin=R26_Heater Control-1
Added Net: Name=NetDS5_Heater Control_1
Added Pin To Net: NetName=NetDS6_Designator_1 Pin=DS6_Designator-1
Added Pin To Net: NetName=NetDS6_Designator_1 Pin=R56_Designator-1
Added Net: Name=NetDS6_Designator_1
Added Pin To Net: NetName=NetDS6_Heater Control_1 Pin=DS6_Heater Control-1
Added Pin To Net: NetName=NetDS6_Heater Control_1 Pin=R56_Heater Control-1
Added Net: Name=NetDS6_Heater Control_1
Added Pin To Net: NetName=NetR7_Heater Control_1 Pin=R7_Heater Control-1
Added Net: Name=NetR7_Heater Control_1
Added Pin To Net: NetName=NetR8_Designator_1 Pin=R8_Designator-1
Added Net: Name=NetR8_Designator_1
Added Pin To Net: NetName=NetR57_Heater Control_1 Pin=R57_Heater Control-1
Added Net: Name=NetR57_Heater Control_1
Added Member To Class: ClassName=Designator Member=Component DS4_Designator (DS4) APJA2107EC
Added Member To Class: ClassName=Heater Control Member=Component DS4_Heater Control (DS4) APJA2107EC
Added Member To Class: ClassName=Designator Member=Component DS5_Designator (DS5) APJA2107EC
Added Member To Class: ClassName=Heater Control Member=Component DS5_Heater Control (DS5) APJA2107EC
Added Member To Class: ClassName=Designator Member=Component DS6_Designator (DS6) APJA2107EC
Added Member To Class: ClassName=Heater Control Member=Component DS6_Heater Control (DS6) APJA2107EC
Added Member To Class: ClassName=Designator Member=Component R1_Designator (R1) RES SMD 4.99K OHM 1% 1/8W 0805
Added Member To Class: ClassName=Heater Control Member=Component R1_Heater Control (R1) RES SMD 4.99K OHM 1% 1/8W 0805
Added Member To Class: ClassName=Designator Member=Component R7_Designator (R7) RES SMD 75 OHM 1% 1/8W 0805
Added Member To Class: ClassName=Heater Control Member=Component R7_Heater Control (R7) RES SMD 75 OHM 1% 1/8W 0805
Added Member To Class: ClassName=Designator Member=Component R8_Designator (R8) RES SMD 75 OHM 1% 1/8W 0805
Added Member To Class: ClassName=Heater Control Member=Component R8_Heater Control (R8) RES SMD 75 OHM 1% 1/8W 0805
Added Member To Class: ClassName=Designator Member=Component R9_Designator (R9) RES SMD 4.99K OHM 1% 1/8W 0805
Added Member To Class: ClassName=Heater Control Member=Component R9_Heater Control (R9) RES SMD 4.99K OHM 1% 1/8W 0805
Added Member To Class: ClassName=Designator Member=Component R26_Designator (R26) RES SMD 4.99K OHM 1% 1/8W 0805
Added Member To Class: ClassName=Heater Control Member=Component R26_Heater Control (R26) RES SMD 4.99K OHM 1% 1/8W 0805
Added Member To Class: ClassName=Designator Member=Component R31_Designator (R31) RES SMD 75 OHM 1% 1/8W 0805
Added Member To Class: ClassName=Heater Control Member=Component R31_Heater Control (R31) RES SMD 75 OHM 1% 1/8W 0805
Added Member To Class: ClassName=Designator Member=Component R32_Designator (R32) RES SMD 75 OHM 1% 1/8W 0805
Added Member To Class: ClassName=Heater Control Member=Component R32_Heater Control (R32) RES SMD 75 OHM 1% 1/8W 0805
Added Member To Class: ClassName=Designator Member=Component R56_Designator (R56) RES SMD 4.99K OHM 1% 1/8W 0805
Added Member To Class: ClassName=Heater Control Member=Component R56_Heater Control (R56) RES SMD 4.99K OHM 1% 1/8W 0805
Added Member To Class: ClassName=Designator Member=Component R57_Designator (R57) RES SMD 75 OHM 1% 1/8W 0805
Added Member To Class: ClassName=Heater Control Member=Component R57_Heater Control (R57) RES SMD 75 OHM 1% 1/8W 0805
