Removed Pin From Net: NetName=SPI0_MISO Pin=P12-7
Removed Pin From Net: NetName=Thermistor_CS0 Pin=P12-9
Removed Pin From Net: NetName=Meter Heater FET_Buff Pin=P12-13
Removed Pin From Net: NetName=Conning Tower FET_Buff Pin=P12-14
Removed Pin From Net: NetName=Gearbox Heater FET_Buff Pin=P12-15
Removed Pin From Net: NetName=Arrestment Heater FET_Buff Pin=P12-16
Removed Pin From Net: NetName=MUX_A1 Pin=U5-8-40
Removed Pin From Net: NetName=MUX A2 Pin=U5-8-41
Removed Pin From Net: NetName=MUX A2 Pin=U7-15
Removed Pin From Net: NetName=MUX_A1 Pin=U7-16
Added Pin To Net: NetName=GND Pin=P12-1
Added Pin To Net: NetName=GND Pin=P12-2
Added Pin To Net: NetName=-5 Pin=P12-3
Added Pin To Net: NetName=MUX_A1 Pin=P12-6
Added Pin To Net: NetName=MUX A2 Pin=P12-7
Added Pin To Net: NetName=SPI0_MISO Pin=P12-9
Added Pin To Net: NetName=Thermistor_CS0 Pin=P12-12
Added Pin To Net: NetName=MUX_A1 Pin=U5-8-32
Added Pin To Net: NetName=MUX A2 Pin=U5-8-33
Change Net Name : Old Net Name=Thermistor_MUX_A0 New Net Name=MUX_A0
Added Pin To Net: NetName=Board1 Heater FET Pin=P12-17
Added Net: Name=Board1 Heater FET
Added Pin To Net: NetName=Board2 Heater FET Pin=P12-18
Added Net: Name=Board2 Heater FET
Added Pin To Net: NetName=MUX A3 Pin=P12-11
Added Net: Name=MUX A3
Added Pin To Net: NetName=NetU5_8-7 Pin=U5-8-7
Added Net: Name=NetU5_8-7
Added Pin To Net: NetName=NetU5_8-8 Pin=U5-8-8
Added Net: Name=NetU5_8-8
Added Pin To Net: NetName=NetU5_8-36 Pin=U5-8-36
Added Net: Name=NetU5_8-36
Added Pin To Net: NetName=NetU5_8-37 Pin=U5-8-37
Added Net: Name=NetU5_8-37
Added Pin To Net: NetName=NetU5_8-38 Pin=U5-8-38
Added Net: Name=NetU5_8-38
Added Pin To Net: NetName=SPI0_CS0_MUX_A0 Pin=U5-8-39
Added Net: Name=SPI0_CS0_MUX_A0
Added Pin To Net: NetName=SPI0_CS0_MUX_A1 Pin=U5-8-40
Added Net: Name=SPI0_CS0_MUX_A1
Added Pin To Net: NetName=SPI0_CS0_MUX A2 Pin=U5-8-41
Added Net: Name=SPI0_CS0_MUX A2
