Removed Pin From Net: NetName=MUX_A0 Pin=U1-8-31
Removed Pin From Net: NetName=MUX_A1 Pin=U1-8-32
Removed Pin From Net: NetName=MUX A2 Pin=U1-8-33
Removed Pin From Net: NetName=MUX A3 Pin=U1-8-34
Removed Pin From Net: NetName=NetR26_1 Pin=U11-2
Removed Pin From Net: NetName=-5 Pin=U11-4
Removed Pin From Net: NetName=CH4 Pin=U11-6
Removed Pin From Net: NetName=CH4 Pin=U11-7
Removed Pin From Net: NetName=+5 Pin=U11-8
Change Component Footprint: Designator=U11 Old Footprint=D0008A_L New Footprint=DBV0005A_M
Change Component Comment : Designator=U11 Old Comment=OPA2188AIDR New Comment=OPA188AIDBVR
Change component parameters: Designator = "U11"; Footprint = "DBV0005A_M"; UniqueID = "\EWCUHITW"
Change component parameters. Clean all parameters for all variants
Change component parameters (AddParameter): Name = "Amplifier Type"; Value = "Zero-Drift"; VariantName = "[No Variations]"
Change component parameters (AddParameter): Name = "Category"; Value = "Integrated Circuits (ICs)"; VariantName = "[No Variations]"
Change component parameters (AddParameter): Name = "ComponentLink1Description"; Value = "http://www.ti.com/lit/ds/symlink/opa188.pdf"; VariantName = "[No Variations]"
Change component parameters (AddParameter): Name = "ComponentLink1URL"; Value = "http://www.ti.com/lit/ds/symlink/opa188.pdf"; VariantName = "[No Variations]"
Change component parameters (AddParameter): Name = "Current - Supply"; Value = "450µA"; VariantName = "[No Variations]"
Change component parameters (AddParameter): Name = "Manufacturer"; Value = "Texas Instruments"; VariantName = "[No Variations]"
Change component parameters (AddParameter): Name = "Manufacturer Part Number"; Value = "OPA188AIDBVR"; VariantName = "[No Variations]"
Change component parameters (AddParameter): Name = "Mounting Type"; Value = "Surface Mount"; VariantName = "[No Variations]"
Change component parameters (AddParameter): Name = "Operating Temperature"; Value = "-40°C ~ 125°C"; VariantName = "[No Variations]"
Change component parameters (AddParameter): Name = "Output Type"; Value = "Rail-to-Rail"; VariantName = "[No Variations]"
Change component parameters (AddParameter): Name = "Package / Case"; Value = "SC-74A, SOT-753"; VariantName = "[No Variations]"
Change component parameters (AddParameter): Name = "Packaging"; Value = "Cut Tape (CT)"; VariantName = "[No Variations]"
Change component parameters (AddParameter): Name = "Part Status"; Value = "Active"; VariantName = "[No Variations]"
Change component parameters (AddParameter): Name = "Pricing 1"; Value = "1=2.46, 10=2.211, 100=1.7771, 500=1.46002, 1000=1.20974 (USD)"; VariantName = "[No Variations]"
Change component parameters (AddParameter): Name = "RoHS"; Value = "RoHS Compliant"; VariantName = "[No Variations]"
Change component parameters (AddParameter): Name = "Slew Rate"; Value = "0.8 V/µs"; VariantName = "[No Variations]"
Change component parameters (AddParameter): Name = "Stock 1"; Value = "1779"; VariantName = "[No Variations]"
Change component parameters (AddParameter): Name = "Supplier 1"; Value = "Digi-Key"; VariantName = "[No Variations]"
Change component parameters (AddParameter): Name = "Supplier Device Package"; Value = "SOT-23-5"; VariantName = "[No Variations]"
Change component parameters (AddParameter): Name = "Supplier Part Number 1"; Value = "296-40438-1-ND"; VariantName = "[No Variations]"
Change component parameters (AddParameter): Name = "Voltage - Supply, Single/Dual (±)"; Value = "4 V ~ 36 V, ±2 V ~ 18 V"; VariantName = "[No Variations]"
Added Component: Designator=U13(PW0014A_L)
Add component. Clean all parameters for all variants
Add component (AddParameter): Name = "CMRR(Min)(dB)"; Value = "120"; VariantName = "[No Variations]"
Add component (AddParameter): Name = "Code_JEDEC"; Value = "MO-153"; VariantName = "[No Variations]"
Add component (AddParameter): Name = "ComponentLink1Description"; Value = "Manufacturer URL"; VariantName = "[No Variations]"
Add component (AddParameter): Name = "ComponentLink1URL"; Value = "http://www.ti.com/"; VariantName = "[No Variations]"
Add component (AddParameter): Name = "ComponentLink2Description"; Value = "Datasheet"; VariantName = "[No Variations]"
Add component (AddParameter): Name = "ComponentLink2URL"; Value = "http://www.ti.com/lit/ds/symlink/opa4188.pdf"; VariantName = "[No Variations]"
Add component (AddParameter): Name = "ComponentLink3Description"; Value = "Package Specification"; VariantName = "[No Variations]"
Add component (AddParameter): Name = "ComponentLink3URL"; Value = "http://www.ti.com/litv/pdf/mpds360"; VariantName = "[No Variations]"
Add component (AddParameter): Name = "DatasheetVersion"; Value = "SBOS641B"; VariantName = "[No Variations]"
Add component (AddParameter): Name = "Eco-Plan"; Value = "Green (RoHS & no Sb/Br)"; VariantName = "[No Variations]"
Add component (AddParameter): Name = "GBW(Typ)(MHz)"; Value = "2"; VariantName = "[No Variations]"
Add component (AddParameter): Name = "Iq per channel(Max)(mA)"; Value = "0.475"; VariantName = "[No Variations]"
Add component (AddParameter): Name = "Manufacturer"; Value = "Texas Instruments"; VariantName = "[No Variations]"
Add component (AddParameter): Name = "Mounting Technology"; Value = "Surface Mount"; VariantName = "[No Variations]"
Add component (AddParameter): Name = "Number of Channels"; Value = "4"; VariantName = "[No Variations]"
Add component (AddParameter): Name = "Offset Drift(Typ)(uV/C)"; Value = "0.03"; VariantName = "[No Variations]"
Add component (AddParameter): Name = "PackageDescription"; Value = "14-Pin Plastic Small Outline, Body 5 x 4.4 mm, Pitch 0.65 mm"; VariantName = "[No Variations]"
Add component (AddParameter): Name = "PackageReference"; Value = "PW0014A"; VariantName = "[No Variations]"
Add component (AddParameter): Name = "PackageVersion"; Value = "4040064-3/G, 02/2011"; VariantName = "[No Variations]"
Add component (AddParameter): Name = "Packing"; Value = ""; VariantName = "[No Variations]"
Add component (AddParameter): Name = "PartId"; Value = "1"; VariantName = "[No Variations]"
Add component (AddParameter): Name = "PartNumber"; Value = "OPA4188AIPW"; VariantName = "[No Variations]"
Add component (AddParameter): Name = "Rating"; Value = "Catalog"; VariantName = "[No Variations]"
Add component (AddParameter): Name = "Slew Rate(Typ)(V/us)"; Value = "0.8"; VariantName = "[No Variations]"
Add component (AddParameter): Name = "SubFamily"; Value = "High Supply Voltage Amplifier (>=30V), Low Noise Amp (<=10nV/rtHz), Low Offset Voltage Amplifier (<=500uV), Low Power Amp (<=500uA), Zero Drift Precision Amplifier"; VariantName = "[No Variations]"
Add component (AddParameter): Name = "Total Supply Voltage(Max)(+5V is 5, +/-5V is 10)"; Value = "36"; VariantName = "[No Variations]"
Add component (AddParameter): Name = "Total Supply Voltage(Min)(+5V is 5, +/-5V is 10)"; Value = "4"; VariantName = "[No Variations]"
Added Pin To Net: NetName=CH4 Pin=R26-2
Added Pin To Net: NetName=CH4 Pin=U11-1
Added Pin To Net: NetName=-5 Pin=U11-2
Added Pin To Net: NetName=NetR26_1 Pin=U11-4
Added Pin To Net: NetName=+5 Pin=U11-5
Added Pin To Net: NetName=MUX_A0 Pin=U13-1
Added Pin To Net: NetName=MUX_A0 Pin=U13-2
Added Pin To Net: NetName=+3.3 Pin=U13-4
Added Pin To Net: NetName=MUX_A1 Pin=U13-6
Added Pin To Net: NetName=MUX_A1 Pin=U13-7
Added Pin To Net: NetName=MUX A2 Pin=U13-8
Added Pin To Net: NetName=MUX A2 Pin=U13-9
Added Pin To Net: NetName=GND Pin=U13-11
Added Pin To Net: NetName=MUX A3 Pin=U13-13
Added Pin To Net: NetName=MUX A3 Pin=U13-14
Added Pin To Net: NetName=T_MUX_A0 Pin=U1-8-31
Added Pin To Net: NetName=T_MUX_A0 Pin=U13-3
Added Net: Name=T_MUX_A0
Added Pin To Net: NetName=T_MUX_A1 Pin=U1-8-32
Added Pin To Net: NetName=T_MUX_A1 Pin=U13-5
Added Net: Name=T_MUX_A1
Added Pin To Net: NetName=T_MUX_A2 Pin=U1-8-33
Added Pin To Net: NetName=T_MUX_A2 Pin=U13-10
Added Net: Name=T_MUX_A2
Added Pin To Net: NetName=T_MUX_A3 Pin=U1-8-34
Added Pin To Net: NetName=T_MUX_A3 Pin=U13-12
Added Net: Name=T_MUX_A3
Added Member To Class: ClassName=BBB Headers Member=Component U13 OPA4188AIPW
