Removed Pin From Net: NetName=GND Pin=C10-1
Removed Pin From Net: NetName=+3.3 Pin=R13-1
Removed Pin From Net: NetName=GND Pin=R14-2
Removed Pin From Net: NetName=NetR15_1 Pin=R15-1
Removed Pin From Net: NetName=GND Pin=R15-2
Removed Pin From Net: NetName=GND Pin=R18-2
Removed Pin From Net: NetName=GND Pin=R19-2
Removed Pin From Net: NetName=+3.3 Pin=R26-1
Removed Pin From Net: NetName=GND Pin=R27-2
Removed Pin From Net: NetName=GND Pin=R28-2
Removed Pin From Net: NetName=GND Pin=R31-2
Removed Pin From Net: NetName=GND Pin=R32-2
Removed Pin From Net: NetName=NetR15_1 Pin=U3-2
Removed Pin From Net: NetName=GND Pin=U3-7
Removed Pin From Net: NetName=NetU1_8-36 Pin=U3-8
Removed Pin From Net: NetName=NetU1_8-35 Pin=U3-9
Removed Pin From Net: NetName=GND Pin=U3-18
Removed Pin From Net: NetName=+3.3 Pin=U3-22
Removed Pin From Net: NetName=GND Pin=U3-25
Removed Pin From Net: NetName=GND Pin=U4-7
Removed Pin From Net: NetName=+3.3 Pin=U4-22
Removed Pin From Net: NetName=GND Pin=U5-7
Removed Pin From Net: NetName=NetU1_8-38 Pin=U5-8
Removed Pin From Net: NetName=NetU1_8-37 Pin=U5-9
Removed Pin From Net: NetName=GND Pin=U5-18
Removed Pin From Net: NetName=+3.3 Pin=U5-22
Removed Pin From Net: NetName=GND Pin=U5-25
Removed Member From Class: ClassName=Stepper Motor Driver Member=P5
Removed Member From Class: ClassName=Stepper Motor Driver Member=P6
Removed Member From Class: ClassName=Stepper Motor Driver Member=R21
Removed Member From Class: ClassName=Stepper Motor Driver Member=R22
Removed Member From Class: ClassName=Stepper Motor Driver Member=R23
Removed Member From Class: ClassName=Stepper Motor Driver Member=R24
Removed Member From Class: ClassName=Stepper Motor Driver Member=R25
Removed Member From Class: ClassName=Stepper Motor Driver Member=R26
Removed Member From Class: ClassName=Stepper Motor Driver Member=R27
Removed Member From Class: ClassName=Stepper Motor Driver Member=R28
Removed Member From Class: ClassName=Stepper Motor Driver Member=R29
Removed Member From Class: ClassName=Stepper Motor Driver Member=R30
Removed Member From Class: ClassName=Stepper Motor Driver Member=R31
Removed Member From Class: ClassName=Stepper Motor Driver Member=R32
Removed Member From Class: ClassName=Stepper Motor Driver Member=U4
Removed Member From Class: ClassName=Stepper Motor Driver Member=U5
Change Component Footprint: Designator=C1 Old Footprint=CAPC0402(1005)60_L New Footprint=CAPC0402(1005)60_N
Change Component Footprint: Designator=C2 Old Footprint=CAPC0402(1005)60_L New Footprint=CAPC0402(1005)60_N
Change Component Footprint: Designator=C3 Old Footprint=CAPC0402(1005)60_L New Footprint=CAPC0402(1005)60_N
Change Component Footprint: Designator=C5 Old Footprint=CAPC0402(1005)60_L New Footprint=CAPC0402(1005)60_N
Change Component Footprint: Designator=C6 Old Footprint=CAPC0402(1005)60_L New Footprint=CAPC0402(1005)60_N
Change Component Footprint: Designator=C7 Old Footprint=CAPC0402(1005)60_L New Footprint=CAPC0402(1005)60_N
Change Component Footprint: Designator=C8 Old Footprint=CAPC0402(1005)60_L New Footprint=CAPC0402(1005)60_N
Change Component Footprint: Designator=C9 Old Footprint=CAPC0402(1005)60_L New Footprint=CAPC0402(1005)60_N
Change Component Footprint: Designator=C11 Old Footprint=CAPC0402(1005)60_L New Footprint=CAPC0402(1005)60_N
Change Component Footprint: Designator=C12 Old Footprint=CAPC0402(1005)60_L New Footprint=CAPC0402(1005)60_N
Change Component Comment : Designator=C6 Old Comment=.01uF New Comment=10uF
Change Component Comment : Designator=C9 Old Comment=.01uF New Comment=10uF
Change Component Comment : Designator=C12 Old Comment=.01uF New Comment=10uF
Change Component Comment : Designator=R22 Old Comment=1.5k New Comment=10K
Change Component Comment : Designator=C3 Old Comment=2.2uF New Comment=10uF
Change Component Comment : Designator=R13 Old Comment=47K New Comment=1
Change Component Designator: OldDesignator=C5 NewDesignator=C4
Change Component Designator: OldDesignator=C11 NewDesignator=C10
Change Component Designator: OldDesignator=P5 NewDesignator=P4
Change Component Designator: OldDesignator=R9 NewDesignator=R8
Change Component Designator: OldDesignator=R11 NewDesignator=R9
Change Component Designator: OldDesignator=R12 NewDesignator=R10
Change Component Designator: OldDesignator=R16 NewDesignator=R11
Change Component Designator: OldDesignator=R17 NewDesignator=R12
Change Component Designator: OldDesignator=R20 NewDesignator=R14
Change Component Designator: OldDesignator=R22 NewDesignator=R15
Change Component Designator: OldDesignator=R24 NewDesignator=R16
Change Component Designator: OldDesignator=R25 NewDesignator=R17
Change Component Designator: OldDesignator=R29 NewDesignator=R18
Change Component Designator: OldDesignator=R30 NewDesignator=R19
Change Component Designator: OldDesignator=U4 NewDesignator=U3
Added Component: Designator=C5(CAPC0402(1005)60_N)
Add component. Clean all parameters for all variants
Added Component: Designator=C11(CAPC0402(1005)60_N)
Add component. Clean all parameters for all variants
Added Component: Designator=R20(RESC0402(1005)_M)
Add component. Clean all parameters for all variants
Added Pin To Net: NetName=+5 Pin=C1-1
Added Pin To Net: NetName=+5 Pin=C3-2
Added Pin To Net: NetName=GND Pin=C4-1
Added Pin To Net: NetName=+5 Pin=C4-2
Added Pin To Net: NetName=GND Pin=C5-1
Added Pin To Net: NetName=+5 Pin=C5-2
Added Pin To Net: NetName=GND Pin=C6-1
Added Pin To Net: NetName=GND Pin=C9-1
Added Pin To Net: NetName=+5 Pin=C9-2
Added Pin To Net: NetName=GND Pin=C11-1
Added Pin To Net: NetName=+5 Pin=C11-2
Added Pin To Net: NetName=+5 Pin=R13-1
Added Pin To Net: NetName=NetR15_1 Pin=R15-1
Added Pin To Net: NetName=+5 Pin=R20-1
Added Pin To Net: NetName=+5 Pin=U1-9-5
Added Pin To Net: NetName=+5 Pin=U1-9-6
Added Pin To Net: NetName=+5 Pin=U2-15
Added Pin To Net: NetName=+5 Pin=U2-16
Added Pin To Net: NetName=NetR15_1 Pin=U3-22
Change Net Name : Old Net Name=+5 New Net Name=+5 BBB
Change Net Name : Old Net Name=NetR9_2 New Net Name=NetR8_2
Change Net Name : Old Net Name=NetR11_1 New Net Name=NetR9_1
Change Net Name : Old Net Name=NetR12_1 New Net Name=NetR10_1
Change Net Name : Old Net Name=NetR16_1 New Net Name=NetR11_1
Change Net Name : Old Net Name=NetR17_1 New Net Name=NetR12_1
Change Net Name : Old Net Name=NetR20_2 New Net Name=NetR14_2
Change Net Name : Old Net Name=NetR22_2 New Net Name=NetR15_2
Change Net Name : Old Net Name=NetR24_1 New Net Name=NetR16_1
Change Net Name : Old Net Name=NetR25_1 New Net Name=NetR17_1
Change Net Name : Old Net Name=NetR29_1 New Net Name=NetR18_1
Change Net Name : Old Net Name=NetR30_1 New Net Name=NetR19_1
Change Net Name : Old Net Name=NetU4_19 New Net Name=NetU3_19
Added Pin To Net: NetName=NetC6_2 Pin=C6-2
Added Pin To Net: NetName=NetC6_2 Pin=R13-2
Added Net: Name=NetC6_2
Added Pin To Net: NetName=NetC12_2 Pin=C12-2
Added Pin To Net: NetName=NetC12_2 Pin=R20-2
Added Net: Name=NetC12_2
Added Pin To Net: NetName=NetR8_1 Pin=R8-1
Added Net: Name=NetR8_1
Added Pin To Net: NetName=NetU1_8-9 Pin=U1-8-9
Added Net: Name=NetU1_8-9
Added Pin To Net: NetName=NetU1_8-10 Pin=U1-8-10
Added Net: Name=NetU1_8-10
Added Pin To Net: NetName=NetU1_8-14 Pin=U1-8-14
Added Pin To Net: NetName=NetU1_8-14 Pin=U2-10
Added Net: Name=NetU1_8-14
Added Pin To Net: NetName=NetU1_8-15 Pin=U1-8-15
Added Pin To Net: NetName=NetU1_8-15 Pin=U2-11
Added Net: Name=NetU1_8-15
Added Pin To Net: NetName=NetU1_8-27 Pin=U1-8-27
Added Net: Name=NetU1_8-27
Added Pin To Net: NetName=NetU1_8-30 Pin=U1-8-30
Added Pin To Net: NetName=NetU1_8-30 Pin=U3-7
Added Net: Name=NetU1_8-30
Added Room: Name=BBB_Connections
Added Room: Name=Bluetooth
Added Room: Name=Stepper Motor Driver
