Added Component: Designator=U14(PM0064A_L)
Add component. Clean all parameters for all variants
Add component (AddParameter): Name = "ADC"; Value = "Slope"; VariantName = "[No Variations]"
Add component (AddParameter): Name = "Brown Out Reset"; Value = "Yes"; VariantName = "[No Variations]"
Add component (AddParameter): Name = "Code_JEDEC"; Value = "MS-026"; VariantName = "[No Variations]"
Add component (AddParameter): Name = "Comparators"; Value = "Yes"; VariantName = "[No Variations]"
Add component (AddParameter): Name = "ComponentLink1Description"; Value = "Manufacturer URL"; VariantName = "[No Variations]"
Add component (AddParameter): Name = "ComponentLink1URL"; Value = "http://www.ti.com/"; VariantName = "[No Variations]"
Add component (AddParameter): Name = "ComponentLink2Description"; Value = "Datasheet"; VariantName = "[No Variations]"
Add component (AddParameter): Name = "ComponentLink2URL"; Value = "http://www.ti.com/general/docs/lit/getliterature.tsp?genericPartNumber=MSP430FW427&fileType=pdf"; VariantName = "[No Variations]"
Add component (AddParameter): Name = "ComponentLink3Description"; Value = "Package Specification"; VariantName = "[No Variations]"
Add component (AddParameter): Name = "ComponentLink3URL"; Value = "http://www.ti.com/lit/ml/mtqf008a/mtqf008a.pdf"; VariantName = "[No Variations]"
Add component (AddParameter): Name = "DatasheetVersion"; Value = "SLAS383D"; VariantName = "[No Variations]"
Add component (AddParameter): Name = "Eco-Plan"; Value = "Green (RoHS & no Sb/Br)"; VariantName = "[No Variations]"
Add component (AddParameter): Name = "Flash(KB)"; Value = "32"; VariantName = "[No Variations]"
Add component (AddParameter): Name = "Frequency(MHz)"; Value = "8"; VariantName = "[No Variations]"
Add component (AddParameter): Name = "GPIO"; Value = "48"; VariantName = "[No Variations]"
Add component (AddParameter): Name = "LCD Segments"; Value = "96"; VariantName = "[No Variations]"
Add component (AddParameter): Name = "Manufacturer"; Value = "Texas Instruments"; VariantName = "[No Variations]"
Add component (AddParameter): Name = "Mounting Technology"; Value = "Surface Mount"; VariantName = "[No Variations]"
Add component (AddParameter): Name = "PackageDescription"; Value = "64-Pin Plastic Quad Flat Pack, Body 10 x 10 mm, Pitch 0.5 mm"; VariantName = "[No Variations]"
Add component (AddParameter): Name = "PackageReference"; Value = "PM0064A"; VariantName = "[No Variations]"
Add component (AddParameter): Name = "PackageVersion"; Value = "4040152/C"; VariantName = "[No Variations]"
Add component (AddParameter): Name = "PartNumber"; Value = "MSP430FW427IPM"; VariantName = "[No Variations]"
Add component (AddParameter): Name = "SRAM(B)"; Value = "1024"; VariantName = "[No Variations]"
Add component (AddParameter): Name = "SubFamily"; Value = "4 Series with LCD"; VariantName = "[No Variations]"
Add component (AddParameter): Name = "SVS"; Value = "Yes"; VariantName = "[No Variations]"
Add component (AddParameter): Name = "Timers - 16-bit"; Value = "2"; VariantName = "[No Variations]"
Add component (AddParameter): Name = "Watchdog"; Value = "Yes"; VariantName = "[No Variations]"
Added Member To Class: ClassName=Synch_Demod Member=Component TP1 TP-SM-C-100
Added Member To Class: ClassName=ADC Member=Component U14 MSP430FW427IPM
