Removed Pin From Net: NetName=PLATE_P Pin=P3-1
Removed Pin From Net: NetName=PLATE_N Pin=P3-2
Removed Pin From Net: NetName=GND Pin=R26-2
Removed Pin From Net: NetName=PWM2B Pin=TP4-1
Removed Pin From Net: NetName=GND Pin=TP6-1
Removed Pin From Net: NetName=ZP Pin=TP7-1
Removed Pin From Net: NetName=PLATE_N_F Pin=U3-1
Removed Pin From Net: NetName=PLATE_N_S Pin=U3-4
Removed Pin From Net: NetName=PLATE_P_F Pin=U4-1
Removed Pin From Net: NetName=PLATE_P_S Pin=U4-4
Removed Member From Class: ClassName=Synch_Demod Member=P3
Removed Member From Class: ClassName=Sense_Plates Member=R26
Removed Member From Class: ClassName=Sense_Plates Member=TP2
Removed Member From Class: ClassName=Sense_Plates Member=TP3
Removed Member From Class: ClassName=Sense_Plates Member=TP4
Removed Member From Class: ClassName=ZP_Force_Plates Member=TP5
Removed Member From Class: ClassName=ZP_Force_Plates Member=TP6
Removed Member From Class: ClassName=ZP_Force_Plates Member=TP7
Added Pin To Net: NetName=PLATE_P_F Pin=P2-17
Added Pin To Net: NetName=PLATE_N_S Pin=P2-18
Added Pin To Net: NetName=PLATE_P_S Pin=P2-19
Added Pin To Net: NetName=PLATE_N_F Pin=P2-20
Added Pin To Net: NetName=NetP2_10 Pin=R2-1
Added Pin To Net: NetName=NetP2_12 Pin=R27-2
Added Member To Class: ClassName=Sense_Plates Member=Component P3 Triax_Conn
