Removed Pin From Net: NetName=Conning Tower Htr Out Pin=Q1-2
Removed Pin From Net: NetName=METER_HTR_OUT Pin=Q2-2
Removed Pin From Net: NetName=Arrestment Htr Out Pin=Q3-2
Removed Pin From Net: NetName=Gearbox Htr Out Pin=Q4-2
Removed Pin From Net: NetName=Aux Htr Out Pin=Q5-2
Change Component Footprint: Designator=Q1 Old Footprint=CSD17585F5T New Footprint=ONSC-DPAK-3-369AA-01_V
Change Component Footprint: Designator=Q2 Old Footprint=CSD17585F5T New Footprint=ONSC-DPAK-3-369AA-01_V
Change Component Footprint: Designator=Q3 Old Footprint=CSD17585F5T New Footprint=ONSC-DPAK-3-369AA-01_V
Change Component Footprint: Designator=Q4 Old Footprint=CSD17585F5T New Footprint=ONSC-DPAK-3-369AA-01_V
Change Component Footprint: Designator=Q5 Old Footprint=CSD17585F5T New Footprint=ONSC-DPAK-3-369AA-01_V
Change Component Comment : Designator=Q1 Old Comment=CSD17585F5T New Comment=NTD4804NT4G
Change Component Comment : Designator=Q2 Old Comment=CSD17585F5T New Comment=NTD4804NT4G
Change Component Comment : Designator=Q3 Old Comment=CSD17585F5T New Comment=NTD4804NT4G
Change Component Comment : Designator=Q4 Old Comment=CSD17585F5T New Comment=NTD4804NT4G
Change Component Comment : Designator=Q5 Old Comment=CSD17585F5T New Comment=NTD4804NT4G
Change component parameters: Designator = "Q1"; Footprint = "ONSC-DPAK-3-369AA-01_V"; UniqueID = "\XCVSSTAO"
Change component parameters. Clean all parameters for all variants
Change component parameters (AddParameter): Name = "Channel Polarity"; Value = "N Channel"; VariantName = "[No Variations]"
Change component parameters (AddParameter): Name = "Ciss Typ (pF)"; Value = "4490"; VariantName = "[No Variations]"
Change component parameters (AddParameter): Name = "ComponentLink1Description"; Value = "Manufacturer URL"; VariantName = "[No Variations]"
Change component parameters (AddParameter): Name = "ComponentLink1URL"; Value = "http://www.onsemi.com/"; VariantName = "[No Variations]"
Change component parameters (AddParameter): Name = "ComponentLink2Description"; Value = "Datasheet"; VariantName = "[No Variations]"
Change component parameters (AddParameter): Name = "ComponentLink2URL"; Value = "http://www.onsemi.cn/pub_link/Collateral/NTD4804N-D.PDF"; VariantName = "[No Variations]"
Change component parameters (AddParameter): Name = "ComponentLink3Description"; Value = "Package Specification"; VariantName = "[No Variations]"
Change component parameters (AddParameter): Name = "ComponentLink3URL"; Value = "http://www.onsemi.cn/pub_link/Collateral/369AA.PDF"; VariantName = "[No Variations]"
Change component parameters (AddParameter): Name = "Configuration"; Value = "Single"; VariantName = "[No Variations]"
Change component parameters (AddParameter): Name = "Coss Typ (pF)"; Value = "952"; VariantName = "[No Variations]"
Change component parameters (AddParameter): Name = "Crss Typ (pF)"; Value = "556"; VariantName = "[No Variations]"
Change component parameters (AddParameter): Name = "DatasheetVersion"; Value = "Rev. 8"; VariantName = "[No Variations]"
Change component parameters (AddParameter): Name = "ID Max (A)"; Value = "117"; VariantName = "[No Variations]"
Change component parameters (AddParameter): Name = "Manufacturer"; Value = "On Semiconductor"; VariantName = "[No Variations]"
Change component parameters (AddParameter): Name = "Mounting Technology"; Value = "Surface Mount"; VariantName = "[No Variations]"
Change component parameters (AddParameter): Name = "PackageDescription"; Value = "3-Pin Flange Mount, Body 6.54 x 6.095 mm, Pitch 2.29 mm"; VariantName = "[No Variations]"
Change component parameters (AddParameter): Name = "PackageReference"; Value = "DPAK-3-369AA-01"; VariantName = "[No Variations]"
Change component parameters (AddParameter): Name = "Package Type"; Value = "DPAK-3"; VariantName = "[No Variations]"
Change component parameters (AddParameter): Name = "PackageVersion"; Value = "Rev. B, 06/2010"; VariantName = "[No Variations]"
Change component parameters (AddParameter): Name = "Packing"; Value = "Tape and Reel"; VariantName = "[No Variations]"
Change component parameters (AddParameter): Name = "PartNumber"; Value = "NTD4804NT4G"; VariantName = "[No Variations]"
Change component parameters (AddParameter): Name = "Qrr Typ (nC)"; Value = "30"; VariantName = "[No Variations]"
Change component parameters (AddParameter): Name = "RoHS"; Value = "Pb-Free"; VariantName = "[No Variations]"
Change component parameters (AddParameter): Name = "Supplier 1"; Value = "Digi-Key"; VariantName = "[No Variations]"
Change component parameters (AddParameter): Name = "Supplier Part Number 1"; Value = "NTD4804NT4GOSDKR-ND"; VariantName = "[No Variations]"
Change component parameters (AddParameter): Name = "V(BR)DSS Min (V)"; Value = "30"; VariantName = "[No Variations]"
Change component parameters (AddParameter): Name = "VGS(th) Max (V)"; Value = "2.5"; VariantName = "[No Variations]"
Change component parameters (AddParameter): Name = "VGS Max (V)"; Value = "20"; VariantName = "[No Variations]"
Change component parameters: Designator = "Q2"; Footprint = "ONSC-DPAK-3-369AA-01_V"; UniqueID = "\AGTKNRIG"
Change component parameters. Clean all parameters for all variants
Change component parameters (AddParameter): Name = "Channel Polarity"; Value = "N Channel"; VariantName = "[No Variations]"
Change component parameters (AddParameter): Name = "Ciss Typ (pF)"; Value = "4490"; VariantName = "[No Variations]"
Change component parameters (AddParameter): Name = "ComponentLink1Description"; Value = "Manufacturer URL"; VariantName = "[No Variations]"
Change component parameters (AddParameter): Name = "ComponentLink1URL"; Value = "http://www.onsemi.com/"; VariantName = "[No Variations]"
Change component parameters (AddParameter): Name = "ComponentLink2Description"; Value = "Datasheet"; VariantName = "[No Variations]"
Change component parameters (AddParameter): Name = "ComponentLink2URL"; Value = "http://www.onsemi.cn/pub_link/Collateral/NTD4804N-D.PDF"; VariantName = "[No Variations]"
Change component parameters (AddParameter): Name = "ComponentLink3Description"; Value = "Package Specification"; VariantName = "[No Variations]"
Change component parameters (AddParameter): Name = "ComponentLink3URL"; Value = "http://www.onsemi.cn/pub_link/Collateral/369AA.PDF"; VariantName = "[No Variations]"
Change component parameters (AddParameter): Name = "Configuration"; Value = "Single"; VariantName = "[No Variations]"
Change component parameters (AddParameter): Name = "Coss Typ (pF)"; Value = "952"; VariantName = "[No Variations]"
Change component parameters (AddParameter): Name = "Crss Typ (pF)"; Value = "556"; VariantName = "[No Variations]"
Change component parameters (AddParameter): Name = "DatasheetVersion"; Value = "Rev. 8"; VariantName = "[No Variations]"
Change component parameters (AddParameter): Name = "ID Max (A)"; Value = "117"; VariantName = "[No Variations]"
Change component parameters (AddParameter): Name = "Manufacturer"; Value = "On Semiconductor"; VariantName = "[No Variations]"
Change component parameters (AddParameter): Name = "Mounting Technology"; Value = "Surface Mount"; VariantName = "[No Variations]"
Change component parameters (AddParameter): Name = "PackageDescription"; Value = "3-Pin Flange Mount, Body 6.54 x 6.095 mm, Pitch 2.29 mm"; VariantName = "[No Variations]"
Change component parameters (AddParameter): Name = "PackageReference"; Value = "DPAK-3-369AA-01"; VariantName = "[No Variations]"
Change component parameters (AddParameter): Name = "Package Type"; Value = "DPAK-3"; VariantName = "[No Variations]"
Change component parameters (AddParameter): Name = "PackageVersion"; Value = "Rev. B, 06/2010"; VariantName = "[No Variations]"
Change component parameters (AddParameter): Name = "Packing"; Value = "Tape and Reel"; VariantName = "[No Variations]"
Change component parameters (AddParameter): Name = "PartNumber"; Value = "NTD4804NT4G"; VariantName = "[No Variations]"
Change component parameters (AddParameter): Name = "Qrr Typ (nC)"; Value = "30"; VariantName = "[No Variations]"
Change component parameters (AddParameter): Name = "RoHS"; Value = "Pb-Free"; VariantName = "[No Variations]"
Change component parameters (AddParameter): Name = "Supplier 1"; Value = "Digi-Key"; VariantName = "[No Variations]"
Change component parameters (AddParameter): Name = "Supplier Part Number 1"; Value = "NTD4804NT4GOSDKR-ND"; VariantName = "[No Variations]"
Change component parameters (AddParameter): Name = "V(BR)DSS Min (V)"; Value = "30"; VariantName = "[No Variations]"
Change component parameters (AddParameter): Name = "VGS(th) Max (V)"; Value = "2.5"; VariantName = "[No Variations]"
Change component parameters (AddParameter): Name = "VGS Max (V)"; Value = "20"; VariantName = "[No Variations]"
Change component parameters: Designator = "Q3"; Footprint = "ONSC-DPAK-3-369AA-01_V"; UniqueID = "\BAHRBLMM"
Change component parameters. Clean all parameters for all variants
Change component parameters (AddParameter): Name = "Channel Polarity"; Value = "N Channel"; VariantName = "[No Variations]"
Change component parameters (AddParameter): Name = "Ciss Typ (pF)"; Value = "4490"; VariantName = "[No Variations]"
Change component parameters (AddParameter): Name = "ComponentLink1Description"; Value = "Manufacturer URL"; VariantName = "[No Variations]"
Change component parameters (AddParameter): Name = "ComponentLink1URL"; Value = "http://www.onsemi.com/"; VariantName = "[No Variations]"
Change component parameters (AddParameter): Name = "ComponentLink2Description"; Value = "Datasheet"; VariantName = "[No Variations]"
Change component parameters (AddParameter): Name = "ComponentLink2URL"; Value = "http://www.onsemi.cn/pub_link/Collateral/NTD4804N-D.PDF"; VariantName = "[No Variations]"
Change component parameters (AddParameter): Name = "ComponentLink3Description"; Value = "Package Specification"; VariantName = "[No Variations]"
Change component parameters (AddParameter): Name = "ComponentLink3URL"; Value = "http://www.onsemi.cn/pub_link/Collateral/369AA.PDF"; VariantName = "[No Variations]"
Change component parameters (AddParameter): Name = "Configuration"; Value = "Single"; VariantName = "[No Variations]"
Change component parameters (AddParameter): Name = "Coss Typ (pF)"; Value = "952"; VariantName = "[No Variations]"
Change component parameters (AddParameter): Name = "Crss Typ (pF)"; Value = "556"; VariantName = "[No Variations]"
Change component parameters (AddParameter): Name = "DatasheetVersion"; Value = "Rev. 8"; VariantName = "[No Variations]"
Change component parameters (AddParameter): Name = "ID Max (A)"; Value = "117"; VariantName = "[No Variations]"
Change component parameters (AddParameter): Name = "Manufacturer"; Value = "On Semiconductor"; VariantName = "[No Variations]"
Change component parameters (AddParameter): Name = "Mounting Technology"; Value = "Surface Mount"; VariantName = "[No Variations]"
Change component parameters (AddParameter): Name = "PackageDescription"; Value = "3-Pin Flange Mount, Body 6.54 x 6.095 mm, Pitch 2.29 mm"; VariantName = "[No Variations]"
Change component parameters (AddParameter): Name = "PackageReference"; Value = "DPAK-3-369AA-01"; VariantName = "[No Variations]"
Change component parameters (AddParameter): Name = "Package Type"; Value = "DPAK-3"; VariantName = "[No Variations]"
Change component parameters (AddParameter): Name = "PackageVersion"; Value = "Rev. B, 06/2010"; VariantName = "[No Variations]"
Change component parameters (AddParameter): Name = "Packing"; Value = "Tape and Reel"; VariantName = "[No Variations]"
Change component parameters (AddParameter): Name = "PartNumber"; Value = "NTD4804NT4G"; VariantName = "[No Variations]"
Change component parameters (AddParameter): Name = "Qrr Typ (nC)"; Value = "30"; VariantName = "[No Variations]"
Change component parameters (AddParameter): Name = "RoHS"; Value = "Pb-Free"; VariantName = "[No Variations]"
Change component parameters (AddParameter): Name = "Supplier 1"; Value = "Digi-Key"; VariantName = "[No Variations]"
Change component parameters (AddParameter): Name = "Supplier Part Number 1"; Value = "NTD4804NT4GOSDKR-ND"; VariantName = "[No Variations]"
Change component parameters (AddParameter): Name = "V(BR)DSS Min (V)"; Value = "30"; VariantName = "[No Variations]"
Change component parameters (AddParameter): Name = "VGS(th) Max (V)"; Value = "2.5"; VariantName = "[No Variations]"
Change component parameters (AddParameter): Name = "VGS Max (V)"; Value = "20"; VariantName = "[No Variations]"
Change component parameters: Designator = "Q4"; Footprint = "ONSC-DPAK-3-369AA-01_V"; UniqueID = "\OPGWBFOG"
Change component parameters. Clean all parameters for all variants
Change component parameters (AddParameter): Name = "Channel Polarity"; Value = "N Channel"; VariantName = "[No Variations]"
Change component parameters (AddParameter): Name = "Ciss Typ (pF)"; Value = "4490"; VariantName = "[No Variations]"
Change component parameters (AddParameter): Name = "ComponentLink1Description"; Value = "Manufacturer URL"; VariantName = "[No Variations]"
Change component parameters (AddParameter): Name = "ComponentLink1URL"; Value = "http://www.onsemi.com/"; VariantName = "[No Variations]"
Change component parameters (AddParameter): Name = "ComponentLink2Description"; Value = "Datasheet"; VariantName = "[No Variations]"
Change component parameters (AddParameter): Name = "ComponentLink2URL"; Value = "http://www.onsemi.cn/pub_link/Collateral/NTD4804N-D.PDF"; VariantName = "[No Variations]"
Change component parameters (AddParameter): Name = "ComponentLink3Description"; Value = "Package Specification"; VariantName = "[No Variations]"
Change component parameters (AddParameter): Name = "ComponentLink3URL"; Value = "http://www.onsemi.cn/pub_link/Collateral/369AA.PDF"; VariantName = "[No Variations]"
Change component parameters (AddParameter): Name = "Configuration"; Value = "Single"; VariantName = "[No Variations]"
Change component parameters (AddParameter): Name = "Coss Typ (pF)"; Value = "952"; VariantName = "[No Variations]"
Change component parameters (AddParameter): Name = "Crss Typ (pF)"; Value = "556"; VariantName = "[No Variations]"
Change component parameters (AddParameter): Name = "DatasheetVersion"; Value = "Rev. 8"; VariantName = "[No Variations]"
Change component parameters (AddParameter): Name = "ID Max (A)"; Value = "117"; VariantName = "[No Variations]"
Change component parameters (AddParameter): Name = "Manufacturer"; Value = "On Semiconductor"; VariantName = "[No Variations]"
Change component parameters (AddParameter): Name = "Mounting Technology"; Value = "Surface Mount"; VariantName = "[No Variations]"
Change component parameters (AddParameter): Name = "PackageDescription"; Value = "3-Pin Flange Mount, Body 6.54 x 6.095 mm, Pitch 2.29 mm"; VariantName = "[No Variations]"
Change component parameters (AddParameter): Name = "PackageReference"; Value = "DPAK-3-369AA-01"; VariantName = "[No Variations]"
Change component parameters (AddParameter): Name = "Package Type"; Value = "DPAK-3"; VariantName = "[No Variations]"
Change component parameters (AddParameter): Name = "PackageVersion"; Value = "Rev. B, 06/2010"; VariantName = "[No Variations]"
Change component parameters (AddParameter): Name = "Packing"; Value = "Tape and Reel"; VariantName = "[No Variations]"
Change component parameters (AddParameter): Name = "PartNumber"; Value = "NTD4804NT4G"; VariantName = "[No Variations]"
Change component parameters (AddParameter): Name = "Qrr Typ (nC)"; Value = "30"; VariantName = "[No Variations]"
Change component parameters (AddParameter): Name = "RoHS"; Value = "Pb-Free"; VariantName = "[No Variations]"
Change component parameters (AddParameter): Name = "Supplier 1"; Value = "Digi-Key"; VariantName = "[No Variations]"
Change component parameters (AddParameter): Name = "Supplier Part Number 1"; Value = "NTD4804NT4GOSDKR-ND"; VariantName = "[No Variations]"
Change component parameters (AddParameter): Name = "V(BR)DSS Min (V)"; Value = "30"; VariantName = "[No Variations]"
Change component parameters (AddParameter): Name = "VGS(th) Max (V)"; Value = "2.5"; VariantName = "[No Variations]"
Change component parameters (AddParameter): Name = "VGS Max (V)"; Value = "20"; VariantName = "[No Variations]"
Change component parameters: Designator = "Q5"; Footprint = "ONSC-DPAK-3-369AA-01_V"; UniqueID = "\AFQEGGLV"
Change component parameters. Clean all parameters for all variants
Change component parameters (AddParameter): Name = "Channel Polarity"; Value = "N Channel"; VariantName = "[No Variations]"
Change component parameters (AddParameter): Name = "Ciss Typ (pF)"; Value = "4490"; VariantName = "[No Variations]"
Change component parameters (AddParameter): Name = "ComponentLink1Description"; Value = "Manufacturer URL"; VariantName = "[No Variations]"
Change component parameters (AddParameter): Name = "ComponentLink1URL"; Value = "http://www.onsemi.com/"; VariantName = "[No Variations]"
Change component parameters (AddParameter): Name = "ComponentLink2Description"; Value = "Datasheet"; VariantName = "[No Variations]"
Change component parameters (AddParameter): Name = "ComponentLink2URL"; Value = "http://www.onsemi.cn/pub_link/Collateral/NTD4804N-D.PDF"; VariantName = "[No Variations]"
Change component parameters (AddParameter): Name = "ComponentLink3Description"; Value = "Package Specification"; VariantName = "[No Variations]"
Change component parameters (AddParameter): Name = "ComponentLink3URL"; Value = "http://www.onsemi.cn/pub_link/Collateral/369AA.PDF"; VariantName = "[No Variations]"
Change component parameters (AddParameter): Name = "Configuration"; Value = "Single"; VariantName = "[No Variations]"
Change component parameters (AddParameter): Name = "Coss Typ (pF)"; Value = "952"; VariantName = "[No Variations]"
Change component parameters (AddParameter): Name = "Crss Typ (pF)"; Value = "556"; VariantName = "[No Variations]"
Change component parameters (AddParameter): Name = "DatasheetVersion"; Value = "Rev. 8"; VariantName = "[No Variations]"
Change component parameters (AddParameter): Name = "ID Max (A)"; Value = "117"; VariantName = "[No Variations]"
Change component parameters (AddParameter): Name = "Manufacturer"; Value = "On Semiconductor"; VariantName = "[No Variations]"
Change component parameters (AddParameter): Name = "Mounting Technology"; Value = "Surface Mount"; VariantName = "[No Variations]"
Change component parameters (AddParameter): Name = "PackageDescription"; Value = "3-Pin Flange Mount, Body 6.54 x 6.095 mm, Pitch 2.29 mm"; VariantName = "[No Variations]"
Change component parameters (AddParameter): Name = "PackageReference"; Value = "DPAK-3-369AA-01"; VariantName = "[No Variations]"
Change component parameters (AddParameter): Name = "Package Type"; Value = "DPAK-3"; VariantName = "[No Variations]"
Change component parameters (AddParameter): Name = "PackageVersion"; Value = "Rev. B, 06/2010"; VariantName = "[No Variations]"
Change component parameters (AddParameter): Name = "Packing"; Value = "Tape and Reel"; VariantName = "[No Variations]"
Change component parameters (AddParameter): Name = "PartNumber"; Value = "NTD4804NT4G"; VariantName = "[No Variations]"
Change component parameters (AddParameter): Name = "Qrr Typ (nC)"; Value = "30"; VariantName = "[No Variations]"
Change component parameters (AddParameter): Name = "RoHS"; Value = "Pb-Free"; VariantName = "[No Variations]"
Change component parameters (AddParameter): Name = "Supplier 1"; Value = "Digi-Key"; VariantName = "[No Variations]"
Change component parameters (AddParameter): Name = "Supplier Part Number 1"; Value = "NTD4804NT4GOSDKR-ND"; VariantName = "[No Variations]"
Change component parameters (AddParameter): Name = "V(BR)DSS Min (V)"; Value = "30"; VariantName = "[No Variations]"
Change component parameters (AddParameter): Name = "VGS(th) Max (V)"; Value = "2.5"; VariantName = "[No Variations]"
Change component parameters (AddParameter): Name = "VGS Max (V)"; Value = "20"; VariantName = "[No Variations]"
Added Pin To Net: NetName=Conning Tower Htr Out Pin=Q1-4
Added Pin To Net: NetName=METER_HTR_OUT Pin=Q2-4
Added Pin To Net: NetName=Arrestment Htr Out Pin=Q3-4
Added Pin To Net: NetName=GND Pin=Q4-3
Added Pin To Net: NetName=Gearbox Htr Out Pin=Q4-4
Added Pin To Net: NetName=Aux Htr Out Pin=Q5-4
