Removed Pin From Net: NetName=GND Pin=C3-1
Removed Pin From Net: NetName=+5 Pin=C3-2
Removed Pin From Net: NetName=GND Pin=C4-1
Removed Pin From Net: NetName=+5R Pin=C4-2
Removed Pin From Net: NetName=GND Pin=C5-1
Removed Pin From Net: NetName=GND Pin=C6-2
Removed Pin From Net: NetName=+5 Pin=C7-1
Removed Pin From Net: NetName=GND Pin=C7-2
Removed Pin From Net: NetName=GND Pin=C8-2
Removed Pin From Net: NetName=+5 Pin=C19-1
Removed Pin From Net: NetName=GND Pin=C19-2
Removed Pin From Net: NetName=-5 Pin=C20-1
Removed Pin From Net: NetName=GND Pin=C20-2
Removed Pin From Net: NetName=GND Pin=C21-1
Removed Pin From Net: NetName=-5 Pin=P1-1
Removed Pin From Net: NetName=+5 Pin=P1-2
Removed Pin From Net: NetName=PWM2 Pin=P1-4
Removed Pin From Net: NetName=+12 Pin=P1-5
Removed Pin From Net: NetName=SPI_CS0_POT Pin=P1-6
Removed Pin From Net: NetName=SPI_MISO Pin=P1-7
Removed Pin From Net: NetName=GND Pin=P1-9
Removed Pin From Net: NetName=SPI_SCLK Pin=P1-10
Removed Pin From Net: NetName=ZH Pin=P1-11
Removed Pin From Net: NetName=GND Pin=P1-13
Removed Pin From Net: NetName=GND Pin=P1-14
Removed Pin From Net: NetName=+5 Pin=P2-17
Removed Pin From Net: NetName=GND Pin=P2-19
Removed Pin From Net: NetName=GND Pin=P2-20
Removed Pin From Net: NetName=+12 Pin=P2-21
Removed Pin From Net: NetName=+12 Pin=P2-22
Removed Pin From Net: NetName=GND Pin=P2-23
Removed Pin From Net: NetName=GND Pin=P2-24
Removed Pin From Net: NetName=Bottom_F_Kelvin Pin=P15-1
Removed Pin From Net: NetName=+5 Pin=R22-2
Removed Pin From Net: NetName=Beam_Out Pin=R23-1
Removed Pin From Net: NetName=GND Pin=R26-1
Removed Pin From Net: NetName=ZH Pin=R28-2
Removed Pin From Net: NetName=GND Pin=R31-2
Removed Pin From Net: NetName=+5 Pin=U2-1
Removed Pin From Net: NetName=+5 Pin=U2-2
Removed Pin From Net: NetName=GND Pin=U2-3
Removed Pin From Net: NetName=GND Pin=U2-4
Removed Pin From Net: NetName=GND Pin=U2-5
Removed Pin From Net: NetName=+5R Pin=U2-6
Removed Pin From Net: NetName=+5R Pin=U2-7
Removed Pin From Net: NetName=GND Pin=U2-8
Removed Pin From Net: NetName=+5 Pin=U3-1
Removed Pin From Net: NetName=GND Pin=U3-5
Removed Pin From Net: NetName=+5 Pin=U4-A2
Removed Pin From Net: NetName=GND Pin=U4-A3
Removed Pin From Net: NetName=GND Pin=U4-B1
Removed Pin From Net: NetName=GND Pin=U4-B3
Removed Pin From Net: NetName=GND Pin=U4-C2
Removed Pin From Net: NetName=-5 Pin=U9-2
Removed Pin From Net: NetName=+5 Pin=U9-5
Removed Pin From Net: NetName=ZP Pin=U10-3
Removed Pin From Net: NetName=GND Pin=U10-5
Removed Pin From Net: NetName=SPI_SCLK Pin=U11-2
Removed Pin From Net: NetName=SPI_MISO Pin=U11-3
Removed Pin From Net: NetName=GND Pin=U11-4
Removed Pin From Net: NetName=GND Pin=U11-6
Removed Pin From Net: NetName=+5 Pin=U11-8
Removed Pin From Net: NetName=GND Pin=U12-3
Removed Pin From Net: NetName=GND Pin=U12-14
Removed Pin From Net: NetName=GND Pin=U13-8-1
Removed Pin From Net: NetName=GND Pin=U13-8-2
Removed Pin From Net: NetName=GND Pin=U13-9-1
Removed Pin From Net: NetName=GND Pin=U13-9-2
Removed Pin From Net: NetName=PWM1A Pin=U13-9-14
Removed Pin From Net: NetName=GND Pin=U13-9-43
Removed Pin From Net: NetName=GND Pin=U13-9-44
Removed Pin From Net: NetName=GND Pin=U13-9-45
Removed Pin From Net: NetName=GND Pin=U13-9-46
Added Component: Designator=R1(RESC0402(1005)_M)
Add component. Clean all parameters for all variants
Added Component: Designator=R2(RESC0402(1005)_M)
Add component. Clean all parameters for all variants
Added Component: Designator=R3(RESC0402(1005)_M)
Add component. Clean all parameters for all variants
Added Component: Designator=U1(TSOP65P640X90-20N)
Add component. Clean all parameters for all variants
Add component (AddParameter): Name = "Case/Package"; Value = "TSSOP"; VariantName = "[No Variations]"
Add component (AddParameter): Name = "ComponentLink1Description"; Value = "https://datasheet.ciiva.com/2978/max333a-2978850.pdf"; VariantName = "[No Variations]"
Add component (AddParameter): Name = "ComponentLink1URL"; Value = "https://datasheet.ciiva.com/2978/max333a-2978850.pdf"; VariantName = "[No Variations]"
Add component (AddParameter): Name = "ComponentLink2Description"; Value = "https://datasheet.ciiva.com/30478/0900766b81253c85-30478260.pdf"; VariantName = "[No Variations]"
Add component (AddParameter): Name = "ComponentLink2URL"; Value = "https://datasheet.ciiva.com/30478/0900766b81253c85-30478260.pdf"; VariantName = "[No Variations]"
Add component (AddParameter): Name = "ComponentLink3Description"; Value = "https://datasheet.ciiva.com/1674/max333a-1674617.pdf"; VariantName = "[No Variations]"
Add component (AddParameter): Name = "ComponentLink3URL"; Value = "https://datasheet.ciiva.com/1674/max333a-1674617.pdf"; VariantName = "[No Variations]"
Add component (AddParameter): Name = "ComponentLink4Description"; Value = "https://datasheet.ciiva.com/26825/max333aeup-26825546.pdf"; VariantName = "[No Variations]"
Add component (AddParameter): Name = "ComponentLink4URL"; Value = "https://datasheet.ciiva.com/26825/max333aeup-26825546.pdf"; VariantName = "[No Variations]"
Add component (AddParameter): Name = "Dual Supply Voltage"; Value = "15V"; VariantName = "[No Variations]"
Add component (AddParameter): Name = "Height"; Value = "0.95mm"; VariantName = "[No Variations]"
Add component (AddParameter): Name = "Lead Free"; Value = "Lead Free"; VariantName = "[No Variations]"
Add component (AddParameter): Name = "Length"; Value = "6.6mm"; VariantName = "[No Variations]"
Add component (AddParameter): Name = "Manufacturer"; Value = "Maxim"; VariantName = "[No Variations]"
Add component (AddParameter): Name = "Manufacturer Part Number"; Value = "MAX333AEUP+"; VariantName = "[No Variations]"
Add component (AddParameter): Name = "Max Dual Supply Voltage"; Value = "20V"; VariantName = "[No Variations]"
Add component (AddParameter): Name = "Max Operating Temperature"; Value = "85°C"; VariantName = "[No Variations]"
Add component (AddParameter): Name = "Max Power Dissipation"; Value = "559mW"; VariantName = "[No Variations]"
Add component (AddParameter): Name = "Max Supply Current"; Value = "250uA"; VariantName = "[No Variations]"
Add component (AddParameter): Name = "Max Supply Voltage"; Value = "30V"; VariantName = "[No Variations]"
Add component (AddParameter): Name = "Min Dual Supply Voltage"; Value = "4.5V"; VariantName = "[No Variations]"
Add component (AddParameter): Name = "Min Operating Temperature"; Value = "-40°C"; VariantName = "[No Variations]"
Add component (AddParameter): Name = "Min Supply Voltage"; Value = "10V"; VariantName = "[No Variations]"
Add component (AddParameter): Name = "Number of Bits"; Value = "4"; VariantName = "[No Variations]"
Add component (AddParameter): Name = "Number of Channels"; Value = "4"; VariantName = "[No Variations]"
Add component (AddParameter): Name = "Number of Pins"; Value = "20"; VariantName = "[No Variations]"
Add component (AddParameter): Name = "On-State Resistance"; Value = "35R"; VariantName = "[No Variations]"
Add component (AddParameter): Name = "Operating Supply Current"; Value = "1uA"; VariantName = "[No Variations]"
Add component (AddParameter): Name = "Package Quantity"; Value = "74"; VariantName = "[No Variations]"
Add component (AddParameter): Name = "Packaging"; Value = "Rail/Tube"; VariantName = "[No Variations]"
Add component (AddParameter): Name = "Pricing 1"; Value = "1=6.77, 10=6.43, 50=5.8, 100=5.8, 1000=5.62, 10000=5.62 (USD)"; VariantName = "[No Variations]"
Add component (AddParameter): Name = "Radiation Hardening"; Value = "No"; VariantName = "[No Variations]"
Add component (AddParameter): Name = "REACH SVHC"; Value = "Unknown"; VariantName = "[No Variations]"
Add component (AddParameter): Name = "Stock 1"; Value = "664"; VariantName = "[No Variations]"
Add component (AddParameter): Name = "Supplier 1"; Value = "Mouser"; VariantName = "[No Variations]"
Add component (AddParameter): Name = "Supplier Part Number 1"; Value = "700-MAX333AEUP"; VariantName = "[No Variations]"
Add component (AddParameter): Name = "Supply Type"; Value = "Single,Dual"; VariantName = "[No Variations]"
Add component (AddParameter): Name = "Throw Configuration"; Value = "SPDT"; VariantName = "[No Variations]"
Add component (AddParameter): Name = "Turn-Off Delay Time"; Value = "145ns"; VariantName = "[No Variations]"
Add component (AddParameter): Name = "Turn-On Delay Time"; Value = "175ns"; VariantName = "[No Variations]"
Add component (AddParameter): Name = "Weight"; Value = "0.006737oz"; VariantName = "[No Variations]"
Add component (AddParameter): Name = "Width"; Value = "4.5mm"; VariantName = "[No Variations]"
Added Pin To Net: NetName=Bottom_F_Kelvin Pin=P15-2
Added Pin To Net: NetName=GND Pin=R3-1
Added Pin To Net: NetName=PWM1A Pin=R3-2
Added Pin To Net: NetName=GND Pin=U1-1
Added Pin To Net: NetName=GND Pin=U1-2
Added Pin To Net: NetName=GND Pin=U1-3
Added Pin To Net: NetName=GND Pin=U1-4
Added Pin To Net: NetName=GND Pin=U1-5
Added Pin To Net: NetName=GND Pin=U1-6
Added Pin To Net: NetName=GND Pin=U1-7
Added Pin To Net: NetName=GND Pin=U1-8
Added Pin To Net: NetName=GND Pin=U1-9
Added Pin To Net: NetName=GND Pin=U1-10
Added Pin To Net: NetName=PWM1A Pin=U1-11
Added Pin To Net: NetName=ZH Pin=U1-12
Added Pin To Net: NetName=GND Pin=U1-14
Added Pin To Net: NetName=ZP Pin=U1-16
Added Pin To Net: NetName=ZH Pin=U1-17
Added Pin To Net: NetName=GND Pin=U1-19
Added Pin To Net: NetName=PWM1A Pin=U1-20
Change Net Name : Old Net Name=PWM1A New Net Name=NetR3_2
Added Pin To Net: NetName=NetP15_1 Pin=P15-1
Added Pin To Net: NetName=NetP15_1 Pin=U15-7
Added Net: Name=NetP15_1
Added Pin To Net: NetName=NetR1_2 Pin=R1-2
Added Pin To Net: NetName=NetR1_2 Pin=U1-18
Added Net: Name=NetR1_2
Added Pin To Net: NetName=NetR2_2 Pin=R2-2
Added Pin To Net: NetName=NetR2_2 Pin=U1-13
Added Net: Name=NetR2_2
Added Member To Class: ClassName=Beam_Amp Member=Component R1 100k
Added Member To Class: ClassName=Beam_Amp Member=Component R2 100k
Added Member To Class: ClassName=Beam_Amp Member=Component R3 3.9K
Added Member To Class: ClassName=Beam_Amp Member=Component U1 MAX333CWP+
