Added Component: Designator=U3(DRV8834PWPR)
Add component. Clean all parameters for all variants
Added Pin To Net: NetName=+3.3 Pin=U3-1
Added Pin To Net: NetName=NetR19_1 Pin=U3-2
Added Pin To Net: NetName=NetR18_1 Pin=U3-3
Added Pin To Net: NetName=CROSS_A1 Pin=U3-4
Added Pin To Net: NetName=NetR15_1 Pin=U3-5
Added Pin To Net: NetName=CROSS_A2 Pin=U3-6
Added Pin To Net: NetName=CROSS_B2 Pin=U3-7
Added Pin To Net: NetName=NetR14_1 Pin=U3-8
Added Pin To Net: NetName=CROSS_B1 Pin=U3-9
Added Pin To Net: NetName=GND Pin=U3-10
Added Pin To Net: NetName=NetU1_8-36 Pin=U3-11
Added Pin To Net: NetName=NetU1_8-35 Pin=U3-12
Added Pin To Net: NetName=NetR13_2 Pin=U3-14
Added Pin To Net: NetName=NetR8_2 Pin=U3-15
Added Pin To Net: NetName=NetR10_2 Pin=U3-16
Added Pin To Net: NetName=NetC3_1 Pin=U3-17
Added Pin To Net: NetName=Vmotor Pin=U3-18
Added Pin To Net: NetName=Vmotor Pin=U3-19
Added Pin To Net: NetName=VINT Pin=U3-20
Added Pin To Net: NetName=GND Pin=U3-21
Added Pin To Net: NetName=NetU3_22 Pin=U3-22
Added Pin To Net: NetName=NetU3_22 Pin=U3-23
Added Pin To Net: NetName=NetU3_22 Pin=U3-24
Added Pin To Net: NetName=GND Pin=U3-25
Added Member To Class: ClassName=Stepper Motor Driver Member=Component U3 DRV8834PWPR
