Removed Member From Class: ClassName=Stepper Motor Driver Member=R11
Change Component Designator: OldDesignator=C12 NewDesignator=C1
Change Component Designator: OldDesignator=C13 NewDesignator=C2
Change Component Designator: OldDesignator=C14 NewDesignator=C5
Change Component Designator: OldDesignator=C15 NewDesignator=C7
Change Component Designator: OldDesignator=C16 NewDesignator=C8
Change Component Designator: OldDesignator=C17 NewDesignator=C11
Change Component Designator: OldDesignator=P1 NewDesignator=P3
Change Component Designator: OldDesignator=P2 NewDesignator=P5
Change Component Designator: OldDesignator=P4 NewDesignator=P1
Change Component Designator: OldDesignator=P7 NewDesignator=P2
Change Component Designator: OldDesignator=R1 NewDesignator=R7
Change Component Designator: OldDesignator=R2 NewDesignator=R11
Change Component Designator: OldDesignator=R3 NewDesignator=R12
Change Component Designator: OldDesignator=R4 NewDesignator=R16
Change Component Designator: OldDesignator=R5 NewDesignator=R17
Change Component Designator: OldDesignator=R6 NewDesignator=R20
Change Component Designator: OldDesignator=R7 NewDesignator=R24
Change Component Designator: OldDesignator=R8 NewDesignator=R25
Change Component Designator: OldDesignator=R9 NewDesignator=R29
Change Component Designator: OldDesignator=R10 NewDesignator=R30
Change Component Designator: OldDesignator=R11 NewDesignator=R9
Change Component Designator: OldDesignator=R12 NewDesignator=R22
Change Component Designator: OldDesignator=R22 NewDesignator=R1
Change Component Designator: OldDesignator=R23 NewDesignator=R2
Change Component Designator: OldDesignator=R24 NewDesignator=R3
Change Component Designator: OldDesignator=R25 NewDesignator=R4
Change Component Designator: OldDesignator=R26 NewDesignator=R5
Change Component Designator: OldDesignator=R27 NewDesignator=R6
Change Component Designator: OldDesignator=U6 NewDesignator=U2
Change Component Designator: OldDesignator=U7 NewDesignator=U4
Added Component: Designator=C3(CAPC0805(2012)145_N)
Add component. Clean all parameters for all variants
Added Component: Designator=C4(CAPC0805(2012)145_N)
Add component. Clean all parameters for all variants
Added Component: Designator=C6(CAPC0805(2012)145_N)
Add component. Clean all parameters for all variants
Added Component: Designator=C9(CAPC0805(2012)145_N)
Add component. Clean all parameters for all variants
Added Component: Designator=C10(CAPC0805(2012)145_N)
Add component. Clean all parameters for all variants
Added Component: Designator=C12(CAPC0805(2012)145_N)
Add component. Clean all parameters for all variants
Added Component: Designator=P4(IPL1-104-01-L-S-RA-K)
Add component. Clean all parameters for all variants
Add component (AddParameter): Name = "Supplier 1"; Value = "Digi-Key"; VariantName = "[No Variations]"
Add component (AddParameter): Name = "Supplier Part Number 1"; Value = "SAM9597-ND"; VariantName = "[No Variations]"
Added Component: Designator=P6(IPL1-104-01-L-S-RA-K)
Add component. Clean all parameters for all variants
Add component (AddParameter): Name = "Supplier 1"; Value = "Digi-Key"; VariantName = "[No Variations]"
Add component (AddParameter): Name = "Supplier Part Number 1"; Value = "SAM9597-ND"; VariantName = "[No Variations]"
Added Component: Designator=R8(RESC0402(1005)_M)
Add component. Clean all parameters for all variants
Added Component: Designator=R10(RESC0402(1005)_M)
Add component. Clean all parameters for all variants
Added Component: Designator=R13(RESC0402(1005)_M)
Add component. Clean all parameters for all variants
Added Component: Designator=R14(RESC0402(1005)_M)
Add component. Clean all parameters for all variants
Added Component: Designator=R15(RESC0402(1005)_M)
Add component. Clean all parameters for all variants
Added Component: Designator=R18(RESC0402(1005)_M)
Add component. Clean all parameters for all variants
Added Component: Designator=R19(RESC0402(1005)_M)
Add component. Clean all parameters for all variants
Added Component: Designator=R21(RESC0402(1005)_M)
Add component. Clean all parameters for all variants
Added Component: Designator=R23(RESC0402(1005)_M)
Add component. Clean all parameters for all variants
Added Component: Designator=R26(RESC0402(1005)_M)
Add component. Clean all parameters for all variants
Added Component: Designator=R27(RESC0402(1005)_M)
Add component. Clean all parameters for all variants
Added Component: Designator=R28(RESC0402(1005)_M)
Add component. Clean all parameters for all variants
Added Component: Designator=R31(RESC0402(1005)_M)
Add component. Clean all parameters for all variants
Added Component: Designator=R32(RESC0402(1005)_M)
Add component. Clean all parameters for all variants
Added Component: Designator=U3(RGE0024B_V)
Add component. Clean all parameters for all variants
Add component (AddParameter): Name = "ComponentLink1Description"; Value = "Manufacturer URL"; VariantName = "[No Variations]"
Add component (AddParameter): Name = "ComponentLink1URL"; Value = "http://www.ti.com/"; VariantName = "[No Variations]"
Add component (AddParameter): Name = "ComponentLink2Description"; Value = "Datasheet"; VariantName = "[No Variations]"
Add component (AddParameter): Name = "ComponentLink2URL"; Value = "http://www.ti.com/general/docs/lit/getliterature.tsp?genericPartNumber=DRV8834&fileType=pdf"; VariantName = "[No Variations]"
Add component (AddParameter): Name = "DatasheetVersion"; Value = "SLVSB19D, 03/2015"; VariantName = "[No Variations]"
Add component (AddParameter): Name = "Max Operating Temperature"; Value = "85 degC"; VariantName = "[No Variations]"
Add component (AddParameter): Name = "Min Operating Temperature"; Value = "-40 degC"; VariantName = "[No Variations]"
Add component (AddParameter): Name = "Min Supply Voltage"; Value = "2.5 V"; VariantName = "[No Variations]"
Add component (AddParameter): Name = "Mount"; Value = "Surface Mount"; VariantName = "[No Variations]"
Add component (AddParameter): Name = "Mounting Technology"; Value = "Surface Mount"; VariantName = "[No Variations]"
Add component (AddParameter): Name = "Nominal Supply Current"; Value = "4 mA"; VariantName = "[No Variations]"
Add component (AddParameter): Name = "Output Current"; Value = "1.5 A"; VariantName = "[No Variations]"
Add component (AddParameter): Name = "PackageDescription"; Value = "24-Pin Quad Flat No-lead Package, Body 4 x 4 mm, Pitch 0.5 mm"; VariantName = "[No Variations]"
Add component (AddParameter): Name = "Package Quantity"; Value = "3000"; VariantName = "[No Variations]"
Add component (AddParameter): Name = "PackageReference"; Value = "RGE0024B"; VariantName = "[No Variations]"
Add component (AddParameter): Name = "Packaging"; Value = "Tape and Reel"; VariantName = "[No Variations]"
Add component (AddParameter): Name = "Pins"; Value = "24"; VariantName = "[No Variations]"
Add component (AddParameter): Name = "Radiation Hardening"; Value = "No"; VariantName = "[No Variations]"
Add component (AddParameter): Name = "RoHSCompliant"; Value = "true"; VariantName = "[No Variations]"
Added Component: Designator=U5(RGE0024B_V)
Add component. Clean all parameters for all variants
Add component (AddParameter): Name = "ComponentLink1Description"; Value = "Manufacturer URL"; VariantName = "[No Variations]"
Add component (AddParameter): Name = "ComponentLink1URL"; Value = "http://www.ti.com/"; VariantName = "[No Variations]"
Add component (AddParameter): Name = "ComponentLink2Description"; Value = "Datasheet"; VariantName = "[No Variations]"
Add component (AddParameter): Name = "ComponentLink2URL"; Value = "http://www.ti.com/general/docs/lit/getliterature.tsp?genericPartNumber=DRV8834&fileType=pdf"; VariantName = "[No Variations]"
Add component (AddParameter): Name = "DatasheetVersion"; Value = "SLVSB19D, 03/2015"; VariantName = "[No Variations]"
Add component (AddParameter): Name = "Max Operating Temperature"; Value = "85 degC"; VariantName = "[No Variations]"
Add component (AddParameter): Name = "Min Operating Temperature"; Value = "-40 degC"; VariantName = "[No Variations]"
Add component (AddParameter): Name = "Min Supply Voltage"; Value = "2.5 V"; VariantName = "[No Variations]"
Add component (AddParameter): Name = "Mount"; Value = "Surface Mount"; VariantName = "[No Variations]"
Add component (AddParameter): Name = "Mounting Technology"; Value = "Surface Mount"; VariantName = "[No Variations]"
Add component (AddParameter): Name = "Nominal Supply Current"; Value = "4 mA"; VariantName = "[No Variations]"
Add component (AddParameter): Name = "Output Current"; Value = "1.5 A"; VariantName = "[No Variations]"
Add component (AddParameter): Name = "PackageDescription"; Value = "24-Pin Quad Flat No-lead Package, Body 4 x 4 mm, Pitch 0.5 mm"; VariantName = "[No Variations]"
Add component (AddParameter): Name = "Package Quantity"; Value = "3000"; VariantName = "[No Variations]"
Add component (AddParameter): Name = "PackageReference"; Value = "RGE0024B"; VariantName = "[No Variations]"
Add component (AddParameter): Name = "Packaging"; Value = "Tape and Reel"; VariantName = "[No Variations]"
Add component (AddParameter): Name = "Pins"; Value = "24"; VariantName = "[No Variations]"
Add component (AddParameter): Name = "Radiation Hardening"; Value = "No"; VariantName = "[No Variations]"
Add component (AddParameter): Name = "RoHSCompliant"; Value = "true"; VariantName = "[No Variations]"
Added Pin To Net: NetName=Vmotor Pin=C3-2
Added Pin To Net: NetName=VINT Pin=C4-1
Added Pin To Net: NetName=GND Pin=C4-2
Added Pin To Net: NetName=Vmotor Pin=C6-1
Added Pin To Net: NetName=Vmotor Pin=C9-2
Added Pin To Net: NetName=VINT Pin=C10-1
Added Pin To Net: NetName=GND Pin=C10-2
Added Pin To Net: NetName=Vmotor Pin=C12-1
Added Pin To Net: NetName=GND Pin=C12-2
Added Pin To Net: NetName=VINT Pin=R8-1
Added Pin To Net: NetName=+3.3 Pin=R13-1
Added Pin To Net: NetName=GND Pin=R14-2
Added Pin To Net: NetName=GND Pin=R15-2
Added Pin To Net: NetName=GND Pin=R18-2
Added Pin To Net: NetName=GND Pin=R19-2
Added Pin To Net: NetName=VINT Pin=R21-1
Added Pin To Net: NetName=+3.3 Pin=R26-1
Added Pin To Net: NetName=GND Pin=R27-2
Added Pin To Net: NetName=GND Pin=R28-2
Added Pin To Net: NetName=GND Pin=R31-2
Added Pin To Net: NetName=GND Pin=R32-2
Added Pin To Net: NetName=GND Pin=U3-7
Added Pin To Net: NetName=NetU1_8-36 Pin=U3-8
Added Pin To Net: NetName=NetU1_8-35 Pin=U3-9
Added Pin To Net: NetName=Vmotor Pin=U3-15
Added Pin To Net: NetName=Vmotor Pin=U3-16
Added Pin To Net: NetName=VINT Pin=U3-17
Added Pin To Net: NetName=GND Pin=U3-18
Added Pin To Net: NetName=+3.3 Pin=U3-22
Added Pin To Net: NetName=GND Pin=U3-25
Added Pin To Net: NetName=GND Pin=U5-7
Added Pin To Net: NetName=NetU1_8-38 Pin=U5-8
Added Pin To Net: NetName=NetU1_8-37 Pin=U5-9
Added Pin To Net: NetName=Vmotor Pin=U5-15
Added Pin To Net: NetName=Vmotor Pin=U5-16
Added Pin To Net: NetName=VINT Pin=U5-17
Added Pin To Net: NetName=GND Pin=U5-18
Added Pin To Net: NetName=+3.3 Pin=U5-22
Added Pin To Net: NetName=GND Pin=U5-25
Change Net Name : Old Net Name=NetC12_1 New Net Name=NetC1_1
Change Net Name : Old Net Name=NetC15_1 New Net Name=NetC7_1
Change Net Name : Old Net Name=NetR1_2 New Net Name=NetR7_2
Change Net Name : Old Net Name=NetR2_1 New Net Name=NetR11_1
Change Net Name : Old Net Name=NetR3_1 New Net Name=NetR12_1
Change Net Name : Old Net Name=NetR4_1 New Net Name=NetR16_1
Change Net Name : Old Net Name=NetR5_1 New Net Name=NetR17_1
Change Net Name : Old Net Name=NetR6_2 New Net Name=NetR20_2
Change Net Name : Old Net Name=NetR7_1 New Net Name=NetR24_1
Change Net Name : Old Net Name=NetR8_1 New Net Name=NetR25_1
Change Net Name : Old Net Name=NetR9_1 New Net Name=NetR29_1
Change Net Name : Old Net Name=NetR10_1 New Net Name=NetR30_1
Change Net Name : Old Net Name=NetR11_1 New Net Name=NetR9_1
Change Net Name : Old Net Name=NetR11_2 New Net Name=NetR9_2
Change Net Name : Old Net Name=NetR12_1 New Net Name=NetR22_1
Change Net Name : Old Net Name=NetR12_2 New Net Name=NetR22_2
Change Net Name : Old Net Name=NetU6_10 New Net Name=NetU2_10
Change Net Name : Old Net Name=NetU6_11 New Net Name=NetU2_11
Change Net Name : Old Net Name=NetU6_19 New Net Name=NetU2_19
Change Net Name : Old Net Name=NetU7_19 New Net Name=NetU4_19
Added Pin To Net: NetName=CROSS_A1 Pin=P4-1
Added Pin To Net: NetName=CROSS_A1 Pin=U3-1
Added Net: Name=CROSS_A1
Added Pin To Net: NetName=CROSS_A2 Pin=P4-2
Added Pin To Net: NetName=CROSS_A2 Pin=U3-3
Added Net: Name=CROSS_A2
Added Pin To Net: NetName=CROSS_B1 Pin=P4-3
Added Pin To Net: NetName=CROSS_B1 Pin=U3-6
Added Net: Name=CROSS_B1
Added Pin To Net: NetName=CROSS_B2 Pin=P4-4
Added Pin To Net: NetName=CROSS_B2 Pin=U3-4
Added Net: Name=CROSS_B2
Added Pin To Net: NetName=LONG_A1 Pin=P6-1
Added Pin To Net: NetName=LONG_A1 Pin=U5-1
Added Net: Name=LONG_A1
Added Pin To Net: NetName=LONG_A2 Pin=P6-2
Added Pin To Net: NetName=LONG_A2 Pin=U5-3
Added Net: Name=LONG_A2
Added Pin To Net: NetName=LONG_B0 Pin=P6-3
Added Pin To Net: NetName=LONG_B0 Pin=U5-6
Added Net: Name=LONG_B0
Added Pin To Net: NetName=lONG_B2 Pin=P6-4
Added Pin To Net: NetName=lONG_B2 Pin=U5-4
Added Net: Name=lONG_B2
Added Pin To Net: NetName=NetC3_1 Pin=C3-1
Added Pin To Net: NetName=NetC3_1 Pin=U3-14
Added Net: Name=NetC3_1
Added Pin To Net: NetName=NetC9_1 Pin=C9-1
Added Pin To Net: NetName=NetC9_1 Pin=U5-14
Added Net: Name=NetC9_1
Added Pin To Net: NetName=NetR8_2 Pin=R8-2
Added Pin To Net: NetName=NetR8_2 Pin=U3-12
Added Net: Name=NetR8_2
Added Pin To Net: NetName=NetR10_1 Pin=R10-1
Added Pin To Net: NetName=NetR10_1 Pin=U1-8-10
Added Net: Name=NetR10_1
Added Pin To Net: NetName=NetR10_2 Pin=R10-2
Added Pin To Net: NetName=NetR10_2 Pin=U3-13
Added Net: Name=NetR10_2
Added Pin To Net: NetName=NetR13_2 Pin=R13-2
Added Pin To Net: NetName=NetR13_2 Pin=U3-11
Added Net: Name=NetR13_2
Added Pin To Net: NetName=NetR14_1 Pin=R14-1
Added Pin To Net: NetName=NetR14_1 Pin=U3-5
Added Net: Name=NetR14_1
Added Pin To Net: NetName=NetR15_1 Pin=R15-1
Added Pin To Net: NetName=NetR15_1 Pin=U3-2
Added Net: Name=NetR15_1
Added Pin To Net: NetName=NetR18_1 Pin=R18-1
Added Pin To Net: NetName=NetR18_1 Pin=U3-24
Added Net: Name=NetR18_1
Added Pin To Net: NetName=NetR19_1 Pin=R19-1
Added Pin To Net: NetName=NetR19_1 Pin=U3-23
Added Net: Name=NetR19_1
Added Pin To Net: NetName=NetR21_2 Pin=R21-2
Added Pin To Net: NetName=NetR21_2 Pin=U5-12
Added Net: Name=NetR21_2
Added Pin To Net: NetName=NetR23_1 Pin=R23-1
Added Pin To Net: NetName=NetR23_1 Pin=U1-8-27
Added Net: Name=NetR23_1
Added Pin To Net: NetName=NetR23_2 Pin=R23-2
Added Pin To Net: NetName=NetR23_2 Pin=U5-13
Added Net: Name=NetR23_2
Added Pin To Net: NetName=NetR26_2 Pin=R26-2
Added Pin To Net: NetName=NetR26_2 Pin=U5-11
Added Net: Name=NetR26_2
Added Pin To Net: NetName=NetR27_1 Pin=R27-1
Added Pin To Net: NetName=NetR27_1 Pin=U5-5
Added Net: Name=NetR27_1
Added Pin To Net: NetName=NetR28_1 Pin=R28-1
Added Pin To Net: NetName=NetR28_1 Pin=U5-2
Added Net: Name=NetR28_1
Added Pin To Net: NetName=NetR31_1 Pin=R31-1
Added Pin To Net: NetName=NetR31_1 Pin=U5-24
Added Net: Name=NetR31_1
Added Pin To Net: NetName=NetR32_1 Pin=R32-1
Added Pin To Net: NetName=NetR32_1 Pin=U5-23
Added Net: Name=NetR32_1
Added Pin To Net: NetName=NetU3_19 Pin=U3-19
Added Pin To Net: NetName=NetU3_19 Pin=U3-20
Added Pin To Net: NetName=NetU3_19 Pin=U3-21
Added Net: Name=NetU3_19
Added Pin To Net: NetName=NetU5_19 Pin=U5-19
Added Pin To Net: NetName=NetU5_19 Pin=U5-20
Added Pin To Net: NetName=NetU5_19 Pin=U5-21
Added Net: Name=NetU5_19
Added Member To Class: ClassName=Stepper Motor Driver Member=Component C3 0.01uF
Added Member To Class: ClassName=Stepper Motor Driver Member=Component C4 2.2uF
Added Member To Class: ClassName=Stepper Motor Driver Member=Component C6 0.01uF
Added Member To Class: ClassName=Stepper Motor Driver Member=Component C9 0.01uF
Added Member To Class: ClassName=Stepper Motor Driver Member=Component C10 2.2uF
Added Member To Class: ClassName=Stepper Motor Driver Member=Component C12 0.01uF
Added Member To Class: ClassName=Stepper Motor Driver Member=Component P4 IPL1-104-01-L-S-RA-K
Added Member To Class: ClassName=Stepper Motor Driver Member=Component P6 IPL1-104-01-L-S-RA-K
Added Member To Class: ClassName=Stepper Motor Driver Member=Component R13 47K
Added Member To Class: ClassName=Stepper Motor Driver Member=Component R14 0.1R
Added Member To Class: ClassName=Stepper Motor Driver Member=Component R15 0.1R
Added Member To Class: ClassName=Stepper Motor Driver Member=Component R18 47K
Added Member To Class: ClassName=Stepper Motor Driver Member=Component R19 47K
Added Member To Class: ClassName=Stepper Motor Driver Member=Component R21 47K
Added Member To Class: ClassName=Stepper Motor Driver Member=Component R23 1.5k
Added Member To Class: ClassName=Stepper Motor Driver Member=Component R25 0.1R
Added Member To Class: ClassName=Stepper Motor Driver Member=Component R26 47K
Added Member To Class: ClassName=Stepper Motor Driver Member=Component R27 0.1R
Added Member To Class: ClassName=Stepper Motor Driver Member=Component R28 0.1R
Added Member To Class: ClassName=Stepper Motor Driver Member=Component R29 47K
Added Member To Class: ClassName=Stepper Motor Driver Member=Component R30 47K
Added Member To Class: ClassName=Stepper Motor Driver Member=Component R31 47K
Added Member To Class: ClassName=Stepper Motor Driver Member=Component R32 47K
Added Member To Class: ClassName=Stepper Motor Driver Member=Component U3 DRV8834RGER
Added Member To Class: ClassName=Stepper Motor Driver Member=Component U5 DRV8834RGER
