Removed Pin From Net: NetName=CROSS_A1 Pin=U3-1
Removed Pin From Net: NetName=NetR15_1 Pin=U3-2
Removed Pin From Net: NetName=CROSS_A2 Pin=U3-3
Removed Pin From Net: NetName=CROSS_B2 Pin=U3-4
Removed Pin From Net: NetName=NetR14_1 Pin=U3-5
Removed Pin From Net: NetName=CROSS_B1 Pin=U3-6
Removed Pin From Net: NetName=GND Pin=U3-7
Removed Pin From Net: NetName=NetU1_8-36 Pin=U3-8
Removed Pin From Net: NetName=NetU1_8-35 Pin=U3-9
Removed Pin From Net: NetName=NetR13_2 Pin=U3-11
Removed Pin From Net: NetName=NetR8_2 Pin=U3-12
Removed Pin From Net: NetName=NetR10_2 Pin=U3-13
Removed Pin From Net: NetName=NetC3_1 Pin=U3-14
Removed Pin From Net: NetName=Vmotor Pin=U3-15
Removed Pin From Net: NetName=Vmotor Pin=U3-16
Removed Pin From Net: NetName=VINT Pin=U3-17
Removed Pin From Net: NetName=GND Pin=U3-18
Removed Pin From Net: NetName=+3.3 Pin=U3-22
Removed Pin From Net: NetName=NetR19_1 Pin=U3-23
Removed Pin From Net: NetName=NetR18_1 Pin=U3-24
Removed Member From Class: ClassName=Stepper Motor Driver Member=P1
Removed Member From Class: ClassName=BBB_Connections Member=P4
Removed Member From Class: ClassName=Stepper Motor Driver Member=R2
Removed Member From Class: ClassName=Stepper Motor Driver Member=R3
Removed Member From Class: ClassName=Stepper Motor Driver Member=R4
Removed Member From Class: ClassName=Stepper Motor Driver Member=R5
Removed Member From Class: ClassName=Stepper Motor Driver Member=R6
Removed Member From Class: ClassName=Bluetooth Member=R16
Removed Member From Class: ClassName=Bluetooth Member=R17
Removed Member From Class: ClassName=Bluetooth Member=R20
Change Component Comment : Designator=U3 Old Comment=DRV8834RGER New Comment=DRV8834PWPR
Change component parameters: Designator = "U3"; UniqueID = "\EIWFWGRD"
Change component parameters. Clean all parameters for all variants
Added Pin To Net: NetName=+3.3 Pin=U3-1
Added Pin To Net: NetName=NetR19_1 Pin=U3-2
Added Pin To Net: NetName=NetR18_1 Pin=U3-3
Added Pin To Net: NetName=CROSS_A1 Pin=U3-4
Added Pin To Net: NetName=NetR15_1 Pin=U3-5
Added Pin To Net: NetName=CROSS_A2 Pin=U3-6
Added Pin To Net: NetName=CROSS_B2 Pin=U3-7
Added Pin To Net: NetName=NetR14_1 Pin=U3-8
Added Pin To Net: NetName=CROSS_B1 Pin=U3-9
Added Pin To Net: NetName=GND Pin=U3-10
Added Pin To Net: NetName=NetU1_8-36 Pin=U3-11
Added Pin To Net: NetName=NetU1_8-35 Pin=U3-12
Added Pin To Net: NetName=NetR13_2 Pin=U3-14
Added Pin To Net: NetName=NetR8_2 Pin=U3-15
Added Pin To Net: NetName=NetR10_2 Pin=U3-16
Added Pin To Net: NetName=NetC3_1 Pin=U3-17
Added Pin To Net: NetName=Vmotor Pin=U3-18
Added Pin To Net: NetName=Vmotor Pin=U3-19
Added Pin To Net: NetName=VINT Pin=U3-20
Added Pin To Net: NetName=GND Pin=U3-21
Added Pin To Net: NetName=NetU3_22 Pin=U3-22
Added Pin To Net: NetName=NetU3_22 Pin=U3-23
Added Pin To Net: NetName=NetU3_22 Pin=U3-24
Added Net: Name=NetU3_22
Added Member To Class: ClassName=Stepper Motor Driver Member=Component P4 IPL1-104-01-L-S-RA-K
Added Member To Class: ClassName=Bluetooth Member=Component R4 10K
Added Member To Class: ClassName=Bluetooth Member=Component R5 100
Added Member To Class: ClassName=Bluetooth Member=Component R6 100
Added Member To Class: ClassName=Stepper Motor Driver Member=Component R8 47K
Added Member To Class: ClassName=Stepper Motor Driver Member=Component R10 1.5k
Added Member To Class: ClassName=Stepper Motor Driver Member=Component R11 0.1R
Added Member To Class: ClassName=Stepper Motor Driver Member=Component R23 1.5k
Added Member To Class: ClassName=Stepper Motor Driver Member=Component R24 0.1R
Added Member To Class: ClassName=Stepper Motor Driver Member=Component R26 47K
Added Member To Class: ClassName=Stepper Motor Driver Member=Component R27 0.1R
Added Room: Name=Stepper Motor Driver
