Change Component Designator: Old Designator=C12 New Designator=C1
Change Component Designator: Old Designator=C13 New Designator=C2
Change Component Designator: Old Designator=C14 New Designator=C5
Change Component Designator: Old Designator=C15 New Designator=C7
Change Component Designator: Old Designator=C16 New Designator=C8
Change Component Designator: Old Designator=C17 New Designator=C11
Change Component Designator: Old Designator=C? New Designator=C3
Change Component Designator: Old Designator=C? New Designator=C4
Change Component Designator: Old Designator=C? New Designator=C6
Change Component Designator: Old Designator=C? New Designator=C9
Change Component Designator: Old Designator=C? New Designator=C10
Change Component Designator: Old Designator=C? New Designator=C12
Change Component Designator: Old Designator=P1 New Designator=P3
Change Component Designator: Old Designator=P2 New Designator=P5
Change Component Designator: Old Designator=P? New Designator=P4
Change Component Designator: Old Designator=P? New Designator=P6
Change Component Designator: Old Designator=R1 New Designator=R7
Change Component Designator: Old Designator=R2 New Designator=R11
Change Component Designator: Old Designator=R3 New Designator=R12
Change Component Designator: Old Designator=R4 New Designator=R16
Change Component Designator: Old Designator=R5 New Designator=R17
Change Component Designator: Old Designator=R6 New Designator=R20
Change Component Designator: Old Designator=R7 New Designator=R24
Change Component Designator: Old Designator=R8 New Designator=R25
Change Component Designator: Old Designator=R9 New Designator=R29
Change Component Designator: Old Designator=R10 New Designator=R30
Change Component Designator: Old Designator=R11 New Designator=R9
Change Component Designator: Old Designator=R12 New Designator=R22
Change Component Designator: Old Designator=R? New Designator=R8
Change Component Designator: Old Designator=R? New Designator=R10
Change Component Designator: Old Designator=R? New Designator=R13
Change Component Designator: Old Designator=R? New Designator=R14
Change Component Designator: Old Designator=R? New Designator=R15
Change Component Designator: Old Designator=R? New Designator=R18
Change Component Designator: Old Designator=R? New Designator=R19
Change Component Designator: Old Designator=R? New Designator=R21
Change Component Designator: Old Designator=R? New Designator=R23
Change Component Designator: Old Designator=R? New Designator=R26
Change Component Designator: Old Designator=R? New Designator=R27
Change Component Designator: Old Designator=R? New Designator=R28
Change Component Designator: Old Designator=R? New Designator=R31
Change Component Designator: Old Designator=R? New Designator=R32
Change Component Designator: Old Designator=U6 New Designator=U2
Change Component Designator: Old Designator=U7 New Designator=U4
Change Component Designator: Old Designator=U? New Designator=U3
Change Component Designator: Old Designator=U? New Designator=U5
