Removed Pin From Net: NetName=ZH Pin=R28-1
Change Component Footprint: Designator=U10 Old Footprint=TO-92(bulk) New Footprint=DBZ0003A_L
Change Component Comment : Designator=U10 Old Comment=TL1431ACZT New Comment=LM431CIM3/NOPB
Change component parameters: Designator = "U10"; Footprint = "DBZ0003A_L"; UniqueID = "\ROQOUDND"
Change component parameters. Clean all parameters for all variants
Change component parameters (AddParameter): Name = "Code_IPC"; Value = ""; VariantName = "[No Variations]"
Change component parameters (AddParameter): Name = "Code_JEDEC"; Value = ""; VariantName = "[No Variations]"
Change component parameters (AddParameter): Name = "Code_JEITA"; Value = ""; VariantName = "[No Variations]"
Change component parameters (AddParameter): Name = "ComponentLink1Description"; Value = "Datasheet URL"; VariantName = "[No Variations]"
Change component parameters (AddParameter): Name = "ComponentLink1URL"; Value = "http://www.ti.com/general/docs/lit/getliterature.tsp?genericPartNumber=LM431&fileType=pdf"; VariantName = "[No Variations]"
Change component parameters (AddParameter): Name = "CompType"; Value = "MiscPower"; VariantName = "[No Variations]"
Change component parameters (AddParameter): Name = "High-Reliability"; Value = ""; VariantName = "[No Variations]"
Change component parameters (AddParameter): Name = "Manufacturer"; Value = "Texas Instruments"; VariantName = "[No Variations]"
Change component parameters (AddParameter): Name = "PackageDescription"; Value = "Molded SOT-23, .115 x .051 x .037in Body, 3 Lead, .075 in Pitch"; VariantName = "[No Variations]"
Change component parameters (AddParameter): Name = "PackageReference"; Value = "DBZ0003A"; VariantName = "[No Variations]"
Change component parameters (AddParameter): Name = "PackageTopMarking"; Value = "N1A*XTT"; VariantName = "[No Variations]"
Change component parameters (AddParameter): Name = "PartNumber"; Value = ""; VariantName = "[No Variations]"
Change component parameters (AddParameter): Name = "PinCount"; Value = "3"; VariantName = "[No Variations]"
Change component parameters (AddParameter): Name = "PowerWise"; Value = "N"; VariantName = "[No Variations]"
Change component parameters (AddParameter): Name = "RoHS"; Value = "Y"; VariantName = "[No Variations]"
Added Component: Designator=R30(RESC0402(1005)_M)
Add component. Clean all parameters for all variants
Added Pin To Net: NetName=ZP Pin=R28-1
Added Pin To Net: NetName=ZH Pin=R30-1
Added Pin To Net: NetName=ZP Pin=R30-2
Added Pin To Net: NetName=GND Pin=U10-3
Added Member To Class: ClassName=LM-CT-001 Member=Component R28 100
Added Member To Class: ClassName=LM-CT-001 Member=Component R29 100
Added Member To Class: ClassName=LM-CT-001 Member=Component R30 1
Added Member To Class: ClassName=LM-CT-001 Member=Component U10 LM431CIM3/NOPB
