Removed Pin From Net: NetName=NetC1_1 Pin=U1-1
Removed Pin From Net: NetName=GND Pin=U1-2
Removed Pin From Net: NetName=+5 Pin=U1-3
Removed Pin From Net: NetName=+5 Pin=U1-4
Removed Pin From Net: NetName=ADC REF Pin=U1-5
Removed Pin From Net: NetName=ADC REF Pin=U1-6
Change Component Footprint: Designator=U4 Old Footprint=D0008A_L New Footprint=DCN0008A_L
Change Component Footprint: Designator=U1 Old Footprint=SOT95P280X445-6N New Footprint=ADI-UJ-5_L
Change Component Comment : Designator=U1 Old Comment=MAX6070AAUT41+T New Comment=ADR392BUJZ-REEL7
Change Component Comment : Designator=U4 Old Comment=OPA2188AIDR New Comment=OPA2378AIDCNT
Change component parameters: Designator = "U1"; Footprint = "ADI-UJ-5_L"; UniqueID = "\AINLVOAE"
Change component parameters. Clean all parameters for all variants
Change component parameters (AddParameter): Name = "Automotive Qualified"; Value = "Yes"; VariantName = "[No Variations]"
Change component parameters (AddParameter): Name = "Code_JEDEC"; Value = "MO-193-AB"; VariantName = "[No Variations]"
Change component parameters (AddParameter): Name = "ComponentLink1Description"; Value = "Manufacturer URL"; VariantName = "[No Variations]"
Change component parameters (AddParameter): Name = "ComponentLink1URL"; Value = "http://www.analog.com/en/index.html"; VariantName = "[No Variations]"
Change component parameters (AddParameter): Name = "ComponentLink2Description"; Value = "Datasheet"; VariantName = "[No Variations]"
Change component parameters (AddParameter): Name = "ComponentLink2URL"; Value = "http://www.analog.com/static/imported-files/data_sheets/ADR391_392_395.pdf"; VariantName = "[No Variations]"
Change component parameters (AddParameter): Name = "ComponentLink3Description"; Value = "Package Specification"; VariantName = "[No Variations]"
Change component parameters (AddParameter): Name = "ComponentLink3URL"; Value = "http:/www.analog.com/static/imported-files/packages/PKG_PDF/TSOT(UJ)/UJ_5.pdf"; VariantName = "[No Variations]"
Change component parameters (AddParameter): Name = "ComponentLink4Description"; Value = "URL Link1"; VariantName = "[No Variations]"
Change component parameters (AddParameter): Name = "ComponentLink4URL"; Value = "Product URL:http://www.analog.com/en/special-linear-functions/voltage-references/adr392/products/product.html"; VariantName = "[No Variations]"
Change component parameters (AddParameter): Name = "DatasheetVersion"; Value = "Rev. H"; VariantName = "[No Variations]"
Change component parameters (AddParameter): Name = "Manufacturer"; Value = "Analog Devices"; VariantName = "[No Variations]"
Change component parameters (AddParameter): Name = "Max V Supply (V)"; Value = "15"; VariantName = "[No Variations]"
Change component parameters (AddParameter): Name = "Min V Supply (V)"; Value = "4.3"; VariantName = "[No Variations]"
Change component parameters (AddParameter): Name = "Mounting Technology"; Value = "Surface Mount"; VariantName = "[No Variations]"
Change component parameters (AddParameter): Name = "Operating Temp Range"; Value = "-40 to 125 degC"; VariantName = "[No Variations]"
Change component parameters (AddParameter): Name = "PackageDescription"; Value = "5-Pin Thin Small Outline Transistor Package, Body 2.9 x 1.6 mm, Pitch 0.95 mm"; VariantName = "[No Variations]"
Change component parameters (AddParameter): Name = "PackageReference"; Value = "UJ-5"; VariantName = "[No Variations]"
Change component parameters (AddParameter): Name = "PackageVersion"; Value = "100708-A, 10/2008"; VariantName = "[No Variations]"
Change component parameters (AddParameter): Name = "Packing"; Value = "Reel"; VariantName = "[No Variations]"
Change component parameters (AddParameter): Name = "PartNumber"; Value = "ADR392BUJZ-REEL7"; VariantName = "[No Variations]"
Change component parameters (AddParameter): Name = "Ref Out TC (ppm/C)"; Value = "9"; VariantName = "[No Variations]"
Change component parameters (AddParameter): Name = "Vout"; Value = "4.096V"; VariantName = "[No Variations]"
Change component parameters: Designator = "U4"; Footprint = "DCN0008A_L"; UniqueID = "\OWAXHVCB"
Change component parameters. Clean all parameters for all variants
Change component parameters (AddParameter): Name = "Channel"; Value = ""; VariantName = "[No Variations]"
Change component parameters (AddParameter): Name = "CMRR(Min)(dB)"; Value = "100"; VariantName = "[No Variations]"
Change component parameters (AddParameter): Name = "Code_JEDEC"; Value = "MO-178"; VariantName = "[No Variations]"
Change component parameters (AddParameter): Name = "ComponentLink1Description"; Value = "Manufacturer URL"; VariantName = "[No Variations]"
Change component parameters (AddParameter): Name = "ComponentLink1URL"; Value = "http://www.ti.com/"; VariantName = "[No Variations]"
Change component parameters (AddParameter): Name = "ComponentLink2Description"; Value = "Datasheet"; VariantName = "[No Variations]"
Change component parameters (AddParameter): Name = "ComponentLink2URL"; Value = "http://www.ti.com/general/docs/lit/getliterature.tsp?genericPartNumber=OPA2378&fileType=pdf"; VariantName = "[No Variations]"
Change component parameters (AddParameter): Name = "ComponentLink3Description"; Value = "Package Specification"; VariantName = "[No Variations]"
Change component parameters (AddParameter): Name = "ComponentLink3URL"; Value = "http://www.ti.com/lit/ml/mpds099c/mpds099c.pdf"; VariantName = "[No Variations]"
Change component parameters (AddParameter): Name = "DatasheetVersion"; Value = "SBOS417D"; VariantName = "[No Variations]"
Change component parameters (AddParameter): Name = "Eco-Plan"; Value = "Green (RoHS & no Sb/Br)"; VariantName = "[No Variations]"
Change component parameters (AddParameter): Name = "Gain Bandwidth"; Value = ""; VariantName = "[No Variations]"
Change component parameters (AddParameter): Name = "GBW(Typ)(MHz)"; Value = ""; VariantName = "[No Variations]"
Change component parameters (AddParameter): Name = "IIB(Max)(pA)"; Value = "550"; VariantName = "[No Variations]"
Change component parameters (AddParameter): Name = "Iq per channel(Max)(mA)"; Value = "0.15"; VariantName = "[No Variations]"
Change component parameters (AddParameter): Name = "Manufacturer"; Value = "Texas Instruments"; VariantName = "[No Variations]"
Change component parameters (AddParameter): Name = "Mounting Technology"; Value = "Surface Mount"; VariantName = "[No Variations]"
Change component parameters (AddParameter): Name = "Number of Channels"; Value = "2"; VariantName = "[No Variations]"
Change component parameters (AddParameter): Name = "Offset Drift(Typ)(uV/C)"; Value = "0.25"; VariantName = "[No Variations]"
Change component parameters (AddParameter): Name = "PackageDescription"; Value = "8-Pin Plastic Small Outline, Body 1.6 x 2.9 mm, Pitch 0.65 mm"; VariantName = "[No Variations]"
Change component parameters (AddParameter): Name = "PackageReference"; Value = "DCN0008A"; VariantName = "[No Variations]"
Change component parameters (AddParameter): Name = "PackageVersion"; Value = "4202106/D, 11/2009"; VariantName = "[No Variations]"
Change component parameters (AddParameter): Name = "Packing"; Value = ""; VariantName = "[No Variations]"
Change component parameters (AddParameter): Name = "PartId"; Value = "1"; VariantName = "[No Variations]"
Change component parameters (AddParameter): Name = "PartNumber"; Value = "OPA2378AIDCNT"; VariantName = "[No Variations]"
Change component parameters (AddParameter): Name = "Rating"; Value = ""; VariantName = "[No Variations]"
Change component parameters (AddParameter): Name = "RevisionNote"; Value = ""; VariantName = "[No Variations]"
Change component parameters (AddParameter): Name = "RoHS"; Value = ""; VariantName = "[No Variations]"
Change component parameters (AddParameter): Name = "Slew Rate"; Value = ""; VariantName = "[No Variations]"
Change component parameters (AddParameter): Name = "Slew Rate(Typ)(V/us)"; Value = "0.4"; VariantName = "[No Variations]"
Change component parameters (AddParameter): Name = "Sub Family"; Value = "Low Offset Voltage Amplifier (<=500uV), Low Power Amp (<=500uA), Low Supply Voltage Amplifier (<=2.7V), Precision Amplifier, Zero Drift Precision Amplifier"; VariantName = "[No Variations]"
Change component parameters (AddParameter): Name = "SubFamily"; Value = ""; VariantName = "[No Variations]"
Change component parameters (AddParameter): Name = "Supply Voltage Max"; Value = ""; VariantName = "[No Variations]"
Change component parameters (AddParameter): Name = "Supply Voltage Min"; Value = ""; VariantName = "[No Variations]"
Change component parameters (AddParameter): Name = "Temperature Max"; Value = ""; VariantName = "[No Variations]"
Change component parameters (AddParameter): Name = "Temperature Min"; Value = ""; VariantName = "[No Variations]"
Change component parameters (AddParameter): Name = "Total Supply Voltage(Max)(+5V is 5, +/-5V is 10)"; Value = "5.5"; VariantName = "[No Variations]"
Change component parameters (AddParameter): Name = "Total Supply Voltage(Min)(+5V is 5, +/-5V is 10)"; Value = "2.2"; VariantName = "[No Variations]"
Change component parameters (AddParameter): Name = "Vio (25C)(Max)(mV)"; Value = "0.07"; VariantName = "[No Variations]"
Change component parameters (AddParameter): Name = "Vmax(V)"; Value = ""; VariantName = "[No Variations]"
Change component parameters (AddParameter): Name = "Vmin(V)"; Value = ""; VariantName = "[No Variations]"
Change component parameters (AddParameter): Name = "Vn at 1kHz(Typ)(nV/rtHz)"; Value = "20"; VariantName = "[No Variations]"
Added Pin To Net: NetName=+5 Pin=U1-1
Added Pin To Net: NetName=NetC1_1 Pin=U1-2
Added Pin To Net: NetName=ADC REF Pin=U1-3
Added Pin To Net: NetName=ADC REF Pin=U1-4
Added Member To Class: ClassName=LM-CT-001 Member=Component 1 47.5K
Added Member To Class: ClassName=LM-CT-001 Member=Component C10 1uF
Added Member To Class: ClassName=LM-CT-001 Member=Component R1 100
Added Member To Class: ClassName=LM-CT-001 Member=Component R2 100
