Removed Pin From Net: NetName=Top_Sense_Plate Pin=P2-3
Removed Pin From Net: NetName=Bottom_Sense_Plate Pin=P2-4
Removed Pin From Net: NetName=Guard Pin=P2-5
Removed Pin From Net: NetName=Guard Pin=P2-5
Removed Pin From Net: NetName=Guard Pin=P2-5
Removed Pin From Net: NetName=Guard Pin=P2-5
Removed Pin From Net: NetName=Guard Pin=P2-6
Removed Pin From Net: NetName=Guard Pin=P2-6
Removed Pin From Net: NetName=Guard Pin=P2-6
Removed Pin From Net: NetName=Guard Pin=P2-6
Removed Pin From Net: NetName=Top_Sense_Plate Pin=U7-2
Removed Pin From Net: NetName=Bottom_Sense_Plate Pin=U7-6
Change Component Footprint: Designator=U12 Old Footprint=Beaglebone Black New Footprint=ADI-RU-16_M
Change Component Comment : Designator=U12 Old Comment=BBB New Comment=ADG1608BRUZ
Change component parameters: Designator = "P2"; Footprint = "GRF1-P-P-04-E-ST-TH1"; UniqueID = "\IQVNYLXP"
Change component parameters. Clean all parameters for all variants
Change component parameters: Designator = "U12"; Footprint = "ADI-RU-16_M"; UniqueID = "\LXWXPNTL"
Change component parameters. Clean all parameters for all variants
Change component parameters (AddParameter): Name = "Bandwidth (Hz)"; Value = "40M, 40M, 37M, 34M"; VariantName = "[No Variations]"
Change component parameters (AddParameter): Name = "Code_JEDEC"; Value = "MO-153AB"; VariantName = "[No Variations]"
Change component parameters (AddParameter): Name = "ComponentLink1Description"; Value = "Manufacturer URL"; VariantName = "[No Variations]"
Change component parameters (AddParameter): Name = "ComponentLink1URL"; Value = "http://www.analog.com/en/index.html"; VariantName = "[No Variations]"
Change component parameters (AddParameter): Name = "ComponentLink2Description"; Value = "Datasheet"; VariantName = "[No Variations]"
Change component parameters (AddParameter): Name = "ComponentLink2URL"; Value = "http://www.analog.com/static/imported-files/data_sheets/ADG1608_1609.pdf"; VariantName = "[No Variations]"
Change component parameters (AddParameter): Name = "ComponentLink3Description"; Value = "Package Specification"; VariantName = "[No Variations]"
Change component parameters (AddParameter): Name = "ComponentLink3URL"; Value = "http:/www.analog.com/static/imported-files/packages/36244347913743854010197452789RU16.pdf"; VariantName = "[No Variations]"
Change component parameters (AddParameter): Name = "DatasheetVersion"; Value = "Rev. 0"; VariantName = "[No Variations]"
Change component parameters (AddParameter): Name = "Manufacturer"; Value = "Analog Devices"; VariantName = "[No Variations]"
Change component parameters (AddParameter): Name = "Max Analog Signal Range"; Value = "0 to Vdd"; VariantName = "[No Variations]"
Change component parameters (AddParameter): Name = "Mounting Technology"; Value = "Surface Mount"; VariantName = "[No Variations]"
Change component parameters (AddParameter): Name = "PackageDescription"; Value = "16-Pin Thin Shrink Small Outline Package, Body 5 x 4.4 mm, Pitch 0.65 mm"; VariantName = "[No Variations]"
Change component parameters (AddParameter): Name = "PackageReference"; Value = "RU-16"; VariantName = "[No Variations]"
Change component parameters (AddParameter): Name = "PackageVersion"; Value = "Nov-02"; VariantName = "[No Variations]"
Change component parameters (AddParameter): Name = "Packing"; Value = "Tube"; VariantName = "[No Variations]"
Change component parameters (AddParameter): Name = "PartNumber"; Value = "ADG1608BRUZ"; VariantName = "[No Variations]"
Change component parameters (AddParameter): Name = "Ron (ohms)"; Value = "4.4"; VariantName = "[No Variations]"
Change component parameters (AddParameter): Name = "t transition (s)"; Value = "150n"; VariantName = "[No Variations]"
Added Component: Designator=R32(RESC0402(1005)_M)
Add component. Clean all parameters for all variants
Added Component: Designator=R33(RESC0402(1005)_M)
Add component. Clean all parameters for all variants
Added Component: Designator=R34(RESC0402(1005)_M)
Add component. Clean all parameters for all variants
Added Component: Designator=R35(RESC0402(1005)_M)
Add component. Clean all parameters for all variants
Added Component: Designator=R36(RESC0402(1005)_M)
Add component. Clean all parameters for all variants
Added Component: Designator=R37(RESC0402(1005)_M)
Add component. Clean all parameters for all variants
Added Component: Designator=R38(RESC0402(1005)_M)
Add component. Clean all parameters for all variants
Added Component: Designator=R39(RESC0402(1005)_M)
Add component. Clean all parameters for all variants
Added Component: Designator=U13(Beaglebone Black)
Add component. Clean all parameters for all variants
Add component (AddParameter): Name = "Applications"; Value = "Automotive, General Purpose, Lighting, Medical, Telecommunications"; VariantName = "[No Variations]"
Add component (AddParameter): Name = "Category"; Value = "Connectors, Interconnects"; VariantName = "[No Variations]"
Add component (AddParameter): Name = "ComponentLink1Description"; Value = "http://www.molex.com/pdm_docs/sd/010897041_sd.pdf"; VariantName = "[No Variations]"
Add component (AddParameter): Name = "ComponentLink1URL"; Value = "http://www.molex.com/pdm_docs/sd/010897041_sd.pdf"; VariantName = "[No Variations]"
Add component (AddParameter): Name = "Connector Type"; Value = "Header, Breakaway"; VariantName = "[No Variations]"
Add component (AddParameter): Name = "Contact Finish - Mating"; Value = "Gold"; VariantName = "[No Variations]"
Add component (AddParameter): Name = "Contact Finish - Post"; Value = "Tin"; VariantName = "[No Variations]"
Add component (AddParameter): Name = "Contact Finish Thickness - Mating"; Value = "15µin (0.38µm)"; VariantName = "[No Variations]"
Add component (AddParameter): Name = "Contact Finish Thickness - Post"; Value = "74.8µin (1.90µm)"; VariantName = "[No Variations]"
Add component (AddParameter): Name = "Contact Length - Mating"; Value = "0.240" (6.10mm)"; VariantName = "[No Variations]"
Add component (AddParameter): Name = "Contact Length - Post"; Value = "0.107" (2.71mm)"; VariantName = "[No Variations]"
Add component (AddParameter): Name = "Contact Material"; Value = "Copper Alloy"; VariantName = "[No Variations]"
Add component (AddParameter): Name = "Contact Shape"; Value = "Square"; VariantName = "[No Variations]"
Add component (AddParameter): Name = "Contact Type"; Value = "Male Pin"; VariantName = "[No Variations]"
Add component (AddParameter): Name = "Current Rating"; Value = "-"; VariantName = "[No Variations]"
Add component (AddParameter): Name = "Fastening Type"; Value = "-"; VariantName = "[No Variations]"
Add component (AddParameter): Name = "Features"; Value = "-"; VariantName = "[No Variations]"
Add component (AddParameter): Name = "Ingress Protection"; Value = "-"; VariantName = "[No Variations]"
Add component (AddParameter): Name = "Insulation Color"; Value = "Black"; VariantName = "[No Variations]"
Add component (AddParameter): Name = "Insulation Height"; Value = "0.090" (2.29mm)"; VariantName = "[No Variations]"
Add component (AddParameter): Name = "Insulation Material"; Value = "Liquid Crystal Polymer (LCP), Glass Filled"; VariantName = "[No Variations]"
Add component (AddParameter): Name = "Manufacturer"; Value = "Molex, LLC"; VariantName = "[No Variations]"
Add component (AddParameter): Name = "Manufacturer Part Number"; Value = "0010897462"; VariantName = "[No Variations]"
Add component (AddParameter): Name = "Mated Stacking Heights"; Value = "-"; VariantName = "[No Variations]"
Add component (AddParameter): Name = "Material Flammability Rating"; Value = "UL94 V-0"; VariantName = "[No Variations]"
Add component (AddParameter): Name = "Mounting Type"; Value = "Through Hole"; VariantName = "[No Variations]"
Add component (AddParameter): Name = "Number of Positions"; Value = "46"; VariantName = "[No Variations]"
Add component (AddParameter): Name = "Number of Positions Loaded"; Value = "All"; VariantName = "[No Variations]"
Add component (AddParameter): Name = "Number of Rows"; Value = "2"; VariantName = "[No Variations]"
Add component (AddParameter): Name = "Operating Temperature"; Value = "-"; VariantName = "[No Variations]"
Add component (AddParameter): Name = "Overall Contact Length"; Value = "0.437" (11.10mm)"; VariantName = "[No Variations]"
Add component (AddParameter): Name = "Packaging"; Value = "Bulk"; VariantName = "[No Variations]"
Add component (AddParameter): Name = "Part Status"; Value = "Active"; VariantName = "[No Variations]"
Add component (AddParameter): Name = "Pitch - Mating"; Value = "0.100" (2.54mm)"; VariantName = "[No Variations]"
Add component (AddParameter): Name = "Pricing 1"; Value = "1=7.65, 10=7.336, 25=6.698, 50=6.379, 100=6.0601, 250=5.4222, 500=5.10324 (USD)"; VariantName = "[No Variations]"
Add component (AddParameter): Name = "RoHS"; Value = "RoHS Compliant"; VariantName = "[No Variations]"
Add component (AddParameter): Name = "Row Spacing - Mating"; Value = "0.100" (2.54mm)"; VariantName = "[No Variations]"
Add component (AddParameter): Name = "Shrouding"; Value = "Unshrouded"; VariantName = "[No Variations]"
Add component (AddParameter): Name = "Stock 1"; Value = "407"; VariantName = "[No Variations]"
Add component (AddParameter): Name = "Style"; Value = "Board to Board or Cable"; VariantName = "[No Variations]"
Add component (AddParameter): Name = "Supplier 1"; Value = "Digi-Key"; VariantName = "[No Variations]"
Add component (AddParameter): Name = "Supplier Part Number 1"; Value = "WM50012-46-ND"; VariantName = "[No Variations]"
Add component (AddParameter): Name = "Termination"; Value = "Solder"; VariantName = "[No Variations]"
Add component (AddParameter): Name = "Voltage Rating"; Value = "-"; VariantName = "[No Variations]"
Added Component: Designator=U14(TSOP65P640X90-20N)
Add component. Clean all parameters for all variants
Add component (AddParameter): Name = "Case/Package"; Value = "TSSOP"; VariantName = "[No Variations]"
Add component (AddParameter): Name = "ComponentLink1Description"; Value = "https://datasheet.ciiva.com/2978/max333a-2978850.pdf"; VariantName = "[No Variations]"
Add component (AddParameter): Name = "ComponentLink1URL"; Value = "https://datasheet.ciiva.com/2978/max333a-2978850.pdf"; VariantName = "[No Variations]"
Add component (AddParameter): Name = "ComponentLink2Description"; Value = "https://datasheet.ciiva.com/30478/0900766b81253c85-30478260.pdf"; VariantName = "[No Variations]"
Add component (AddParameter): Name = "ComponentLink2URL"; Value = "https://datasheet.ciiva.com/30478/0900766b81253c85-30478260.pdf"; VariantName = "[No Variations]"
Add component (AddParameter): Name = "ComponentLink3Description"; Value = "https://datasheet.ciiva.com/1674/max333a-1674617.pdf"; VariantName = "[No Variations]"
Add component (AddParameter): Name = "ComponentLink3URL"; Value = "https://datasheet.ciiva.com/1674/max333a-1674617.pdf"; VariantName = "[No Variations]"
Add component (AddParameter): Name = "ComponentLink4Description"; Value = "https://datasheet.ciiva.com/26825/max333aeup-26825546.pdf"; VariantName = "[No Variations]"
Add component (AddParameter): Name = "ComponentLink4URL"; Value = "https://datasheet.ciiva.com/26825/max333aeup-26825546.pdf"; VariantName = "[No Variations]"
Add component (AddParameter): Name = "Dual Supply Voltage"; Value = "15V"; VariantName = "[No Variations]"
Add component (AddParameter): Name = "Height"; Value = "0.95mm"; VariantName = "[No Variations]"
Add component (AddParameter): Name = "Lead Free"; Value = "Lead Free"; VariantName = "[No Variations]"
Add component (AddParameter): Name = "Length"; Value = "6.6mm"; VariantName = "[No Variations]"
Add component (AddParameter): Name = "Manufacturer"; Value = "Maxim"; VariantName = "[No Variations]"
Add component (AddParameter): Name = "Manufacturer Part Number"; Value = "MAX333AEUP+"; VariantName = "[No Variations]"
Add component (AddParameter): Name = "Max Dual Supply Voltage"; Value = "20V"; VariantName = "[No Variations]"
Add component (AddParameter): Name = "Max Operating Temperature"; Value = "85°C"; VariantName = "[No Variations]"
Add component (AddParameter): Name = "Max Power Dissipation"; Value = "559mW"; VariantName = "[No Variations]"
Add component (AddParameter): Name = "Max Supply Current"; Value = "250uA"; VariantName = "[No Variations]"
Add component (AddParameter): Name = "Max Supply Voltage"; Value = "30V"; VariantName = "[No Variations]"
Add component (AddParameter): Name = "Min Dual Supply Voltage"; Value = "4.5V"; VariantName = "[No Variations]"
Add component (AddParameter): Name = "Min Operating Temperature"; Value = "-40°C"; VariantName = "[No Variations]"
Add component (AddParameter): Name = "Min Supply Voltage"; Value = "10V"; VariantName = "[No Variations]"
Add component (AddParameter): Name = "Number of Bits"; Value = "4"; VariantName = "[No Variations]"
Add component (AddParameter): Name = "Number of Channels"; Value = "4"; VariantName = "[No Variations]"
Add component (AddParameter): Name = "Number of Pins"; Value = "20"; VariantName = "[No Variations]"
Add component (AddParameter): Name = "On-State Resistance"; Value = "35R"; VariantName = "[No Variations]"
Add component (AddParameter): Name = "Operating Supply Current"; Value = "1uA"; VariantName = "[No Variations]"
Add component (AddParameter): Name = "Package Quantity"; Value = "74"; VariantName = "[No Variations]"
Add component (AddParameter): Name = "Packaging"; Value = "Rail/Tube"; VariantName = "[No Variations]"
Add component (AddParameter): Name = "Pricing 1"; Value = "1=6.77, 10=6.43, 50=5.8, 100=5.8, 1000=5.62, 10000=5.62 (USD)"; VariantName = "[No Variations]"
Add component (AddParameter): Name = "Radiation Hardening"; Value = "No"; VariantName = "[No Variations]"
Add component (AddParameter): Name = "REACH SVHC"; Value = "Unknown"; VariantName = "[No Variations]"
Add component (AddParameter): Name = "Stock 1"; Value = "664"; VariantName = "[No Variations]"
Add component (AddParameter): Name = "Supplier 1"; Value = "Mouser"; VariantName = "[No Variations]"
Add component (AddParameter): Name = "Supplier Part Number 1"; Value = "700-MAX333AEUP"; VariantName = "[No Variations]"
Add component (AddParameter): Name = "Supply Type"; Value = "Single,Dual"; VariantName = "[No Variations]"
Add component (AddParameter): Name = "Throw Configuration"; Value = "SPDT"; VariantName = "[No Variations]"
Add component (AddParameter): Name = "Turn-Off Delay Time"; Value = "145ns"; VariantName = "[No Variations]"
Add component (AddParameter): Name = "Turn-On Delay Time"; Value = "175ns"; VariantName = "[No Variations]"
Add component (AddParameter): Name = "Weight"; Value = "0.006737oz"; VariantName = "[No Variations]"
Add component (AddParameter): Name = "Width"; Value = "4.5mm"; VariantName = "[No Variations]"
Added Component: Designator=U15(DCN0008A_M)
Add component. Clean all parameters for all variants
Add component (AddParameter): Name = "Channel"; Value = ""; VariantName = "[No Variations]"
Add component (AddParameter): Name = "CMRR(Min)(dB)"; Value = "100"; VariantName = "[No Variations]"
Add component (AddParameter): Name = "Code_JEDEC"; Value = "MO-178"; VariantName = "[No Variations]"
Add component (AddParameter): Name = "ComponentLink1Description"; Value = "Manufacturer URL"; VariantName = "[No Variations]"
Add component (AddParameter): Name = "ComponentLink1URL"; Value = "http://www.ti.com/"; VariantName = "[No Variations]"
Add component (AddParameter): Name = "ComponentLink2Description"; Value = "Datasheet"; VariantName = "[No Variations]"
Add component (AddParameter): Name = "ComponentLink2URL"; Value = "http://www.ti.com/general/docs/lit/getliterature.tsp?genericPartNumber=OPA2378&fileType=pdf"; VariantName = "[No Variations]"
Add component (AddParameter): Name = "ComponentLink3Description"; Value = "Package Specification"; VariantName = "[No Variations]"
Add component (AddParameter): Name = "ComponentLink3URL"; Value = "http://www.ti.com/lit/ml/mpds099c/mpds099c.pdf"; VariantName = "[No Variations]"
Add component (AddParameter): Name = "DatasheetVersion"; Value = "SBOS417D"; VariantName = "[No Variations]"
Add component (AddParameter): Name = "Eco-Plan"; Value = "Green (RoHS & no Sb/Br)"; VariantName = "[No Variations]"
Add component (AddParameter): Name = "Gain Bandwidth"; Value = ""; VariantName = "[No Variations]"
Add component (AddParameter): Name = "GBW(Typ)(MHz)"; Value = ""; VariantName = "[No Variations]"
Add component (AddParameter): Name = "IIB(Max)(pA)"; Value = "550"; VariantName = "[No Variations]"
Add component (AddParameter): Name = "Iq per channel(Max)(mA)"; Value = "0.15"; VariantName = "[No Variations]"
Add component (AddParameter): Name = "Manufacturer"; Value = "Texas Instruments"; VariantName = "[No Variations]"
Add component (AddParameter): Name = "Mounting Technology"; Value = "Surface Mount"; VariantName = "[No Variations]"
Add component (AddParameter): Name = "Number of Channels"; Value = "2"; VariantName = "[No Variations]"
Add component (AddParameter): Name = "Offset Drift(Typ)(uV/C)"; Value = "0.25"; VariantName = "[No Variations]"
Add component (AddParameter): Name = "PackageDescription"; Value = "8-Pin Plastic Small Outline, Body 1.6 x 2.9 mm, Pitch 0.65 mm"; VariantName = "[No Variations]"
Add component (AddParameter): Name = "PackageReference"; Value = "DCN0008A"; VariantName = "[No Variations]"
Add component (AddParameter): Name = "PackageVersion"; Value = "4202106/D, 11/2009"; VariantName = "[No Variations]"
Add component (AddParameter): Name = "Packing"; Value = ""; VariantName = "[No Variations]"
Add component (AddParameter): Name = "PartId"; Value = "1"; VariantName = "[No Variations]"
Add component (AddParameter): Name = "PartNumber"; Value = "OPA2378AIDCNT"; VariantName = "[No Variations]"
Add component (AddParameter): Name = "Rating"; Value = ""; VariantName = "[No Variations]"
Add component (AddParameter): Name = "RevisionNote"; Value = ""; VariantName = "[No Variations]"
Add component (AddParameter): Name = "RoHS"; Value = ""; VariantName = "[No Variations]"
Add component (AddParameter): Name = "Slew Rate"; Value = ""; VariantName = "[No Variations]"
Add component (AddParameter): Name = "Slew Rate(Typ)(V/us)"; Value = "0.4"; VariantName = "[No Variations]"
Add component (AddParameter): Name = "Sub Family"; Value = "Low Offset Voltage Amplifier (<=500uV), Low Power Amp (<=500uA), Low Supply Voltage Amplifier (<=2.7V), Precision Amplifier, Zero Drift Precision Amplifier"; VariantName = "[No Variations]"
Add component (AddParameter): Name = "SubFamily"; Value = ""; VariantName = "[No Variations]"
Add component (AddParameter): Name = "Supply Voltage Max"; Value = ""; VariantName = "[No Variations]"
Add component (AddParameter): Name = "Supply Voltage Min"; Value = ""; VariantName = "[No Variations]"
Add component (AddParameter): Name = "Temperature Max"; Value = ""; VariantName = "[No Variations]"
Add component (AddParameter): Name = "Temperature Min"; Value = ""; VariantName = "[No Variations]"
Add component (AddParameter): Name = "Total Supply Voltage(Max)(+5V is 5, +/-5V is 10)"; Value = "5.5"; VariantName = "[No Variations]"
Add component (AddParameter): Name = "Total Supply Voltage(Min)(+5V is 5, +/-5V is 10)"; Value = "2.2"; VariantName = "[No Variations]"
Add component (AddParameter): Name = "Vio (25C)(Max)(mV)"; Value = "0.07"; VariantName = "[No Variations]"
Add component (AddParameter): Name = "Vmax(V)"; Value = ""; VariantName = "[No Variations]"
Add component (AddParameter): Name = "Vmin(V)"; Value = ""; VariantName = "[No Variations]"
Add component (AddParameter): Name = "Vn at 1kHz(Typ)(nV/rtHz)"; Value = "20"; VariantName = "[No Variations]"
Added Component: Designator=U16(GRF1-P-P-04-E-ST-TH1)
Add component. Clean all parameters for all variants
Added Component: Designator=U17(GRF1-P-P-04-E-ST-TH1)
Add component. Clean all parameters for all variants
Added Component: Designator=U(GRF1-P-P-04-E-ST-TH1)
Add component. Clean all parameters for all variants
Added Pin To Net: NetName=+3.3 Pin=R32-1
Added Pin To Net: NetName=+3.3 Pin=R33-1
Added Pin To Net: NetName=GND Pin=R39-1
Added Pin To Net: NetName=+3.3 Pin=U12-2
Added Pin To Net: NetName=GND Pin=U12-3
Added Pin To Net: NetName=FB_CS0 Pin=U12-4
Added Pin To Net: NetName=+3.3 Pin=U12-13
Added Pin To Net: NetName=GND Pin=U12-14
Added Pin To Net: NetName=GND Pin=U13-8-1
Added Pin To Net: NetName=GND Pin=U13-8-2
Added Pin To Net: NetName=GND Pin=U13-9-1
Added Pin To Net: NetName=GND Pin=U13-9-2
Added Pin To Net: NetName=+3.3 Pin=U13-9-3
Added Pin To Net: NetName=+3.3 Pin=U13-9-4
Added Pin To Net: NetName=GND Pin=U13-9-43
Added Pin To Net: NetName=GND Pin=U13-9-44
Added Pin To Net: NetName=GND Pin=U13-9-45
Added Pin To Net: NetName=GND Pin=U13-9-46
Added Pin To Net: NetName=GND Pin=U14-1
Added Pin To Net: NetName=GND Pin=U14-2
Added Pin To Net: NetName=GND Pin=U14-3
Added Pin To Net: NetName=GND Pin=U14-4
Added Pin To Net: NetName=GND Pin=U14-5
Added Pin To Net: NetName=GND Pin=U14-6
Added Pin To Net: NetName=GND Pin=U14-7
Added Pin To Net: NetName=GND Pin=U14-8
Added Pin To Net: NetName=GND Pin=U14-9
Added Pin To Net: NetName=GND Pin=U14-10
Added Pin To Net: NetName=ZH Pin=U14-12
Added Pin To Net: NetName=GND Pin=U14-14
Added Pin To Net: NetName=ZP Pin=U14-16
Added Pin To Net: NetName=ZH Pin=U14-17
Added Pin To Net: NetName=GND Pin=U14-19
Added Pin To Net: NetName=GND Pin=U15-4
Added Pin To Net: NetName=+12 Pin=U15-8
Added Pin To Net: NetName=Bottom_Sense_Plate Pin=U16-4
Added Pin To Net: NetName=Guard Pin=U16-5
Added Pin To Net: NetName=Guard Pin=U16-5
Added Pin To Net: NetName=Guard Pin=U16-5
Added Pin To Net: NetName=Guard Pin=U16-5
Added Pin To Net: NetName=Guard Pin=U16-6
Added Pin To Net: NetName=Guard Pin=U16-6
Added Pin To Net: NetName=Guard Pin=U16-6
Added Pin To Net: NetName=Guard Pin=U16-6
Added Pin To Net: NetName=Guard Pin=U16-7
Added Pin To Net: NetName=Guard Pin=U16-7
Added Pin To Net: NetName=Guard Pin=U16-7
Added Pin To Net: NetName=Guard Pin=U16-7
Added Pin To Net: NetName=Guard Pin=U16-8
Added Pin To Net: NetName=Guard Pin=U16-8
Added Pin To Net: NetName=Guard Pin=U16-8
Added Pin To Net: NetName=Guard Pin=U16-8
Added Pin To Net: NetName=Guard Pin=U17-5
Added Pin To Net: NetName=Guard Pin=U17-5
Added Pin To Net: NetName=Guard Pin=U17-5
Added Pin To Net: NetName=Guard Pin=U17-5
Added Pin To Net: NetName=Guard Pin=U17-6
Added Pin To Net: NetName=Guard Pin=U17-6
Added Pin To Net: NetName=Guard Pin=U17-6
Added Pin To Net: NetName=Guard Pin=U17-6
Added Pin To Net: NetName=Guard Pin=U17-7
Added Pin To Net: NetName=Guard Pin=U17-7
Added Pin To Net: NetName=Guard Pin=U17-7
Added Pin To Net: NetName=Guard Pin=U17-7
Added Pin To Net: NetName=Top_Sense_Plate Pin=U-1
Added Pin To Net: NetName=Guard Pin=U-8
Added Pin To Net: NetName=Guard Pin=U-8
Added Pin To Net: NetName=Guard Pin=U-8
Added Pin To Net: NetName=Guard Pin=U-8
Added Pin To Net: NetName=+5 BBB Pin=U13-9-5
Added Pin To Net: NetName=+5 BBB Pin=U13-9-6
Added Net: Name=+5 BBB
Added Pin To Net: NetName=Arrestment Heater FET Pin=U13-8-3
Added Net: Name=Arrestment Heater FET
Added Pin To Net: NetName=Conning Tower FET Pin=U13-8-4
Added Net: Name=Conning Tower FET
Added Pin To Net: NetName=CS_Levels Pin=U13-9-28
Added Net: Name=CS_Levels
Added Pin To Net: NetName=CS_Power_Supplies Pin=U12-7
Added Net: Name=CS_Power_Supplies
Added Pin To Net: NetName=EHRPWM2A Pin=R35-2
Added Pin To Net: NetName=EHRPWM2A Pin=U13-8-19
Added Net: Name=EHRPWM2A
Added Pin To Net: NetName=Gearbox Heater FET Pin=U13-8-6
Added Net: Name=Gearbox Heater FET
Added Pin To Net: NetName=GPIO 1-28 Pin=U13-9-12
Added Net: Name=GPIO 1-28
Added Pin To Net: NetName=Meter Heater FET Pin=U13-8-5
Added Net: Name=Meter Heater FET
Added Pin To Net: NetName=MUX_A0 Pin=U12-1
Added Pin To Net: NetName=MUX_A0 Pin=U13-8-39
Added Net: Name=MUX_A0
Added Pin To Net: NetName=MUX_A1 Pin=U12-16
Added Pin To Net: NetName=MUX_A1 Pin=U13-8-40
Added Net: Name=MUX_A1
Added Pin To Net: NetName=MUX A2 Pin=U12-15
Added Pin To Net: NetName=MUX A2 Pin=U13-8-41
Added Net: Name=MUX A2
Added Pin To Net: NetName=NetR32_2 Pin=R32-2
Added Pin To Net: NetName=NetR32_2 Pin=U13-9-19
Added Net: Name=NetR32_2
Added Pin To Net: NetName=NetR33_2 Pin=R33-2
Added Pin To Net: NetName=NetR33_2 Pin=U13-9-20
Added Net: Name=NetR33_2
Added Pin To Net: NetName=NetR34_1 Pin=R34-1
Added Pin To Net: NetName=NetR34_1 Pin=U13-8-11
Added Net: Name=NetR34_1
Added Pin To Net: NetName=NetR34_2 Pin=R34-2
Added Pin To Net: NetName=NetR34_2 Pin=U13-8-10
Added Net: Name=NetR34_2
Added Pin To Net: NetName=NetR35_1 Pin=R35-1
Added Pin To Net: NetName=NetR35_1 Pin=U13-8-20
Added Net: Name=NetR35_1
Added Pin To Net: NetName=NetR36_1 Pin=R36-1
Added Pin To Net: NetName=NetR36_1 Pin=U13-8-36
Added Net: Name=NetR36_1
Added Pin To Net: NetName=NetR36_2 Pin=R36-2
Added Pin To Net: NetName=NetR36_2 Pin=U13-8-35
Added Net: Name=NetR36_2
Added Pin To Net: NetName=NetR37_1 Pin=R37-1
Added Pin To Net: NetName=NetR37_1 Pin=U15-3
Added Net: Name=NetR37_1
Added Pin To Net: NetName=NetR37_2 Pin=R37-2
Added Pin To Net: NetName=NetR37_2 Pin=U14-18
Added Net: Name=NetR37_2
Added Pin To Net: NetName=NetR38_1 Pin=R38-1
Added Pin To Net: NetName=NetR38_1 Pin=U15-5
Added Net: Name=NetR38_1
Added Pin To Net: NetName=NetR38_2 Pin=R38-2
Added Pin To Net: NetName=NetR38_2 Pin=U14-13
Added Net: Name=NetR38_2
Added Pin To Net: NetName=NetU7_2 Pin=U7-2
Added Pin To Net: NetName=NetU7_2 Pin=U16-2
Added Net: Name=NetU7_2
Added Pin To Net: NetName=NetU7_6 Pin=U7-6
Added Pin To Net: NetName=NetU7_6 Pin=U16-3
Added Net: Name=NetU7_6
Added Pin To Net: NetName=NetU12_10 Pin=U12-10
Added Net: Name=NetU12_10
Added Pin To Net: NetName=NetU12_11 Pin=U12-11
Added Net: Name=NetU12_11
Added Pin To Net: NetName=NetU12_12 Pin=U12-12
Added Net: Name=NetU12_12
Added Pin To Net: NetName=NetU13_8-13 Pin=U13-8-13
Added Net: Name=NetU13_8-13
Added Pin To Net: NetName=NetU13_8-15 Pin=U13-8-15
Added Net: Name=NetU13_8-15
Added Pin To Net: NetName=NetU13_8-16 Pin=U13-8-16
Added Net: Name=NetU13_8-16
Added Pin To Net: NetName=NetU13_8-22 Pin=U13-8-22
Added Net: Name=NetU13_8-22
Added Pin To Net: NetName=NetU13_8-23 Pin=U13-8-23
Added Net: Name=NetU13_8-23
Added Pin To Net: NetName=NetU13_8-25 Pin=U13-8-25
Added Net: Name=NetU13_8-25
Added Pin To Net: NetName=NetU13_8-26 Pin=U13-8-26
Added Net: Name=NetU13_8-26
Added Pin To Net: NetName=NetU13_8-28 Pin=U13-8-28
Added Net: Name=NetU13_8-28
Added Pin To Net: NetName=NetU13_8-29 Pin=U13-8-29
Added Net: Name=NetU13_8-29
Added Pin To Net: NetName=NetU13_9-9 Pin=U13-9-9
Added Net: Name=NetU13_9-9
Added Pin To Net: NetName=NetU13_9-16 Pin=U13-9-16
Added Net: Name=NetU13_9-16
Added Pin To Net: NetName=NetU13_9-33 Pin=U13-9-33
Added Net: Name=NetU13_9-33
Added Pin To Net: NetName=NetU13_9-35 Pin=U13-9-35
Added Net: Name=NetU13_9-35
Added Pin To Net: NetName=NetU13_9-36 Pin=U13-9-36
Added Net: Name=NetU13_9-36
Added Pin To Net: NetName=NetU13_9-37 Pin=U13-9-37
Added Net: Name=NetU13_9-37
Added Pin To Net: NetName=NetU13_9-39 Pin=U13-9-39
Added Net: Name=NetU13_9-39
Added Pin To Net: NetName=NetU15_2 Pin=U15-2
Added Pin To Net: NetName=NetU15_2 Pin=U17-4
Added Net: Name=NetU15_2
Added Pin To Net: NetName=NetU15_6 Pin=U15-6
Added Pin To Net: NetName=NetU15_6 Pin=U17-2
Added Net: Name=NetU15_6
Added Pin To Net: NetName=NetU15_7 Pin=U15-7
Added Pin To Net: NetName=NetU15_7 Pin=U16-1
Added Net: Name=NetU15_7
Added Pin To Net: NetName=PWM1A Pin=R39-2
Added Pin To Net: NetName=PWM1A Pin=U13-9-14
Added Pin To Net: NetName=PWM1A Pin=U14-11
Added Pin To Net: NetName=PWM1A Pin=U14-20
Added Net: Name=PWM1A
Added Pin To Net: NetName=RTC_CS0 Pin=U12-6
Added Net: Name=RTC_CS0
Added Pin To Net: NetName=Serial1_RX Pin=U13-9-26
Added Net: Name=Serial1_RX
Added Pin To Net: NetName=Serial1_TX Pin=U13-9-24
Added Net: Name=Serial1_TX
Added Pin To Net: NetName=Serial4_RX Pin=U13-9-11
Added Net: Name=Serial4_RX
Added Pin To Net: NetName=Serial4_TX Pin=U13-9-13
Added Net: Name=Serial4_TX
Added Pin To Net: NetName=SPI0_CS0 Pin=U12-8
Added Pin To Net: NetName=SPI0_CS0 Pin=U13-9-17
Added Net: Name=SPI0_CS0
Added Pin To Net: NetName=SPI0_MOSI Pin=U13-9-18
Added Net: Name=SPI0_MOSI
Added Pin To Net: NetName=SPI1_CS1 Pin=U13-9-42
Added Net: Name=SPI1_CS1
Added Pin To Net: NetName=SPI1_MISO Pin=U13-9-29
Added Net: Name=SPI1_MISO
Added Pin To Net: NetName=SPI1_MOSI Pin=U13-9-30
Added Net: Name=SPI1_MOSI
Added Pin To Net: NetName=SPI1_SCLK Pin=U13-9-31
Added Net: Name=SPI1_SCLK
Added Pin To Net: NetName=Thermistor_CS0 Pin=U12-5
Added Net: Name=Thermistor_CS0
Added Pin To Net: NetName=Thermistor_MUX_A0 Pin=U13-8-31
Added Net: Name=Thermistor_MUX_A0
Added Pin To Net: NetName=Thermistor_MUX_A1 Pin=U13-8-32
Added Net: Name=Thermistor_MUX_A1
Added Pin To Net: NetName=Thermistor_MUX A2 Pin=U13-8-33
Added Net: Name=Thermistor_MUX A2
Added Member To Class: ClassName=LM-CT-001 Member=Component R32 4.7k
Added Member To Class: ClassName=LM-CT-001 Member=Component R33 4.7k
Added Member To Class: ClassName=LM-CT-001 Member=Component R34 100
Added Member To Class: ClassName=LM-CT-001 Member=Component R35 100
Added Member To Class: ClassName=LM-CT-001 Member=Component R36 100
Added Member To Class: ClassName=Sense Member=Component R37 100k
Added Member To Class: ClassName=Sense Member=Component R38 100k
Added Member To Class: ClassName=Sense Member=Component R39 3.9K
Added Member To Class: ClassName=LM-CT-001 Member=Component U13 BBB
Added Member To Class: ClassName=Sense Member=Component U14 MAX333CWP+
Added Member To Class: ClassName=Sense Member=Component U15 OPA2378AIDCNT
Added Member To Class: ClassName=Sense Member=Component U16 GRF1-P-P-04-E-ST-TH1
Added Member To Class: ClassName=Sense Member=Component U17 GRF1-P-P-04-E-ST-TH1
Added Member To Class: ClassName=Sense Member=Component U GRF1-P-P-04-E-ST-TH1
