Added Component: Designator=U5(ADI-RU-14_L)
Add component. Clean all parameters for all variants
Add component (AddParameter): Name = "Bandwidth (Hz)"; Value = "800M, 550M"; VariantName = "[No Variations]"
Add component (AddParameter): Name = "Code_JEDEC"; Value = "MO-153AB-1"; VariantName = "[No Variations]"
Add component (AddParameter): Name = "ComponentLink1Description"; Value = "Manufacturer URL"; VariantName = "[No Variations]"
Add component (AddParameter): Name = "ComponentLink1URL"; Value = "http://www.analog.com/en/index.html"; VariantName = "[No Variations]"
Add component (AddParameter): Name = "ComponentLink2Description"; Value = "Datasheet"; VariantName = "[No Variations]"
Add component (AddParameter): Name = "ComponentLink2URL"; Value = "http://www.analog.com/static/imported-files/data_sheets/ADG1204.pdf"; VariantName = "[No Variations]"
Add component (AddParameter): Name = "ComponentLink3Description"; Value = "Package Specification"; VariantName = "[No Variations]"
Add component (AddParameter): Name = "ComponentLink3URL"; Value = "http://www.analog.com/static/imported-files/packages/36057385283879153717235186773RU14.pdf"; VariantName = "[No Variations]"
Add component (AddParameter): Name = "DatasheetVersion"; Value = "Rev. B"; VariantName = "[No Variations]"
Add component (AddParameter): Name = "Manufacturer"; Value = "Analog Devices"; VariantName = "[No Variations]"
Add component (AddParameter): Name = "Max Analog Signal Range"; Value = "Vss to Vdd"; VariantName = "[No Variations]"
Add component (AddParameter): Name = "Mounting Technology"; Value = "Surface Mount"; VariantName = "[No Variations]"
Add component (AddParameter): Name = "PackageDescription"; Value = "14-Pin Thin Shrink Small Outline Package, Body 5 x 4.4 mm, Pitch 0.65 mm"; VariantName = "[No Variations]"
Add component (AddParameter): Name = "PackageReference"; Value = "RU-14"; VariantName = "[No Variations]"
Add component (AddParameter): Name = "PackageVersion"; Value = "Aug-02"; VariantName = "[No Variations]"
Add component (AddParameter): Name = "Packing"; Value = "Reel"; VariantName = "[No Variations]"
Add component (AddParameter): Name = "PartNumber"; Value = "ADG1204YRUZ-REEL7"; VariantName = "[No Variations]"
Add component (AddParameter): Name = "Ron (ohms)"; Value = "120"; VariantName = "[No Variations]"
Add component (AddParameter): Name = "t transition (s)"; Value = "120n"; VariantName = "[No Variations]"
Added Pin To Net: NetName=+5 Pin=U5-2
Added Pin To Net: NetName=GND Pin=U5-3
Added Pin To Net: NetName=+5 Pin=U5-12
Added Pin To Net: NetName=GND Pin=U5-13
Added Pin To Net: NetName=A0 Pin=U5-1
Added Net: Name=A0
Added Pin To Net: NetName=A1 Pin=U5-14
Added Net: Name=A1
Added Pin To Net: NetName=Analog_Mux_Out Pin=U5-6
Added Net: Name=Analog_Mux_Out
Added Member To Class: ClassName=LM-CT-001 Member=Component U5 ADG1204YRUZ-REEL7
