Removed Pin From Net: NetName=Beam_In Pin=PAD1-1
Removed Pin From Net: NetName=Guard Pin=PAD2-1
Removed Member From Class: ClassName=Beam_Amp Member=PAD1
Removed Member From Class: ClassName=Beam_Amp Member=PAD2
Added Component: Designator=P3(SMB_V-RJ45)
Add component. Clean all parameters for all variants
Add component (AddParameter): Name = "LatestRevisionDate"; Value = "17-Jul-2002"; VariantName = "[No Variations]"
Add component (AddParameter): Name = "LatestRevisionNote"; Value = "Re-released for DXP Platform."; VariantName = "[No Variations]"
Add component (AddParameter): Name = "Publisher"; Value = "Altium Limited"; VariantName = "[No Variations]"
Added Pin To Net: NetName=Guard Pin=P2-5
Added Pin To Net: NetName=Guard Pin=P2-5
Added Pin To Net: NetName=Guard Pin=P2-5
Added Pin To Net: NetName=Guard Pin=P2-5
Added Pin To Net: NetName=Guard Pin=P2-6
Added Pin To Net: NetName=Guard Pin=P2-6
Added Pin To Net: NetName=Guard Pin=P2-6
Added Pin To Net: NetName=Guard Pin=P2-6
Added Pin To Net: NetName=Guard Pin=P2-7
Added Pin To Net: NetName=Guard Pin=P2-7
Added Pin To Net: NetName=Guard Pin=P2-7
Added Pin To Net: NetName=Guard Pin=P2-7
Added Pin To Net: NetName=Guard Pin=P2-8
Added Pin To Net: NetName=Guard Pin=P2-8
Added Pin To Net: NetName=Guard Pin=P2-8
Added Pin To Net: NetName=Guard Pin=P2-8
Added Pin To Net: NetName=Beam_In Pin=P3-1
Added Pin To Net: NetName=Guard Pin=P3-2
Added Pin To Net: NetName=Guard Pin=P3-2
Added Pin To Net: NetName=Guard Pin=P3-2
Added Pin To Net: NetName=Guard Pin=P3-2
Added Member To Class: ClassName=Beam_Amp Member=Component P3 SMB
