Added Component: Designator=U5(TSOP65P640X90-24N)
Add component. Clean all parameters for all variants
Add component (AddParameter): Name = "Architecture"; Value = "SAR"; VariantName = "[No Variations]"
Add component (AddParameter): Name = "Category 1"; Value = "Integrated Circuits (ICs)"; VariantName = "[No Variations]"
Add component (AddParameter): Name = "ComponentLink1Description"; Value = "http://datasheets.maximintegrated.com/en/ds/MAX1300-MAX1301.pdf"; VariantName = "[No Variations]"
Add component (AddParameter): Name = "ComponentLink1URL"; Value = "http://datasheets.maximintegrated.com/en/ds/MAX1300-MAX1301.pdf"; VariantName = "[No Variations]"
Add component (AddParameter): Name = "Configuration"; Value = "MUX-PGA-S/H-ADC"; VariantName = "[No Variations]"
Add component (AddParameter): Name = "Data Interface"; Value = "SPI"; VariantName = "[No Variations]"
Add component (AddParameter): Name = "Description 1"; Value = "IC ADC 16BIT SRL 115KSPS 24TSSOP"; VariantName = "[No Variations]"
Add component (AddParameter): Name = "Features"; Value = "PGA"; VariantName = "[No Variations]"
Add component (AddParameter): Name = "Input Type"; Value = "Differential, Single Ended"; VariantName = "[No Variations]"
Add component (AddParameter): Name = "Manufacturer 1"; Value = "Maxim Integrated"; VariantName = "[No Variations]"
Add component (AddParameter): Name = "Manufacturer Part Number 1"; Value = "MAX1300AEUG+"; VariantName = "[No Variations]"
Add component (AddParameter): Name = "Number of A/D Converters"; Value = "1"; VariantName = "[No Variations]"
Add component (AddParameter): Name = "Number of Bits"; Value = "16"; VariantName = "[No Variations]"
Add component (AddParameter): Name = "Number of Inputs"; Value = "4, 8"; VariantName = "[No Variations]"
Add component (AddParameter): Name = "Operating Temperature"; Value = "-40°C ~ 85°C"; VariantName = "[No Variations]"
Add component (AddParameter): Name = "Package / Case"; Value = "24-TSSOP (0.173", 4.40mm Width)"; VariantName = "[No Variations]"
Add component (AddParameter): Name = "Packaging"; Value = "Tube"; VariantName = "[No Variations]"
Add component (AddParameter): Name = "Part Status"; Value = "Active"; VariantName = "[No Variations]"
Add component (AddParameter): Name = "Pricing 1"; Value = "1=13.94, 10=13.24, 50=13.16 (USD)"; VariantName = "[No Variations]"
Add component (AddParameter): Name = "Ratio - S/H:ADC"; Value = "1:1"; VariantName = "[No Variations]"
Add component (AddParameter): Name = "Reference Type"; Value = "External, Internal"; VariantName = "[No Variations]"
Add component (AddParameter): Name = "RoHS 1"; Value = "RoHS Compliant"; VariantName = "[No Variations]"
Add component (AddParameter): Name = "Sampling Rate (Per Second)"; Value = "115k"; VariantName = "[No Variations]"
Add component (AddParameter): Name = "Stock 1"; Value = "1553"; VariantName = "[No Variations]"
Add component (AddParameter): Name = "Supplier 1"; Value = "Digi-Key"; VariantName = "[No Variations]"
Add component (AddParameter): Name = "Supplier 2"; Value = "Mouser"; VariantName = "[No Variations]"
Add component (AddParameter): Name = "Supplier Device Package"; Value = "24-TSSOP"; VariantName = "[No Variations]"
Add component (AddParameter): Name = "Supplier Part Number 1"; Value = "MAX1300AEUG+-ND"; VariantName = "[No Variations]"
Add component (AddParameter): Name = "Supplier Part Number 2"; Value = "700-MAX1300AEUG+"; VariantName = "[No Variations]"
Add component (AddParameter): Name = "Voltage - Supply, Analog"; Value = "5V"; VariantName = "[No Variations]"
Add component (AddParameter): Name = "Voltage - Supply, Digital"; Value = "5V"; VariantName = "[No Variations]"
Added Pin To Net: NetName=+5 Pin=U5-1
Added Pin To Net: NetName=CH0 Pin=U5-2
Added Pin To Net: NetName=CH1 Pin=U5-3
Added Pin To Net: NetName=CH2 Pin=U5-4
Added Pin To Net: NetName=Thermistor 1 Pin=U5-5
Added Pin To Net: NetName=Thermistor 2 Pin=U5-6
Added Pin To Net: NetName=Thermistor 3 Pin=U5-7
Added Pin To Net: NetName=Thermistor 4 Pin=U5-8
Added Pin To Net: NetName=Thermistor 5 Pin=U5-9
Added Pin To Net: NetName=SPI0_CS0 Pin=U5-10
Added Pin To Net: NetName=SPI0_MOSI Pin=U5-11
Added Pin To Net: NetName=NetU5_12 Pin=U5-12
Added Pin To Net: NetName=SPI0_SCLK Pin=U5-13
Added Pin To Net: NetName=SPI0_MISO Pin=U5-14
Added Pin To Net: NetName=DGND Pin=U5-15
Added Pin To Net: NetName=DGND Pin=U5-16
Added Pin To Net: NetName=+3.3 Pin=U5-17
Added Pin To Net: NetName=+3.3 Pin=U5-18
Added Pin To Net: NetName=NetC20_1 Pin=U5-19
Added Pin To Net: NetName=NetC18_1 Pin=U5-20
Added Pin To Net: NetName=AGND Pin=U5-21
Added Pin To Net: NetName=+5 Pin=U5-22
Added Pin To Net: NetName=AGND Pin=U5-23
Added Pin To Net: NetName=AGND Pin=U5-24
Added Member To Class: ClassName=ADC Member=Component U5 MAX1300AEUG
Added Room: Name=ADC
