Removed Pin From Net: NetName=+5 Pin=C9-1
Removed Pin From Net: NetName=GND Pin=C11-1
Removed Pin From Net: NetName=+5 Pin=C11-2
Removed Pin From Net: NetName=GND Pin=C30-1
Removed Pin From Net: NetName=+5 BBB Pin=C30-2
Change Component Footprint: Designator=C9 Old Footprint=CAPC1812(4532)230_M New Footprint=CAPC0805(2012)145_N
Change Component Footprint: Designator=C11 Old Footprint=CAPC1812(4532)230_M New Footprint=CAPC0805(2012)145_N
Change Component Footprint: Designator=C30 Old Footprint=CAPC1812(4532)230_M New Footprint=CAPC0805(2012)145_N
Change Component Comment : Designator=C11 Old Comment=CAP CER 470PF 3KV X7R 1812 New Comment=10uF
Change Component Comment : Designator=C30 Old Comment=CAP CER 470PF 3KV X7R 1812 New Comment=10uF
Change Component Comment : Designator=C9 Old Comment=CAP CER 470PF 3KV X7R 1812 New Comment=.01uF
Change Component Comment : Designator=U13 Old Comment=LT1763CS8-5#PBF New Comment=LT1763CS8-5#TRPBF  
Change component parameters: Designator = "C9"; Footprint = "CAPC0805(2012)145_N"; UniqueID = "\AKTRFNEV"
Change component parameters. Clean all parameters for all variants
Change component parameters (AddParameter): Name = "Applications"; Value = "Automotive"; VariantName = "[No Variations]"
Change component parameters (AddParameter): Name = "Category"; Value = "Capacitors"; VariantName = "[No Variations]"
Change component parameters (AddParameter): Name = "ComponentLink1Description"; Value = "http://www.yageo.com/NewPortal/_en/search/productDocs.jsp?YageoPartNumber=AC0805KRX7R7BB103"; VariantName = "[No Variations]"
Change component parameters (AddParameter): Name = "ComponentLink1URL"; Value = "http://www.yageo.com/NewPortal/_en/search/productDocs.jsp?YageoPartNumber=AC0805KRX7R7BB103"; VariantName = "[No Variations]"
Change component parameters (AddParameter): Name = "Failure Rate"; Value = "-"; VariantName = "[No Variations]"
Change component parameters (AddParameter): Name = "Features"; Value = "-"; VariantName = "[No Variations]"
Change component parameters (AddParameter): Name = "Height - Seated (Max)"; Value = "-"; VariantName = "[No Variations]"
Change component parameters (AddParameter): Name = "Lead Spacing"; Value = "-"; VariantName = "[No Variations]"
Change component parameters (AddParameter): Name = "Lead Style"; Value = "-"; VariantName = "[No Variations]"
Change component parameters (AddParameter): Name = "Manufacturer"; Value = "Yageo"; VariantName = "[No Variations]"
Change component parameters (AddParameter): Name = "Manufacturer Part Number"; Value = "AC0805KRX7R7BB103"; VariantName = "[No Variations]"
Change component parameters (AddParameter): Name = "Mounting Type"; Value = "Surface Mount, MLCC"; VariantName = "[No Variations]"
Change component parameters (AddParameter): Name = "Operating Temperature"; Value = "-55°C ~ 125°C"; VariantName = "[No Variations]"
Change component parameters (AddParameter): Name = "Package / Case"; Value = "0805 (2012 Metric)"; VariantName = "[No Variations]"
Change component parameters (AddParameter): Name = "Packaging"; Value = "Digi-Reel®"; VariantName = "[No Variations]"
Change component parameters (AddParameter): Name = "Part Status"; Value = "Active"; VariantName = "[No Variations]"
Change component parameters (AddParameter): Name = "Pricing 1"; Value = "1=0.22, 10=0.158, 100=0.0745, 500=0.05224, 1000=0.04324 (USD)"; VariantName = "[No Variations]"
Change component parameters (AddParameter): Name = "Ratings"; Value = "AEC-Q200"; VariantName = "[No Variations]"
Change component parameters (AddParameter): Name = "RoHS"; Value = "RoHS Compliant"; VariantName = "[No Variations]"
Change component parameters (AddParameter): Name = "Size / Dimension"; Value = "0.079" L x 0.049" W (2.00mm x 1.25mm)"; VariantName = "[No Variations]"
Change component parameters (AddParameter): Name = "Stock 1"; Value = "311"; VariantName = "[No Variations]"
Change component parameters (AddParameter): Name = "Supplier 1"; Value = "Digi-Key"; VariantName = "[No Variations]"
Change component parameters (AddParameter): Name = "Supplier Part Number 1"; Value = "311-3161-6-ND"; VariantName = "[No Variations]"
Change component parameters (AddParameter): Name = "Temperature Coefficient"; Value = "X7R"; VariantName = "[No Variations]"
Change component parameters (AddParameter): Name = "Thickness (Max)"; Value = "0.037" (0.95mm)"; VariantName = "[No Variations]"
Change component parameters (AddParameter): Name = "Tolerance"; Value = "±10%"; VariantName = "[No Variations]"
Change component parameters (AddParameter): Name = "Voltage - Rated"; Value = "16V"; VariantName = "[No Variations]"
Change component parameters: Designator = "C11"; Footprint = "CAPC0805(2012)145_N"; UniqueID = "\IDIAMIFU"
Change component parameters. Clean all parameters for all variants
Change component parameters (AddParameter): Name = "Applications"; Value = "General Purpose"; VariantName = "[No Variations]"
Change component parameters (AddParameter): Name = "Category"; Value = "Capacitors"; VariantName = "[No Variations]"
Change component parameters (AddParameter): Name = "ComponentLink1Description"; Value = "http://www.yageo.com/documents/recent/UPY-GPHC_X7R_6.3V-to-50V_18.pdf"; VariantName = "[No Variations]"
Change component parameters (AddParameter): Name = "ComponentLink1URL"; Value = "http://www.yageo.com/documents/recent/UPY-GPHC_X7R_6.3V-to-50V_18.pdf"; VariantName = "[No Variations]"
Change component parameters (AddParameter): Name = "Failure Rate"; Value = "-"; VariantName = "[No Variations]"
Change component parameters (AddParameter): Name = "Features"; Value = "-"; VariantName = "[No Variations]"
Change component parameters (AddParameter): Name = "Height - Seated (Max)"; Value = "-"; VariantName = "[No Variations]"
Change component parameters (AddParameter): Name = "Lead Spacing"; Value = "-"; VariantName = "[No Variations]"
Change component parameters (AddParameter): Name = "Lead Style"; Value = "-"; VariantName = "[No Variations]"
Change component parameters (AddParameter): Name = "Manufacturer"; Value = "Yageo"; VariantName = "[No Variations]"
Change component parameters (AddParameter): Name = "Manufacturer Part Number"; Value = "CC0805KKX7R6BB106"; VariantName = "[No Variations]"
Change component parameters (AddParameter): Name = "Mounting Type"; Value = "Surface Mount, MLCC"; VariantName = "[No Variations]"
Change component parameters (AddParameter): Name = "Notification"; Value = "Current market demand for these product types have resulted in fluctuating and extending lead times. Lead times may differ."; VariantName = "[No Variations]"
Change component parameters (AddParameter): Name = "Operating Temperature"; Value = "-55°C ~ 125°C"; VariantName = "[No Variations]"
Change component parameters (AddParameter): Name = "Package / Case"; Value = "0805 (2012 Metric)"; VariantName = "[No Variations]"
Change component parameters (AddParameter): Name = "Packaging"; Value = "Digi-Reel®"; VariantName = "[No Variations]"
Change component parameters (AddParameter): Name = "Part Status"; Value = "Discontinued at Digi-Key"; VariantName = "[No Variations]"
Change component parameters (AddParameter): Name = "Pricing 1"; Value = "1=0.45 (USD)"; VariantName = "[No Variations]"
Change component parameters (AddParameter): Name = "Ratings"; Value = "-"; VariantName = "[No Variations]"
Change component parameters (AddParameter): Name = "RoHS"; Value = "RoHS Compliant"; VariantName = "[No Variations]"
Change component parameters (AddParameter): Name = "Size / Dimension"; Value = "0.079" L x 0.049" W (2.00mm x 1.25mm)"; VariantName = "[No Variations]"
Change component parameters (AddParameter): Name = "Stock 1"; Value = "0"; VariantName = "[No Variations]"
Change component parameters (AddParameter): Name = "Supplier 1"; Value = "Digi-Key"; VariantName = "[No Variations]"
Change component parameters (AddParameter): Name = "Supplier Part Number 1"; Value = "311-1879-6-ND"; VariantName = "[No Variations]"
Change component parameters (AddParameter): Name = "Temperature Coefficient"; Value = "X7R"; VariantName = "[No Variations]"
Change component parameters (AddParameter): Name = "Thickness (Max)"; Value = "0.057" (1.45mm)"; VariantName = "[No Variations]"
Change component parameters (AddParameter): Name = "Tolerance"; Value = "±10%"; VariantName = "[No Variations]"
Change component parameters (AddParameter): Name = "Voltage - Rated"; Value = "10V"; VariantName = "[No Variations]"
Change component parameters: Designator = "C30"; Footprint = "CAPC0805(2012)145_N"; UniqueID = "\HRNNBFVN"
Change component parameters. Clean all parameters for all variants
Change component parameters (AddParameter): Name = "Applications"; Value = "General Purpose"; VariantName = "[No Variations]"
Change component parameters (AddParameter): Name = "Category"; Value = "Capacitors"; VariantName = "[No Variations]"
Change component parameters (AddParameter): Name = "ComponentLink1Description"; Value = "http://www.yageo.com/documents/recent/UPY-GPHC_X7R_6.3V-to-50V_18.pdf"; VariantName = "[No Variations]"
Change component parameters (AddParameter): Name = "ComponentLink1URL"; Value = "http://www.yageo.com/documents/recent/UPY-GPHC_X7R_6.3V-to-50V_18.pdf"; VariantName = "[No Variations]"
Change component parameters (AddParameter): Name = "Failure Rate"; Value = "-"; VariantName = "[No Variations]"
Change component parameters (AddParameter): Name = "Features"; Value = "-"; VariantName = "[No Variations]"
Change component parameters (AddParameter): Name = "Height - Seated (Max)"; Value = "-"; VariantName = "[No Variations]"
Change component parameters (AddParameter): Name = "Lead Spacing"; Value = "-"; VariantName = "[No Variations]"
Change component parameters (AddParameter): Name = "Lead Style"; Value = "-"; VariantName = "[No Variations]"
Change component parameters (AddParameter): Name = "Manufacturer"; Value = "Yageo"; VariantName = "[No Variations]"
Change component parameters (AddParameter): Name = "Manufacturer Part Number"; Value = "CC0805KKX7R6BB106"; VariantName = "[No Variations]"
Change component parameters (AddParameter): Name = "Mounting Type"; Value = "Surface Mount, MLCC"; VariantName = "[No Variations]"
Change component parameters (AddParameter): Name = "Notification"; Value = "Current market demand for these product types have resulted in fluctuating and extending lead times. Lead times may differ."; VariantName = "[No Variations]"
Change component parameters (AddParameter): Name = "Operating Temperature"; Value = "-55°C ~ 125°C"; VariantName = "[No Variations]"
Change component parameters (AddParameter): Name = "Package / Case"; Value = "0805 (2012 Metric)"; VariantName = "[No Variations]"
Change component parameters (AddParameter): Name = "Packaging"; Value = "Digi-Reel®"; VariantName = "[No Variations]"
Change component parameters (AddParameter): Name = "Part Status"; Value = "Discontinued at Digi-Key"; VariantName = "[No Variations]"
Change component parameters (AddParameter): Name = "Pricing 1"; Value = "1=0.45 (USD)"; VariantName = "[No Variations]"
Change component parameters (AddParameter): Name = "Ratings"; Value = "-"; VariantName = "[No Variations]"
Change component parameters (AddParameter): Name = "RoHS"; Value = "RoHS Compliant"; VariantName = "[No Variations]"
Change component parameters (AddParameter): Name = "Size / Dimension"; Value = "0.079" L x 0.049" W (2.00mm x 1.25mm)"; VariantName = "[No Variations]"
Change component parameters (AddParameter): Name = "Stock 1"; Value = "0"; VariantName = "[No Variations]"
Change component parameters (AddParameter): Name = "Supplier 1"; Value = "Digi-Key"; VariantName = "[No Variations]"
Change component parameters (AddParameter): Name = "Supplier Part Number 1"; Value = "311-1879-6-ND"; VariantName = "[No Variations]"
Change component parameters (AddParameter): Name = "Temperature Coefficient"; Value = "X7R"; VariantName = "[No Variations]"
Change component parameters (AddParameter): Name = "Thickness (Max)"; Value = "0.057" (1.45mm)"; VariantName = "[No Variations]"
Change component parameters (AddParameter): Name = "Tolerance"; Value = "±10%"; VariantName = "[No Variations]"
Change component parameters (AddParameter): Name = "Voltage - Rated"; Value = "10V"; VariantName = "[No Variations]"
Change component parameters: Designator = "U13"; Footprint = "LT-S8-8_L"; UniqueID = "\AHDKUJVK"
Change component parameters. Clean all parameters for all variants
Change component parameters (AddParameter): Name = "Base Part Number"; Value = "LT1763"; VariantName = "[No Variations]"
Change component parameters (AddParameter): Name = "Category"; Value = "Integrated Circuits (ICs)"; VariantName = "[No Variations]"
Change component parameters (AddParameter): Name = "ComponentLink1Description"; Value = "http://www.linear.com/docs/3903"; VariantName = "[No Variations]"
Change component parameters (AddParameter): Name = "ComponentLink1URL"; Value = "http://www.linear.com/docs/3903"; VariantName = "[No Variations]"
Change component parameters (AddParameter): Name = "Control Features"; Value = "Enable"; VariantName = "[No Variations]"
Change component parameters (AddParameter): Name = "Current - Output"; Value = "500mA"; VariantName = "[No Variations]"
Change component parameters (AddParameter): Name = "Manufacturer"; Value = "Linear Technology/Analog Devices"; VariantName = "[No Variations]"
Change component parameters (AddParameter): Name = "Manufacturer Part Number"; Value = "LT1763CS8-5#TRPBF"; VariantName = "[No Variations]"
Change component parameters (AddParameter): Name = "Mounting Type"; Value = "Surface Mount"; VariantName = "[No Variations]"
Change component parameters (AddParameter): Name = "Operating Temperature"; Value = "-40°C ~ 125°C"; VariantName = "[No Variations]"
Change component parameters (AddParameter): Name = "Output Configuration"; Value = "Positive"; VariantName = "[No Variations]"
Change component parameters (AddParameter): Name = "Output Type"; Value = "Fixed"; VariantName = "[No Variations]"
Change component parameters (AddParameter): Name = "Package / Case"; Value = "8-SOIC (0.154", 3.90mm Width)"; VariantName = "[No Variations]"
Change component parameters (AddParameter): Name = "Packaging"; Value = "Digi-Reel®"; VariantName = "[No Variations]"
Change component parameters (AddParameter): Name = "Part Status"; Value = "Active"; VariantName = "[No Variations]"
Change component parameters (AddParameter): Name = "Pricing 1"; Value = "1=4.88, 25=4.3568, 100=2.6316, 250=2.41232 (USD)"; VariantName = "[No Variations]"
Change component parameters (AddParameter): Name = "Protection Features"; Value = "Over Current, Over Temperature, Reverse Polarity"; VariantName = "[No Variations]"
Change component parameters (AddParameter): Name = "PSRR"; Value = "65dB (120Hz)"; VariantName = "[No Variations]"
Change component parameters (AddParameter): Name = "RoHS"; Value = "RoHS Compliant"; VariantName = "[No Variations]"
Change component parameters (AddParameter): Name = "Stock 1"; Value = "2002"; VariantName = "[No Variations]"
Change component parameters (AddParameter): Name = "Supplier 1"; Value = "Digi-Key"; VariantName = "[No Variations]"
Change component parameters (AddParameter): Name = "Supplier Device Package"; Value = "8-SOIC"; VariantName = "[No Variations]"
Change component parameters (AddParameter): Name = "Supplier Part Number 1"; Value = "LT1763CS8-5#TRPBFDKR-ND"; VariantName = "[No Variations]"
Change component parameters (AddParameter): Name = "Voltage - Input (Max)"; Value = "20V"; VariantName = "[No Variations]"
Change component parameters (AddParameter): Name = "Voltage - Output (Max)"; Value = "-"; VariantName = "[No Variations]"
Change component parameters (AddParameter): Name = "Voltage - Output (Min/Fixed)"; Value = "5V"; VariantName = "[No Variations]"
Change component parameters (AddParameter): Name = "Voltage Dropout (Max)"; Value = "0.45V @ 500mA"; VariantName = "[No Variations]"
Added Pin To Net: NetName=+5 Pin=C9-2
Added Pin To Net: NetName=+5 Pin=C11-1
Added Pin To Net: NetName=GND Pin=C11-2
Added Pin To Net: NetName=+5 BBB Pin=C30-1
Added Pin To Net: NetName=GND Pin=C30-2
Added Pin To Net: NetName=NetC9_1 Pin=C9-1
Added Pin To Net: NetName=NetC9_1 Pin=U13-4
Added Net: Name=NetC9_1
