Removed Pin From Net: NetName=GND Pin=C11-2
Removed Pin From Net: NetName=-5 Pin=C13-1
Removed Pin From Net: NetName=GND Pin=C13-2
Removed Pin From Net: NetName=GND Pin=C14-2
Removed Pin From Net: NetName=GND Pin=C25-1
Removed Pin From Net: NetName=+5 Pin=C25-2
Removed Pin From Net: NetName=GND Pin=C27-1
Removed Pin From Net: NetName=Power_IN Pin=C27-2
Removed Pin From Net: NetName=GND Pin=C28-2
Removed Pin From Net: NetName=+5 Pin=D2-2
Removed Pin From Net: NetName=-5 Pin=D3-1
Removed Pin From Net: NetName=Power_IN Pin=L2-2
Removed Pin From Net: NetName=GND Pin=L4-1
Removed Pin From Net: NetName=+5 Pin=R5-1
Removed Pin From Net: NetName=GND Pin=R5-2
Removed Pin From Net: NetName=-5 Pin=R7-1
Removed Pin From Net: NetName=GND Pin=U4-1
Removed Pin From Net: NetName=GND Pin=U4-4
Removed Pin From Net: NetName=+5 Pin=U4-7
Removed Pin From Net: NetName=NetR4_1 Pin=U4-12
Removed Pin From Net: NetName=GND Pin=U4-15
Removed Pin From Net: NetName=Power_IN Pin=U4-17
Removed Pin From Net: NetName=Power_IN Pin=U4-18
Removed Pin From Net: NetName=Power_IN Pin=U4-19
Removed Member From Class: ClassName=5R_Supply Member=C11
Removed Member From Class: ClassName=5R_Supply Member=C13
Removed Member From Class: ClassName=5R_Supply Member=C14
Removed Member From Class: ClassName=5R_Supply Member=C27
Removed Member From Class: ClassName=5R_Supply Member=C28
Removed Member From Class: ClassName=5R_Supply Member=D2
Removed Member From Class: ClassName=5R_Supply Member=D3
Removed Member From Class: ClassName=5R_Supply Member=L2
Removed Member From Class: ClassName=5R_Supply Member=L3
Removed Member From Class: ClassName=5R_Supply Member=L4
Removed Member From Class: ClassName=5R_Supply Member=R3
Removed Member From Class: ClassName=5R_Supply Member=R5
Removed Member From Class: ClassName=5R_Supply Member=R6
Change Component Footprint: Designator=U4 Old Footprint=ADP5071AREZ-R7 New Footprint=LT-BGA-40-11250X6250X4920
Change Component Footprint: Designator=C25 Old Footprint=CAPC0805(2012)145_N New Footprint=CAPC1210(3225)100_N
Change Component Footprint: Designator=C12 Old Footprint=CAPC1210(3225)100_N New Footprint=CAPC1206(3216)110_N
Change Component Footprint: Designator=C26 Old Footprint=CAPC1210(3225)100_N New Footprint=CAPC1206(3216)130_N
Change Component Comment : Designator=C26 Old Comment= New Comment=CAP CER 10UF 6.3V X5R 1206
Change Component Comment : Designator=R4 Old Comment= New Comment=RES SMD 43K OHM 1% 1/8W 0805
Change Component Comment : Designator=R7 Old Comment= New Comment=RES SMD 43K OHM 1% 1/8W 0805
Change Component Comment : Designator=C25 Old Comment=100uF New Comment=
Change Component Comment : Designator=U4 Old Comment=ADP5071AREZ-R7 New Comment=LTM8045MPY#PBF
Change component parameters: Designator = "R4"; Footprint = "RESC0805(2012)_M"; UniqueID = "\NTWOWEAC"
Change component parameters. Clean all parameters for all variants
Change component parameters (AddParameter): Name = "Resistance (Ohms)"; Value = "130k"; VariantName = "[No Variations]"
Change component parameters: Designator = "R7"; Footprint = "RESC0805(2012)_M"; UniqueID = "\AIMDIVAG"
Change component parameters. Clean all parameters for all variants
Change component parameters (AddParameter): Name = "Resistance (Ohms)"; Value = "115k"; VariantName = "[No Variations]"
Change component parameters: Designator = "C12"; Footprint = "CAPC1206(3216)110_N"; UniqueID = "\KHQPIJTU"
Change component parameters. Clean all parameters for all variants
Change component parameters (AddParameter): Name = "Value"; Value = "4.7uF"; VariantName = "[No Variations]"
Change component parameters: Designator = "C25"; Footprint = "CAPC1210(3225)100_N"; UniqueID = "\HCMBPMIP"
Change component parameters. Clean all parameters for all variants
Change component parameters (AddParameter): Name = "Value"; Value = "100uF"; VariantName = "[No Variations]"
Change component parameters: Designator = "C26"; Footprint = "CAPC1206(3216)130_N"; UniqueID = "\FJRFEXVD"
Change component parameters. Clean all parameters for all variants
Change component parameters (AddParameter): Name = "Applications"; Value = "SMPS Filtering"; VariantName = "[No Variations]"
Change component parameters (AddParameter): Name = "Capacitance"; Value = "22pF"; VariantName = "[No Variations]"
Change component parameters (AddParameter): Name = "Category"; Value = "Capacitors"; VariantName = "[No Variations]"
Change component parameters (AddParameter): Name = "ComponentLink1Description"; Value = "http://ds.yuden.co.jp/TYCOMPAS/ut/detail.do?productNo=JMK316BJ106ML-T&fileName=JMK316BJ106ML-T_SS&mode=specSheetDownload"; VariantName = "[No Variations]"
Change component parameters (AddParameter): Name = "ComponentLink1URL"; Value = "http://ds.yuden.co.jp/TYCOMPAS/ut/detail.do?productNo=JMK316BJ106ML-T&fileName=JMK316BJ106ML-T_SS&mode=specSheetDownload"; VariantName = "[No Variations]"
Change component parameters (AddParameter): Name = "Failure Rate"; Value = "-"; VariantName = "[No Variations]"
Change component parameters (AddParameter): Name = "Features"; Value = "-"; VariantName = "[No Variations]"
Change component parameters (AddParameter): Name = "Height - Seated (Max)"; Value = "-"; VariantName = "[No Variations]"
Change component parameters (AddParameter): Name = "Lead Spacing"; Value = "-"; VariantName = "[No Variations]"
Change component parameters (AddParameter): Name = "Lead Style"; Value = "-"; VariantName = "[No Variations]"
Change component parameters (AddParameter): Name = "Manufacturer"; Value = "Taiyo Yuden"; VariantName = "[No Variations]"
Change component parameters (AddParameter): Name = "Manufacturer Part Number"; Value = "JMK316BJ106ML-T"; VariantName = "[No Variations]"
Change component parameters (AddParameter): Name = "Mounting Type"; Value = "Surface Mount, MLCC"; VariantName = "[No Variations]"
Change component parameters (AddParameter): Name = "Notification"; Value = "Current market demand for these product types have resulted in fluctuating and extending lead times. Lead times may differ."; VariantName = "[No Variations]"
Change component parameters (AddParameter): Name = "Operating Temperature"; Value = "-55°C ~ 85°C"; VariantName = "[No Variations]"
Change component parameters (AddParameter): Name = "Package / Case"; Value = "1206 (3216 Metric)"; VariantName = "[No Variations]"
Change component parameters (AddParameter): Name = "Packaging"; Value = "Cut Tape (CT)"; VariantName = "[No Variations]"
Change component parameters (AddParameter): Name = "Part Status"; Value = "Active"; VariantName = "[No Variations]"
Change component parameters (AddParameter): Name = "Pricing 1"; Value = "1=0.24, 10=0.161, 100=0.0817, 500=0.05592, 1000=0.04946 (USD)"; VariantName = "[No Variations]"
Change component parameters (AddParameter): Name = "Ratings"; Value = "-"; VariantName = "[No Variations]"
Change component parameters (AddParameter): Name = "RoHS"; Value = "RoHS Compliant"; VariantName = "[No Variations]"
Change component parameters (AddParameter): Name = "Size / Dimension"; Value = "0.126" L x 0.063" W (3.20mm x 1.60mm)"; VariantName = "[No Variations]"
Change component parameters (AddParameter): Name = "Stock 1"; Value = "5600"; VariantName = "[No Variations]"
Change component parameters (AddParameter): Name = "Supplier 1"; Value = "Digi-Key"; VariantName = "[No Variations]"
Change component parameters (AddParameter): Name = "Supplier Part Number 1"; Value = "587-5447-1-ND"; VariantName = "[No Variations]"
Change component parameters (AddParameter): Name = "Temperature Coefficient"; Value = "X5R"; VariantName = "[No Variations]"
Change component parameters (AddParameter): Name = "Thickness (Max)"; Value = "0.071" (1.80mm)"; VariantName = "[No Variations]"
Change component parameters (AddParameter): Name = "Tolerance"; Value = "±20%"; VariantName = "[No Variations]"
Change component parameters (AddParameter): Name = "Voltage - Rated"; Value = "6.3V"; VariantName = "[No Variations]"
Change component parameters: Designator = "U4"; Footprint = "LT-BGA-40-11250X6250X4920"; UniqueID = "\FOWNMTXS"
Change component parameters. Clean all parameters for all variants
Change component parameters (AddParameter): Name = "Code_JEDEC"; Value = "MS-028"; VariantName = "[No Variations]"
Change component parameters (AddParameter): Name = "ComponentLink1Description"; Value = "Manufacturer URL"; VariantName = "[No Variations]"
Change component parameters (AddParameter): Name = "ComponentLink1URL"; Value = "http://www.linear.com/"; VariantName = "[No Variations]"
Change component parameters (AddParameter): Name = "ComponentLink2Description"; Value = "Datasheet"; VariantName = "[No Variations]"
Change component parameters (AddParameter): Name = "ComponentLink2URL"; Value = "http://cds.linear.com/docs/en/datasheet/8045fa.pdf"; VariantName = "[No Variations]"
Change component parameters (AddParameter): Name = "ComponentLink3Description"; Value = "Package Specification"; VariantName = "[No Variations]"
Change component parameters (AddParameter): Name = "ComponentLink3URL"; Value = "http://cds.linear.com/docs/en/packaging/BGA_40_05-08-1867.pdf"; VariantName = "[No Variations]"
Change component parameters (AddParameter): Name = "DatasheetVersion"; Value = "Rev. A"; VariantName = "[No Variations]"
Change component parameters (AddParameter): Name = "Extended Temp"; Value = "E, I, MP"; VariantName = "[No Variations]"
Change component parameters (AddParameter): Name = "Frequency(kHz)"; Value = "2000"; VariantName = "[No Variations]"
Change component parameters (AddParameter): Name = "Frequency Adjust Range"; Value = "200kHz - 2MHz"; VariantName = "[No Variations]"
Change component parameters (AddParameter): Name = "Frequency Sync Range"; Value = "200kHz - 2MHz"; VariantName = "[No Variations]"
Change component parameters (AddParameter): Name = "Ishutdown(uA)"; Value = "1"; VariantName = "[No Variations]"
Change component parameters (AddParameter): Name = "Isupply(mA)"; Value = "10"; VariantName = "[No Variations]"
Change component parameters (AddParameter): Name = "Manufacturer"; Value = "Linear Technology"; VariantName = "[No Variations]"
Change component parameters (AddParameter): Name = "Mounting Technology"; Value = "Surface Mount"; VariantName = "[No Variations]"
Change component parameters (AddParameter): Name = "Number of Outputs"; Value = "1"; VariantName = "[No Variations]"
Change component parameters (AddParameter): Name = "PackageDescription"; Value = "40-Ball BGA, Body 11.25 x 6.25 mm, Pitch 1.27 mm"; VariantName = "[No Variations]"
Change component parameters (AddParameter): Name = "PackageReference"; Value = "BGA-40"; VariantName = "[No Variations]"
Change component parameters (AddParameter): Name = "PackageVersion"; Value = "Rev. Ã˜, 08/2010"; VariantName = "[No Variations]"
Change component parameters (AddParameter): Name = "Packing"; Value = "Tray"; VariantName = "[No Variations]"
Change component parameters (AddParameter): Name = "PartId"; Value = "1"; VariantName = "[No Variations]"
Change component parameters (AddParameter): Name = "PartNumber"; Value = "LTM8045MPY#PBF"; VariantName = "[No Variations]"
Change component parameters (AddParameter): Name = "RoHS"; Value = "TRUE"; VariantName = "[No Variations]"
Change component parameters (AddParameter): Name = "Switch Current(A)"; Value = "3"; VariantName = "[No Variations]"
Change component parameters (AddParameter): Name = "Synchronous"; Value = "no"; VariantName = "[No Variations]"
Change component parameters (AddParameter): Name = "Topology"; Value = "Sepic, Inverting"; VariantName = "[No Variations]"
Change component parameters (AddParameter): Name = "Tracking"; Value = "no"; VariantName = "[No Variations]"
Change component parameters (AddParameter): Name = "Vin Max(V)"; Value = "18"; VariantName = "[No Variations]"
Change component parameters (AddParameter): Name = "Vin Min(V)"; Value = "2.8"; VariantName = "[No Variations]"
Change component parameters (AddParameter): Name = "Vout Max(V)"; Value = "18"; VariantName = "[No Variations]"
Change component parameters (AddParameter): Name = "Vswitch Max(V)"; Value = "18"; VariantName = "[No Variations]"
Added Component: Designator=C17(CAPC1206(3216)130_N)
Add component. Clean all parameters for all variants
Add component (AddParameter): Name = "Applications"; Value = "SMPS Filtering"; VariantName = "[No Variations]"
Add component (AddParameter): Name = "Capacitance"; Value = "14.7uF"; VariantName = "[No Variations]"
Add component (AddParameter): Name = "Category"; Value = "Capacitors"; VariantName = "[No Variations]"
Add component (AddParameter): Name = "ComponentLink1Description"; Value = "http://ds.yuden.co.jp/TYCOMPAS/ut/detail.do?productNo=JMK316BJ106ML-T&fileName=JMK316BJ106ML-T_SS&mode=specSheetDownload"; VariantName = "[No Variations]"
Add component (AddParameter): Name = "ComponentLink1URL"; Value = "http://ds.yuden.co.jp/TYCOMPAS/ut/detail.do?productNo=JMK316BJ106ML-T&fileName=JMK316BJ106ML-T_SS&mode=specSheetDownload"; VariantName = "[No Variations]"
Add component (AddParameter): Name = "Failure Rate"; Value = "-"; VariantName = "[No Variations]"
Add component (AddParameter): Name = "Features"; Value = "-"; VariantName = "[No Variations]"
Add component (AddParameter): Name = "Height - Seated (Max)"; Value = "-"; VariantName = "[No Variations]"
Add component (AddParameter): Name = "Lead Spacing"; Value = "-"; VariantName = "[No Variations]"
Add component (AddParameter): Name = "Lead Style"; Value = "-"; VariantName = "[No Variations]"
Add component (AddParameter): Name = "Manufacturer"; Value = "Taiyo Yuden"; VariantName = "[No Variations]"
Add component (AddParameter): Name = "Manufacturer Part Number"; Value = "JMK316BJ106ML-T"; VariantName = "[No Variations]"
Add component (AddParameter): Name = "Mounting Type"; Value = "Surface Mount, MLCC"; VariantName = "[No Variations]"
Add component (AddParameter): Name = "Notification"; Value = "Current market demand for these product types have resulted in fluctuating and extending lead times. Lead times may differ."; VariantName = "[No Variations]"
Add component (AddParameter): Name = "Operating Temperature"; Value = "-55°C ~ 85°C"; VariantName = "[No Variations]"
Add component (AddParameter): Name = "Package / Case"; Value = "1206 (3216 Metric)"; VariantName = "[No Variations]"
Add component (AddParameter): Name = "Packaging"; Value = "Cut Tape (CT)"; VariantName = "[No Variations]"
Add component (AddParameter): Name = "Part Status"; Value = "Active"; VariantName = "[No Variations]"
Add component (AddParameter): Name = "Pricing 1"; Value = "1=0.24, 10=0.161, 100=0.0817, 500=0.05592, 1000=0.04946 (USD)"; VariantName = "[No Variations]"
Add component (AddParameter): Name = "Ratings"; Value = "-"; VariantName = "[No Variations]"
Add component (AddParameter): Name = "RoHS"; Value = "RoHS Compliant"; VariantName = "[No Variations]"
Add component (AddParameter): Name = "Size / Dimension"; Value = "0.126" L x 0.063" W (3.20mm x 1.60mm)"; VariantName = "[No Variations]"
Add component (AddParameter): Name = "Stock 1"; Value = "5600"; VariantName = "[No Variations]"
Add component (AddParameter): Name = "Supplier 1"; Value = "Digi-Key"; VariantName = "[No Variations]"
Add component (AddParameter): Name = "Supplier Part Number 1"; Value = "587-5447-1-ND"; VariantName = "[No Variations]"
Add component (AddParameter): Name = "Temperature Coefficient"; Value = "X5R"; VariantName = "[No Variations]"
Add component (AddParameter): Name = "Thickness (Max)"; Value = "0.071" (1.80mm)"; VariantName = "[No Variations]"
Add component (AddParameter): Name = "Tolerance"; Value = "±20%"; VariantName = "[No Variations]"
Add component (AddParameter): Name = "Voltage - Rated"; Value = "6.3V"; VariantName = "[No Variations]"
Added Component: Designator=R19(RESC0805(2012)_M)
Add component. Clean all parameters for all variants
Add component (AddParameter): Name = "Resistance (Ohms)"; Value = "45.3k"; VariantName = "[No Variations]"
Added Component: Designator=R20(RESC0805(2012)_M)
Add component. Clean all parameters for all variants
Add component (AddParameter): Name = "Resistance (Ohms)"; Value = "130k"; VariantName = "[No Variations]"
Added Component: Designator=R21(RESC0805(2012)_M)
Add component. Clean all parameters for all variants
Add component (AddParameter): Name = "Resistance (Ohms)"; Value = "130k"; VariantName = "[No Variations]"
Added Component: Designator=R22(RESC0805(2012)_M)
Add component. Clean all parameters for all variants
Add component (AddParameter): Name = "Resistance (Ohms)"; Value = "130k"; VariantName = "[No Variations]"
Added Component: Designator=U11(LT-BGA-40-11250X6250X4920)
Add component. Clean all parameters for all variants
Add component (AddParameter): Name = "Code_JEDEC"; Value = "MS-028"; VariantName = "[No Variations]"
Add component (AddParameter): Name = "ComponentLink1Description"; Value = "Manufacturer URL"; VariantName = "[No Variations]"
Add component (AddParameter): Name = "ComponentLink1URL"; Value = "http://www.linear.com/"; VariantName = "[No Variations]"
Add component (AddParameter): Name = "ComponentLink2Description"; Value = "Datasheet"; VariantName = "[No Variations]"
Add component (AddParameter): Name = "ComponentLink2URL"; Value = "http://cds.linear.com/docs/en/datasheet/8045fa.pdf"; VariantName = "[No Variations]"
Add component (AddParameter): Name = "ComponentLink3Description"; Value = "Package Specification"; VariantName = "[No Variations]"
Add component (AddParameter): Name = "ComponentLink3URL"; Value = "http://cds.linear.com/docs/en/packaging/BGA_40_05-08-1867.pdf"; VariantName = "[No Variations]"
Add component (AddParameter): Name = "DatasheetVersion"; Value = "Rev. A"; VariantName = "[No Variations]"
Add component (AddParameter): Name = "Extended Temp"; Value = "E, I, MP"; VariantName = "[No Variations]"
Add component (AddParameter): Name = "Frequency(kHz)"; Value = "2000"; VariantName = "[No Variations]"
Add component (AddParameter): Name = "Frequency Adjust Range"; Value = "200kHz - 2MHz"; VariantName = "[No Variations]"
Add component (AddParameter): Name = "Frequency Sync Range"; Value = "200kHz - 2MHz"; VariantName = "[No Variations]"
Add component (AddParameter): Name = "Ishutdown(uA)"; Value = "1"; VariantName = "[No Variations]"
Add component (AddParameter): Name = "Isupply(mA)"; Value = "10"; VariantName = "[No Variations]"
Add component (AddParameter): Name = "Manufacturer"; Value = "Linear Technology"; VariantName = "[No Variations]"
Add component (AddParameter): Name = "Mounting Technology"; Value = "Surface Mount"; VariantName = "[No Variations]"
Add component (AddParameter): Name = "Number of Outputs"; Value = "1"; VariantName = "[No Variations]"
Add component (AddParameter): Name = "PackageDescription"; Value = "40-Ball BGA, Body 11.25 x 6.25 mm, Pitch 1.27 mm"; VariantName = "[No Variations]"
Add component (AddParameter): Name = "PackageReference"; Value = "BGA-40"; VariantName = "[No Variations]"
Add component (AddParameter): Name = "PackageVersion"; Value = "Rev. Ã˜, 08/2010"; VariantName = "[No Variations]"
Add component (AddParameter): Name = "Packing"; Value = "Tray"; VariantName = "[No Variations]"
Add component (AddParameter): Name = "PartId"; Value = "1"; VariantName = "[No Variations]"
Add component (AddParameter): Name = "PartNumber"; Value = "LTM8045MPY#PBF"; VariantName = "[No Variations]"
Add component (AddParameter): Name = "RoHS"; Value = "TRUE"; VariantName = "[No Variations]"
Add component (AddParameter): Name = "Switch Current(A)"; Value = "3"; VariantName = "[No Variations]"
Add component (AddParameter): Name = "Synchronous"; Value = "no"; VariantName = "[No Variations]"
Add component (AddParameter): Name = "Topology"; Value = "Sepic, Inverting"; VariantName = "[No Variations]"
Add component (AddParameter): Name = "Tracking"; Value = "no"; VariantName = "[No Variations]"
Add component (AddParameter): Name = "Vin Max(V)"; Value = "18"; VariantName = "[No Variations]"
Add component (AddParameter): Name = "Vin Min(V)"; Value = "2.8"; VariantName = "[No Variations]"
Add component (AddParameter): Name = "Vout Max(V)"; Value = "18"; VariantName = "[No Variations]"
Add component (AddParameter): Name = "Vswitch Max(V)"; Value = "18"; VariantName = "[No Variations]"
Added Pin To Net: NetName=GND Pin=C12-1
Added Pin To Net: NetName=Power_IN Pin=C12-2
Added Pin To Net: NetName=GND Pin=C17-1
Added Pin To Net: NetName=Power_IN Pin=C17-2
Added Pin To Net: NetName=+5 Pin=C25-1
Added Pin To Net: NetName=GND Pin=C25-2
Added Pin To Net: NetName=-5 Pin=C26-2
Added Pin To Net: NetName=-5 Pin=R4-2
Added Pin To Net: NetName=GND Pin=R7-1
Added Pin To Net: NetName=+5 Pin=R19-1
Added Pin To Net: NetName=GND Pin=R20-1
Added Pin To Net: NetName=GND Pin=R21-1
Added Pin To Net: NetName=GND Pin=R22-1
Added Pin To Net: NetName=+5 Pin=U4-A1
Added Pin To Net: NetName=+5 Pin=U4-A2
Added Pin To Net: NetName=GND Pin=U4-A4
Added Pin To Net: NetName=GND Pin=U4-A5
Added Pin To Net: NetName=+5 Pin=U4-B1
Added Pin To Net: NetName=+5 Pin=U4-B2
Added Pin To Net: NetName=GND Pin=U4-B3
Added Pin To Net: NetName=GND Pin=U4-B4
Added Pin To Net: NetName=GND Pin=U4-B5
Added Pin To Net: NetName=GND Pin=U4-C1
Added Pin To Net: NetName=GND Pin=U4-C2
Added Pin To Net: NetName=GND Pin=U4-C3
Added Pin To Net: NetName=GND Pin=U4-C4
Added Pin To Net: NetName=GND Pin=U4-C5
Added Pin To Net: NetName=GND Pin=U4-D1
Added Pin To Net: NetName=GND Pin=U4-D2
Added Pin To Net: NetName=GND Pin=U4-D3
Added Pin To Net: NetName=GND Pin=U4-D4
Added Pin To Net: NetName=GND Pin=U4-D5
Added Pin To Net: NetName=GND Pin=U4-E1
Added Pin To Net: NetName=GND Pin=U4-E2
Added Pin To Net: NetName=GND Pin=U4-E3
Added Pin To Net: NetName=GND Pin=U4-E4
Added Pin To Net: NetName=GND Pin=U4-E5
Added Pin To Net: NetName=GND Pin=U4-F2
Added Pin To Net: NetName=GND Pin=U4-F3
Added Pin To Net: NetName=GND Pin=U4-F4
Added Pin To Net: NetName=GND Pin=U4-F5
Added Pin To Net: NetName=GND Pin=U4-G2
Added Pin To Net: NetName=Power_IN Pin=U4-G4
Added Pin To Net: NetName=Power_IN Pin=U4-G5
Added Pin To Net: NetName=GND Pin=U4-H1
Added Pin To Net: NetName=GND Pin=U4-H2
Added Pin To Net: NetName=GND Pin=U4-H3
Added Pin To Net: NetName=Power_IN Pin=U4-H4
Added Pin To Net: NetName=Power_IN Pin=U4-H5
Added Pin To Net: NetName=GND Pin=U11-A1
Added Pin To Net: NetName=GND Pin=U11-A2
Added Pin To Net: NetName=NetR4_1 Pin=U11-A3
Added Pin To Net: NetName=-5 Pin=U11-A4
Added Pin To Net: NetName=-5 Pin=U11-A5
Added Pin To Net: NetName=GND Pin=U11-B1
Added Pin To Net: NetName=GND Pin=U11-B2
Added Pin To Net: NetName=GND Pin=U11-B3
Added Pin To Net: NetName=-5 Pin=U11-B4
Added Pin To Net: NetName=-5 Pin=U11-B5
Added Pin To Net: NetName=GND Pin=U11-C1
Added Pin To Net: NetName=GND Pin=U11-C2
Added Pin To Net: NetName=GND Pin=U11-C3
Added Pin To Net: NetName=GND Pin=U11-C4
Added Pin To Net: NetName=GND Pin=U11-C5
Added Pin To Net: NetName=GND Pin=U11-D1
Added Pin To Net: NetName=GND Pin=U11-D2
Added Pin To Net: NetName=GND Pin=U11-D3
Added Pin To Net: NetName=GND Pin=U11-D4
Added Pin To Net: NetName=GND Pin=U11-D5
Added Pin To Net: NetName=GND Pin=U11-E1
Added Pin To Net: NetName=GND Pin=U11-E2
Added Pin To Net: NetName=GND Pin=U11-E3
Added Pin To Net: NetName=GND Pin=U11-E4
Added Pin To Net: NetName=GND Pin=U11-E5
Added Pin To Net: NetName=GND Pin=U11-F2
Added Pin To Net: NetName=GND Pin=U11-F3
Added Pin To Net: NetName=GND Pin=U11-F4
Added Pin To Net: NetName=GND Pin=U11-F5
Added Pin To Net: NetName=GND Pin=U11-G2
Added Pin To Net: NetName=Power_IN Pin=U11-G4
Added Pin To Net: NetName=Power_IN Pin=U11-G5
Added Pin To Net: NetName=GND Pin=U11-H1
Added Pin To Net: NetName=GND Pin=U11-H2
Added Pin To Net: NetName=GND Pin=U11-H3
Added Pin To Net: NetName=Power_IN Pin=U11-H4
Added Pin To Net: NetName=Power_IN Pin=U11-H5
Added Pin To Net: NetName=NetR7_2 Pin=R7-2
Added Pin To Net: NetName=NetR7_2 Pin=R20-2
Added Pin To Net: NetName=NetR7_2 Pin=U4-G3
Added Pin To Net: NetName=NetR7_2 Pin=U11-G3
Added Net: Name=NetR7_2
Added Pin To Net: NetName=NetR19_2 Pin=R19-2
Added Pin To Net: NetName=NetR19_2 Pin=U4-A3
Added Net: Name=NetR19_2
Added Pin To Net: NetName=NetR21_2 Pin=R21-2
Added Pin To Net: NetName=NetR21_2 Pin=U4-G1
Added Net: Name=NetR21_2
Added Pin To Net: NetName=NetR22_2 Pin=R22-2
Added Pin To Net: NetName=NetR22_2 Pin=U11-G1
Added Net: Name=NetR22_2
Added Member To Class: ClassName=5R_Supply Member=Component C17 CAP CER 10UF 6.3V X5R 1206
Added Member To Class: ClassName=5R_Supply Member=Component R19 
Added Member To Class: ClassName=5R_Supply Member=Component R20 RES SMD 43K OHM 1% 1/8W 0805
Added Member To Class: ClassName=5R_Supply Member=Component R21 RES SMD 43K OHM 1% 1/8W 0805
Added Member To Class: ClassName=5R_Supply Member=Component R22 RES SMD 43K OHM 1% 1/8W 0805
Added Member To Class: ClassName=5R_Supply Member=Component U11 LTM8045MPY#PBF
