Removed Pin From Net: NetName=Power_IN Pin=U7-A1
Removed Pin From Net: NetName=Power_IN Pin=U7-A2
Removed Pin From Net: NetName=Power_IN Pin=U7-A3
Removed Pin From Net: NetName=Power_IN Pin=U7-A4
Removed Pin From Net: NetName=Power_IN Pin=U7-A5
Removed Pin From Net: NetName=RC Pin=U7-A10
Removed Pin From Net: NetName=Power_IN Pin=U7-B1
Removed Pin From Net: NetName=Power_IN Pin=U7-B2
Removed Pin From Net: NetName=Power_IN Pin=U7-B3
Removed Pin From Net: NetName=Power_IN Pin=U7-B4
Removed Pin From Net: NetName=Power_IN Pin=U7-B5
Removed Pin From Net: NetName=RC Pin=U7-B9
Removed Pin From Net: NetName=+12 Pin=U7-J1
Removed Pin From Net: NetName=+12 Pin=U7-J2
Removed Pin From Net: NetName=+12 Pin=U7-J3
Removed Pin From Net: NetName=+12 Pin=U7-J4
Removed Pin From Net: NetName=+12 Pin=U7-J5
Removed Pin From Net: NetName=+12 Pin=U7-J6
Removed Pin From Net: NetName=+12 Pin=U7-J7
Removed Pin From Net: NetName=+12 Pin=U7-J8
Removed Pin From Net: NetName=+12 Pin=U7-J9
Removed Pin From Net: NetName=+12 Pin=U7-J10
Removed Pin From Net: NetName=+12 Pin=U7-J11
Removed Pin From Net: NetName=+12 Pin=U7-K1
Removed Pin From Net: NetName=+12 Pin=U7-K2
Removed Pin From Net: NetName=+12 Pin=U7-K3
Removed Pin From Net: NetName=+12 Pin=U7-K4
Removed Pin From Net: NetName=+12 Pin=U7-K5
Removed Pin From Net: NetName=+12 Pin=U7-K6
Removed Pin From Net: NetName=+12 Pin=U7-K7
Removed Pin From Net: NetName=+12 Pin=U7-K8
Removed Pin From Net: NetName=+12 Pin=U7-K9
Removed Pin From Net: NetName=+12 Pin=U7-K10
Removed Pin From Net: NetName=+12 Pin=U7-K11
Removed Pin From Net: NetName=+12 Pin=U7-L1
Removed Pin From Net: NetName=+12 Pin=U7-L2
Removed Pin From Net: NetName=+12 Pin=U7-L3
Removed Pin From Net: NetName=+12 Pin=U7-L4
Removed Pin From Net: NetName=+12 Pin=U7-L5
Removed Pin From Net: NetName=+12 Pin=U7-L6
Removed Pin From Net: NetName=+12 Pin=U7-L7
Removed Pin From Net: NetName=+12 Pin=U7-L8
Removed Pin From Net: NetName=+12 Pin=U7-L9
Removed Pin From Net: NetName=+12 Pin=U7-L10
Removed Pin From Net: NetName=+12 Pin=U7-L11
Removed Pin From Net: NetName=+12 Pin=U7-M1
Removed Pin From Net: NetName=+12 Pin=U7-M2
Removed Pin From Net: NetName=+12 Pin=U7-M3
Removed Pin From Net: NetName=+12 Pin=U7-M4
Removed Pin From Net: NetName=+12 Pin=U7-M5
Removed Pin From Net: NetName=+12 Pin=U7-M6
Removed Pin From Net: NetName=+12 Pin=U7-M7
Removed Pin From Net: NetName=+12 Pin=U7-M8
Removed Pin From Net: NetName=+12 Pin=U7-M9
Removed Pin From Net: NetName=+12 Pin=U7-M10
Removed Pin From Net: NetName=+12 Pin=U7-M11
Change Component Footprint: Designator=U7 Old Footprint=LT-LGA-133-05-08-1884_V New Footprint=LT-BGA-121-15000X15000X4920
Change Component Comment : Designator=U7 Old Comment=LTM4613EV#PBF New Comment=LTM8055IY
Change component parameters: Designator = "U7"; Footprint = "LT-BGA-121-15000X15000X4920"; UniqueID = "\CSAVABGY"
Change component parameters. Clean all parameters for all variants
Change component parameters (AddParameter): Name = "Applications"; Value = "ITE(Commercial)"; VariantName = "[No Variations]"
Change component parameters (AddParameter): Name = "Category"; Value = "PowerSupplies-BoardMount"; VariantName = "[No Variations]"
Change component parameters (AddParameter): Name = "Current - Output (Max)"; Value = "8.5A"; VariantName = "[No Variations]"
Change component parameters (AddParameter): Name = "Datasheet URL"; Value = "http://cds.linear.com/docs/en/datasheet/8055fa.pdf"; VariantName = "[No Variations]"
Change component parameters (AddParameter): Name = "Datasheet Version"; Value = "Rev. A, 01/2016"; VariantName = "[No Variations]"
Change component parameters (AddParameter): Name = "Efficiency"; Value = "97.5%"; VariantName = "[No Variations]"
Change component parameters (AddParameter): Name = "Family"; Value = "DCDCConverters"; VariantName = "[No Variations]"
Change component parameters (AddParameter): Name = "Features"; Value = "OTP"; VariantName = "[No Variations]"
Change component parameters (AddParameter): Name = "Manufacturer"; Value = "LinearTechnology"; VariantName = "[No Variations]"
Change component parameters (AddParameter): Name = "Manufacturer URL"; Value = "http://www.linear.com/"; VariantName = "[No Variations]"
Change component parameters (AddParameter): Name = "Mounting Technology"; Value = "SurfaceMount"; VariantName = "[No Variations]"
Change component parameters (AddParameter): Name = "Mounting Type"; Value = "SurfaceMount"; VariantName = "[No Variations]"
Change component parameters (AddParameter): Name = "Number of Outputs"; Value = "1"; VariantName = "[No Variations]"
Change component parameters (AddParameter): Name = "Operating Temperature"; Value = "-40°C~125°C"; VariantName = "[No Variations]"
Change component parameters (AddParameter): Name = "Package / Case"; Value = "121-BGA"; VariantName = "[No Variations]"
Change component parameters (AddParameter): Name = "Package Description"; Value = "121-Ball BGA, Body 15 x 15 mm, Pitch 1.27 mm"; VariantName = "[No Variations]"
Change component parameters (AddParameter): Name = "Package Reference"; Value = "BGA-121"; VariantName = "[No Variations]"
Change component parameters (AddParameter): Name = "Package URL"; Value = "http://www.linear.com/docs/41075"; VariantName = "[No Variations]"
Change component parameters (AddParameter): Name = "Package Version"; Value = "Rev. A, 11/2012"; VariantName = "[No Variations]"
Change component parameters (AddParameter): Name = "Packaging"; Value = "Tray"; VariantName = "[No Variations]"
Change component parameters (AddParameter): Name = "PartId"; Value = "1"; VariantName = "[No Variations]"
Change component parameters (AddParameter): Name = "Power (Watts) - Manufacture Series"; Value = "-"; VariantName = "[No Variations]"
Change component parameters (AddParameter): Name = "Power (Watts) - Max"; Value = "-"; VariantName = "[No Variations]"
Change component parameters (AddParameter): Name = "Series"; Value = "µModule®"; VariantName = "[No Variations]"
Change component parameters (AddParameter): Name = "Type"; Value = "Non-IsolatedPoLModule"; VariantName = "[No Variations]"
Change component parameters (AddParameter): Name = "Voltage - Input (Max)"; Value = "36V"; VariantName = "[No Variations]"
Change component parameters (AddParameter): Name = "Voltage - Input (Min)"; Value = "5V"; VariantName = "[No Variations]"
Change component parameters (AddParameter): Name = "Voltage - Isolation"; Value = "-"; VariantName = "[No Variations]"
Change component parameters (AddParameter): Name = "Voltage - Output 1"; Value = "1.2~36V"; VariantName = "[No Variations]"
Change component parameters (AddParameter): Name = "Voltage - Output 2"; Value = "-"; VariantName = "[No Variations]"
Change component parameters (AddParameter): Name = "Voltage - Output 3"; Value = "-"; VariantName = "[No Variations]"
Added Pin To Net: NetName=+12 Pin=U7-A1
Added Pin To Net: NetName=+12 Pin=U7-A2
Added Pin To Net: NetName=+12 Pin=U7-A3
Added Pin To Net: NetName=+12 Pin=U7-A4
Added Pin To Net: NetName=+12 Pin=U7-A5
Added Pin To Net: NetName=+12 Pin=U7-A6
Added Pin To Net: NetName=GND Pin=U7-A7
Added Pin To Net: NetName=GND Pin=U7-A8
Added Pin To Net: NetName=GND Pin=U7-A9
Added Pin To Net: NetName=GND Pin=U7-A10
Added Pin To Net: NetName=GND Pin=U7-A11
Added Pin To Net: NetName=+12 Pin=U7-B1
Added Pin To Net: NetName=+12 Pin=U7-B2
Added Pin To Net: NetName=+12 Pin=U7-B3
Added Pin To Net: NetName=+12 Pin=U7-B4
Added Pin To Net: NetName=+12 Pin=U7-B5
Added Pin To Net: NetName=+12 Pin=U7-B6
Added Pin To Net: NetName=GND Pin=U7-B7
Added Pin To Net: NetName=GND Pin=U7-B8
Added Pin To Net: NetName=GND Pin=U7-B9
Added Pin To Net: NetName=GND Pin=U7-B10
Added Pin To Net: NetName=GND Pin=U7-B11
Added Pin To Net: NetName=+12 Pin=U7-C1
Added Pin To Net: NetName=+12 Pin=U7-C2
Added Pin To Net: NetName=+12 Pin=U7-C3
Added Pin To Net: NetName=+12 Pin=U7-C4
Added Pin To Net: NetName=+12 Pin=U7-C5
Added Pin To Net: NetName=+12 Pin=U7-C6
Added Pin To Net: NetName=GND Pin=U7-C7
Added Pin To Net: NetName=GND Pin=U7-C8
Added Pin To Net: NetName=GND Pin=U7-C9
Added Pin To Net: NetName=GND Pin=U7-C10
Added Pin To Net: NetName=GND Pin=U7-C11
Added Pin To Net: NetName=GND Pin=U7-D2
Added Pin To Net: NetName=GND Pin=U7-D3
Added Pin To Net: NetName=GND Pin=U7-D4
Added Pin To Net: NetName=GND Pin=U7-D5
Added Pin To Net: NetName=GND Pin=U7-D6
Added Pin To Net: NetName=GND Pin=U7-D7
Added Pin To Net: NetName=GND Pin=U7-D8
Added Pin To Net: NetName=GND Pin=U7-D9
Added Pin To Net: NetName=GND Pin=U7-D10
Added Pin To Net: NetName=GND Pin=U7-D11
Added Pin To Net: NetName=GND Pin=U7-E1
Added Pin To Net: NetName=GND Pin=U7-E2
Added Pin To Net: NetName=GND Pin=U7-E3
Added Pin To Net: NetName=GND Pin=U7-E4
Added Pin To Net: NetName=GND Pin=U7-E5
Added Pin To Net: NetName=GND Pin=U7-E6
Added Pin To Net: NetName=GND Pin=U7-E7
Added Pin To Net: NetName=GND Pin=U7-E8
Added Pin To Net: NetName=GND Pin=U7-E9
Added Pin To Net: NetName=GND Pin=U7-E10
Added Pin To Net: NetName=GND Pin=U7-E11
Added Pin To Net: NetName=GND Pin=U7-F2
Added Pin To Net: NetName=GND Pin=U7-F3
Added Pin To Net: NetName=GND Pin=U7-F4
Added Pin To Net: NetName=GND Pin=U7-F5
Added Pin To Net: NetName=GND Pin=U7-F6
Added Pin To Net: NetName=GND Pin=U7-F7
Added Pin To Net: NetName=GND Pin=U7-F8
Added Pin To Net: NetName=GND Pin=U7-F9
Added Pin To Net: NetName=GND Pin=U7-G3
Added Pin To Net: NetName=GND Pin=U7-G4
Added Pin To Net: NetName=GND Pin=U7-G5
Added Pin To Net: NetName=GND Pin=U7-G6
Added Pin To Net: NetName=GND Pin=U7-G7
Added Pin To Net: NetName=GND Pin=U7-G8
Added Pin To Net: NetName=GND Pin=U7-G9
Added Pin To Net: NetName=Power_IN Pin=U7-G10
Added Pin To Net: NetName=Power_IN Pin=U7-G11
Added Pin To Net: NetName=GND Pin=U7-H3
Added Pin To Net: NetName=GND Pin=U7-H4
Added Pin To Net: NetName=GND Pin=U7-H5
Added Pin To Net: NetName=GND Pin=U7-H6
Added Pin To Net: NetName=GND Pin=U7-H7
Added Pin To Net: NetName=GND Pin=U7-H8
Added Pin To Net: NetName=GND Pin=U7-H9
Added Pin To Net: NetName=Power_IN Pin=U7-H10
Added Pin To Net: NetName=Power_IN Pin=U7-H11
Added Pin To Net: NetName=GND Pin=U7-J3
Added Pin To Net: NetName=GND Pin=U7-J4
Added Pin To Net: NetName=GND Pin=U7-J5
Added Pin To Net: NetName=GND Pin=U7-J6
Added Pin To Net: NetName=GND Pin=U7-J7
Added Pin To Net: NetName=GND Pin=U7-J8
Added Pin To Net: NetName=GND Pin=U7-J9
Added Pin To Net: NetName=Power_IN Pin=U7-J10
Added Pin To Net: NetName=Power_IN Pin=U7-J11
Added Pin To Net: NetName=GND Pin=U7-K3
Added Pin To Net: NetName=GND Pin=U7-K4
Added Pin To Net: NetName=GND Pin=U7-K5
Added Pin To Net: NetName=GND Pin=U7-K6
Added Pin To Net: NetName=GND Pin=U7-K7
Added Pin To Net: NetName=GND Pin=U7-K8
Added Pin To Net: NetName=GND Pin=U7-K9
Added Pin To Net: NetName=Power_IN Pin=U7-K10
Added Pin To Net: NetName=Power_IN Pin=U7-K11
Added Pin To Net: NetName=GND Pin=U7-L1
Added Pin To Net: NetName=RC Pin=U7-L4
Added Pin To Net: NetName=GND Pin=U7-L5
Added Pin To Net: NetName=GND Pin=U7-L6
Added Pin To Net: NetName=GND Pin=U7-L7
Added Pin To Net: NetName=GND Pin=U7-L8
Added Pin To Net: NetName=Power_IN Pin=U7-L10
Added Pin To Net: NetName=Power_IN Pin=U7-L11
