Removed Pin From Net: NetName=Power_IN Pin=C3-2
Removed Pin From Net: NetName=ZH Pin=C4-2
Removed Pin From Net: NetName=GND Pin=C7-1
Removed Pin From Net: NetName=ZH Pin=D2-2
Removed Pin From Net: NetName=Power_IN Pin=L1-1
Removed Pin From Net: NetName=ZH Pin=R1-1
Removed Pin From Net: NetName=Power_IN Pin=R2-1
Removed Pin From Net: NetName=NetC6_2 Pin=R11-2
Removed Pin From Net: NetName=GND Pin=R14-2
Removed Pin From Net: NetName=NetR11_1 Pin=U2-2
Removed Pin From Net: NetName=Power_IN Pin=U2-3
Removed Member From Class: ClassName=36V_HV_Supply Member=C7
Change Component Footprint: Designator=L1 Old Footprint=0402-A New Footprint=WE-LQS 5040
Change Component Footprint: Designator=C3 Old Footprint=CAPC1210(3225)100_M New Footprint=CAPC0402(1005)60_L
Change Component Footprint: Designator=C4 Old Footprint=CAPC1210(3225)100_M New Footprint=CAPC0402(1005)60_L
Change Component Footprint: Designator=C6 Old Footprint=CAPC1210(3225)100_M New Footprint=CAPC0402(1005)60_L
Change Component Footprint: Designator=C5 Old Footprint=CAPC1210(3225)100_M New Footprint=CAPC0805(2012)155_L
Change Component Footprint: Designator=R1 Old Footprint=RESC0805(2012)_M New Footprint=RESC0402(1005)_M
Change Component Footprint: Designator=R2 Old Footprint=RESC0805(2012)_M New Footprint=RESC0402(1005)_M
Change Component Footprint: Designator=R11 Old Footprint=RESC0805(2012)_M New Footprint=RESC0402(1005)_M
Change Component Footprint: Designator=R14 Old Footprint=RESC0805(2012)_M New Footprint=RESC0402(1005)_M
Change Component Comment : Designator=C4 Old Comment=4.7uF New Comment=47pF
Change Component Comment : Designator=C3 Old Comment=4.7uF New Comment=220pF
Change Component Comment : Designator=C6 Old Comment=4.7uF New Comment=.47uF
Change Component Comment : Designator=L1 Old Comment=Inductor New Comment=74404054330
Change Component Comment : Designator=R11 Old Comment=RES SMD 100K OHM 1% 1/8W 0805 New Comment=6.19k
Change Component Comment : Designator=R14 Old Comment=RES SMD 100K OHM 1% 1/8W 0805 New Comment=6.19k
Change Component Comment : Designator=R1 Old Comment=RES SMD 100K OHM 1% 1/8W 0805 New Comment=487k
Change Component Comment : Designator=R2 Old Comment=RES SMD 100K OHM 1% 1/8W 0805 New Comment=768
Change component parameters: Designator = "U2"; Footprint = "LT8570-MSOP"; UniqueID = "\ATHTRHLR"
Change component parameters. Clean all parameters for all variants
Change component parameters (AddParameter): Name = "Supplier 1"; Value = "Mouser"; VariantName = "[No Variations]"
Change component parameters (AddParameter): Name = "Supplier Part Number 1"; Value = "584-LT8570EMS8ETRPBF"; VariantName = "[No Variations]"
Change component parameters: Designator = "L1"; Footprint = "WE-LQS 5040"; UniqueID = "\PTTPIAVD"
Change component parameters. Clean all parameters for all variants
Change component parameters (AddParameter): Name = "ComponentLink1Description"; Value = "Manufacturer URL"; VariantName = "[No Variations]"
Change component parameters (AddParameter): Name = "ComponentLink1URL"; Value = "http://www.we-online.com"; VariantName = "[No Variations]"
Change component parameters (AddParameter): Name = "ComponentLink2Description"; Value = "Datasheet"; VariantName = "[No Variations]"
Change component parameters (AddParameter): Name = "ComponentLink2URL"; Value = "http://katalog.we-online.de/pbs/datasheet/74404054330.pdf"; VariantName = "[No Variations]"
Change component parameters (AddParameter): Name = "Inductance"; Value = "33.0 ÂµH"; VariantName = "[No Variations]"
Change component parameters (AddParameter): Name = "Manufacturer"; Value = "Wuerth Elektronik"; VariantName = "[No Variations]"
Change component parameters (AddParameter): Name = "PackageReference"; Value = "WE-LQS 5040"; VariantName = "[No Variations]"
Change component parameters (AddParameter): Name = "PartNumber"; Value = "74404054330"; VariantName = "[No Variations]"
Change component parameters: Designator = "C3"; Footprint = "CAPC0402(1005)60_L"; UniqueID = "\LJCKTSBW"
Change component parameters. Clean all parameters for all variants
Change component parameters: Designator = "C4"; Footprint = "CAPC0402(1005)60_L"; UniqueID = "\IMLGKNKX"
Change component parameters. Clean all parameters for all variants
Change component parameters: Designator = "C5"; Footprint = "CAPC0805(2012)155_L"; UniqueID = "\NEMMBTHO"
Change component parameters. Clean all parameters for all variants
Change component parameters: Designator = "C6"; Footprint = "CAPC0402(1005)60_L"; UniqueID = "\XTOHUJVX"
Change component parameters. Clean all parameters for all variants
Change component parameters: Designator = "R1"; Footprint = "RESC0402(1005)_M"; UniqueID = "\SFWYIYBD"
Change component parameters. Clean all parameters for all variants
Change component parameters: Designator = "R2"; Footprint = "RESC0402(1005)_M"; UniqueID = "\GMTDOHJC"
Change component parameters. Clean all parameters for all variants
Change component parameters: Designator = "R11"; Footprint = "RESC0402(1005)_M"; UniqueID = "\UEXWGIOV"
Change component parameters. Clean all parameters for all variants
Change component parameters: Designator = "R14"; Footprint = "RESC0402(1005)_M"; UniqueID = "\LQURANST"
Change component parameters. Clean all parameters for all variants
Added Component: Designator=C8(CAPC0805(2012)155_L)
Add component. Clean all parameters for all variants
Add component (AddParameter): Name = "Applications"; Value = "General Purpose"; VariantName = "[No Variations]"
Add component (AddParameter): Name = "Capacitance"; Value = "4.7uF"; VariantName = "[No Variations]"
Add component (AddParameter): Name = "Category"; Value = "Capacitors"; VariantName = "[No Variations]"
Add component (AddParameter): Name = "ComponentLink1Description"; Value = "http://www.murata.com/~/media/webrenewal/support/library/catalog/products/capacitor/mlcc/c02e.ashx"; VariantName = "[No Variations]"
Add component (AddParameter): Name = "ComponentLink1URL"; Value = "http://www.murata.com/~/media/webrenewal/support/library/catalog/products/capacitor/mlcc/c02e.ashx"; VariantName = "[No Variations]"
Add component (AddParameter): Name = "Features"; Value = "-"; VariantName = "[No Variations]"
Add component (AddParameter): Name = "Height - Seated (Max)"; Value = "-"; VariantName = "[No Variations]"
Add component (AddParameter): Name = "Lead Spacing"; Value = "-"; VariantName = "[No Variations]"
Add component (AddParameter): Name = "Lead Style"; Value = "-"; VariantName = "[No Variations]"
Add component (AddParameter): Name = "Manufacturer"; Value = "Murata Electronics North America"; VariantName = "[No Variations]"
Add component (AddParameter): Name = "Manufacturer Part Number"; Value = "GRM21BR71E105KA99L"; VariantName = "[No Variations]"
Add component (AddParameter): Name = "Mounting Type"; Value = "Surface Mount, MLCC"; VariantName = "[No Variations]"
Add component (AddParameter): Name = "Operating Temperature"; Value = "-55°C ~ 125°C"; VariantName = "[No Variations]"
Add component (AddParameter): Name = "Package / Case"; Value = "0805 (2012 Metric)"; VariantName = "[No Variations]"
Add component (AddParameter): Name = "Packaging"; Value = "Digi-Reel®"; VariantName = "[No Variations]"
Add component (AddParameter): Name = "Part Status"; Value = "Active"; VariantName = "[No Variations]"
Add component (AddParameter): Name = "Pricing 1"; Value = "1=0.14, 10=0.099, 100=0.0468, 500=0.0328, 1000=0.02715 (USD)"; VariantName = "[No Variations]"
Add component (AddParameter): Name = "Ratings"; Value = "-"; VariantName = "[No Variations]"
Add component (AddParameter): Name = "RoHS"; Value = "RoHS Compliant"; VariantName = "[No Variations]"
Add component (AddParameter): Name = "Size / Dimension"; Value = "0.079" L x 0.049" W (2.00mm x 1.25mm)"; VariantName = "[No Variations]"
Add component (AddParameter): Name = "Stock 1"; Value = "295074"; VariantName = "[No Variations]"
Add component (AddParameter): Name = "Supplier 1"; Value = "Digi-Key"; VariantName = "[No Variations]"
Add component (AddParameter): Name = "Supplier Part Number 1"; Value = "490-6484-6-ND"; VariantName = "[No Variations]"
Add component (AddParameter): Name = "Temperature Coefficient"; Value = "X7R"; VariantName = "[No Variations]"
Add component (AddParameter): Name = "Thickness (Max)"; Value = "0.053" (1.35mm)"; VariantName = "[No Variations]"
Add component (AddParameter): Name = "Tolerance"; Value = "±10%"; VariantName = "[No Variations]"
Add component (AddParameter): Name = "Voltage - Rated"; Value = "25V"; VariantName = "[No Variations]"
Added Pin To Net: NetName=GND Pin=C4-1
Added Pin To Net: NetName=+12 Pin=C5-2
Added Pin To Net: NetName=GND Pin=C8-1
Added Pin To Net: NetName=+12 Pin=L1-1
Added Pin To Net: NetName=+12 Pin=R1-1
Added Pin To Net: NetName=GND Pin=R11-2
Added Pin To Net: NetName=+12 Pin=U2-3
Added Pin To Net: NetName=NetR11_1 Pin=U2-6
Added Pin To Net: NetName=NetC6_2 Pin=U2-7
Added Pin To Net: NetName=NetC3_2 Pin=C3-2
Added Pin To Net: NetName=NetC3_2 Pin=R14-1
Added Pin To Net: NetName=NetC3_2 Pin=U2-2
Added Net: Name=NetC3_2
Added Pin To Net: NetName=NetC4_2 Pin=C4-2
Added Pin To Net: NetName=NetC4_2 Pin=R14-2
Added Net: Name=NetC4_2
Added Pin To Net: NetName=NetR1_2 Pin=R1-2
Added Pin To Net: NetName=NetR1_2 Pin=U2-5
Added Net: Name=NetR1_2
Added Pin To Net: NetName=NetR2_1 Pin=R2-1
Added Pin To Net: NetName=NetR2_1 Pin=U2-1
Added Net: Name=NetR2_1
Added Pin To Net: NetName=ZP Pin=C8-2
Added Pin To Net: NetName=ZP Pin=D2-2
Added Pin To Net: NetName=ZP Pin=R2-2
Added Net: Name=ZP
Change Class Name : Old Net Name=36V_HV_Supply New Net Name=ZP
Added Member To Class: ClassName=ZP Member=Component C8 CAP CER 1UF 25V X7R 0805
