Removed Pin From Net: NetName=GND Pin=C11-1
Removed Pin From Net: NetName=Power_IN Pin=C11-2
Removed Pin From Net: NetName=GND Pin=C12-1
Removed Pin From Net: NetName=Power_IN Pin=C12-2
Removed Pin From Net: NetName=+5 Pin=C13-1
Removed Pin From Net: NetName=GND Pin=C14-1
Removed Pin From Net: NetName=-5 Pin=C14-2
Removed Pin From Net: NetName=-5 Pin=R3-2
Removed Pin From Net: NetName=GND Pin=R4-1
Removed Pin From Net: NetName=GND Pin=R6-1
Removed Pin From Net: NetName=GND Pin=R7-1
Removed Pin From Net: NetName=+5 Pin=U4-A1
Removed Pin From Net: NetName=+5 Pin=U4-A2
Removed Pin From Net: NetName=GND Pin=U4-A4
Removed Pin From Net: NetName=GND Pin=U4-A5
Removed Pin From Net: NetName=+5 Pin=U4-B1
Removed Pin From Net: NetName=+5 Pin=U4-B2
Removed Pin From Net: NetName=GND Pin=U4-B3
Removed Pin From Net: NetName=GND Pin=U4-B4
Removed Pin From Net: NetName=GND Pin=U4-B5
Removed Pin From Net: NetName=GND Pin=U4-C1
Removed Pin From Net: NetName=GND Pin=U4-C2
Removed Pin From Net: NetName=GND Pin=U4-C3
Removed Pin From Net: NetName=GND Pin=U4-C4
Removed Pin From Net: NetName=GND Pin=U4-C5
Removed Pin From Net: NetName=GND Pin=U4-D1
Removed Pin From Net: NetName=GND Pin=U4-D2
Removed Pin From Net: NetName=GND Pin=U4-D3
Removed Pin From Net: NetName=GND Pin=U4-D4
Removed Pin From Net: NetName=GND Pin=U4-D5
Removed Pin From Net: NetName=GND Pin=U4-E1
Removed Pin From Net: NetName=GND Pin=U4-E2
Removed Pin From Net: NetName=GND Pin=U4-E3
Removed Pin From Net: NetName=GND Pin=U4-E4
Removed Pin From Net: NetName=GND Pin=U4-E5
Removed Pin From Net: NetName=GND Pin=U4-F2
Removed Pin From Net: NetName=GND Pin=U4-F3
Removed Pin From Net: NetName=GND Pin=U4-F4
Removed Pin From Net: NetName=GND Pin=U4-F5
Removed Pin From Net: NetName=GND Pin=U4-G2
Removed Pin From Net: NetName=Power_IN Pin=U4-G4
Removed Pin From Net: NetName=Power_IN Pin=U4-G5
Removed Pin From Net: NetName=GND Pin=U4-H1
Removed Pin From Net: NetName=GND Pin=U4-H2
Removed Pin From Net: NetName=GND Pin=U4-H3
Removed Pin From Net: NetName=Power_IN Pin=U4-H4
Removed Pin From Net: NetName=Power_IN Pin=U4-H5
Removed Pin From Net: NetName=GND Pin=U5-A1
Removed Pin From Net: NetName=GND Pin=U5-A2
Removed Pin From Net: NetName=-5 Pin=U5-A4
Removed Pin From Net: NetName=-5 Pin=U5-A5
Removed Pin From Net: NetName=GND Pin=U5-B1
Removed Pin From Net: NetName=GND Pin=U5-B2
Removed Pin From Net: NetName=GND Pin=U5-B3
Removed Pin From Net: NetName=-5 Pin=U5-B4
Removed Pin From Net: NetName=-5 Pin=U5-B5
Removed Pin From Net: NetName=GND Pin=U5-C1
Removed Pin From Net: NetName=GND Pin=U5-C2
Removed Pin From Net: NetName=GND Pin=U5-C3
Removed Pin From Net: NetName=GND Pin=U5-C4
Removed Pin From Net: NetName=GND Pin=U5-C5
Removed Pin From Net: NetName=GND Pin=U5-D1
Removed Pin From Net: NetName=GND Pin=U5-D2
Removed Pin From Net: NetName=GND Pin=U5-D3
Removed Pin From Net: NetName=GND Pin=U5-D4
Removed Pin From Net: NetName=GND Pin=U5-D5
Removed Pin From Net: NetName=GND Pin=U5-E1
Removed Pin From Net: NetName=GND Pin=U5-E2
Removed Pin From Net: NetName=GND Pin=U5-E3
Removed Pin From Net: NetName=GND Pin=U5-E4
Removed Pin From Net: NetName=GND Pin=U5-E5
Removed Pin From Net: NetName=GND Pin=U5-F2
Removed Pin From Net: NetName=GND Pin=U5-F3
Removed Pin From Net: NetName=GND Pin=U5-F4
Removed Pin From Net: NetName=GND Pin=U5-F5
Removed Pin From Net: NetName=GND Pin=U5-G2
Removed Pin From Net: NetName=Power_IN Pin=U5-G4
Removed Pin From Net: NetName=Power_IN Pin=U5-G5
Removed Pin From Net: NetName=GND Pin=U5-H1
Removed Pin From Net: NetName=GND Pin=U5-H2
Removed Pin From Net: NetName=GND Pin=U5-H3
Removed Pin From Net: NetName=Power_IN Pin=U5-H4
Removed Pin From Net: NetName=Power_IN Pin=U5-H5
Removed Pin From Net: NetName=RC Pin=U7-L4
Removed Member From Class: ClassName=5R_Supply Member=R8
Removed Member From Class: ClassName=5R_Supply Member=U5
Change Component Footprint: Designator=C11 Old Footprint=CAPC1206(3216)110_N New Footprint=CAPC1210(3225)100_N
Change Component Footprint: Designator=C12 Old Footprint=CAPC1206(3216)130_N New Footprint=CAPC1210(3225)100_N
Change Component Footprint: Designator=C14 Old Footprint=CAPC1206(3216)130_N New Footprint=CAPC1210(3225)100_N
Change Component Footprint: Designator=U4 Old Footprint=LT-BGA-40-11250X6250X4920 New Footprint=ADP5071AREZ-R7
Change Component Footprint: Designator=R8 Old Footprint=RESC0805(2012)_M New Footprint=SOT95P230X102-3N-MPM
Change Component Comment : Designator=C12 Old Comment=CAP CER 10UF 6.3V X5R 1206 New Comment=
Change Component Comment : Designator=C14 Old Comment=CAP CER 10UF 6.3V X5R 1206 New Comment=
Change Component Comment : Designator=U4 Old Comment=LTM8045MPY#PBF New Comment=ADP5071AREZ-R7
Change Component Comment : Designator=R3 Old Comment=RES SMD 43K OHM 1% 1/8W 0805 New Comment=
Change Component Comment : Designator=R4 Old Comment=RES SMD 43K OHM 1% 1/8W 0805 New Comment=
Change Component Comment : Designator=R6 Old Comment=RES SMD 43K OHM 1% 1/8W 0805 New Comment=
Change Component Comment : Designator=R7 Old Comment=RES SMD 43K OHM 1% 1/8W 0805 New Comment=
Change Component Comment : Designator=R8 Old Comment=RES SMD 43K OHM 1% 1/8W 0805 New Comment=MPM
Change component parameters: Designator = "R3"; Footprint = "RESC0805(2012)_M"; UniqueID = "\UCPDACYW"
Change component parameters. Clean all parameters for all variants
Change component parameters (AddParameter): Name = "Resistance (Ohms)"; Value = "45.3k"; VariantName = "[No Variations]"
Change component parameters: Designator = "R4"; Footprint = "RESC0805(2012)_M"; UniqueID = "\PTKSQGWP"
Change component parameters. Clean all parameters for all variants
Change component parameters (AddParameter): Name = "Resistance (Ohms)"; Value = "45.3k"; VariantName = "[No Variations]"
Change component parameters: Designator = "R6"; Footprint = "RESC0805(2012)_M"; UniqueID = "\QXBYAYAI"
Change component parameters. Clean all parameters for all variants
Change component parameters (AddParameter): Name = "Resistance (Ohms)"; Value = "45.3k"; VariantName = "[No Variations]"
Change component parameters: Designator = "R7"; Footprint = "RESC0805(2012)_M"; UniqueID = "\CTLVUKQO"
Change component parameters. Clean all parameters for all variants
Change component parameters (AddParameter): Name = "Resistance (Ohms)"; Value = "45.3k"; VariantName = "[No Variations]"
Change component parameters: Designator = "R8"; Footprint = "SOT95P230X102-3N-MPM"; UniqueID = "\NARXKSQR"
Change component parameters. Clean all parameters for all variants
Change component parameters: Designator = "C11"; Footprint = "CAPC1210(3225)100_N"; UniqueID = "\OGRODOWP"
Change component parameters. Clean all parameters for all variants
Change component parameters (AddParameter): Name = "Value"; Value = "100uF"; VariantName = "[No Variations]"
Change component parameters: Designator = "C12"; Footprint = "CAPC1210(3225)100_N"; UniqueID = "\RSJJTOTB"
Change component parameters. Clean all parameters for all variants
Change component parameters (AddParameter): Name = "Value"; Value = "100uF"; VariantName = "[No Variations]"
Change component parameters: Designator = "C14"; Footprint = "CAPC1210(3225)100_N"; UniqueID = "\MTWOEOYH"
Change component parameters. Clean all parameters for all variants
Change component parameters (AddParameter): Name = "Value"; Value = "100uF"; VariantName = "[No Variations]"
Change component parameters: Designator = "U4"; Footprint = "ADP5071AREZ-R7"; UniqueID = "\NUTWQJVG"
Change component parameters. Clean all parameters for all variants
Added Component: Designator=C11(CAPC0805(2012)145_N)
Add component. Clean all parameters for all variants
Add component (AddParameter): Name = "Applications"; Value = "General Purpose"; VariantName = "[No Variations]"
Add component (AddParameter): Name = "Capacitance"; Value = "0.1µF"; VariantName = "[No Variations]"
Add component (AddParameter): Name = "Category"; Value = "Capacitors"; VariantName = "[No Variations]"
Add component (AddParameter): Name = "ComponentLink1Description"; Value = "http://www.murata.com/~/media/webrenewal/support/library/catalog/products/capacitor/mlcc/c02e.ashx"; VariantName = "[No Variations]"
Add component (AddParameter): Name = "ComponentLink1URL"; Value = "http://www.murata.com/~/media/webrenewal/support/library/catalog/products/capacitor/mlcc/c02e.ashx"; VariantName = "[No Variations]"
Add component (AddParameter): Name = "Features"; Value = "-"; VariantName = "[No Variations]"
Add component (AddParameter): Name = "Height - Seated (Max)"; Value = "-"; VariantName = "[No Variations]"
Add component (AddParameter): Name = "Lead Spacing"; Value = "-"; VariantName = "[No Variations]"
Add component (AddParameter): Name = "Lead Style"; Value = "-"; VariantName = "[No Variations]"
Add component (AddParameter): Name = "Manufacturer"; Value = "Murata Electronics North America"; VariantName = "[No Variations]"
Add component (AddParameter): Name = "Manufacturer Part Number"; Value = "GRM21BR71E104KA01L"; VariantName = "[No Variations]"
Add component (AddParameter): Name = "Mounting Type"; Value = "Surface Mount, MLCC"; VariantName = "[No Variations]"
Add component (AddParameter): Name = "Operating Temperature"; Value = "-55°C ~ 125°C"; VariantName = "[No Variations]"
Add component (AddParameter): Name = "Package / Case"; Value = "0805 (2012 Metric)"; VariantName = "[No Variations]"
Add component (AddParameter): Name = "Packaging"; Value = "Digi-Reel®"; VariantName = "[No Variations]"
Add component (AddParameter): Name = "Part Status"; Value = "Active"; VariantName = "[No Variations]"
Add component (AddParameter): Name = "Pricing 1"; Value = "1=0.2, 10=0.145, 100=0.0683, 500=0.04788, 1000=0.03964 (USD)"; VariantName = "[No Variations]"
Add component (AddParameter): Name = "Ratings"; Value = "-"; VariantName = "[No Variations]"
Add component (AddParameter): Name = "RoHS"; Value = "RoHS Compliant"; VariantName = "[No Variations]"
Add component (AddParameter): Name = "Size / Dimension"; Value = "0.079" L x 0.049" W (2.00mm x 1.25mm)"; VariantName = "[No Variations]"
Add component (AddParameter): Name = "Stock 1"; Value = "891652"; VariantName = "[No Variations]"
Add component (AddParameter): Name = "Supplier 1"; Value = "Digi-Key"; VariantName = "[No Variations]"
Add component (AddParameter): Name = "Supplier Part Number 1"; Value = "490-1673-6-ND"; VariantName = "[No Variations]"
Add component (AddParameter): Name = "Temperature Coefficient"; Value = "X7R"; VariantName = "[No Variations]"
Add component (AddParameter): Name = "Thickness (Max)"; Value = "0.053" (1.35mm)"; VariantName = "[No Variations]"
Add component (AddParameter): Name = "Tolerance"; Value = "±10%"; VariantName = "[No Variations]"
Add component (AddParameter): Name = "Voltage - Rated"; Value = "25V"; VariantName = "[No Variations]"
Added Component: Designator=C13(CAPC0805(2012)145_N)
Add component. Clean all parameters for all variants
Add component (AddParameter): Name = "Applications"; Value = "General Purpose"; VariantName = "[No Variations]"
Add component (AddParameter): Name = "Capacitance"; Value = "0.1µF"; VariantName = "[No Variations]"
Add component (AddParameter): Name = "Category"; Value = "Capacitors"; VariantName = "[No Variations]"
Add component (AddParameter): Name = "ComponentLink1Description"; Value = "http://www.murata.com/~/media/webrenewal/support/library/catalog/products/capacitor/mlcc/c02e.ashx"; VariantName = "[No Variations]"
Add component (AddParameter): Name = "ComponentLink1URL"; Value = "http://www.murata.com/~/media/webrenewal/support/library/catalog/products/capacitor/mlcc/c02e.ashx"; VariantName = "[No Variations]"
Add component (AddParameter): Name = "Features"; Value = "-"; VariantName = "[No Variations]"
Add component (AddParameter): Name = "Height - Seated (Max)"; Value = "-"; VariantName = "[No Variations]"
Add component (AddParameter): Name = "Lead Spacing"; Value = "-"; VariantName = "[No Variations]"
Add component (AddParameter): Name = "Lead Style"; Value = "-"; VariantName = "[No Variations]"
Add component (AddParameter): Name = "Manufacturer"; Value = "Murata Electronics North America"; VariantName = "[No Variations]"
Add component (AddParameter): Name = "Manufacturer Part Number"; Value = "GRM21BR71E104KA01L"; VariantName = "[No Variations]"
Add component (AddParameter): Name = "Mounting Type"; Value = "Surface Mount, MLCC"; VariantName = "[No Variations]"
Add component (AddParameter): Name = "Operating Temperature"; Value = "-55°C ~ 125°C"; VariantName = "[No Variations]"
Add component (AddParameter): Name = "Package / Case"; Value = "0805 (2012 Metric)"; VariantName = "[No Variations]"
Add component (AddParameter): Name = "Packaging"; Value = "Digi-Reel®"; VariantName = "[No Variations]"
Add component (AddParameter): Name = "Part Status"; Value = "Active"; VariantName = "[No Variations]"
Add component (AddParameter): Name = "Pricing 1"; Value = "1=0.2, 10=0.145, 100=0.0683, 500=0.04788, 1000=0.03964 (USD)"; VariantName = "[No Variations]"
Add component (AddParameter): Name = "Ratings"; Value = "-"; VariantName = "[No Variations]"
Add component (AddParameter): Name = "RoHS"; Value = "RoHS Compliant"; VariantName = "[No Variations]"
Add component (AddParameter): Name = "Size / Dimension"; Value = "0.079" L x 0.049" W (2.00mm x 1.25mm)"; VariantName = "[No Variations]"
Add component (AddParameter): Name = "Stock 1"; Value = "891652"; VariantName = "[No Variations]"
Add component (AddParameter): Name = "Supplier 1"; Value = "Digi-Key"; VariantName = "[No Variations]"
Add component (AddParameter): Name = "Supplier Part Number 1"; Value = "490-1673-6-ND"; VariantName = "[No Variations]"
Add component (AddParameter): Name = "Temperature Coefficient"; Value = "X7R"; VariantName = "[No Variations]"
Add component (AddParameter): Name = "Thickness (Max)"; Value = "0.053" (1.35mm)"; VariantName = "[No Variations]"
Add component (AddParameter): Name = "Tolerance"; Value = "±10%"; VariantName = "[No Variations]"
Add component (AddParameter): Name = "Voltage - Rated"; Value = "25V"; VariantName = "[No Variations]"
Added Component: Designator=C14(CAPC0402(1005)60_L)
Add component. Clean all parameters for all variants
Add component (AddParameter): Name = "Applications"; Value = "General Purpose"; VariantName = "[No Variations]"
Add component (AddParameter): Name = "Category"; Value = "Capacitors"; VariantName = "[No Variations]"
Add component (AddParameter): Name = "ComponentLink1Description"; Value = "http://www.murata.com/~/media/webrenewal/support/library/catalog/products/capacitor/mlcc/c02e.ashx?la=en-us"; VariantName = "[No Variations]"
Add component (AddParameter): Name = "ComponentLink1URL"; Value = "http://www.murata.com/~/media/webrenewal/support/library/catalog/products/capacitor/mlcc/c02e.ashx?la=en-us"; VariantName = "[No Variations]"
Add component (AddParameter): Name = "Features"; Value = "-"; VariantName = "[No Variations]"
Add component (AddParameter): Name = "Height - Seated (Max)"; Value = "-"; VariantName = "[No Variations]"
Add component (AddParameter): Name = "Lead Spacing"; Value = "-"; VariantName = "[No Variations]"
Add component (AddParameter): Name = "Manufacturer"; Value = "Murata Electronics North America"; VariantName = "[No Variations]"
Add component (AddParameter): Name = "Manufacturer Part Number"; Value = "GRM155R71A104KA01D"; VariantName = "[No Variations]"
Add component (AddParameter): Name = "Mounting Type"; Value = "Surface Mount, MLCC"; VariantName = "[No Variations]"
Add component (AddParameter): Name = "Operating Temperature"; Value = "-55°C ~ 125°C"; VariantName = "[No Variations]"
Add component (AddParameter): Name = "Package / Case"; Value = "0402 (1005 Metric)"; VariantName = "[No Variations]"
Add component (AddParameter): Name = "Packaging"; Value = "Cut Tape (CT)"; VariantName = "[No Variations]"
Add component (AddParameter): Name = "Part Status"; Value = "Active"; VariantName = "[No Variations]"
Add component (AddParameter): Name = "Pricing 1"; Value = "1=0.1, 10=0.014, 100=0.0063, 500=0.00446, 1000=0.00351, 2500=0.00319, 5000=0.00293 (USD)"; VariantName = "[No Variations]"
Add component (AddParameter): Name = "Ratings"; Value = "-"; VariantName = "[No Variations]"
Add component (AddParameter): Name = "RoHS"; Value = "RoHS Compliant"; VariantName = "[No Variations]"
Add component (AddParameter): Name = "Size / Dimension"; Value = "0.039" L x 0.020" W (1.00mm x 0.50mm)"; VariantName = "[No Variations]"
Add component (AddParameter): Name = "Stock 1"; Value = "2920395"; VariantName = "[No Variations]"
Add component (AddParameter): Name = "Supplier 1"; Value = "Digi-Key"; VariantName = "[No Variations]"
Add component (AddParameter): Name = "Supplier Part Number 1"; Value = "490-6321-1-ND"; VariantName = "[No Variations]"
Add component (AddParameter): Name = "Temperature Coefficient"; Value = "X7R"; VariantName = "[No Variations]"
Add component (AddParameter): Name = "Thickness (Max)"; Value = "0.022" (0.55mm)"; VariantName = "[No Variations]"
Add component (AddParameter): Name = "Tolerance"; Value = "±10%"; VariantName = "[No Variations]"
Add component (AddParameter): Name = "Voltage - Rated"; Value = "10V"; VariantName = "[No Variations]"
Added Component: Designator=C15(CAPC0402(1005)60_L)
Add component. Clean all parameters for all variants
Add component (AddParameter): Name = "Applications"; Value = "General Purpose"; VariantName = "[No Variations]"
Add component (AddParameter): Name = "Category"; Value = "Capacitors"; VariantName = "[No Variations]"
Add component (AddParameter): Name = "ComponentLink1Description"; Value = "http://www.murata.com/~/media/webrenewal/support/library/catalog/products/capacitor/mlcc/c02e.ashx?la=en-us"; VariantName = "[No Variations]"
Add component (AddParameter): Name = "ComponentLink1URL"; Value = "http://www.murata.com/~/media/webrenewal/support/library/catalog/products/capacitor/mlcc/c02e.ashx?la=en-us"; VariantName = "[No Variations]"
Add component (AddParameter): Name = "Features"; Value = "-"; VariantName = "[No Variations]"
Add component (AddParameter): Name = "Height - Seated (Max)"; Value = "-"; VariantName = "[No Variations]"
Add component (AddParameter): Name = "Lead Spacing"; Value = "-"; VariantName = "[No Variations]"
Add component (AddParameter): Name = "Manufacturer"; Value = "Murata Electronics North America"; VariantName = "[No Variations]"
Add component (AddParameter): Name = "Manufacturer Part Number"; Value = "GRM155R71A104KA01D"; VariantName = "[No Variations]"
Add component (AddParameter): Name = "Mounting Type"; Value = "Surface Mount, MLCC"; VariantName = "[No Variations]"
Add component (AddParameter): Name = "Operating Temperature"; Value = "-55°C ~ 125°C"; VariantName = "[No Variations]"
Add component (AddParameter): Name = "Package / Case"; Value = "0402 (1005 Metric)"; VariantName = "[No Variations]"
Add component (AddParameter): Name = "Packaging"; Value = "Cut Tape (CT)"; VariantName = "[No Variations]"
Add component (AddParameter): Name = "Part Status"; Value = "Active"; VariantName = "[No Variations]"
Add component (AddParameter): Name = "Pricing 1"; Value = "1=0.1, 10=0.014, 100=0.0063, 500=0.00446, 1000=0.00351, 2500=0.00319, 5000=0.00293 (USD)"; VariantName = "[No Variations]"
Add component (AddParameter): Name = "Ratings"; Value = "-"; VariantName = "[No Variations]"
Add component (AddParameter): Name = "RoHS"; Value = "RoHS Compliant"; VariantName = "[No Variations]"
Add component (AddParameter): Name = "Size / Dimension"; Value = "0.039" L x 0.020" W (1.00mm x 0.50mm)"; VariantName = "[No Variations]"
Add component (AddParameter): Name = "Stock 1"; Value = "2920395"; VariantName = "[No Variations]"
Add component (AddParameter): Name = "Supplier 1"; Value = "Digi-Key"; VariantName = "[No Variations]"
Add component (AddParameter): Name = "Supplier Part Number 1"; Value = "490-6321-1-ND"; VariantName = "[No Variations]"
Add component (AddParameter): Name = "Temperature Coefficient"; Value = "X7R"; VariantName = "[No Variations]"
Add component (AddParameter): Name = "Thickness (Max)"; Value = "0.022" (0.55mm)"; VariantName = "[No Variations]"
Add component (AddParameter): Name = "Tolerance"; Value = "±10%"; VariantName = "[No Variations]"
Add component (AddParameter): Name = "Voltage - Rated"; Value = "10V"; VariantName = "[No Variations]"
Added Component: Designator=C25(CAPC1210(3225)100_N)
Add component. Clean all parameters for all variants
Add component (AddParameter): Name = "Value"; Value = "100uF"; VariantName = "[No Variations]"
Added Component: Designator=C26(CAPC1210(3225)100_N)
Add component. Clean all parameters for all variants
Add component (AddParameter): Name = "Value"; Value = "100uF"; VariantName = "[No Variations]"
Added Component: Designator=C27(CAPC1210(3225)100_N)
Add component. Clean all parameters for all variants
Add component (AddParameter): Name = "Value"; Value = "100uF"; VariantName = "[No Variations]"
Added Component: Designator=C28(CAPC1210(3225)100_N)
Add component. Clean all parameters for all variants
Add component (AddParameter): Name = "Value"; Value = "100uF"; VariantName = "[No Variations]"
Added Component: Designator=D2(SMC)
Add component. Clean all parameters for all variants
Add component (AddParameter): Name = "Code_JEDEC"; Value = "DO-214-AB"; VariantName = "[No Variations]"
Add component (AddParameter): Name = "LatestRevisionDate"; Value = "17-Jul-2002"; VariantName = "[No Variations]"
Add component (AddParameter): Name = "LatestRevisionNote"; Value = "Re-released for DXP Platform."; VariantName = "[No Variations]"
Add component (AddParameter): Name = "PackageDescription"; Value = "DO-214-AB/SMC; 2 C-Bend Leads; Body 7.9 x 5.9 mm, inc. leads (LxW)"; VariantName = "[No Variations]"
Add component (AddParameter): Name = "PackageReference"; Value = "SMC"; VariantName = "[No Variations]"
Add component (AddParameter): Name = "PackageVersion"; Value = "Sep-1996"; VariantName = "[No Variations]"
Add component (AddParameter): Name = "Published"; Value = "8-Jun-2000"; VariantName = "[No Variations]"
Add component (AddParameter): Name = "Publisher"; Value = "Altium Limited"; VariantName = "[No Variations]"
Added Component: Designator=D3(SMC)
Add component. Clean all parameters for all variants
Add component (AddParameter): Name = "Code_JEDEC"; Value = "DO-214-AB"; VariantName = "[No Variations]"
Add component (AddParameter): Name = "LatestRevisionDate"; Value = "17-Jul-2002"; VariantName = "[No Variations]"
Add component (AddParameter): Name = "LatestRevisionNote"; Value = "Re-released for DXP Platform."; VariantName = "[No Variations]"
Add component (AddParameter): Name = "PackageDescription"; Value = "DO-214-AB/SMC; 2 C-Bend Leads; Body 7.9 x 5.9 mm, inc. leads (LxW)"; VariantName = "[No Variations]"
Add component (AddParameter): Name = "PackageReference"; Value = "SMC"; VariantName = "[No Variations]"
Add component (AddParameter): Name = "PackageVersion"; Value = "Sep-1996"; VariantName = "[No Variations]"
Add component (AddParameter): Name = "Published"; Value = "8-Jun-2000"; VariantName = "[No Variations]"
Add component (AddParameter): Name = "Publisher"; Value = "Altium Limited"; VariantName = "[No Variations]"
Added Component: Designator=L2(0603)
Add component. Clean all parameters for all variants
Add component (AddParameter): Name = "Code_IEC"; Value = "1005"; VariantName = "[No Variations]"
Add component (AddParameter): Name = "Code_JEITA"; Value = "0402"; VariantName = "[No Variations]"
Add component (AddParameter): Name = "LatestRevisionDate"; Value = "29-May-2009"; VariantName = "[No Variations]"
Add component (AddParameter): Name = "LatestRevisionNote"; Value = "IPC-7351 Footprint Added."; VariantName = "[No Variations]"
Add component (AddParameter): Name = "PackageDescription"; Value = "Chip Inductor"; VariantName = "[No Variations]"
Add component (AddParameter): Name = "PackageReference"; Value = "0402-A"; VariantName = "[No Variations]"
Add component (AddParameter): Name = "Published"; Value = "8-Jun-2000"; VariantName = "[No Variations]"
Add component (AddParameter): Name = "Publisher"; Value = "Altium Limited"; VariantName = "[No Variations]"
Add component (AddParameter): Name = "Value"; Value = "10mH"; VariantName = "[No Variations]"
Added Component: Designator=L3(0603)
Add component. Clean all parameters for all variants
Add component (AddParameter): Name = "Code_IEC"; Value = "1005"; VariantName = "[No Variations]"
Add component (AddParameter): Name = "Code_JEITA"; Value = "0402"; VariantName = "[No Variations]"
Add component (AddParameter): Name = "LatestRevisionDate"; Value = "29-May-2009"; VariantName = "[No Variations]"
Add component (AddParameter): Name = "LatestRevisionNote"; Value = "IPC-7351 Footprint Added."; VariantName = "[No Variations]"
Add component (AddParameter): Name = "PackageDescription"; Value = "Chip Inductor"; VariantName = "[No Variations]"
Add component (AddParameter): Name = "PackageReference"; Value = "0402-A"; VariantName = "[No Variations]"
Add component (AddParameter): Name = "Published"; Value = "8-Jun-2000"; VariantName = "[No Variations]"
Add component (AddParameter): Name = "Publisher"; Value = "Altium Limited"; VariantName = "[No Variations]"
Add component (AddParameter): Name = "Value"; Value = "10mH"; VariantName = "[No Variations]"
Added Component: Designator=L4(0603)
Add component. Clean all parameters for all variants
Add component (AddParameter): Name = "Code_IEC"; Value = "1005"; VariantName = "[No Variations]"
Add component (AddParameter): Name = "Code_JEITA"; Value = "0402"; VariantName = "[No Variations]"
Add component (AddParameter): Name = "LatestRevisionDate"; Value = "29-May-2009"; VariantName = "[No Variations]"
Add component (AddParameter): Name = "LatestRevisionNote"; Value = "IPC-7351 Footprint Added."; VariantName = "[No Variations]"
Add component (AddParameter): Name = "PackageDescription"; Value = "Chip Inductor"; VariantName = "[No Variations]"
Add component (AddParameter): Name = "PackageReference"; Value = "0402-A"; VariantName = "[No Variations]"
Add component (AddParameter): Name = "Published"; Value = "8-Jun-2000"; VariantName = "[No Variations]"
Add component (AddParameter): Name = "Publisher"; Value = "Altium Limited"; VariantName = "[No Variations]"
Add component (AddParameter): Name = "Value"; Value = "10mH"; VariantName = "[No Variations]"
Added Component: Designator=R1(SOT95P230X102-3N-MPM)
Add component. Clean all parameters for all variants
Added Component: Designator=R2(SOT95P230X102-3N-MPM)
Add component. Clean all parameters for all variants
Added Component: Designator=R3(SOT95P230X102-3N-MPM)
Add component. Clean all parameters for all variants
Added Component: Designator=R5(SOT95P230X102-3N-MPM)
Add component. Clean all parameters for all variants
Added Component: Designator=R6(SOT95P230X102-3N-MPM)
Add component. Clean all parameters for all variants
Added Component: Designator=R16(SOT95P230X102-3N-MPM)
Add component. Clean all parameters for all variants
Added Component: Designator=R17(SOT95P230X102-3N-MPM)
Add component. Clean all parameters for all variants
Added Component: Designator=R18(SOT95P230X102-3N-MPM)
Add component. Clean all parameters for all variants
Added Component: Designator=U2(ADI-RU-16_M)
Add component. Clean all parameters for all variants
Add component (AddParameter): Name = "Bandwidth (Hz)"; Value = "40M, 40M, 37M, 34M"; VariantName = "[No Variations]"
Add component (AddParameter): Name = "Code_JEDEC"; Value = "MO-153AB"; VariantName = "[No Variations]"
Add component (AddParameter): Name = "ComponentLink1Description"; Value = "Manufacturer URL"; VariantName = "[No Variations]"
Add component (AddParameter): Name = "ComponentLink1URL"; Value = "http://www.analog.com/en/index.html"; VariantName = "[No Variations]"
Add component (AddParameter): Name = "ComponentLink2Description"; Value = "Datasheet"; VariantName = "[No Variations]"
Add component (AddParameter): Name = "ComponentLink2URL"; Value = "http://www.analog.com/static/imported-files/data_sheets/ADG1608_1609.pdf"; VariantName = "[No Variations]"
Add component (AddParameter): Name = "ComponentLink3Description"; Value = "Package Specification"; VariantName = "[No Variations]"
Add component (AddParameter): Name = "ComponentLink3URL"; Value = "http:/www.analog.com/static/imported-files/packages/36244347913743854010197452789RU16.pdf"; VariantName = "[No Variations]"
Add component (AddParameter): Name = "DatasheetVersion"; Value = "Rev. 0"; VariantName = "[No Variations]"
Add component (AddParameter): Name = "Manufacturer"; Value = "Analog Devices"; VariantName = "[No Variations]"
Add component (AddParameter): Name = "Max Analog Signal Range"; Value = "0 to Vdd"; VariantName = "[No Variations]"
Add component (AddParameter): Name = "Mounting Technology"; Value = "Surface Mount"; VariantName = "[No Variations]"
Add component (AddParameter): Name = "PackageDescription"; Value = "16-Pin Thin Shrink Small Outline Package, Body 5 x 4.4 mm, Pitch 0.65 mm"; VariantName = "[No Variations]"
Add component (AddParameter): Name = "PackageReference"; Value = "RU-16"; VariantName = "[No Variations]"
Add component (AddParameter): Name = "PackageVersion"; Value = "Nov-02"; VariantName = "[No Variations]"
Add component (AddParameter): Name = "Packing"; Value = "Tube"; VariantName = "[No Variations]"
Add component (AddParameter): Name = "PartNumber"; Value = "ADG1608BRUZ"; VariantName = "[No Variations]"
Add component (AddParameter): Name = "Ron (ohms)"; Value = "4.4"; VariantName = "[No Variations]"
Add component (AddParameter): Name = "t transition (s)"; Value = "150n"; VariantName = "[No Variations]"
Added Component: Designator=U7(U10+2_L)
Add component. Clean all parameters for all variants
Add component (AddParameter): Name = "Code_JEDEC"; Value = "MO-187-BA"; VariantName = "[No Variations]"
Add component (AddParameter): Name = "ComponentLink1Description"; Value = "Manufacturer URL"; VariantName = "[No Variations]"
Add component (AddParameter): Name = "ComponentLink1URL"; Value = "http://www.maxim-ic.com"; VariantName = "[No Variations]"
Add component (AddParameter): Name = "ComponentLink2Description"; Value = "Datasheet"; VariantName = "[No Variations]"
Add component (AddParameter): Name = "ComponentLink2URL"; Value = "http://datasheets.maxim-ic.com/en/ds/MAX11100.pdf"; VariantName = "[No Variations]"
Add component (AddParameter): Name = "ComponentLink3Description"; Value = "Package Specification"; VariantName = "[No Variations]"
Add component (AddParameter): Name = "ComponentLink3URL"; Value = "http://pdfserv.maxim-ic.com/package_dwgs/21-0061.PDF"; VariantName = "[No Variations]"
Add component (AddParameter): Name = "DatasheetVersion"; Value = "Rev 1, Jan-2012"; VariantName = "[No Variations]"
Add component (AddParameter): Name = "PackageDescription"; Value = "10-Pin Micro-MAX Thin Shrink Small Outline (uSOP), 3 x 3 x 0.85 mm Body, 0.5 mm Pitch, Pb-Free"; VariantName = "[No Variations]"
Add component (AddParameter): Name = "PackageReference"; Value = "U10+2"; VariantName = "[No Variations]"
Add component (AddParameter): Name = "PackageVersion"; Value = "revL, 2008"; VariantName = "[No Variations]"
Added Component: Designator=U10(SOT95P280X445-6N)
Add component. Clean all parameters for all variants
Add component (AddParameter): Name = "Category"; Value = "Integrated Circuits (ICs)"; VariantName = "[No Variations]"
Add component (AddParameter): Name = "ComponentLink1Description"; Value = "https://datasheets.maximintegrated.com/en/ds/MAX6070-MAX6071.pdf"; VariantName = "[No Variations]"
Add component (AddParameter): Name = "ComponentLink1URL"; Value = "https://datasheets.maximintegrated.com/en/ds/MAX6070-MAX6071.pdf"; VariantName = "[No Variations]"
Add component (AddParameter): Name = "Current - Supply"; Value = "350µA"; VariantName = "[No Variations]"
Add component (AddParameter): Name = "Manufacturer"; Value = "Maxim Integrated"; VariantName = "[No Variations]"
Add component (AddParameter): Name = "Manufacturer Part Number"; Value = "MAX6070AAUT41+T"; VariantName = "[No Variations]"
Add component (AddParameter): Name = "Mounting Type"; Value = "Surface Mount"; VariantName = "[No Variations]"
Add component (AddParameter): Name = "Noise - 0.1Hz to 10Hz"; Value = "9.6µVp-p"; VariantName = "[No Variations]"
Add component (AddParameter): Name = "Noise - 10Hz to 10kHz"; Value = "9µVrms"; VariantName = "[No Variations]"
Add component (AddParameter): Name = "Operating Temperature"; Value = "-40°C ~ 125°C (TA)"; VariantName = "[No Variations]"
Add component (AddParameter): Name = "Output Type"; Value = "Fixed"; VariantName = "[No Variations]"
Add component (AddParameter): Name = "Package / Case"; Value = "SOT-23-6"; VariantName = "[No Variations]"
Add component (AddParameter): Name = "Packaging"; Value = "Cut Tape (CT)"; VariantName = "[No Variations]"
Add component (AddParameter): Name = "Part Status"; Value = "Active"; VariantName = "[No Variations]"
Add component (AddParameter): Name = "Pricing 1"; Value = "1=3.41, 10=3.213, 25=2.5704, 50=2.4418, 100=2.2491, 250=2.13344, 500=2.05634 (USD)"; VariantName = "[No Variations]"
Add component (AddParameter): Name = "Reference Type"; Value = "Series"; VariantName = "[No Variations]"
Add component (AddParameter): Name = "RoHS"; Value = "RoHS Compliant"; VariantName = "[No Variations]"
Add component (AddParameter): Name = "Stock 1"; Value = "2623"; VariantName = "[No Variations]"
Add component (AddParameter): Name = "Supplier 1"; Value = "Digi-Key"; VariantName = "[No Variations]"
Add component (AddParameter): Name = "Supplier Device Package"; Value = "SOT-23-6"; VariantName = "[No Variations]"
Add component (AddParameter): Name = "Supplier Part Number 1"; Value = "MAX6070AAUT41+TCT-ND"; VariantName = "[No Variations]"
Add component (AddParameter): Name = "Temperature Coefficient"; Value = "6ppm/°C"; VariantName = "[No Variations]"
Add component (AddParameter): Name = "Tolerance"; Value = "±0.04%"; VariantName = "[No Variations]"
Add component (AddParameter): Name = "Voltage - Input"; Value = "4.3 V ~ 5.5 V"; VariantName = "[No Variations]"
Add component (AddParameter): Name = "Voltage - Output (Min/Fixed)"; Value = "4.096V"; VariantName = "[No Variations]"
Added Pin To Net: NetName=+5 Pin=C11-1
Added Pin To Net: NetName=GND Pin=C11-2
Added Pin To Net: NetName=+3.3 Pin=C13-1
Added Pin To Net: NetName=-5 Pin=C13-1
Added Pin To Net: NetName=GND Pin=C13-2
Added Pin To Net: NetName=GND Pin=C14-2
Added Pin To Net: NetName=GND Pin=C15-1
Added Pin To Net: NetName=GND Pin=C25-1
Added Pin To Net: NetName=+5 Pin=C25-2
Added Pin To Net: NetName=GND Pin=C26-1
Added Pin To Net: NetName=GND Pin=C27-1
Added Pin To Net: NetName=Power_IN Pin=C27-2
Added Pin To Net: NetName=GND Pin=C28-2
Added Pin To Net: NetName=+5 Pin=D2-2
Added Pin To Net: NetName=-5 Pin=D3-1
Added Pin To Net: NetName=Power_IN Pin=L2-2
Added Pin To Net: NetName=GND Pin=L4-1
Added Pin To Net: NetName=GND Pin=R1-1
Added Pin To Net: NetName=GND Pin=R2-1
Added Pin To Net: NetName=+5 BBB Pin=R2-2
Added Pin To Net: NetName=GND Pin=R3-1
Added Pin To Net: NetName=+12 Pin=R3-2
Added Pin To Net: NetName=GND Pin=R5-1
Added Pin To Net: NetName=Battery_1 Pin=R5-2
Added Pin To Net: NetName=GND Pin=R5-2
Added Pin To Net: NetName=GND Pin=R6-1
Added Pin To Net: NetName=-5 Pin=R7-1
Added Pin To Net: NetName=+3.3 Pin=R8-2
Added Pin To Net: NetName=GND Pin=R16-1
Added Pin To Net: NetName=+9 Pin=R16-2
Added Pin To Net: NetName=GND Pin=R17-1
Added Pin To Net: NetName=Battery_2 Pin=R17-2
Added Pin To Net: NetName=GND Pin=R18-1
Added Pin To Net: NetName=-5 Pin=R18-2
Added Pin To Net: NetName=+5 Pin=U2-2
Added Pin To Net: NetName=-5 Pin=U2-3
Added Pin To Net: NetName=+5 Pin=U2-13
Added Pin To Net: NetName=GND Pin=U2-14
Added Pin To Net: NetName=GND Pin=U4-1
Added Pin To Net: NetName=GND Pin=U4-4
Added Pin To Net: NetName=+5 Pin=U4-7
Added Pin To Net: NetName=GND Pin=U4-15
Added Pin To Net: NetName=Power_IN Pin=U4-17
Added Pin To Net: NetName=Power_IN Pin=U4-18
Added Pin To Net: NetName=Power_IN Pin=U4-19
Added Pin To Net: NetName=GND Pin=U7-2
Added Pin To Net: NetName=+3.3 Pin=U7-3
Added Pin To Net: NetName=GND Pin=U7-4
Added Pin To Net: NetName=+5 Pin=U7-7
Added Pin To Net: NetName=GND Pin=U7-8
Added Pin To Net: NetName=+5 Pin=U10-3
Added Pin To Net: NetName=+5 Pin=U10-4
Added Pin To Net: NetName=+5R Pin=R1-2
Added Net: Name=+5R
Added Pin To Net: NetName=-5R Pin=R6-2
Added Net: Name=-5R
Added Pin To Net: NetName=ADC REF Pin=C15-2
Added Pin To Net: NetName=ADC REF Pin=U7-6
Added Pin To Net: NetName=ADC REF Pin=U10-5
Added Pin To Net: NetName=ADC REF Pin=U10-6
Added Net: Name=ADC REF
Added Pin To Net: NetName=AIN Pin=U2-8
Added Pin To Net: NetName=AIN Pin=U7-5
Added Net: Name=AIN
Added Pin To Net: NetName=CH0 Pin=R1-3
Added Pin To Net: NetName=CH0 Pin=U2-4
Added Net: Name=CH0
Added Pin To Net: NetName=CH1 Pin=R3-3
Added Pin To Net: NetName=CH1 Pin=U2-5
Added Net: Name=CH1
Added Pin To Net: NetName=CH2 Pin=R5-3
Added Pin To Net: NetName=CH2 Pin=R17-3
Added Pin To Net: NetName=CH2 Pin=U2-6
Added Net: Name=CH2
Added Pin To Net: NetName=CH3 Pin=U2-7
Added Net: Name=CH3
Added Pin To Net: NetName=CH4 Pin=U2-12
Added Net: Name=CH4
Added Pin To Net: NetName=CH5 Pin=R6-3
Added Pin To Net: NetName=CH5 Pin=R18-3
Added Pin To Net: NetName=CH5 Pin=U2-11
Added Net: Name=CH5
Added Pin To Net: NetName=CH6 Pin=R2-3
Added Pin To Net: NetName=CH6 Pin=R8-3
Added Pin To Net: NetName=CH6 Pin=R16-3
Added Pin To Net: NetName=CH6 Pin=U2-10
Added Net: Name=CH6
Added Pin To Net: NetName=CH7 Pin=U2-9
Added Net: Name=CH7
Added Pin To Net: NetName=NetC11_1 Pin=C11-1
Added Pin To Net: NetName=NetC11_1 Pin=R3-2
Added Net: Name=NetC11_1
Added Pin To Net: NetName=NetC12_1 Pin=C12-1
Added Pin To Net: NetName=NetC12_1 Pin=D2-1
Added Pin To Net: NetName=NetC12_1 Pin=L3-1
Added Net: Name=NetC12_1
Added Pin To Net: NetName=NetC12_2 Pin=C12-2
Added Pin To Net: NetName=NetC12_2 Pin=L2-1
Added Pin To Net: NetName=NetC12_2 Pin=U4-2
Added Net: Name=NetC12_2
Added Pin To Net: NetName=NetC14_1 Pin=C14-1
Added Pin To Net: NetName=NetC14_1 Pin=U10-1
Added Net: Name=NetC14_1
Added Pin To Net: NetName=NetC14_2 Pin=C14-2
Added Pin To Net: NetName=NetC14_2 Pin=U10-2
Added Net: Name=NetC14_2
Added Pin To Net: NetName=NetC26_2 Pin=C26-2
Added Pin To Net: NetName=NetC26_2 Pin=R6-1
Added Pin To Net: NetName=NetC26_2 Pin=U4-14
Added Net: Name=NetC26_2
Added Pin To Net: NetName=NetC28_1 Pin=C28-1
Added Pin To Net: NetName=NetC28_1 Pin=R4-2
Added Net: Name=NetC28_1
Added Pin To Net: NetName=NetD3_2 Pin=D3-2
Added Pin To Net: NetName=NetD3_2 Pin=L4-2
Added Pin To Net: NetName=NetD3_2 Pin=U4-20
Added Net: Name=NetD3_2
Added Pin To Net: NetName=NetR4_1 Pin=R4-1
Added Pin To Net: NetName=NetR4_1 Pin=U4-12
Added Net: Name=NetR4_1
Added Pin To Net: NetName=NetR6_2 Pin=R6-2
Added Pin To Net: NetName=NetR6_2 Pin=R7-2
Added Pin To Net: NetName=NetR6_2 Pin=U4-13
Added Net: Name=NetR6_2
Added Pin To Net: NetName=NetU2_1 Pin=U2-1
Added Net: Name=NetU2_1
Added Pin To Net: NetName=NetU2_15 Pin=U2-15
Added Net: Name=NetU2_15
Added Pin To Net: NetName=NetU2_16 Pin=U2-16
Added Net: Name=NetU2_16
Added Pin To Net: NetName=NetU4_9 Pin=U4-9
Added Pin To Net: NetName=NetU4_9 Pin=U4-11
Added Net: Name=NetU4_9
Added Pin To Net: NetName=SPI0_CS0 Pin=U7-9
Added Net: Name=SPI0_CS0
Added Pin To Net: NetName=SPI0_MISO Pin=U7-1
Added Net: Name=SPI0_MISO
Added Pin To Net: NetName=SPI0_SCLK Pin=U7-10
Added Net: Name=SPI0_SCLK
Added Class: Name=ADC
Added Member To Class: ClassName=5R_Supply Member=Component C25 
Added Member To Class: ClassName=5R_Supply Member=Component C26 
Added Member To Class: ClassName=5R_Supply Member=Component C27 
Added Member To Class: ClassName=5R_Supply Member=Component C28 
Added Member To Class: ClassName=5R_Supply Member=Component D2 Diode
Added Member To Class: ClassName=5R_Supply Member=Component D3 Diode
Added Member To Class: ClassName=5R_Supply Member=Component L2 Inductor
Added Member To Class: ClassName=5R_Supply Member=Component L3 Inductor
Added Member To Class: ClassName=5R_Supply Member=Component L4 Inductor
