Removed Member From Class: ClassName=BBB-Supply Member=U10
Added Component: Designator=U5(LT-LGA-133-05-08-1766_V)
Add component. Clean all parameters for all variants
Add component (AddParameter): Name = "Code_JEDEC"; Value = "MO-222"; VariantName = "[No Variations]"
Add component (AddParameter): Name = "ComponentLink1Description"; Value = "Manufacturer URL"; VariantName = "[No Variations]"
Add component (AddParameter): Name = "ComponentLink1URL"; Value = "http://www.linear.com/"; VariantName = "[No Variations]"
Add component (AddParameter): Name = "ComponentLink2Description"; Value = "Datasheet"; VariantName = "[No Variations]"
Add component (AddParameter): Name = "ComponentLink2URL"; Value = "http://cds.linear.com/docs/en/datasheet/4612fb.pdf"; VariantName = "[No Variations]"
Add component (AddParameter): Name = "ComponentLink3Description"; Value = "Package Specification"; VariantName = "[No Variations]"
Add component (AddParameter): Name = "ComponentLink3URL"; Value = "http://cds.linear.com/docs/en/packaging/05081766_A_lga133.pdf"; VariantName = "[No Variations]"
Add component (AddParameter): Name = "DatasheetVersion"; Value = "Rev. B"; VariantName = "[No Variations]"
Add component (AddParameter): Name = "Extended Temp"; Value = "E, I, MP"; VariantName = "[No Variations]"
Add component (AddParameter): Name = "Frequency(kHz)"; Value = "940"; VariantName = "[No Variations]"
Add component (AddParameter): Name = "Frequency Sync Range"; Value = "200kHz - 1.3MHz"; VariantName = "[No Variations]"
Add component (AddParameter): Name = "Ishutdown(uA)"; Value = "50"; VariantName = "[No Variations]"
Add component (AddParameter): Name = "Isupply(mA)"; Value = "4.5"; VariantName = "[No Variations]"
Add component (AddParameter): Name = "Manufacturer"; Value = "Linear Technology"; VariantName = "[No Variations]"
Add component (AddParameter): Name = "Mounting Technology"; Value = "Surface Mount"; VariantName = "[No Variations]"
Add component (AddParameter): Name = "Number of Outputs"; Value = "1"; VariantName = "[No Variations]"
Add component (AddParameter): Name = "Output Current(A)"; Value = "5"; VariantName = "[No Variations]"
Add component (AddParameter): Name = "PackageDescription"; Value = "133-Pin LGA, Body 15 x 15 mm, Pitch 1.27 mm"; VariantName = "[No Variations]"
Add component (AddParameter): Name = "PackageReference"; Value = "LGA-133"; VariantName = "[No Variations]"
Add component (AddParameter): Name = "PackageVersion"; Value = "Rev. A, 02/2013"; VariantName = "[No Variations]"
Add component (AddParameter): Name = "Packing"; Value = "Tray"; VariantName = "[No Variations]"
Add component (AddParameter): Name = "PartId"; Value = "1"; VariantName = "[No Variations]"
Add component (AddParameter): Name = "PartNumber"; Value = "LTM4612EV#PBF"; VariantName = "[No Variations]"
Add component (AddParameter): Name = "RoHS"; Value = "TRUE"; VariantName = "[No Variations]"
Add component (AddParameter): Name = "Switch Current(A)"; Value = "9"; VariantName = "[No Variations]"
Add component (AddParameter): Name = "Synchronous"; Value = "yes"; VariantName = "[No Variations]"
Add component (AddParameter): Name = "Topology"; Value = "Buck"; VariantName = "[No Variations]"
Add component (AddParameter): Name = "Tracking"; Value = "yes"; VariantName = "[No Variations]"
Add component (AddParameter): Name = "Vin Max(V)"; Value = "36"; VariantName = "[No Variations]"
Add component (AddParameter): Name = "Vin Min(V)"; Value = "5"; VariantName = "[No Variations]"
Add component (AddParameter): Name = "Vout Max(V)"; Value = "15"; VariantName = "[No Variations]"
Add component (AddParameter): Name = "Vout Min(V)"; Value = "3.3"; VariantName = "[No Variations]"
Added Pin To Net: NetName=Power_IN Pin=U5-A1
Added Pin To Net: NetName=Power_IN Pin=U5-A2
Added Pin To Net: NetName=Power_IN Pin=U5-A3
Added Pin To Net: NetName=Power_IN Pin=U5-A4
Added Pin To Net: NetName=Power_IN Pin=U5-A5
Added Pin To Net: NetName=Power_IN Pin=U5-A6
Added Pin To Net: NetName=NetC20_2 Pin=U5-A9
Added Pin To Net: NetName=NetR12_2 Pin=U5-A10
Added Pin To Net: NetName=NetR11_2 Pin=U5-A12
Added Pin To Net: NetName=Power_IN Pin=U5-B1
Added Pin To Net: NetName=Power_IN Pin=U5-B2
Added Pin To Net: NetName=Power_IN Pin=U5-B3
Added Pin To Net: NetName=Power_IN Pin=U5-B4
Added Pin To Net: NetName=Power_IN Pin=U5-B5
Added Pin To Net: NetName=Power_IN Pin=U5-B6
Added Pin To Net: NetName=NetR12_2 Pin=U5-B9
Added Pin To Net: NetName=NetR11_2 Pin=U5-B11
Added Pin To Net: NetName=NetR13_2 Pin=U5-B12
Added Pin To Net: NetName=Power_IN Pin=U5-C1
Added Pin To Net: NetName=Power_IN Pin=U5-C2
Added Pin To Net: NetName=Power_IN Pin=U5-C3
Added Pin To Net: NetName=Power_IN Pin=U5-C4
Added Pin To Net: NetName=Power_IN Pin=U5-C5
Added Pin To Net: NetName=Power_IN Pin=U5-C6
Added Pin To Net: NetName=GND Pin=U5-D1
Added Pin To Net: NetName=GND Pin=U5-D2
Added Pin To Net: NetName=GND Pin=U5-D3
Added Pin To Net: NetName=GND Pin=U5-D4
Added Pin To Net: NetName=GND Pin=U5-D5
Added Pin To Net: NetName=GND Pin=U5-D6
Added Pin To Net: NetName=GND Pin=U5-E1
Added Pin To Net: NetName=GND Pin=U5-E2
Added Pin To Net: NetName=GND Pin=U5-E3
Added Pin To Net: NetName=GND Pin=U5-E4
Added Pin To Net: NetName=GND Pin=U5-E5
Added Pin To Net: NetName=GND Pin=U5-E6
Added Pin To Net: NetName=GND Pin=U5-E7
Added Pin To Net: NetName=GND Pin=U5-E8
Added Pin To Net: NetName=GND Pin=U5-F1
Added Pin To Net: NetName=GND Pin=U5-F2
Added Pin To Net: NetName=GND Pin=U5-F3
Added Pin To Net: NetName=GND Pin=U5-F4
Added Pin To Net: NetName=GND Pin=U5-F5
Added Pin To Net: NetName=GND Pin=U5-F6
Added Pin To Net: NetName=GND Pin=U5-F7
Added Pin To Net: NetName=GND Pin=U5-F8
Added Pin To Net: NetName=GND Pin=U5-F9
Added Pin To Net: NetName=NetC18_1 Pin=U5-F12
Added Pin To Net: NetName=GND Pin=U5-G1
Added Pin To Net: NetName=GND Pin=U5-G2
Added Pin To Net: NetName=GND Pin=U5-G3
Added Pin To Net: NetName=GND Pin=U5-G4
Added Pin To Net: NetName=GND Pin=U5-G5
Added Pin To Net: NetName=GND Pin=U5-G6
Added Pin To Net: NetName=GND Pin=U5-G7
Added Pin To Net: NetName=GND Pin=U5-G8
Added Pin To Net: NetName=GND Pin=U5-G9
Added Pin To Net: NetName=GND Pin=U5-G10
Added Pin To Net: NetName=GND Pin=U5-G11
Added Pin To Net: NetName=GND Pin=U5-H1
Added Pin To Net: NetName=GND Pin=U5-H2
Added Pin To Net: NetName=GND Pin=U5-H3
Added Pin To Net: NetName=GND Pin=U5-H4
Added Pin To Net: NetName=GND Pin=U5-H5
Added Pin To Net: NetName=GND Pin=U5-H6
Added Pin To Net: NetName=GND Pin=U5-H7
Added Pin To Net: NetName=GND Pin=U5-H8
Added Pin To Net: NetName=GND Pin=U5-H9
Added Pin To Net: NetName=GND Pin=U5-H10
Added Pin To Net: NetName=GND Pin=U5-H11
Added Pin To Net: NetName=+5 BBB Pin=U5-J1
Added Pin To Net: NetName=+5 BBB Pin=U5-J2
Added Pin To Net: NetName=+5 BBB Pin=U5-J3
Added Pin To Net: NetName=+5 BBB Pin=U5-J4
Added Pin To Net: NetName=+5 BBB Pin=U5-J5
Added Pin To Net: NetName=+5 BBB Pin=U5-J6
Added Pin To Net: NetName=+5 BBB Pin=U5-J7
Added Pin To Net: NetName=+5 BBB Pin=U5-J8
Added Pin To Net: NetName=+5 BBB Pin=U5-J9
Added Pin To Net: NetName=+5 BBB Pin=U5-J10
Added Pin To Net: NetName=+5 BBB Pin=U5-J11
Added Pin To Net: NetName=+5 BBB Pin=U5-K1
Added Pin To Net: NetName=+5 BBB Pin=U5-K2
Added Pin To Net: NetName=+5 BBB Pin=U5-K3
Added Pin To Net: NetName=+5 BBB Pin=U5-K4
Added Pin To Net: NetName=+5 BBB Pin=U5-K5
Added Pin To Net: NetName=+5 BBB Pin=U5-K6
Added Pin To Net: NetName=+5 BBB Pin=U5-K7
Added Pin To Net: NetName=+5 BBB Pin=U5-K8
Added Pin To Net: NetName=+5 BBB Pin=U5-K9
Added Pin To Net: NetName=+5 BBB Pin=U5-K10
Added Pin To Net: NetName=+5 BBB Pin=U5-K11
Added Pin To Net: NetName=+5 BBB Pin=U5-L1
Added Pin To Net: NetName=+5 BBB Pin=U5-L2
Added Pin To Net: NetName=+5 BBB Pin=U5-L3
Added Pin To Net: NetName=+5 BBB Pin=U5-L4
Added Pin To Net: NetName=+5 BBB Pin=U5-L5
Added Pin To Net: NetName=+5 BBB Pin=U5-L6
Added Pin To Net: NetName=+5 BBB Pin=U5-L7
Added Pin To Net: NetName=+5 BBB Pin=U5-L8
Added Pin To Net: NetName=+5 BBB Pin=U5-L9
Added Pin To Net: NetName=+5 BBB Pin=U5-L10
Added Pin To Net: NetName=+5 BBB Pin=U5-L11
Added Pin To Net: NetName=+5 BBB Pin=U5-M1
Added Pin To Net: NetName=+5 BBB Pin=U5-M2
Added Pin To Net: NetName=+5 BBB Pin=U5-M3
Added Pin To Net: NetName=+5 BBB Pin=U5-M4
Added Pin To Net: NetName=+5 BBB Pin=U5-M5
Added Pin To Net: NetName=+5 BBB Pin=U5-M6
Added Pin To Net: NetName=+5 BBB Pin=U5-M7
Added Pin To Net: NetName=+5 BBB Pin=U5-M8
Added Pin To Net: NetName=+5 BBB Pin=U5-M9
Added Pin To Net: NetName=+5 BBB Pin=U5-M10
Added Pin To Net: NetName=+5 BBB Pin=U5-M11
Added Pin To Net: NetName=NetR10_2 Pin=U5-M12
Added Member To Class: ClassName=BBB-Supply Member=Component U5 LTM4612EV#PBF
