Removed Pin From Net: NetName=Power_IN Pin=C11-2
Removed Pin From Net: NetName=+5 Pin=C13-1
Removed Pin From Net: NetName=-5 Pin=C14-2
Removed Pin From Net: NetName=-5 Pin=R3-2
Removed Pin From Net: NetName=+5 Pin=R5-1
Removed Pin From Net: NetName=NetR7_2 Pin=U4-E1
Removed Pin From Net: NetName=NetR7_2 Pin=U4-G1
Removed Pin From Net: NetName=-5 Pin=U5-A4
Removed Pin From Net: NetName=-5 Pin=U5-A5
Removed Pin From Net: NetName=-5 Pin=U5-B4
Removed Pin From Net: NetName=-5 Pin=U5-B5
Removed Pin From Net: NetName=Power_IN Pin=U5-G4
Removed Pin From Net: NetName=Power_IN Pin=U5-G5
Removed Pin From Net: NetName=Power_IN Pin=U5-H4
Removed Pin From Net: NetName=Power_IN Pin=U5-H5
Removed Pin From Net: NetName=Power_IN Pin=U10-A1
Removed Pin From Net: NetName=Power_IN Pin=U10-A2
Removed Pin From Net: NetName=Power_IN Pin=U10-A3
Removed Pin From Net: NetName=Power_IN Pin=U10-A4
Removed Pin From Net: NetName=Power_IN Pin=U10-A5
Removed Pin From Net: NetName=Power_IN Pin=U10-A6
Removed Pin From Net: NetName=Power_IN Pin=U10-B1
Removed Pin From Net: NetName=Power_IN Pin=U10-B2
Removed Pin From Net: NetName=Power_IN Pin=U10-B3
Removed Pin From Net: NetName=Power_IN Pin=U10-B4
Removed Pin From Net: NetName=Power_IN Pin=U10-B5
Removed Pin From Net: NetName=Power_IN Pin=U10-B6
Removed Pin From Net: NetName=Power_IN Pin=U10-C1
Removed Pin From Net: NetName=Power_IN Pin=U10-C2
Removed Pin From Net: NetName=Power_IN Pin=U10-C3
Removed Pin From Net: NetName=Power_IN Pin=U10-C4
Removed Pin From Net: NetName=Power_IN Pin=U10-C5
Removed Pin From Net: NetName=Power_IN Pin=U10-C6
Removed Pin From Net: NetName=GND Pin=U10-D1
Removed Pin From Net: NetName=GND Pin=U10-D2
Removed Pin From Net: NetName=GND Pin=U10-D3
Removed Pin From Net: NetName=GND Pin=U10-D4
Removed Pin From Net: NetName=GND Pin=U10-D5
Removed Pin From Net: NetName=GND Pin=U10-D6
Removed Pin From Net: NetName=GND Pin=U10-D9
Removed Pin From Net: NetName=GND Pin=U10-E1
Removed Pin From Net: NetName=GND Pin=U10-E2
Removed Pin From Net: NetName=GND Pin=U10-E3
Removed Pin From Net: NetName=GND Pin=U10-E4
Removed Pin From Net: NetName=GND Pin=U10-E5
Removed Pin From Net: NetName=GND Pin=U10-E6
Removed Pin From Net: NetName=GND Pin=U10-E7
Removed Pin From Net: NetName=GND Pin=U10-E8
Removed Pin From Net: NetName=GND Pin=U10-F1
Removed Pin From Net: NetName=GND Pin=U10-F2
Removed Pin From Net: NetName=GND Pin=U10-F3
Removed Pin From Net: NetName=GND Pin=U10-F4
Removed Pin From Net: NetName=GND Pin=U10-F5
Removed Pin From Net: NetName=GND Pin=U10-F6
Removed Pin From Net: NetName=GND Pin=U10-F7
Removed Pin From Net: NetName=GND Pin=U10-F8
Removed Pin From Net: NetName=GND Pin=U10-F9
Removed Pin From Net: NetName=GND Pin=U10-G1
Removed Pin From Net: NetName=GND Pin=U10-G2
Removed Pin From Net: NetName=GND Pin=U10-G3
Removed Pin From Net: NetName=GND Pin=U10-G4
Removed Pin From Net: NetName=GND Pin=U10-G5
Removed Pin From Net: NetName=GND Pin=U10-G6
Removed Pin From Net: NetName=GND Pin=U10-G7
Removed Pin From Net: NetName=GND Pin=U10-G8
Removed Pin From Net: NetName=GND Pin=U10-G9
Removed Pin From Net: NetName=GND Pin=U10-G10
Removed Pin From Net: NetName=GND Pin=U10-G11
Removed Pin From Net: NetName=GND Pin=U10-H1
Removed Pin From Net: NetName=GND Pin=U10-H2
Removed Pin From Net: NetName=GND Pin=U10-H3
Removed Pin From Net: NetName=GND Pin=U10-H4
Removed Pin From Net: NetName=GND Pin=U10-H5
Removed Pin From Net: NetName=GND Pin=U10-H6
Removed Pin From Net: NetName=GND Pin=U10-H7
Removed Pin From Net: NetName=GND Pin=U10-H8
Removed Pin From Net: NetName=GND Pin=U10-H9
Removed Pin From Net: NetName=GND Pin=U10-H10
Removed Pin From Net: NetName=GND Pin=U10-H11
Removed Pin From Net: NetName=GND Pin=U10-H12
Removed Pin From Net: NetName=+5 BBB Pin=U10-J1
Removed Pin From Net: NetName=+5 BBB Pin=U10-J2
Removed Pin From Net: NetName=+5 BBB Pin=U10-J3
Removed Pin From Net: NetName=+5 BBB Pin=U10-J4
Removed Pin From Net: NetName=+5 BBB Pin=U10-J5
Removed Pin From Net: NetName=+5 BBB Pin=U10-J6
Removed Pin From Net: NetName=+5 BBB Pin=U10-J7
Removed Pin From Net: NetName=+5 BBB Pin=U10-J8
Removed Pin From Net: NetName=+5 BBB Pin=U10-J9
Removed Pin From Net: NetName=+5 BBB Pin=U10-J10
Removed Pin From Net: NetName=+5 BBB Pin=U10-J11
Removed Pin From Net: NetName=+5 BBB Pin=U10-K1
Removed Pin From Net: NetName=+5 BBB Pin=U10-K2
Removed Pin From Net: NetName=+5 BBB Pin=U10-K3
Removed Pin From Net: NetName=+5 BBB Pin=U10-K4
Removed Pin From Net: NetName=+5 BBB Pin=U10-K5
Removed Pin From Net: NetName=+5 BBB Pin=U10-K6
Removed Pin From Net: NetName=+5 BBB Pin=U10-K7
Removed Pin From Net: NetName=+5 BBB Pin=U10-K8
Removed Pin From Net: NetName=+5 BBB Pin=U10-K9
Removed Pin From Net: NetName=+5 BBB Pin=U10-K10
Removed Pin From Net: NetName=+5 BBB Pin=U10-K11
Removed Pin From Net: NetName=+5 BBB Pin=U10-L1
Removed Pin From Net: NetName=+5 BBB Pin=U10-L2
Removed Pin From Net: NetName=+5 BBB Pin=U10-L3
Removed Pin From Net: NetName=+5 BBB Pin=U10-L4
Removed Pin From Net: NetName=+5 BBB Pin=U10-L5
Removed Pin From Net: NetName=+5 BBB Pin=U10-L6
Removed Pin From Net: NetName=+5 BBB Pin=U10-L7
Removed Pin From Net: NetName=+5 BBB Pin=U10-L8
Removed Pin From Net: NetName=+5 BBB Pin=U10-L9
Removed Pin From Net: NetName=+5 BBB Pin=U10-L10
Removed Pin From Net: NetName=+5 BBB Pin=U10-L11
Removed Pin From Net: NetName=+5 BBB Pin=U10-M1
Removed Pin From Net: NetName=+5 BBB Pin=U10-M2
Removed Pin From Net: NetName=+5 BBB Pin=U10-M3
Removed Pin From Net: NetName=+5 BBB Pin=U10-M4
Removed Pin From Net: NetName=+5 BBB Pin=U10-M5
Removed Pin From Net: NetName=+5 BBB Pin=U10-M6
Removed Pin From Net: NetName=+5 BBB Pin=U10-M7
Removed Pin From Net: NetName=+5 BBB Pin=U10-M8
Removed Pin From Net: NetName=+5 BBB Pin=U10-M9
Removed Pin From Net: NetName=+5 BBB Pin=U10-M10
Removed Pin From Net: NetName=+5 BBB Pin=U10-M11
Removed Member From Class: ClassName=5R_Supply Member=C12
Removed Member From Class: ClassName=BBB-Supply Member=C17
Removed Member From Class: ClassName=5R_Supply Member=R4
Removed Member From Class: ClassName=5R_Supply Member=R7
Removed Member From Class: ClassName=5R_Supply Member=U4
Removed Member From Class: ClassName=5R_Supply Member=U5
Change Component Footprint: Designator=C17 Old Footprint=CAPC0805(2012)145_N New Footprint=CAPC1206(3216)130_N
Change Component Footprint: Designator=C11 Old Footprint=CAPC1206(3216)110_N New Footprint=CAPC0805(2012)145_N
Change Component Footprint: Designator=C14 Old Footprint=CAPC1206(3216)130_N New Footprint=CAPC0402(1005)60_L
Change Component Footprint: Designator=C12 Old Footprint=CAPC1206(3216)130_N New Footprint=CAPC1206(3216)110_N
Change Component Footprint: Designator=C13 Old Footprint=CAPC1210(3225)100_N New Footprint=CAPC0805(2012)145_N
Change Component Footprint: Designator=R3 Old Footprint=RESC0805(2012)_M New Footprint=SOT95P230X102-3N-MPM
Change Component Footprint: Designator=R5 Old Footprint=RESC0805(2012)_M New Footprint=SOT95P230X102-3N-MPM
Change Component Footprint: Designator=R6 Old Footprint=RESC0805(2012)_M New Footprint=SOT95P230X102-3N-MPM
Change Component Footprint: Designator=R8 Old Footprint=RESC0805(2012)_M New Footprint=SOT95P230X102-3N-MPM
Change Component Comment : Designator=C11 Old Comment= New Comment=CAP CER 0.1UF 25V X7R 0805
Change Component Comment : Designator=C13 Old Comment= New Comment=CAP CER 0.1UF 25V X7R 0805
Change Component Comment : Designator=R5 Old Comment= New Comment=MPM
Change Component Comment : Designator=C17 Old Comment=CAP CER 0.1UF 16V X7R 0805 New Comment=CAP CER 10UF 6.3V X5R 1206
Change Component Comment : Designator=C14 Old Comment=CAP CER 10UF 6.3V X5R 1206 New Comment=0.1uF
Change Component Comment : Designator=C12 Old Comment=CAP CER 10UF 6.3V X5R 1206 New Comment=
Change Component Comment : Designator=R3 Old Comment=RES SMD 43K OHM 1% 1/8W 0805 New Comment=MPM
Change Component Comment : Designator=R6 Old Comment=RES SMD 43K OHM 1% 1/8W 0805 New Comment=MPM
Change Component Comment : Designator=R8 Old Comment=RES SMD 43K OHM 1% 1/8W 0805 New Comment=MPM
Change component parameters: Designator = "R3"; Footprint = "SOT95P230X102-3N-MPM"; UniqueID = "\JQKTOXBV"
Change component parameters. Clean all parameters for all variants
Change component parameters: Designator = "R4"; Footprint = "RESC0805(2012)_M"; UniqueID = "\NTWOWEAC"
Change component parameters. Clean all parameters for all variants
Change component parameters (AddParameter): Name = "Resistance (Ohms)"; Value = "130k"; VariantName = "[No Variations]"
Change component parameters: Designator = "R5"; Footprint = "SOT95P230X102-3N-MPM"; UniqueID = "\JMNUVHEH"
Change component parameters. Clean all parameters for all variants
Change component parameters: Designator = "R6"; Footprint = "SOT95P230X102-3N-MPM"; UniqueID = "\NEEIUTHU"
Change component parameters. Clean all parameters for all variants
Change component parameters: Designator = "R7"; Footprint = "RESC0805(2012)_M"; UniqueID = "\AIMDIVAG"
Change component parameters. Clean all parameters for all variants
Change component parameters (AddParameter): Name = "Resistance (Ohms)"; Value = "115k"; VariantName = "[No Variations]"
Change component parameters: Designator = "R8"; Footprint = "SOT95P230X102-3N-MPM"; UniqueID = "\NARXKSQR"
Change component parameters. Clean all parameters for all variants
Change component parameters: Designator = "C14"; Footprint = "CAPC0402(1005)60_L"; UniqueID = "\TJMYRRMF"
Change component parameters. Clean all parameters for all variants
Change component parameters (AddParameter): Name = "Applications"; Value = "General Purpose"; VariantName = "[No Variations]"
Change component parameters (AddParameter): Name = "Category"; Value = "Capacitors"; VariantName = "[No Variations]"
Change component parameters (AddParameter): Name = "ComponentLink1Description"; Value = "http://www.murata.com/~/media/webrenewal/support/library/catalog/products/capacitor/mlcc/c02e.ashx?la=en-us"; VariantName = "[No Variations]"
Change component parameters (AddParameter): Name = "ComponentLink1URL"; Value = "http://www.murata.com/~/media/webrenewal/support/library/catalog/products/capacitor/mlcc/c02e.ashx?la=en-us"; VariantName = "[No Variations]"
Change component parameters (AddParameter): Name = "Features"; Value = "-"; VariantName = "[No Variations]"
Change component parameters (AddParameter): Name = "Height - Seated (Max)"; Value = "-"; VariantName = "[No Variations]"
Change component parameters (AddParameter): Name = "Lead Spacing"; Value = "-"; VariantName = "[No Variations]"
Change component parameters (AddParameter): Name = "Manufacturer"; Value = "Murata Electronics North America"; VariantName = "[No Variations]"
Change component parameters (AddParameter): Name = "Manufacturer Part Number"; Value = "GRM155R71A104KA01D"; VariantName = "[No Variations]"
Change component parameters (AddParameter): Name = "Mounting Type"; Value = "Surface Mount, MLCC"; VariantName = "[No Variations]"
Change component parameters (AddParameter): Name = "Operating Temperature"; Value = "-55°C ~ 125°C"; VariantName = "[No Variations]"
Change component parameters (AddParameter): Name = "Package / Case"; Value = "0402 (1005 Metric)"; VariantName = "[No Variations]"
Change component parameters (AddParameter): Name = "Packaging"; Value = "Cut Tape (CT)"; VariantName = "[No Variations]"
Change component parameters (AddParameter): Name = "Part Status"; Value = "Active"; VariantName = "[No Variations]"
Change component parameters (AddParameter): Name = "Pricing 1"; Value = "1=0.1, 10=0.014, 100=0.0063, 500=0.00446, 1000=0.00351, 2500=0.00319, 5000=0.00293 (USD)"; VariantName = "[No Variations]"
Change component parameters (AddParameter): Name = "Ratings"; Value = "-"; VariantName = "[No Variations]"
Change component parameters (AddParameter): Name = "RoHS"; Value = "RoHS Compliant"; VariantName = "[No Variations]"
Change component parameters (AddParameter): Name = "Size / Dimension"; Value = "0.039" L x 0.020" W (1.00mm x 0.50mm)"; VariantName = "[No Variations]"
Change component parameters (AddParameter): Name = "Stock 1"; Value = "2920395"; VariantName = "[No Variations]"
Change component parameters (AddParameter): Name = "Supplier 1"; Value = "Digi-Key"; VariantName = "[No Variations]"
Change component parameters (AddParameter): Name = "Supplier Part Number 1"; Value = "490-6321-1-ND"; VariantName = "[No Variations]"
Change component parameters (AddParameter): Name = "Temperature Coefficient"; Value = "X7R"; VariantName = "[No Variations]"
Change component parameters (AddParameter): Name = "Thickness (Max)"; Value = "0.022" (0.55mm)"; VariantName = "[No Variations]"
Change component parameters (AddParameter): Name = "Tolerance"; Value = "±10%"; VariantName = "[No Variations]"
Change component parameters (AddParameter): Name = "Voltage - Rated"; Value = "10V"; VariantName = "[No Variations]"
Change component parameters: Designator = "C17"; Footprint = "CAPC1206(3216)130_N"; UniqueID = "\HTBYOTXL"
Change component parameters. Clean all parameters for all variants
Change component parameters (AddParameter): Name = "Applications"; Value = "SMPS Filtering"; VariantName = "[No Variations]"
Change component parameters (AddParameter): Name = "Capacitance"; Value = "14.7uF"; VariantName = "[No Variations]"
Change component parameters (AddParameter): Name = "Category"; Value = "Capacitors"; VariantName = "[No Variations]"
Change component parameters (AddParameter): Name = "ComponentLink1Description"; Value = "http://ds.yuden.co.jp/TYCOMPAS/ut/detail.do?productNo=JMK316BJ106ML-T&fileName=JMK316BJ106ML-T_SS&mode=specSheetDownload"; VariantName = "[No Variations]"
Change component parameters (AddParameter): Name = "ComponentLink1URL"; Value = "http://ds.yuden.co.jp/TYCOMPAS/ut/detail.do?productNo=JMK316BJ106ML-T&fileName=JMK316BJ106ML-T_SS&mode=specSheetDownload"; VariantName = "[No Variations]"
Change component parameters (AddParameter): Name = "Failure Rate"; Value = "-"; VariantName = "[No Variations]"
Change component parameters (AddParameter): Name = "Features"; Value = "-"; VariantName = "[No Variations]"
Change component parameters (AddParameter): Name = "Height - Seated (Max)"; Value = "-"; VariantName = "[No Variations]"
Change component parameters (AddParameter): Name = "Lead Spacing"; Value = "-"; VariantName = "[No Variations]"
Change component parameters (AddParameter): Name = "Lead Style"; Value = "-"; VariantName = "[No Variations]"
Change component parameters (AddParameter): Name = "Manufacturer"; Value = "Taiyo Yuden"; VariantName = "[No Variations]"
Change component parameters (AddParameter): Name = "Manufacturer Part Number"; Value = "JMK316BJ106ML-T"; VariantName = "[No Variations]"
Change component parameters (AddParameter): Name = "Mounting Type"; Value = "Surface Mount, MLCC"; VariantName = "[No Variations]"
Change component parameters (AddParameter): Name = "Notification"; Value = "Current market demand for these product types have resulted in fluctuating and extending lead times. Lead times may differ."; VariantName = "[No Variations]"
Change component parameters (AddParameter): Name = "Operating Temperature"; Value = "-55°C ~ 85°C"; VariantName = "[No Variations]"
Change component parameters (AddParameter): Name = "Package / Case"; Value = "1206 (3216 Metric)"; VariantName = "[No Variations]"
Change component parameters (AddParameter): Name = "Packaging"; Value = "Cut Tape (CT)"; VariantName = "[No Variations]"
Change component parameters (AddParameter): Name = "Part Status"; Value = "Active"; VariantName = "[No Variations]"
Change component parameters (AddParameter): Name = "Pricing 1"; Value = "1=0.24, 10=0.161, 100=0.0817, 500=0.05592, 1000=0.04946 (USD)"; VariantName = "[No Variations]"
Change component parameters (AddParameter): Name = "Ratings"; Value = "-"; VariantName = "[No Variations]"
Change component parameters (AddParameter): Name = "RoHS"; Value = "RoHS Compliant"; VariantName = "[No Variations]"
Change component parameters (AddParameter): Name = "Size / Dimension"; Value = "0.126" L x 0.063" W (3.20mm x 1.60mm)"; VariantName = "[No Variations]"
Change component parameters (AddParameter): Name = "Stock 1"; Value = "5600"; VariantName = "[No Variations]"
Change component parameters (AddParameter): Name = "Supplier 1"; Value = "Digi-Key"; VariantName = "[No Variations]"
Change component parameters (AddParameter): Name = "Supplier Part Number 1"; Value = "587-5447-1-ND"; VariantName = "[No Variations]"
Change component parameters (AddParameter): Name = "Temperature Coefficient"; Value = "X5R"; VariantName = "[No Variations]"
Change component parameters (AddParameter): Name = "Thickness (Max)"; Value = "0.071" (1.80mm)"; VariantName = "[No Variations]"
Change component parameters (AddParameter): Name = "Tolerance"; Value = "±20%"; VariantName = "[No Variations]"
Change component parameters (AddParameter): Name = "Voltage - Rated"; Value = "6.3V"; VariantName = "[No Variations]"
Change component parameters: Designator = "C11"; Footprint = "CAPC0805(2012)145_N"; UniqueID = "\CGSCLWTM"
Change component parameters. Clean all parameters for all variants
Change component parameters (AddParameter): Name = "Applications"; Value = "General Purpose"; VariantName = "[No Variations]"
Change component parameters (AddParameter): Name = "Capacitance"; Value = "0.1µF"; VariantName = "[No Variations]"
Change component parameters (AddParameter): Name = "Category"; Value = "Capacitors"; VariantName = "[No Variations]"
Change component parameters (AddParameter): Name = "ComponentLink1Description"; Value = "http://www.murata.com/~/media/webrenewal/support/library/catalog/products/capacitor/mlcc/c02e.ashx"; VariantName = "[No Variations]"
Change component parameters (AddParameter): Name = "ComponentLink1URL"; Value = "http://www.murata.com/~/media/webrenewal/support/library/catalog/products/capacitor/mlcc/c02e.ashx"; VariantName = "[No Variations]"
Change component parameters (AddParameter): Name = "Features"; Value = "-"; VariantName = "[No Variations]"
Change component parameters (AddParameter): Name = "Height - Seated (Max)"; Value = "-"; VariantName = "[No Variations]"
Change component parameters (AddParameter): Name = "Lead Spacing"; Value = "-"; VariantName = "[No Variations]"
Change component parameters (AddParameter): Name = "Lead Style"; Value = "-"; VariantName = "[No Variations]"
Change component parameters (AddParameter): Name = "Manufacturer"; Value = "Murata Electronics North America"; VariantName = "[No Variations]"
Change component parameters (AddParameter): Name = "Manufacturer Part Number"; Value = "GRM21BR71E104KA01L"; VariantName = "[No Variations]"
Change component parameters (AddParameter): Name = "Mounting Type"; Value = "Surface Mount, MLCC"; VariantName = "[No Variations]"
Change component parameters (AddParameter): Name = "Operating Temperature"; Value = "-55°C ~ 125°C"; VariantName = "[No Variations]"
Change component parameters (AddParameter): Name = "Package / Case"; Value = "0805 (2012 Metric)"; VariantName = "[No Variations]"
Change component parameters (AddParameter): Name = "Packaging"; Value = "Digi-Reel®"; VariantName = "[No Variations]"
Change component parameters (AddParameter): Name = "Part Status"; Value = "Active"; VariantName = "[No Variations]"
Change component parameters (AddParameter): Name = "Pricing 1"; Value = "1=0.2, 10=0.145, 100=0.0683, 500=0.04788, 1000=0.03964 (USD)"; VariantName = "[No Variations]"
Change component parameters (AddParameter): Name = "Ratings"; Value = "-"; VariantName = "[No Variations]"
Change component parameters (AddParameter): Name = "RoHS"; Value = "RoHS Compliant"; VariantName = "[No Variations]"
Change component parameters (AddParameter): Name = "Size / Dimension"; Value = "0.079" L x 0.049" W (2.00mm x 1.25mm)"; VariantName = "[No Variations]"
Change component parameters (AddParameter): Name = "Stock 1"; Value = "891652"; VariantName = "[No Variations]"
Change component parameters (AddParameter): Name = "Supplier 1"; Value = "Digi-Key"; VariantName = "[No Variations]"
Change component parameters (AddParameter): Name = "Supplier Part Number 1"; Value = "490-1673-6-ND"; VariantName = "[No Variations]"
Change component parameters (AddParameter): Name = "Temperature Coefficient"; Value = "X7R"; VariantName = "[No Variations]"
Change component parameters (AddParameter): Name = "Thickness (Max)"; Value = "0.053" (1.35mm)"; VariantName = "[No Variations]"
Change component parameters (AddParameter): Name = "Tolerance"; Value = "±10%"; VariantName = "[No Variations]"
Change component parameters (AddParameter): Name = "Voltage - Rated"; Value = "25V"; VariantName = "[No Variations]"
Change component parameters: Designator = "C13"; Footprint = "CAPC0805(2012)145_N"; UniqueID = "\UUELTLUI"
Change component parameters. Clean all parameters for all variants
Change component parameters (AddParameter): Name = "Applications"; Value = "General Purpose"; VariantName = "[No Variations]"
Change component parameters (AddParameter): Name = "Capacitance"; Value = "0.1µF"; VariantName = "[No Variations]"
Change component parameters (AddParameter): Name = "Category"; Value = "Capacitors"; VariantName = "[No Variations]"
Change component parameters (AddParameter): Name = "ComponentLink1Description"; Value = "http://www.murata.com/~/media/webrenewal/support/library/catalog/products/capacitor/mlcc/c02e.ashx"; VariantName = "[No Variations]"
Change component parameters (AddParameter): Name = "ComponentLink1URL"; Value = "http://www.murata.com/~/media/webrenewal/support/library/catalog/products/capacitor/mlcc/c02e.ashx"; VariantName = "[No Variations]"
Change component parameters (AddParameter): Name = "Features"; Value = "-"; VariantName = "[No Variations]"
Change component parameters (AddParameter): Name = "Height - Seated (Max)"; Value = "-"; VariantName = "[No Variations]"
Change component parameters (AddParameter): Name = "Lead Spacing"; Value = "-"; VariantName = "[No Variations]"
Change component parameters (AddParameter): Name = "Lead Style"; Value = "-"; VariantName = "[No Variations]"
Change component parameters (AddParameter): Name = "Manufacturer"; Value = "Murata Electronics North America"; VariantName = "[No Variations]"
Change component parameters (AddParameter): Name = "Manufacturer Part Number"; Value = "GRM21BR71E104KA01L"; VariantName = "[No Variations]"
Change component parameters (AddParameter): Name = "Mounting Type"; Value = "Surface Mount, MLCC"; VariantName = "[No Variations]"
Change component parameters (AddParameter): Name = "Operating Temperature"; Value = "-55°C ~ 125°C"; VariantName = "[No Variations]"
Change component parameters (AddParameter): Name = "Package / Case"; Value = "0805 (2012 Metric)"; VariantName = "[No Variations]"
Change component parameters (AddParameter): Name = "Packaging"; Value = "Digi-Reel®"; VariantName = "[No Variations]"
Change component parameters (AddParameter): Name = "Part Status"; Value = "Active"; VariantName = "[No Variations]"
Change component parameters (AddParameter): Name = "Pricing 1"; Value = "1=0.2, 10=0.145, 100=0.0683, 500=0.04788, 1000=0.03964 (USD)"; VariantName = "[No Variations]"
Change component parameters (AddParameter): Name = "Ratings"; Value = "-"; VariantName = "[No Variations]"
Change component parameters (AddParameter): Name = "RoHS"; Value = "RoHS Compliant"; VariantName = "[No Variations]"
Change component parameters (AddParameter): Name = "Size / Dimension"; Value = "0.079" L x 0.049" W (2.00mm x 1.25mm)"; VariantName = "[No Variations]"
Change component parameters (AddParameter): Name = "Stock 1"; Value = "891652"; VariantName = "[No Variations]"
Change component parameters (AddParameter): Name = "Supplier 1"; Value = "Digi-Key"; VariantName = "[No Variations]"
Change component parameters (AddParameter): Name = "Supplier Part Number 1"; Value = "490-1673-6-ND"; VariantName = "[No Variations]"
Change component parameters (AddParameter): Name = "Temperature Coefficient"; Value = "X7R"; VariantName = "[No Variations]"
Change component parameters (AddParameter): Name = "Thickness (Max)"; Value = "0.053" (1.35mm)"; VariantName = "[No Variations]"
Change component parameters (AddParameter): Name = "Tolerance"; Value = "±10%"; VariantName = "[No Variations]"
Change component parameters (AddParameter): Name = "Voltage - Rated"; Value = "25V"; VariantName = "[No Variations]"
Change component parameters: Designator = "C12"; Footprint = "CAPC1206(3216)110_N"; UniqueID = "\KHQPIJTU"
Change component parameters. Clean all parameters for all variants
Change component parameters (AddParameter): Name = "Value"; Value = "4.7uF"; VariantName = "[No Variations]"
Added Component: Designator=C15(CAPC0402(1005)60_L)
Add component. Clean all parameters for all variants
Add component (AddParameter): Name = "Applications"; Value = "General Purpose"; VariantName = "[No Variations]"
Add component (AddParameter): Name = "Category"; Value = "Capacitors"; VariantName = "[No Variations]"
Add component (AddParameter): Name = "ComponentLink1Description"; Value = "http://www.murata.com/~/media/webrenewal/support/library/catalog/products/capacitor/mlcc/c02e.ashx?la=en-us"; VariantName = "[No Variations]"
Add component (AddParameter): Name = "ComponentLink1URL"; Value = "http://www.murata.com/~/media/webrenewal/support/library/catalog/products/capacitor/mlcc/c02e.ashx?la=en-us"; VariantName = "[No Variations]"
Add component (AddParameter): Name = "Features"; Value = "-"; VariantName = "[No Variations]"
Add component (AddParameter): Name = "Height - Seated (Max)"; Value = "-"; VariantName = "[No Variations]"
Add component (AddParameter): Name = "Lead Spacing"; Value = "-"; VariantName = "[No Variations]"
Add component (AddParameter): Name = "Manufacturer"; Value = "Murata Electronics North America"; VariantName = "[No Variations]"
Add component (AddParameter): Name = "Manufacturer Part Number"; Value = "GRM155R71A104KA01D"; VariantName = "[No Variations]"
Add component (AddParameter): Name = "Mounting Type"; Value = "Surface Mount, MLCC"; VariantName = "[No Variations]"
Add component (AddParameter): Name = "Operating Temperature"; Value = "-55°C ~ 125°C"; VariantName = "[No Variations]"
Add component (AddParameter): Name = "Package / Case"; Value = "0402 (1005 Metric)"; VariantName = "[No Variations]"
Add component (AddParameter): Name = "Packaging"; Value = "Cut Tape (CT)"; VariantName = "[No Variations]"
Add component (AddParameter): Name = "Part Status"; Value = "Active"; VariantName = "[No Variations]"
Add component (AddParameter): Name = "Pricing 1"; Value = "1=0.1, 10=0.014, 100=0.0063, 500=0.00446, 1000=0.00351, 2500=0.00319, 5000=0.00293 (USD)"; VariantName = "[No Variations]"
Add component (AddParameter): Name = "Ratings"; Value = "-"; VariantName = "[No Variations]"
Add component (AddParameter): Name = "RoHS"; Value = "RoHS Compliant"; VariantName = "[No Variations]"
Add component (AddParameter): Name = "Size / Dimension"; Value = "0.039" L x 0.020" W (1.00mm x 0.50mm)"; VariantName = "[No Variations]"
Add component (AddParameter): Name = "Stock 1"; Value = "2920395"; VariantName = "[No Variations]"
Add component (AddParameter): Name = "Supplier 1"; Value = "Digi-Key"; VariantName = "[No Variations]"
Add component (AddParameter): Name = "Supplier Part Number 1"; Value = "490-6321-1-ND"; VariantName = "[No Variations]"
Add component (AddParameter): Name = "Temperature Coefficient"; Value = "X7R"; VariantName = "[No Variations]"
Add component (AddParameter): Name = "Thickness (Max)"; Value = "0.022" (0.55mm)"; VariantName = "[No Variations]"
Add component (AddParameter): Name = "Tolerance"; Value = "±10%"; VariantName = "[No Variations]"
Add component (AddParameter): Name = "Voltage - Rated"; Value = "10V"; VariantName = "[No Variations]"
Added Component: Designator=C25(CAPC1210(3225)100_N)
Add component. Clean all parameters for all variants
Add component (AddParameter): Name = "Value"; Value = "100uF"; VariantName = "[No Variations]"
Added Component: Designator=C26(CAPC1206(3216)130_N)
Add component. Clean all parameters for all variants
Add component (AddParameter): Name = "Applications"; Value = "SMPS Filtering"; VariantName = "[No Variations]"
Add component (AddParameter): Name = "Capacitance"; Value = "22pF"; VariantName = "[No Variations]"
Add component (AddParameter): Name = "Category"; Value = "Capacitors"; VariantName = "[No Variations]"
Add component (AddParameter): Name = "ComponentLink1Description"; Value = "http://ds.yuden.co.jp/TYCOMPAS/ut/detail.do?productNo=JMK316BJ106ML-T&fileName=JMK316BJ106ML-T_SS&mode=specSheetDownload"; VariantName = "[No Variations]"
Add component (AddParameter): Name = "ComponentLink1URL"; Value = "http://ds.yuden.co.jp/TYCOMPAS/ut/detail.do?productNo=JMK316BJ106ML-T&fileName=JMK316BJ106ML-T_SS&mode=specSheetDownload"; VariantName = "[No Variations]"
Add component (AddParameter): Name = "Failure Rate"; Value = "-"; VariantName = "[No Variations]"
Add component (AddParameter): Name = "Features"; Value = "-"; VariantName = "[No Variations]"
Add component (AddParameter): Name = "Height - Seated (Max)"; Value = "-"; VariantName = "[No Variations]"
Add component (AddParameter): Name = "Lead Spacing"; Value = "-"; VariantName = "[No Variations]"
Add component (AddParameter): Name = "Lead Style"; Value = "-"; VariantName = "[No Variations]"
Add component (AddParameter): Name = "Manufacturer"; Value = "Taiyo Yuden"; VariantName = "[No Variations]"
Add component (AddParameter): Name = "Manufacturer Part Number"; Value = "JMK316BJ106ML-T"; VariantName = "[No Variations]"
Add component (AddParameter): Name = "Mounting Type"; Value = "Surface Mount, MLCC"; VariantName = "[No Variations]"
Add component (AddParameter): Name = "Notification"; Value = "Current market demand for these product types have resulted in fluctuating and extending lead times. Lead times may differ."; VariantName = "[No Variations]"
Add component (AddParameter): Name = "Operating Temperature"; Value = "-55°C ~ 85°C"; VariantName = "[No Variations]"
Add component (AddParameter): Name = "Package / Case"; Value = "1206 (3216 Metric)"; VariantName = "[No Variations]"
Add component (AddParameter): Name = "Packaging"; Value = "Cut Tape (CT)"; VariantName = "[No Variations]"
Add component (AddParameter): Name = "Part Status"; Value = "Active"; VariantName = "[No Variations]"
Add component (AddParameter): Name = "Pricing 1"; Value = "1=0.24, 10=0.161, 100=0.0817, 500=0.05592, 1000=0.04946 (USD)"; VariantName = "[No Variations]"
Add component (AddParameter): Name = "Ratings"; Value = "-"; VariantName = "[No Variations]"
Add component (AddParameter): Name = "RoHS"; Value = "RoHS Compliant"; VariantName = "[No Variations]"
Add component (AddParameter): Name = "Size / Dimension"; Value = "0.126" L x 0.063" W (3.20mm x 1.60mm)"; VariantName = "[No Variations]"
Add component (AddParameter): Name = "Stock 1"; Value = "5600"; VariantName = "[No Variations]"
Add component (AddParameter): Name = "Supplier 1"; Value = "Digi-Key"; VariantName = "[No Variations]"
Add component (AddParameter): Name = "Supplier Part Number 1"; Value = "587-5447-1-ND"; VariantName = "[No Variations]"
Add component (AddParameter): Name = "Temperature Coefficient"; Value = "X5R"; VariantName = "[No Variations]"
Add component (AddParameter): Name = "Thickness (Max)"; Value = "0.071" (1.80mm)"; VariantName = "[No Variations]"
Add component (AddParameter): Name = "Tolerance"; Value = "±20%"; VariantName = "[No Variations]"
Add component (AddParameter): Name = "Voltage - Rated"; Value = "6.3V"; VariantName = "[No Variations]"
Added Component: Designator=R1(SOT95P230X102-3N-MPM)
Add component. Clean all parameters for all variants
Added Component: Designator=R2(SOT95P230X102-3N-MPM)
Add component. Clean all parameters for all variants
Added Component: Designator=R16(SOT95P230X102-3N-MPM)
Add component. Clean all parameters for all variants
Added Component: Designator=R17(SOT95P230X102-3N-MPM)
Add component. Clean all parameters for all variants
Added Component: Designator=R18(SOT95P230X102-3N-MPM)
Add component. Clean all parameters for all variants
Added Component: Designator=R19(RESC0805(2012)_M)
Add component. Clean all parameters for all variants
Add component (AddParameter): Name = "Resistance (Ohms)"; Value = "45.3k"; VariantName = "[No Variations]"
Added Component: Designator=R20(RESC0805(2012)_M)
Add component. Clean all parameters for all variants
Add component (AddParameter): Name = "Resistance (Ohms)"; Value = "130k"; VariantName = "[No Variations]"
Added Component: Designator=R21(RESC0805(2012)_M)
Add component. Clean all parameters for all variants
Add component (AddParameter): Name = "Resistance (Ohms)"; Value = "130k"; VariantName = "[No Variations]"
Added Component: Designator=R22(RESC0805(2012)_M)
Add component. Clean all parameters for all variants
Add component (AddParameter): Name = "Resistance (Ohms)"; Value = "130k"; VariantName = "[No Variations]"
Added Component: Designator=U2(ADI-RU-16_M)
Add component. Clean all parameters for all variants
Add component (AddParameter): Name = "Bandwidth (Hz)"; Value = "40M, 40M, 37M, 34M"; VariantName = "[No Variations]"
Add component (AddParameter): Name = "Code_JEDEC"; Value = "MO-153AB"; VariantName = "[No Variations]"
Add component (AddParameter): Name = "ComponentLink1Description"; Value = "Manufacturer URL"; VariantName = "[No Variations]"
Add component (AddParameter): Name = "ComponentLink1URL"; Value = "http://www.analog.com/en/index.html"; VariantName = "[No Variations]"
Add component (AddParameter): Name = "ComponentLink2Description"; Value = "Datasheet"; VariantName = "[No Variations]"
Add component (AddParameter): Name = "ComponentLink2URL"; Value = "http://www.analog.com/static/imported-files/data_sheets/ADG1608_1609.pdf"; VariantName = "[No Variations]"
Add component (AddParameter): Name = "ComponentLink3Description"; Value = "Package Specification"; VariantName = "[No Variations]"
Add component (AddParameter): Name = "ComponentLink3URL"; Value = "http:/www.analog.com/static/imported-files/packages/36244347913743854010197452789RU16.pdf"; VariantName = "[No Variations]"
Add component (AddParameter): Name = "DatasheetVersion"; Value = "Rev. 0"; VariantName = "[No Variations]"
Add component (AddParameter): Name = "Manufacturer"; Value = "Analog Devices"; VariantName = "[No Variations]"
Add component (AddParameter): Name = "Max Analog Signal Range"; Value = "0 to Vdd"; VariantName = "[No Variations]"
Add component (AddParameter): Name = "Mounting Technology"; Value = "Surface Mount"; VariantName = "[No Variations]"
Add component (AddParameter): Name = "PackageDescription"; Value = "16-Pin Thin Shrink Small Outline Package, Body 5 x 4.4 mm, Pitch 0.65 mm"; VariantName = "[No Variations]"
Add component (AddParameter): Name = "PackageReference"; Value = "RU-16"; VariantName = "[No Variations]"
Add component (AddParameter): Name = "PackageVersion"; Value = "Nov-02"; VariantName = "[No Variations]"
Add component (AddParameter): Name = "Packing"; Value = "Tube"; VariantName = "[No Variations]"
Add component (AddParameter): Name = "PartNumber"; Value = "ADG1608BRUZ"; VariantName = "[No Variations]"
Add component (AddParameter): Name = "Ron (ohms)"; Value = "4.4"; VariantName = "[No Variations]"
Add component (AddParameter): Name = "t transition (s)"; Value = "150n"; VariantName = "[No Variations]"
Added Component: Designator=U7(U10+2_L)
Add component. Clean all parameters for all variants
Add component (AddParameter): Name = "Code_JEDEC"; Value = "MO-187-BA"; VariantName = "[No Variations]"
Add component (AddParameter): Name = "ComponentLink1Description"; Value = "Manufacturer URL"; VariantName = "[No Variations]"
Add component (AddParameter): Name = "ComponentLink1URL"; Value = "http://www.maxim-ic.com"; VariantName = "[No Variations]"
Add component (AddParameter): Name = "ComponentLink2Description"; Value = "Datasheet"; VariantName = "[No Variations]"
Add component (AddParameter): Name = "ComponentLink2URL"; Value = "http://datasheets.maxim-ic.com/en/ds/MAX11100.pdf"; VariantName = "[No Variations]"
Add component (AddParameter): Name = "ComponentLink3Description"; Value = "Package Specification"; VariantName = "[No Variations]"
Add component (AddParameter): Name = "ComponentLink3URL"; Value = "http://pdfserv.maxim-ic.com/package_dwgs/21-0061.PDF"; VariantName = "[No Variations]"
Add component (AddParameter): Name = "DatasheetVersion"; Value = "Rev 1, Jan-2012"; VariantName = "[No Variations]"
Add component (AddParameter): Name = "PackageDescription"; Value = "10-Pin Micro-MAX Thin Shrink Small Outline (uSOP), 3 x 3 x 0.85 mm Body, 0.5 mm Pitch, Pb-Free"; VariantName = "[No Variations]"
Add component (AddParameter): Name = "PackageReference"; Value = "U10+2"; VariantName = "[No Variations]"
Add component (AddParameter): Name = "PackageVersion"; Value = "revL, 2008"; VariantName = "[No Variations]"
Added Component: Designator=U10(SOT95P280X445-6N)
Add component. Clean all parameters for all variants
Add component (AddParameter): Name = "Category"; Value = "Integrated Circuits (ICs)"; VariantName = "[No Variations]"
Add component (AddParameter): Name = "ComponentLink1Description"; Value = "https://datasheets.maximintegrated.com/en/ds/MAX6070-MAX6071.pdf"; VariantName = "[No Variations]"
Add component (AddParameter): Name = "ComponentLink1URL"; Value = "https://datasheets.maximintegrated.com/en/ds/MAX6070-MAX6071.pdf"; VariantName = "[No Variations]"
Add component (AddParameter): Name = "Current - Supply"; Value = "350µA"; VariantName = "[No Variations]"
Add component (AddParameter): Name = "Manufacturer"; Value = "Maxim Integrated"; VariantName = "[No Variations]"
Add component (AddParameter): Name = "Manufacturer Part Number"; Value = "MAX6070AAUT41+T"; VariantName = "[No Variations]"
Add component (AddParameter): Name = "Mounting Type"; Value = "Surface Mount"; VariantName = "[No Variations]"
Add component (AddParameter): Name = "Noise - 0.1Hz to 10Hz"; Value = "9.6µVp-p"; VariantName = "[No Variations]"
Add component (AddParameter): Name = "Noise - 10Hz to 10kHz"; Value = "9µVrms"; VariantName = "[No Variations]"
Add component (AddParameter): Name = "Operating Temperature"; Value = "-40°C ~ 125°C (TA)"; VariantName = "[No Variations]"
Add component (AddParameter): Name = "Output Type"; Value = "Fixed"; VariantName = "[No Variations]"
Add component (AddParameter): Name = "Package / Case"; Value = "SOT-23-6"; VariantName = "[No Variations]"
Add component (AddParameter): Name = "Packaging"; Value = "Cut Tape (CT)"; VariantName = "[No Variations]"
Add component (AddParameter): Name = "Part Status"; Value = "Active"; VariantName = "[No Variations]"
Add component (AddParameter): Name = "Pricing 1"; Value = "1=3.41, 10=3.213, 25=2.5704, 50=2.4418, 100=2.2491, 250=2.13344, 500=2.05634 (USD)"; VariantName = "[No Variations]"
Add component (AddParameter): Name = "Reference Type"; Value = "Series"; VariantName = "[No Variations]"
Add component (AddParameter): Name = "RoHS"; Value = "RoHS Compliant"; VariantName = "[No Variations]"
Add component (AddParameter): Name = "Stock 1"; Value = "2623"; VariantName = "[No Variations]"
Add component (AddParameter): Name = "Supplier 1"; Value = "Digi-Key"; VariantName = "[No Variations]"
Add component (AddParameter): Name = "Supplier Device Package"; Value = "SOT-23-6"; VariantName = "[No Variations]"
Add component (AddParameter): Name = "Supplier Part Number 1"; Value = "MAX6070AAUT41+TCT-ND"; VariantName = "[No Variations]"
Add component (AddParameter): Name = "Temperature Coefficient"; Value = "6ppm/°C"; VariantName = "[No Variations]"
Add component (AddParameter): Name = "Tolerance"; Value = "±0.04%"; VariantName = "[No Variations]"
Add component (AddParameter): Name = "Voltage - Input"; Value = "4.3 V ~ 5.5 V"; VariantName = "[No Variations]"
Add component (AddParameter): Name = "Voltage - Output (Min/Fixed)"; Value = "4.096V"; VariantName = "[No Variations]"
Added Component: Designator=U11(LT-BGA-40-11250X6250X4920)
Add component. Clean all parameters for all variants
Add component (AddParameter): Name = "Code_JEDEC"; Value = "MS-028"; VariantName = "[No Variations]"
Add component (AddParameter): Name = "ComponentLink1Description"; Value = "Manufacturer URL"; VariantName = "[No Variations]"
Add component (AddParameter): Name = "ComponentLink1URL"; Value = "http://www.linear.com/"; VariantName = "[No Variations]"
Add component (AddParameter): Name = "ComponentLink2Description"; Value = "Datasheet"; VariantName = "[No Variations]"
Add component (AddParameter): Name = "ComponentLink2URL"; Value = "http://cds.linear.com/docs/en/datasheet/8045fa.pdf"; VariantName = "[No Variations]"
Add component (AddParameter): Name = "ComponentLink3Description"; Value = "Package Specification"; VariantName = "[No Variations]"
Add component (AddParameter): Name = "ComponentLink3URL"; Value = "http://cds.linear.com/docs/en/packaging/BGA_40_05-08-1867.pdf"; VariantName = "[No Variations]"
Add component (AddParameter): Name = "DatasheetVersion"; Value = "Rev. A"; VariantName = "[No Variations]"
Add component (AddParameter): Name = "Extended Temp"; Value = "E, I, MP"; VariantName = "[No Variations]"
Add component (AddParameter): Name = "Frequency(kHz)"; Value = "2000"; VariantName = "[No Variations]"
Add component (AddParameter): Name = "Frequency Adjust Range"; Value = "200kHz - 2MHz"; VariantName = "[No Variations]"
Add component (AddParameter): Name = "Frequency Sync Range"; Value = "200kHz - 2MHz"; VariantName = "[No Variations]"
Add component (AddParameter): Name = "Ishutdown(uA)"; Value = "1"; VariantName = "[No Variations]"
Add component (AddParameter): Name = "Isupply(mA)"; Value = "10"; VariantName = "[No Variations]"
Add component (AddParameter): Name = "Manufacturer"; Value = "Linear Technology"; VariantName = "[No Variations]"
Add component (AddParameter): Name = "Mounting Technology"; Value = "Surface Mount"; VariantName = "[No Variations]"
Add component (AddParameter): Name = "Number of Outputs"; Value = "1"; VariantName = "[No Variations]"
Add component (AddParameter): Name = "PackageDescription"; Value = "40-Ball BGA, Body 11.25 x 6.25 mm, Pitch 1.27 mm"; VariantName = "[No Variations]"
Add component (AddParameter): Name = "PackageReference"; Value = "BGA-40"; VariantName = "[No Variations]"
Add component (AddParameter): Name = "PackageVersion"; Value = "Rev. Ã˜, 08/2010"; VariantName = "[No Variations]"
Add component (AddParameter): Name = "Packing"; Value = "Tray"; VariantName = "[No Variations]"
Add component (AddParameter): Name = "PartId"; Value = "1"; VariantName = "[No Variations]"
Add component (AddParameter): Name = "PartNumber"; Value = "LTM8045MPY#PBF"; VariantName = "[No Variations]"
Add component (AddParameter): Name = "RoHS"; Value = "TRUE"; VariantName = "[No Variations]"
Add component (AddParameter): Name = "Switch Current(A)"; Value = "3"; VariantName = "[No Variations]"
Add component (AddParameter): Name = "Synchronous"; Value = "no"; VariantName = "[No Variations]"
Add component (AddParameter): Name = "Topology"; Value = "Sepic, Inverting"; VariantName = "[No Variations]"
Add component (AddParameter): Name = "Tracking"; Value = "no"; VariantName = "[No Variations]"
Add component (AddParameter): Name = "Vin Max(V)"; Value = "18"; VariantName = "[No Variations]"
Add component (AddParameter): Name = "Vin Min(V)"; Value = "2.8"; VariantName = "[No Variations]"
Add component (AddParameter): Name = "Vout Max(V)"; Value = "18"; VariantName = "[No Variations]"
Add component (AddParameter): Name = "Vswitch Max(V)"; Value = "18"; VariantName = "[No Variations]"
Added Pin To Net: NetName=+5 Pin=C11-1
Added Pin To Net: NetName=GND Pin=C12-1
Added Pin To Net: NetName=+3.3 Pin=C13-1
Added Pin To Net: NetName=GND Pin=C13-2
Added Pin To Net: NetName=GND Pin=C15-1
Added Pin To Net: NetName=Power_IN Pin=C17-2
Added Pin To Net: NetName=+5 Pin=C25-1
Added Pin To Net: NetName=GND Pin=C25-2
Added Pin To Net: NetName=GND Pin=C26-1
Added Pin To Net: NetName=-5 Pin=C26-2
Added Pin To Net: NetName=GND Pin=R1-1
Added Pin To Net: NetName=GND Pin=R2-1
Added Pin To Net: NetName=+5 BBB Pin=R2-2
Added Pin To Net: NetName=GND Pin=R3-1
Added Pin To Net: NetName=+12 Pin=R3-2
Added Pin To Net: NetName=-5 Pin=R4-2
Added Pin To Net: NetName=GND Pin=R5-1
Added Pin To Net: NetName=Battery_1 Pin=R5-2
Added Pin To Net: NetName=GND Pin=R6-1
Added Pin To Net: NetName=GND Pin=R7-1
Added Pin To Net: NetName=GND Pin=R8-1
Added Pin To Net: NetName=+3.3 Pin=R8-2
Added Pin To Net: NetName=GND Pin=R16-1
Added Pin To Net: NetName=+9 Pin=R16-2
Added Pin To Net: NetName=GND Pin=R17-1
Added Pin To Net: NetName=Battery_2 Pin=R17-2
Added Pin To Net: NetName=GND Pin=R18-1
Added Pin To Net: NetName=-5 Pin=R18-2
Added Pin To Net: NetName=+5 Pin=R19-1
Added Pin To Net: NetName=GND Pin=R20-1
Added Pin To Net: NetName=NetR7_2 Pin=R20-2
Added Pin To Net: NetName=GND Pin=R21-1
Added Pin To Net: NetName=GND Pin=R22-1
Added Pin To Net: NetName=+5 Pin=U2-2
Added Pin To Net: NetName=-5 Pin=U2-3
Added Pin To Net: NetName=+5 Pin=U2-13
Added Pin To Net: NetName=GND Pin=U2-14
Added Pin To Net: NetName=GND Pin=U4-A4
Added Pin To Net: NetName=GND Pin=U4-A5
Added Pin To Net: NetName=GND Pin=U4-B3
Added Pin To Net: NetName=GND Pin=U4-B4
Added Pin To Net: NetName=GND Pin=U4-B5
Added Pin To Net: NetName=GND Pin=U4-C1
Added Pin To Net: NetName=GND Pin=U4-C2
Added Pin To Net: NetName=GND Pin=U4-C3
Added Pin To Net: NetName=GND Pin=U4-C4
Added Pin To Net: NetName=GND Pin=U4-C5
Added Pin To Net: NetName=GND Pin=U4-D1
Added Pin To Net: NetName=GND Pin=U4-D2
Added Pin To Net: NetName=GND Pin=U4-D3
Added Pin To Net: NetName=GND Pin=U4-D4
Added Pin To Net: NetName=GND Pin=U4-D5
Added Pin To Net: NetName=GND Pin=U4-E1
Added Pin To Net: NetName=GND Pin=U4-E2
Added Pin To Net: NetName=GND Pin=U4-E3
Added Pin To Net: NetName=GND Pin=U4-E4
Added Pin To Net: NetName=GND Pin=U4-E5
Added Pin To Net: NetName=GND Pin=U4-F2
Added Pin To Net: NetName=GND Pin=U4-F3
Added Pin To Net: NetName=GND Pin=U4-F4
Added Pin To Net: NetName=GND Pin=U4-F5
Added Pin To Net: NetName=GND Pin=U4-G2
Added Pin To Net: NetName=NetR7_2 Pin=U4-G3
Added Pin To Net: NetName=GND Pin=U4-H1
Added Pin To Net: NetName=GND Pin=U4-H2
Added Pin To Net: NetName=GND Pin=U4-H3
Added Pin To Net: NetName=GND Pin=U7-2
Added Pin To Net: NetName=+3.3 Pin=U7-3
Added Pin To Net: NetName=GND Pin=U7-4
Added Pin To Net: NetName=+5 Pin=U7-7
Added Pin To Net: NetName=GND Pin=U7-8
Added Pin To Net: NetName=+5 Pin=U10-3
Added Pin To Net: NetName=+5 Pin=U10-4
Added Pin To Net: NetName=GND Pin=U11-A1
Added Pin To Net: NetName=GND Pin=U11-A2
Added Pin To Net: NetName=-5 Pin=U11-A4
Added Pin To Net: NetName=-5 Pin=U11-A5
Added Pin To Net: NetName=GND Pin=U11-B1
Added Pin To Net: NetName=GND Pin=U11-B2
Added Pin To Net: NetName=GND Pin=U11-B3
Added Pin To Net: NetName=-5 Pin=U11-B4
Added Pin To Net: NetName=-5 Pin=U11-B5
Added Pin To Net: NetName=GND Pin=U11-C1
Added Pin To Net: NetName=GND Pin=U11-C2
Added Pin To Net: NetName=GND Pin=U11-C3
Added Pin To Net: NetName=GND Pin=U11-C4
Added Pin To Net: NetName=GND Pin=U11-C5
Added Pin To Net: NetName=GND Pin=U11-D1
Added Pin To Net: NetName=GND Pin=U11-D2
Added Pin To Net: NetName=GND Pin=U11-D3
Added Pin To Net: NetName=GND Pin=U11-D4
Added Pin To Net: NetName=GND Pin=U11-D5
Added Pin To Net: NetName=GND Pin=U11-E1
Added Pin To Net: NetName=GND Pin=U11-E2
Added Pin To Net: NetName=GND Pin=U11-E3
Added Pin To Net: NetName=GND Pin=U11-E4
Added Pin To Net: NetName=GND Pin=U11-E5
Added Pin To Net: NetName=GND Pin=U11-F2
Added Pin To Net: NetName=GND Pin=U11-F3
Added Pin To Net: NetName=GND Pin=U11-F4
Added Pin To Net: NetName=GND Pin=U11-F5
Added Pin To Net: NetName=GND Pin=U11-G2
Added Pin To Net: NetName=NetR7_2 Pin=U11-G3
Added Pin To Net: NetName=Power_IN Pin=U11-G4
Added Pin To Net: NetName=Power_IN Pin=U11-G5
Added Pin To Net: NetName=GND Pin=U11-H1
Added Pin To Net: NetName=GND Pin=U11-H2
Added Pin To Net: NetName=GND Pin=U11-H3
Added Pin To Net: NetName=Power_IN Pin=U11-H4
Added Pin To Net: NetName=Power_IN Pin=U11-H5
Change Net Name : Old Net Name=ZH New Net Name=ZP
Added Pin To Net: NetName=+5R Pin=R1-2
Added Net: Name=+5R
Added Pin To Net: NetName=-5R Pin=R6-2
Added Net: Name=-5R
Added Pin To Net: NetName=ADC REF Pin=C15-2
Added Pin To Net: NetName=ADC REF Pin=U7-6
Added Pin To Net: NetName=ADC REF Pin=U10-5
Added Pin To Net: NetName=ADC REF Pin=U10-6
Added Net: Name=ADC REF
Added Pin To Net: NetName=AIN Pin=U2-8
Added Pin To Net: NetName=AIN Pin=U7-5
Added Net: Name=AIN
Added Pin To Net: NetName=CH0 Pin=R1-3
Added Pin To Net: NetName=CH0 Pin=U2-4
Added Net: Name=CH0
Added Pin To Net: NetName=CH1 Pin=R3-3
Added Pin To Net: NetName=CH1 Pin=U2-5
Added Net: Name=CH1
Added Pin To Net: NetName=CH2 Pin=R5-3
Added Pin To Net: NetName=CH2 Pin=R17-3
Added Pin To Net: NetName=CH2 Pin=U2-6
Added Net: Name=CH2
Added Pin To Net: NetName=CH3 Pin=U2-7
Added Net: Name=CH3
Added Pin To Net: NetName=CH4 Pin=U2-12
Added Net: Name=CH4
Added Pin To Net: NetName=CH5 Pin=R6-3
Added Pin To Net: NetName=CH5 Pin=R18-3
Added Pin To Net: NetName=CH5 Pin=U2-11
Added Net: Name=CH5
Added Pin To Net: NetName=CH6 Pin=R2-3
Added Pin To Net: NetName=CH6 Pin=R8-3
Added Pin To Net: NetName=CH6 Pin=R16-3
Added Pin To Net: NetName=CH6 Pin=U2-10
Added Net: Name=CH6
Added Pin To Net: NetName=CH7 Pin=U2-9
Added Net: Name=CH7
Added Pin To Net: NetName=NetC14_1 Pin=C14-1
Added Pin To Net: NetName=NetC14_1 Pin=U10-1
Added Net: Name=NetC14_1
Added Pin To Net: NetName=NetC14_2 Pin=C14-2
Added Pin To Net: NetName=NetC14_2 Pin=U10-2
Added Net: Name=NetC14_2
Added Pin To Net: NetName=NetR4_1 Pin=R4-1
Added Pin To Net: NetName=NetR4_1 Pin=U11-A3
Added Net: Name=NetR4_1
Added Pin To Net: NetName=NetR19_2 Pin=R19-2
Added Pin To Net: NetName=NetR19_2 Pin=U4-A3
Added Net: Name=NetR19_2
Added Pin To Net: NetName=NetR21_2 Pin=R21-2
Added Pin To Net: NetName=NetR21_2 Pin=U4-G1
Added Net: Name=NetR21_2
Added Pin To Net: NetName=NetR22_2 Pin=R22-2
Added Pin To Net: NetName=NetR22_2 Pin=U11-G1
Added Net: Name=NetR22_2
Added Pin To Net: NetName=NetU2_1 Pin=U2-1
Added Net: Name=NetU2_1
Added Pin To Net: NetName=NetU2_15 Pin=U2-15
Added Net: Name=NetU2_15
Added Pin To Net: NetName=NetU2_16 Pin=U2-16
Added Net: Name=NetU2_16
Added Pin To Net: NetName=SPI0_CS0 Pin=U7-9
Added Net: Name=SPI0_CS0
Added Pin To Net: NetName=SPI0_MISO Pin=U7-1
Added Net: Name=SPI0_MISO
Added Pin To Net: NetName=SPI0_SCLK Pin=U7-10
Added Net: Name=SPI0_SCLK
Change Class Name : Old Net Name=5R_Supply New Net Name=ADC
Added Class: Name=5R_Supply
Added Member To Class: ClassName=ADC Member=Component C15 0.1uF
Added Member To Class: ClassName=ADC Member=Component R1 MPM
Added Member To Class: ClassName=ADC Member=Component R2 MPM
Added Member To Class: ClassName=ADC Member=Component R16 MPM
Added Member To Class: ClassName=ADC Member=Component R17 MPM
Added Member To Class: ClassName=ADC Member=Component R18 MPM
Added Member To Class: ClassName=ADC Member=Component U2 ADG1608BRUZ
Added Member To Class: ClassName=ADC Member=Component U7 MAX11100EUB+T
Added Member To Class: ClassName=ADC Member=Component U10 MAX6070AAUT41+T
