Added Pin To Net: NetName=RSENSE12 Pin=R9-2
Added Pin To Net: NetName=RSENSE12 Pin=U4-A4
Added Pin To Net: NetName=RSENSE12 Pin=U4-A5
Added Pin To Net: NetName=RSENSE12 Pin=U4-F10
Added Pin To Net: NetName=RSENSE12 Pin=U4-F11
Added Pin To Net: NetName=RSENSE12 Pin=U4-F12
Added Pin To Net: NetName=RSENSE12 Pin=U4-G5
Added Pin To Net: NetName=RSENSE12 Pin=U4-G6
Added Pin To Net: NetName=RSENSE12 Pin=U4-G7
Added Pin To Net: NetName=RSENSE12 Pin=U4-G8
Added Pin To Net: NetName=RSENSE12 Pin=U4-G9
Added Pin To Net: NetName=RSENSE12 Pin=U4-G10
Added Pin To Net: NetName=RSENSE12 Pin=U4-G11
Added Pin To Net: NetName=RSENSE12 Pin=U4-G12
Added Pin To Net: NetName=RSENSE12 Pin=U4-H5
Added Pin To Net: NetName=RSENSE12 Pin=U4-H6
Added Pin To Net: NetName=RSENSE12 Pin=U4-H7
Added Pin To Net: NetName=RSENSE12 Pin=U4-H8
Added Pin To Net: NetName=RSENSE12 Pin=U4-H9
Added Pin To Net: NetName=RSENSE12 Pin=U4-H10
Added Pin To Net: NetName=RSENSE12 Pin=U4-H11
Added Pin To Net: NetName=RSENSE12 Pin=U4-H12
Added Pin To Net: NetName=RSENSE12 Pin=U4-J5
Added Pin To Net: NetName=RSENSE12 Pin=U4-J6
Added Pin To Net: NetName=RSENSE12 Pin=U4-J7
Added Pin To Net: NetName=RSENSE12 Pin=U4-K5
Added Pin To Net: NetName=RSENSE12 Pin=U4-K6
Added Pin To Net: NetName=RSENSE12 Pin=U4-L5
Added Pin To Net: NetName=RSENSE12 Pin=U4-L6
Added Pin To Net: NetName=RSENSE12 Pin=U4-M5
Added Pin To Net: NetName=RSENSE12 Pin=U4-M6
Added Net: Name=RSENSE12
Added Pin To Net: NetName=SW1-12 Pin=U4-J1
Added Pin To Net: NetName=SW1-12 Pin=U4-J2
Added Pin To Net: NetName=SW1-12 Pin=U4-J3
Added Pin To Net: NetName=SW1-12 Pin=U4-J4
Added Pin To Net: NetName=SW1-12 Pin=U4-K1
Added Pin To Net: NetName=SW1-12 Pin=U4-K2
Added Pin To Net: NetName=SW1-12 Pin=U4-K3
Added Pin To Net: NetName=SW1-12 Pin=U4-K4
Added Pin To Net: NetName=SW1-12 Pin=U4-L1
Added Pin To Net: NetName=SW1-12 Pin=U4-L2
Added Pin To Net: NetName=SW1-12 Pin=U4-L3
Added Pin To Net: NetName=SW1-12 Pin=U4-L4
Added Pin To Net: NetName=SW1-12 Pin=U4-M1
Added Pin To Net: NetName=SW1-12 Pin=U4-M2
Added Pin To Net: NetName=SW1-12 Pin=U4-M3
Added Pin To Net: NetName=SW1-12 Pin=U4-M4
Added Net: Name=SW1-12
Added Pin To Net: NetName=SW2-12 Pin=U4-J8
Added Pin To Net: NetName=SW2-12 Pin=U4-J9
Added Pin To Net: NetName=SW2-12 Pin=U4-K7
Added Pin To Net: NetName=SW2-12 Pin=U4-K8
Added Pin To Net: NetName=SW2-12 Pin=U4-K9
Added Pin To Net: NetName=SW2-12 Pin=U4-L7
Added Pin To Net: NetName=SW2-12 Pin=U4-L8
Added Pin To Net: NetName=SW2-12 Pin=U4-L9
Added Pin To Net: NetName=SW2-12 Pin=U4-M7
Added Pin To Net: NetName=SW2-12 Pin=U4-M8
Added Pin To Net: NetName=SW2-12 Pin=U4-M9
Added Net: Name=SW2-12
