Added Component: Designator=U1(PXB15-24WD05/N)
Add component. Clean all parameters for all variants
Add component (AddParameter): Name = "Applications"; Value = "ITE (Commercial)"; VariantName = "[No Variations]"
Add component (AddParameter): Name = "Category 1"; Value = "Power Supplies - Board Mount"; VariantName = "[No Variations]"
Add component (AddParameter): Name = "ComponentLink1Description"; Value = "http://us.tdk-lambda.com/ftp/AppNotes/pxb15w-d_appnote.pdf"; VariantName = "[No Variations]"
Add component (AddParameter): Name = "ComponentLink1URL"; Value = "http://us.tdk-lambda.com/ftp/AppNotes/pxb15w-d_appnote.pdf"; VariantName = "[No Variations]"
Add component (AddParameter): Name = "Current - Output (Max)"; Value = "1.5A, 1.5A"; VariantName = "[No Variations]"
Add component (AddParameter): Name = "Description 1"; Value = "IC CONV DC-DC 15W DUAL 5V PCB"; VariantName = "[No Variations]"
Add component (AddParameter): Name = "Efficiency"; Value = "85%"; VariantName = "[No Variations]"
Add component (AddParameter): Name = "Features"; Value = "Remote On/Off, OCP, OVP, SCP"; VariantName = "[No Variations]"
Add component (AddParameter): Name = "Manufacturer 1"; Value = "TDK-Lambda Americas Inc."; VariantName = "[No Variations]"
Add component (AddParameter): Name = "Manufacturer Part Number 1"; Value = "PXB15-24WD05/N"; VariantName = "[No Variations]"
Add component (AddParameter): Name = "Mounting Type"; Value = "Through Hole"; VariantName = "[No Variations]"
Add component (AddParameter): Name = "Number of Outputs"; Value = "2"; VariantName = "[No Variations]"
Add component (AddParameter): Name = "Operating Temperature"; Value = "-40°C ~ 85°C"; VariantName = "[No Variations]"
Add component (AddParameter): Name = "Package / Case"; Value = "6-DIP Module"; VariantName = "[No Variations]"
Add component (AddParameter): Name = "Packaging"; Value = "Tube"; VariantName = "[No Variations]"
Add component (AddParameter): Name = "Part Status"; Value = "Active"; VariantName = "[No Variations]"
Add component (AddParameter): Name = "Power (Watts)"; Value = "15W"; VariantName = "[No Variations]"
Add component (AddParameter): Name = "Pricing 1"; Value = "1=61.61, 10=59.59 (USD)"; VariantName = "[No Variations]"
Add component (AddParameter): Name = "RoHS 1"; Value = "RoHS Compliant"; VariantName = "[No Variations]"
Add component (AddParameter): Name = "Size / Dimension"; Value = "1.00" L x 1.00" W x 0.39" H (25.4mm x 25.4mm x 9.9mm)"; VariantName = "[No Variations]"
Add component (AddParameter): Name = "Stock 1"; Value = "28"; VariantName = "[No Variations]"
Add component (AddParameter): Name = "Supplier 1"; Value = "Digi-Key"; VariantName = "[No Variations]"
Add component (AddParameter): Name = "Supplier Part Number 1"; Value = "285-1902-ND"; VariantName = "[No Variations]"
Add component (AddParameter): Name = "Type"; Value = "Isolated Module"; VariantName = "[No Variations]"
Add component (AddParameter): Name = "Voltage - Input (Max)"; Value = "36V"; VariantName = "[No Variations]"
Add component (AddParameter): Name = "Voltage - Input (Min)"; Value = "9V"; VariantName = "[No Variations]"
Add component (AddParameter): Name = "Voltage - Isolation"; Value = "1.6kV (1600V)"; VariantName = "[No Variations]"
Add component (AddParameter): Name = "Voltage - Output 1"; Value = "5V"; VariantName = "[No Variations]"
Add component (AddParameter): Name = "Voltage - Output 2"; Value = "-5V"; VariantName = "[No Variations]"
Add component (AddParameter): Name = "Voltage - Output 3"; Value = "-"; VariantName = "[No Variations]"
Added Component: Designator=U5(LMZM33603)
Add component. Clean all parameters for all variants
Add component (AddParameter): Name = "Supplier 1"; Value = "Digi-Key"; VariantName = "[No Variations]"
Add component (AddParameter): Name = "Supplier Part Number 1"; Value = "296-48830-1-ND"; VariantName = "[No Variations]"
Added Component: Designator=U11(CCG30)
Add component. Clean all parameters for all variants
Add component (AddParameter): Name = "Category 1"; Value = "Power Supplies - Board Mount"; VariantName = "[No Variations]"
Add component (AddParameter): Name = "ComponentLink1Description"; Value = "http://www.us.tdk-lambda.com/ftp/specs/ccg30.pdf"; VariantName = "[No Variations]"
Add component (AddParameter): Name = "ComponentLink1URL"; Value = "http://www.us.tdk-lambda.com/ftp/specs/ccg30.pdf"; VariantName = "[No Variations]"
Add component (AddParameter): Name = "Current - Output (Max)"; Value = "2.5A"; VariantName = "[No Variations]"
Add component (AddParameter): Name = "Description 1"; Value = "DC/DC CONVERTER 12V 2.5A PCB"; VariantName = "[No Variations]"
Add component (AddParameter): Name = "Efficiency"; Value = "89%"; VariantName = "[No Variations]"
Add component (AddParameter): Name = "Features"; Value = "Remote On/Off, OCP"; VariantName = "[No Variations]"
Add component (AddParameter): Name = "Manufacturer 1"; Value = "TDK-Lambda Americas Inc"; VariantName = "[No Variations]"
Add component (AddParameter): Name = "Manufacturer Part Number 1"; Value = "CCG302412S"; VariantName = "[No Variations]"
Add component (AddParameter): Name = "Mounting Type"; Value = "Through Hole"; VariantName = "[No Variations]"
Add component (AddParameter): Name = "Number of Outputs"; Value = "1"; VariantName = "[No Variations]"
Add component (AddParameter): Name = "Operating Temperature"; Value = "-40°C ~ 85°C"; VariantName = "[No Variations]"
Add component (AddParameter): Name = "Package / Case"; Value = "6-DIP Module (6 Leads)"; VariantName = "[No Variations]"
Add component (AddParameter): Name = "Packaging"; Value = "Tube"; VariantName = "[No Variations]"
Add component (AddParameter): Name = "Power (Watts) - Manufacture Series"; Value = "30W"; VariantName = "[No Variations]"
Add component (AddParameter): Name = "Power (Watts) - Max"; Value = "30W"; VariantName = "[No Variations]"
Add component (AddParameter): Name = "Pricing 1"; Value = "1=43.63, 10=42.95 (USD)"; VariantName = "[No Variations]"
Add component (AddParameter): Name = "RoHS 1"; Value = "RoHS Compliant"; VariantName = "[No Variations]"
Add component (AddParameter): Name = "Size / Dimension"; Value = "1.00" L x 1.00" W x 0.39" H (25.4mm x 25.4mm x 9.9mm)"; VariantName = "[No Variations]"
Add component (AddParameter): Name = "Stock 1"; Value = "30"; VariantName = "[No Variations]"
Add component (AddParameter): Name = "Supplier 1"; Value = "Digi-Key"; VariantName = "[No Variations]"
Add component (AddParameter): Name = "Supplier Part Number 1"; Value = "285-2419-ND"; VariantName = "[No Variations]"
Add component (AddParameter): Name = "Type"; Value = "Isolated Module"; VariantName = "[No Variations]"
Add component (AddParameter): Name = "Voltage - Input (Max)"; Value = "36V"; VariantName = "[No Variations]"
Add component (AddParameter): Name = "Voltage - Input (Min)"; Value = "9V"; VariantName = "[No Variations]"
Add component (AddParameter): Name = "Voltage - Isolation"; Value = "1.5kV (1500V)"; VariantName = "[No Variations]"
Add component (AddParameter): Name = "Voltage - Output 1"; Value = "12V"; VariantName = "[No Variations]"
Add component (AddParameter): Name = "Voltage - Output 2"; Value = "-"; VariantName = "[No Variations]"
Add component (AddParameter): Name = "Voltage - Output 3"; Value = "-"; VariantName = "[No Variations]"
Added Component: Designator=U13(LMZM33603)
Add component. Clean all parameters for all variants
Add component (AddParameter): Name = "Supplier 1"; Value = "Digi-Key"; VariantName = "[No Variations]"
Add component (AddParameter): Name = "Supplier Part Number 1"; Value = "296-48830-1-ND"; VariantName = "[No Variations]"
Added Pin To Net: NetName=RC Pin=U1-1
Added Pin To Net: NetName=GND Pin=U1-2
Added Pin To Net: NetName=Power_IN Pin=U1-3
Added Pin To Net: NetName=+5 Pin=U1-4
Added Pin To Net: NetName=GND Pin=U1-5
Added Pin To Net: NetName=-5 Pin=U1-6
Added Pin To Net: NetName=GND Pin=U5-1
Added Pin To Net: NetName=RC Pin=U5-2
Added Pin To Net: NetName=NetR19_2 Pin=U5-3
Added Pin To Net: NetName=Power_IN Pin=U5-4
Added Pin To Net: NetName=GND Pin=U5-5
Added Pin To Net: NetName=+5 BBB Pin=U5-6
Added Pin To Net: NetName=+5 BBB Pin=U5-7
Added Pin To Net: NetName=+5 BBB Pin=U5-8
Added Pin To Net: NetName=NetU5_9 Pin=U5-9
Added Pin To Net: NetName=NetU5_9 Pin=U5-10
Added Pin To Net: NetName=NetU5_9 Pin=U5-11
Added Pin To Net: NetName=NetU5_12 Pin=U5-12
Added Pin To Net: NetName=NetU5_12 Pin=U5-13
Added Pin To Net: NetName=NetR26_2 Pin=U5-14
Added Pin To Net: NetName=NetR26_2 Pin=U5-15
Added Pin To Net: NetName=NetR17_2 Pin=U5-16
Added Pin To Net: NetName=NetR26_2 Pin=U5-18
Added Pin To Net: NetName=RC Pin=U11-1
Added Pin To Net: NetName=GND Pin=U11-2
Added Pin To Net: NetName=Power_IN Pin=U11-3
Added Pin To Net: NetName=+12 Pin=U11-4
Added Pin To Net: NetName=GND Pin=U11-6
Added Pin To Net: NetName=GND Pin=U13-1
Added Pin To Net: NetName=RC Pin=U13-2
Added Pin To Net: NetName=NetR12_2 Pin=U13-3
Added Pin To Net: NetName=Power_IN Pin=U13-4
Added Pin To Net: NetName=GND Pin=U13-5
Added Pin To Net: NetName=+5 BBB Pin=U13-6
Added Pin To Net: NetName=+5 BBB Pin=U13-7
Added Pin To Net: NetName=+5 BBB Pin=U13-8
Added Pin To Net: NetName=NetU13_9 Pin=U13-9
Added Pin To Net: NetName=NetU13_9 Pin=U13-10
Added Pin To Net: NetName=NetU13_9 Pin=U13-11
Added Pin To Net: NetName=NetU13_12 Pin=U13-12
Added Pin To Net: NetName=NetU13_12 Pin=U13-13
Added Pin To Net: NetName=NetR13_2 Pin=U13-14
Added Pin To Net: NetName=NetR13_2 Pin=U13-15
Added Pin To Net: NetName=NetR6_2 Pin=U13-16
Added Pin To Net: NetName=NetR13_2 Pin=U13-18
Added Member To Class: ClassName=5R_Supply Member=Component U1 PXB15-24WD05/N
Added Member To Class: ClassName=12_Supply Member=Component U5 LMZM33603
Added Member To Class: ClassName=12_Supply Member=Component U11 CCG302412S
Added Member To Class: ClassName=BBB-Supply Member=Component U13 LMZM33603
