Removed Pin From Net: NetName=PC10 Pin=CN11-9
Removed Pin From Net: NetName=PC11 Pin=CN11-10
Removed Pin From Net: NetName=PC12 Pin=CN11-11
Removed Pin From Net: NetName=PD2 Pin=CN11-12
Removed Pin From Net: NetName=3V3_VDD Pin=CN11-13
Removed Pin From Net: NetName=BOOT0 Pin=CN11-15
Removed Pin From Net: NetName=GND Pin=CN11-16
Removed Pin From Net: NetName=PF6 Pin=CN11-17
Removed Pin From Net: NetName=PF7 Pin=CN11-19
Removed Pin From Net: NetName=IOREF Pin=CN11-20
Removed Pin From Net: NetName=PA13 Pin=CN11-21
Removed Pin From Net: NetName=NRST Pin=CN11-22
Removed Pin From Net: NetName=PA14 Pin=CN11-23
Removed Pin From Net: NetName=3V3 Pin=CN11-24
Removed Pin From Net: NetName=PA15 Pin=CN11-25
Removed Pin From Net: NetName=5V Pin=CN11-26
Removed Pin From Net: NetName=GND Pin=CN11-27
Removed Pin From Net: NetName=GND Pin=CN11-28
Removed Pin From Net: NetName=PB7 Pin=CN11-29
Removed Pin From Net: NetName=PC13 Pin=CN11-31
Removed Pin From Net: NetName=VIN Pin=CN11-32
Removed Pin From Net: NetName=PC14 Pin=CN11-33
Removed Pin From Net: NetName=PC15 Pin=CN11-35
Removed Pin From Net: NetName=PA0 Pin=CN11-36
Removed Pin From Net: NetName=PH0 Pin=CN11-37
Removed Pin From Net: NetName=PA1 Pin=CN11-38
Removed Pin From Net: NetName=PH1 Pin=CN11-39
Removed Pin From Net: NetName=PA4 Pin=CN11-40
Removed Pin From Net: NetName=PB0 Pin=CN11-42
Removed Pin From Net: NetName=PC2 Pin=CN11-43
Removed Pin From Net: NetName=PC1 Pin=CN11-44
Removed Pin From Net: NetName=PC3 Pin=CN11-45
Removed Pin From Net: NetName=PC0 Pin=CN11-46
Removed Pin From Net: NetName=+3.3 Pin=CN12-1
Removed Pin From Net: NetName=+3.3 Pin=CN12-3
Removed Pin From Net: NetName=+5 Pin=CN12-5
Removed Pin From Net: NetName=+5 Pin=CN12-7
Removed Pin From Net: NetName=PB8 Pin=CN12-11
Removed Pin From Net: NetName=PC6 Pin=CN12-12
Removed Pin From Net: NetName=PB9 Pin=CN12-13
Removed Pin From Net: NetName=PC5 Pin=CN12-14
Removed Pin From Net: NetName=GND Pin=CN12-17
Removed Pin From Net: NetName=PA5 Pin=CN12-19
Removed Pin From Net: NetName=PA6 Pin=CN12-21
Removed Pin From Net: NetName=PA7 Pin=CN12-23
Removed Pin From Net: NetName=PB12 Pin=CN12-24
Removed Pin From Net: NetName=PB6 Pin=CN12-25
Removed Pin From Net: NetName=PB11 Pin=CN12-26
Removed Pin From Net: NetName=PC7 Pin=CN12-27
Removed Pin From Net: NetName=GND Pin=CN12-28
Removed Pin From Net: NetName=PA9 Pin=CN12-29
Removed Pin From Net: NetName=PB2 Pin=CN12-30
Removed Pin From Net: NetName=PA8 Pin=CN12-31
Removed Pin From Net: NetName=PB1 Pin=CN12-32
Removed Pin From Net: NetName=PB10 Pin=CN12-33
Removed Pin From Net: NetName=PB15 Pin=CN12-34
Removed Pin From Net: NetName=PB4 Pin=CN12-35
Removed Pin From Net: NetName=PB14 Pin=CN12-36
Removed Pin From Net: NetName=PB5 Pin=CN12-37
Removed Pin From Net: NetName=PB13 Pin=CN12-38
Removed Pin From Net: NetName=PB3 Pin=CN12-39
Removed Pin From Net: NetName=AGND Pin=CN12-40
Removed Pin From Net: NetName=PA10 Pin=CN12-41
Removed Pin From Net: NetName=PC4 Pin=CN12-42
Removed Pin From Net: NetName=PA2 Pin=CN12-43
Removed Pin From Net: NetName=PF5 Pin=CN12-44
Removed Pin From Net: NetName=PA3 Pin=CN12-45
Removed Pin From Net: NetName=PF4 Pin=CN12-46
Removed Pin From Net: NetName=GND Pin=CN12-49
Removed Pin From Net: NetName=PE8 Pin=CN12-50
Removed Pin From Net: NetName=PD13 Pin=CN12-51
Removed Pin From Net: NetName=PF10 Pin=CN12-52
Removed Pin From Net: NetName=PD12 Pin=CN12-53
Removed Pin From Net: NetName=PE7 Pin=CN12-54
Removed Pin From Net: NetName=PD11 Pin=CN12-55
Removed Pin From Net: NetName=PD14 Pin=CN12-56
Removed Pin From Net: NetName=PE10 Pin=CN12-57
Removed Pin From Net: NetName=PD15 Pin=CN12-58
Removed Pin From Net: NetName=PE12 Pin=CN12-59
Removed Pin From Net: NetName=PF14 Pin=CN12-60
Removed Pin From Net: NetName=PE14 Pin=CN12-61
Removed Pin From Net: NetName=PE9 Pin=CN12-62
Removed Pin From Net: NetName=PE15 Pin=CN12-63
Removed Pin From Net: NetName=GND Pin=CN12-64
Removed Pin From Net: NetName=PE13 Pin=CN12-65
Removed Pin From Net: NetName=PE11 Pin=CN12-66
Removed Pin From Net: NetName=PF13 Pin=CN12-67
Removed Pin From Net: NetName=PF3 Pin=CN12-68
Removed Pin From Net: NetName=PF12 Pin=CN12-69
Removed Pin From Net: NetName=PF15 Pin=CN12-70
Removed Pin From Net: NetName=PG14 Pin=CN12-71
Removed Pin From Net: NetName=PF11 Pin=CN12-72
Removed Pin From Net: NetName=GND Pin=CN12-73
Removed Pin From Net: NetName=PE0 Pin=CN12-74
Removed Pin From Net: NetName=PD10 Pin=CN12-75
Removed Pin From Net: NetName=PG8 Pin=CN12-76
Removed Pin From Net: NetName=PG7 Pin=CN12-77
Removed Pin From Net: NetName=PG5 Pin=CN12-78
Removed Pin From Net: NetName=PG4 Pin=CN12-79
Removed Pin From Net: NetName=PG6 Pin=CN12-80
Removed Pin From Net: NetName=NetCN12_10 Pin=R16-1
Change Component Comment : Designator=CN12 Old Comment=SSW-140-23-G-D New Comment=Header 35x2
Change component parameters: Designator = "CN12"; Footprint = "CON_SAMTEC_TSW-135-07-X-D"; UniqueID = "\OUWECVDB\XABPOXYV\MRMEKGXQ"
Change component parameters. Clean all parameters for all variants
Change component parameters (AddParameter): Name = "ComponentLink1Description"; Value = "Datasheet"; VariantName = "[No Variations]"
Change component parameters (AddParameter): Name = "ComponentLink1URL"; Value = "http://tunmcdsvn.tun.st.com/Component_Datasheet_Library/Trunk/Connectors/Samtec_TSW-HTSW-series"; VariantName = "[No Variations]"
Change component parameters (AddParameter): Name = "ECCN_EU"; Value = "n/a"; VariantName = "[No Variations]"
Change component parameters (AddParameter): Name = "ECCN_US"; Value = "n/a"; VariantName = "[No Variations]"
Change component parameters (AddParameter): Name = "Internal_Part_Number"; Value = "MCD-01210"; VariantName = "[No Variations]"
Change component parameters (AddParameter): Name = "Manufacturer"; Value = "SAMTEC"; VariantName = "[No Variations]"
Change component parameters (AddParameter): Name = "Manufacturer_Part_Number"; Value = "TSW-135-07-x-D"; VariantName = "[No Variations]"
Change component parameters (AddParameter): Name = "Part_Type"; Value = "Connector"; VariantName = "[No Variations]"
Change component parameters (AddParameter): Name = "Provided_By"; Value = "SUBCO"; VariantName = "[No Variations]"
Change component parameters (AddParameter): Name = "Revision"; Value = ""; VariantName = "[No Variations]"
Change component parameters (AddParameter): Name = "Status"; Value = "Released"; VariantName = "[No Variations]"
Change component parameters (AddParameter): Name = "Value"; Value = "Header 35x2"; VariantName = "[No Variations]"
Added Pin To Net: NetName=PC10 Pin=CN11-11
Added Pin To Net: NetName=PC11 Pin=CN11-12
Added Pin To Net: NetName=PC12 Pin=CN11-13
Added Pin To Net: NetName=PD2 Pin=CN11-14
Added Pin To Net: NetName=3V3_VDD Pin=CN11-15
Added Pin To Net: NetName=BOOT0 Pin=CN11-17
Added Pin To Net: NetName=GND Pin=CN11-18
Added Pin To Net: NetName=PF6 Pin=CN11-19
Added Pin To Net: NetName=PF7 Pin=CN11-21
Added Pin To Net: NetName=IOREF Pin=CN11-22
Added Pin To Net: NetName=PA13 Pin=CN11-23
Added Pin To Net: NetName=NRST Pin=CN11-24
Added Pin To Net: NetName=PA14 Pin=CN11-25
Added Pin To Net: NetName=3V3 Pin=CN11-26
Added Pin To Net: NetName=PA15 Pin=CN11-27
Added Pin To Net: NetName=5V Pin=CN11-28
Added Pin To Net: NetName=GND Pin=CN11-29
Added Pin To Net: NetName=PB7 Pin=CN11-31
Added Pin To Net: NetName=GND Pin=CN11-32
Added Pin To Net: NetName=PC13 Pin=CN11-33
Added Pin To Net: NetName=VIN Pin=CN11-34
Added Pin To Net: NetName=PC14 Pin=CN11-35
Added Pin To Net: NetName=PC15 Pin=CN11-37
Added Pin To Net: NetName=PA0 Pin=CN11-38
Added Pin To Net: NetName=PH0 Pin=CN11-39
Added Pin To Net: NetName=PA1 Pin=CN11-40
Added Pin To Net: NetName=PH1 Pin=CN11-41
Added Pin To Net: NetName=PA4 Pin=CN11-42
Added Pin To Net: NetName=PB0 Pin=CN11-44
Added Pin To Net: NetName=PC2 Pin=CN11-45
Added Pin To Net: NetName=PC1 Pin=CN11-46
Added Pin To Net: NetName=PC3 Pin=CN11-47
Added Pin To Net: NetName=PC0 Pin=CN11-48
Added Pin To Net: NetName=PB8 Pin=CN12-3
Added Pin To Net: NetName=PC6 Pin=CN12-4
Added Pin To Net: NetName=PB9 Pin=CN12-5
Added Pin To Net: NetName=PC5 Pin=CN12-6
Added Pin To Net: NetName=GND Pin=CN12-9
Added Pin To Net: NetName=PA5 Pin=CN12-11
Added Pin To Net: NetName=PA6 Pin=CN12-13
Added Pin To Net: NetName=PA7 Pin=CN12-15
Added Pin To Net: NetName=PB12 Pin=CN12-16
Added Pin To Net: NetName=PB6 Pin=CN12-17
Added Pin To Net: NetName=PB11 Pin=CN12-18
Added Pin To Net: NetName=PC7 Pin=CN12-19
Added Pin To Net: NetName=GND Pin=CN12-20
Added Pin To Net: NetName=PA9 Pin=CN12-21
Added Pin To Net: NetName=PB2 Pin=CN12-22
Added Pin To Net: NetName=PA8 Pin=CN12-23
Added Pin To Net: NetName=PB1 Pin=CN12-24
Added Pin To Net: NetName=PB10 Pin=CN12-25
Added Pin To Net: NetName=PB15 Pin=CN12-26
Added Pin To Net: NetName=PB4 Pin=CN12-27
Added Pin To Net: NetName=PB14 Pin=CN12-28
Added Pin To Net: NetName=PB5 Pin=CN12-29
Added Pin To Net: NetName=PB13 Pin=CN12-30
Added Pin To Net: NetName=PB3 Pin=CN12-31
Added Pin To Net: NetName=AGND Pin=CN12-32
Added Pin To Net: NetName=PA10 Pin=CN12-33
Added Pin To Net: NetName=PC4 Pin=CN12-34
Added Pin To Net: NetName=PA2 Pin=CN12-35
Added Pin To Net: NetName=PF5 Pin=CN12-36
Added Pin To Net: NetName=PA3 Pin=CN12-37
Added Pin To Net: NetName=PF4 Pin=CN12-38
Added Pin To Net: NetName=GND Pin=CN12-39
Added Pin To Net: NetName=PE8 Pin=CN12-40
Added Pin To Net: NetName=PD13 Pin=CN12-41
Added Pin To Net: NetName=PF10 Pin=CN12-42
Added Pin To Net: NetName=PD12 Pin=CN12-43
Added Pin To Net: NetName=PE7 Pin=CN12-44
Added Pin To Net: NetName=PD11 Pin=CN12-45
Added Pin To Net: NetName=PD14 Pin=CN12-46
Added Pin To Net: NetName=PE10 Pin=CN12-47
Added Pin To Net: NetName=PD15 Pin=CN12-48
Added Pin To Net: NetName=PE12 Pin=CN12-49
Added Pin To Net: NetName=PF14 Pin=CN12-50
Added Pin To Net: NetName=PE14 Pin=CN12-51
Added Pin To Net: NetName=PE9 Pin=CN12-52
Added Pin To Net: NetName=PE15 Pin=CN12-53
Added Pin To Net: NetName=GND Pin=CN12-54
Added Pin To Net: NetName=PE13 Pin=CN12-55
Added Pin To Net: NetName=PE11 Pin=CN12-56
Added Pin To Net: NetName=PF13 Pin=CN12-57
Added Pin To Net: NetName=PF3 Pin=CN12-58
Added Pin To Net: NetName=PF12 Pin=CN12-59
Added Pin To Net: NetName=PF15 Pin=CN12-60
Added Pin To Net: NetName=PG14 Pin=CN12-61
Added Pin To Net: NetName=PF11 Pin=CN12-62
Added Pin To Net: NetName=GND Pin=CN12-63
Added Pin To Net: NetName=PE0 Pin=CN12-64
Added Pin To Net: NetName=PD10 Pin=CN12-65
Added Pin To Net: NetName=PG8 Pin=CN12-66
Added Pin To Net: NetName=PG7 Pin=CN12-67
Added Pin To Net: NetName=PG5 Pin=CN12-68
Added Pin To Net: NetName=PG4 Pin=CN12-69
Added Pin To Net: NetName=PG6 Pin=CN12-70
Added Pin To Net: NetName=NetCN12_10 Pin=R18-1
Added Pin To Net: NetName=NetCN12_1 Pin=CN12-1
Added Pin To Net: NetName=NetCN12_1 Pin=R15-2
Added Net: Name=NetCN12_1
Added Pin To Net: NetName=NetCN12_2 Pin=CN12-2
Added Pin To Net: NetName=NetCN12_2 Pin=R16-1
Added Net: Name=NetCN12_2
Added Pin To Net: NetName=NetCN12_7 Pin=CN12-7
Added Pin To Net: NetName=NetCN12_7 Pin=R14-1
Added Net: Name=NetCN12_7
Added Pin To Net: NetName=NetCN12_12 Pin=CN12-12
Added Pin To Net: NetName=NetCN12_12 Pin=R19-1
Added Net: Name=NetCN12_12
Added Pin To Net: NetName=NetCN12_14 Pin=CN12-14
Added Pin To Net: NetName=NetCN12_14 Pin=R20-1
Added Net: Name=NetCN12_14
