Removed Pin From Net: NetName=PC10 Pin=CN11-11
Removed Pin From Net: NetName=PC11 Pin=CN11-12
Removed Pin From Net: NetName=PC12 Pin=CN11-13
Removed Pin From Net: NetName=PD2 Pin=CN11-14
Removed Pin From Net: NetName=3V3_VDD Pin=CN11-15
Removed Pin From Net: NetName=BOOT0 Pin=CN11-17
Removed Pin From Net: NetName=GND Pin=CN11-18
Removed Pin From Net: NetName=PF6 Pin=CN11-19
Removed Pin From Net: NetName=PF7 Pin=CN11-21
Removed Pin From Net: NetName=IOREF Pin=CN11-22
Removed Pin From Net: NetName=PA13 Pin=CN11-23
Removed Pin From Net: NetName=NRST Pin=CN11-24
Removed Pin From Net: NetName=PA14 Pin=CN11-25
Removed Pin From Net: NetName=3V3 Pin=CN11-26
Removed Pin From Net: NetName=PA15 Pin=CN11-27
Removed Pin From Net: NetName=5V Pin=CN11-28
Removed Pin From Net: NetName=GND Pin=CN11-29
Removed Pin From Net: NetName=PB7 Pin=CN11-31
Removed Pin From Net: NetName=GND Pin=CN11-32
Removed Pin From Net: NetName=PC13 Pin=CN11-33
Removed Pin From Net: NetName=VIN Pin=CN11-34
Removed Pin From Net: NetName=PC14 Pin=CN11-35
Removed Pin From Net: NetName=PC15 Pin=CN11-37
Removed Pin From Net: NetName=PA0 Pin=CN11-38
Removed Pin From Net: NetName=PH0 Pin=CN11-39
Removed Pin From Net: NetName=PA1 Pin=CN11-40
Removed Pin From Net: NetName=PH1 Pin=CN11-41
Removed Pin From Net: NetName=PA4 Pin=CN11-42
Removed Pin From Net: NetName=PB0 Pin=CN11-44
Removed Pin From Net: NetName=PC2 Pin=CN11-45
Removed Pin From Net: NetName=PC1 Pin=CN11-46
Removed Pin From Net: NetName=PC3 Pin=CN11-47
Removed Pin From Net: NetName=PC0 Pin=CN11-48
Added Pin To Net: NetName=PC10 Pin=CN11-9
Added Pin To Net: NetName=PC11 Pin=CN11-10
Added Pin To Net: NetName=PC12 Pin=CN11-11
Added Pin To Net: NetName=PD2 Pin=CN11-12
Added Pin To Net: NetName=3V3_VDD Pin=CN11-13
Added Pin To Net: NetName=BOOT0 Pin=CN11-15
Added Pin To Net: NetName=GND Pin=CN11-16
Added Pin To Net: NetName=PF6 Pin=CN11-17
Added Pin To Net: NetName=PF7 Pin=CN11-19
Added Pin To Net: NetName=IOREF Pin=CN11-20
Added Pin To Net: NetName=PA13 Pin=CN11-21
Added Pin To Net: NetName=NRST Pin=CN11-22
Added Pin To Net: NetName=PA14 Pin=CN11-23
Added Pin To Net: NetName=3V3 Pin=CN11-24
Added Pin To Net: NetName=PA15 Pin=CN11-25
Added Pin To Net: NetName=5V Pin=CN11-26
Added Pin To Net: NetName=GND Pin=CN11-27
Added Pin To Net: NetName=GND Pin=CN11-28
Added Pin To Net: NetName=PB7 Pin=CN11-29
Added Pin To Net: NetName=PC13 Pin=CN11-31
Added Pin To Net: NetName=VIN Pin=CN11-32
Added Pin To Net: NetName=PC14 Pin=CN11-33
Added Pin To Net: NetName=PC15 Pin=CN11-35
Added Pin To Net: NetName=PA0 Pin=CN11-36
Added Pin To Net: NetName=PH0 Pin=CN11-37
Added Pin To Net: NetName=PA1 Pin=CN11-38
Added Pin To Net: NetName=PH1 Pin=CN11-39
Added Pin To Net: NetName=PA4 Pin=CN11-40
Added Pin To Net: NetName=PB0 Pin=CN11-42
Added Pin To Net: NetName=PC2 Pin=CN11-43
Added Pin To Net: NetName=PC1 Pin=CN11-44
Added Pin To Net: NetName=PC3 Pin=CN11-45
Added Pin To Net: NetName=PC0 Pin=CN11-46
