Change component parameters: Designator = "U14"; Footprint = "ICC_LQFP144_20X20_P050_SOCKET_YAMAICHI_IC149-144-145-B5_NM"; UniqueID = "\OUWECVDB\UIWQTVTY\IUDFBGBV"
Change component parameters. Clean all parameters for all variants
Change component parameters (AddParameter): Name = "BMS_Part_Number"; Value = "9175347"; VariantName = "[No Variations]"
Change component parameters (AddParameter): Name = "ComponentLink1Description"; Value = "Datasheet"; VariantName = "[No Variations]"
Change component parameters (AddParameter): Name = "ComponentLink1URL"; Value = "http://tunmcdsvn.tun.st.com/Component_Datasheet_Library/Trunk/IC/STM_STM32L552ZET6QU"; VariantName = "[No Variations]"
Change component parameters (AddParameter): Name = "ECCN_EU"; Value = "NEC"; VariantName = "[No Variations]"
Change component parameters (AddParameter): Name = "ECCN_US"; Value = "3A991A2"; VariantName = "[No Variations]"
Change component parameters (AddParameter): Name = "Internal_Part_Number"; Value = "MCD-01349"; VariantName = "[No Variations]"
Change component parameters (AddParameter): Name = "Manufacturer"; Value = "STMICROELECTRONICS"; VariantName = "[No Variations]"
Change component parameters (AddParameter): Name = "Manufacturer_Part_Number"; Value = "STM32H7A3ZIT6U"; VariantName = "[No Variations]"
Change component parameters (AddParameter): Name = "Manufacturer Part Number"; Value = "STM32H743ZIT6U"; VariantName = "[No Variations]"
Change component parameters (AddParameter): Name = "Package"; Value = "LQFP144"; VariantName = "[No Variations]"
Change component parameters (AddParameter): Name = "Part_Type"; Value = "IC"; VariantName = "[No Variations]"
Change component parameters (AddParameter): Name = "Pricing 1"; Value = "1=13.41000, 10=12.33000, 25=11.82000, 50=11.82000, 100=10.41000, 250=9.90000, 500=9.26000, 1000=8.50000, 2500=7.68000, 10000=9.26000 (USD)"; VariantName = "[No Variations]"
Change component parameters (AddParameter): Name = "Provided_By"; Value = "SUBCO with ST control"; VariantName = "[No Variations]"
Change component parameters (AddParameter): Name = "RoHS"; Value = "No"; VariantName = "[No Variations]"
Change component parameters (AddParameter): Name = "Status"; Value = "Released"; VariantName = "[No Variations]"
Change component parameters (AddParameter): Name = "Stock 1"; Value = "24"; VariantName = "[No Variations]"
Change component parameters (AddParameter): Name = "Supplier 1"; Value = "Mouser"; VariantName = "[No Variations]"
Change component parameters (AddParameter): Name = "Supplier Part Number 1"; Value = "511-STM32H743ZIT6U"; VariantName = "[No Variations]"
Change component parameters (AddParameter): Name = "Value"; Value = "STM32H7A3ZIT6U"; VariantName = "[No Variations]"
Change component parameters (AddParameter): Name = "BMS_Part_Number"; Value = "9175293 (cut2.0)"; VariantName = "H743ZI"
Change component parameters (AddParameter): Name = "ComponentLink1Description"; Value = "Datasheet"; VariantName = "H743ZI"
Change component parameters (AddParameter): Name = "ComponentLink1URL"; Value = "http://tunmcdsvn.tun.st.com/Component_Datasheet_Library/Trunk/IC/STM_STM32L552ZET6QU"; VariantName = "H743ZI"
Change component parameters (AddParameter): Name = "ECCN_EU"; Value = "NEC"; VariantName = "H743ZI"
Change component parameters (AddParameter): Name = "ECCN_US"; Value = "3A991A2"; VariantName = "H743ZI"
Change component parameters (AddParameter): Name = "Internal_Part_Number"; Value = "MCD-01403"; VariantName = "H743ZI"
Change component parameters (AddParameter): Name = "Manufacturer"; Value = "STMICROELECTRONICS"; VariantName = "H743ZI"
Change component parameters (AddParameter): Name = "Manufacturer_Part_Number"; Value = "STM32H743ZIT6U"; VariantName = "H743ZI"
Change component parameters (AddParameter): Name = "Manufacturer Part Number"; Value = "STM32H743ZIT6U"; VariantName = "H743ZI"
Change component parameters (AddParameter): Name = "Package"; Value = "LQFP144"; VariantName = "H743ZI"
Change component parameters (AddParameter): Name = "Part_Type"; Value = "IC"; VariantName = "H743ZI"
Change component parameters (AddParameter): Name = "Pricing 1"; Value = "1=13.41000, 10=12.33000, 25=11.82000, 50=11.82000, 100=10.41000, 250=9.90000, 500=9.26000, 1000=8.50000, 2500=7.68000, 10000=9.26000 (USD)"; VariantName = "H743ZI"
Change component parameters (AddParameter): Name = "Provided_By"; Value = "SUBCO with ST control"; VariantName = "H743ZI"
Change component parameters (AddParameter): Name = "RoHS"; Value = "No"; VariantName = "H743ZI"
Change component parameters (AddParameter): Name = "Status"; Value = "Released"; VariantName = "H743ZI"
Change component parameters (AddParameter): Name = "Stock 1"; Value = "24"; VariantName = "H743ZI"
Change component parameters (AddParameter): Name = "Supplier 1"; Value = "Mouser"; VariantName = "H743ZI"
Change component parameters (AddParameter): Name = "Supplier Part Number 1"; Value = "511-STM32H743ZIT6U"; VariantName = "H743ZI"
Change component parameters (AddParameter): Name = "Value"; Value = "STM32H743ZIT6U"; VariantName = "H743ZI"
Change component parameters (AddParameter): Name = "BMS_Part_Number"; Value = "9175347"; VariantName = "H7A3ZI"
Change component parameters (AddParameter): Name = "ComponentLink1Description"; Value = "Datasheet"; VariantName = "H7A3ZI"
Change component parameters (AddParameter): Name = "ComponentLink1URL"; Value = "http://tunmcdsvn.tun.st.com/Component_Datasheet_Library/Trunk/IC/STM_STM32L552ZET6QU"; VariantName = "H7A3ZI"
Change component parameters (AddParameter): Name = "ECCN_EU"; Value = "NEC"; VariantName = "H7A3ZI"
Change component parameters (AddParameter): Name = "ECCN_US"; Value = "3A991A2"; VariantName = "H7A3ZI"
Change component parameters (AddParameter): Name = "Internal_Part_Number"; Value = "MCD-01349"; VariantName = "H7A3ZI"
Change component parameters (AddParameter): Name = "Manufacturer"; Value = "STMICROELECTRONICS"; VariantName = "H7A3ZI"
Change component parameters (AddParameter): Name = "Manufacturer_Part_Number"; Value = "STM32H7A3ZIT6U"; VariantName = "H7A3ZI"
Change component parameters (AddParameter): Name = "Manufacturer Part Number"; Value = "STM32H743ZIT6U"; VariantName = "H7A3ZI"
Change component parameters (AddParameter): Name = "Package"; Value = "LQFP144"; VariantName = "H7A3ZI"
Change component parameters (AddParameter): Name = "Part_Type"; Value = "IC"; VariantName = "H7A3ZI"
Change component parameters (AddParameter): Name = "Pricing 1"; Value = "1=13.41000, 10=12.33000, 25=11.82000, 50=11.82000, 100=10.41000, 250=9.90000, 500=9.26000, 1000=8.50000, 2500=7.68000, 10000=9.26000 (USD)"; VariantName = "H7A3ZI"
Change component parameters (AddParameter): Name = "Provided_By"; Value = "SUBCO with ST control"; VariantName = "H7A3ZI"
Change component parameters (AddParameter): Name = "RoHS"; Value = "No"; VariantName = "H7A3ZI"
Change component parameters (AddParameter): Name = "Status"; Value = "Released"; VariantName = "H7A3ZI"
Change component parameters (AddParameter): Name = "Stock 1"; Value = "24"; VariantName = "H7A3ZI"
Change component parameters (AddParameter): Name = "Supplier 1"; Value = "Mouser"; VariantName = "H7A3ZI"
Change component parameters (AddParameter): Name = "Supplier Part Number 1"; Value = "511-STM32H743ZIT6U"; VariantName = "H7A3ZI"
Change component parameters (AddParameter): Name = "Value"; Value = "STM32H7A3ZIT6U"; VariantName = "H7A3ZI"
Change component parameters (AddParameter): Name = "BMS_Part_Number"; Value = "9175345"; VariantName = "H7B3ZI"
Change component parameters (AddParameter): Name = "ComponentLink1Description"; Value = "Datasheet"; VariantName = "H7B3ZI"
Change component parameters (AddParameter): Name = "ComponentLink1URL"; Value = "http://tunmcdsvn.tun.st.com/Component_Datasheet_Library/Trunk/IC/STM_STM32L552ZET6QU"; VariantName = "H7B3ZI"
Change component parameters (AddParameter): Name = "ECCN_EU"; Value = "5A002A4"; VariantName = "H7B3ZI"
Change component parameters (AddParameter): Name = "ECCN_US"; Value = "5A002A4"; VariantName = "H7B3ZI"
Change component parameters (AddParameter): Name = "Internal_Part_Number"; Value = "MCD-01764"; VariantName = "H7B3ZI"
Change component parameters (AddParameter): Name = "Manufacturer"; Value = "STMICROELECTRONICS"; VariantName = "H7B3ZI"
Change component parameters (AddParameter): Name = "Manufacturer_Part_Number"; Value = "STM32H7B3ZIT6U"; VariantName = "H7B3ZI"
Change component parameters (AddParameter): Name = "Manufacturer Part Number"; Value = "STM32H743ZIT6U"; VariantName = "H7B3ZI"
Change component parameters (AddParameter): Name = "Package"; Value = "LQFP144"; VariantName = "H7B3ZI"
Change component parameters (AddParameter): Name = "Part_Type"; Value = "IC"; VariantName = "H7B3ZI"
Change component parameters (AddParameter): Name = "Pricing 1"; Value = "1=13.41000, 10=12.33000, 25=11.82000, 50=11.82000, 100=10.41000, 250=9.90000, 500=9.26000, 1000=8.50000, 2500=7.68000, 10000=9.26000 (USD)"; VariantName = "H7B3ZI"
Change component parameters (AddParameter): Name = "Provided_By"; Value = "SUBCO with ST control"; VariantName = "H7B3ZI"
Change component parameters (AddParameter): Name = "RoHS"; Value = "No"; VariantName = "H7B3ZI"
Change component parameters (AddParameter): Name = "Status"; Value = "Released"; VariantName = "H7B3ZI"
Change component parameters (AddParameter): Name = "Stock 1"; Value = "24"; VariantName = "H7B3ZI"
Change component parameters (AddParameter): Name = "Supplier 1"; Value = "Mouser"; VariantName = "H7B3ZI"
Change component parameters (AddParameter): Name = "Supplier Part Number 1"; Value = "511-STM32H743ZIT6U"; VariantName = "H7B3ZI"
Change component parameters (AddParameter): Name = "Value"; Value = "STM32H7B3ZIT6U"; VariantName = "H7B3ZI"
Change component parameters (AddParameter): Name = "BMS_Part_Number"; Value = "9175294 (cut 2.0)"; VariantName = "H753ZI"
Change component parameters (AddParameter): Name = "ComponentLink1Description"; Value = "Datasheet"; VariantName = "H753ZI"
Change component parameters (AddParameter): Name = "ComponentLink1URL"; Value = "http://tunmcdsvn.tun.st.com/Component_Datasheet_Library/Trunk/IC/STM_STM32L552ZET6QU"; VariantName = "H753ZI"
Change component parameters (AddParameter): Name = "ECCN_EU"; Value = "5A002A4"; VariantName = "H753ZI"
Change component parameters (AddParameter): Name = "ECCN_US"; Value = "5A992C"; VariantName = "H753ZI"
Change component parameters (AddParameter): Name = "Internal_Part_Number"; Value = "MCD-01404"; VariantName = "H753ZI"
Change component parameters (AddParameter): Name = "Manufacturer"; Value = "STMICROELECTRONICS"; VariantName = "H753ZI"
Change component parameters (AddParameter): Name = "Manufacturer_Part_Number"; Value = "STM32H753ZIT6U"; VariantName = "H753ZI"
Change component parameters (AddParameter): Name = "Manufacturer Part Number"; Value = "STM32H743ZIT6U"; VariantName = "H753ZI"
Change component parameters (AddParameter): Name = "Package"; Value = "LQFP144"; VariantName = "H753ZI"
Change component parameters (AddParameter): Name = "Part_Type"; Value = "IC"; VariantName = "H753ZI"
Change component parameters (AddParameter): Name = "Pricing 1"; Value = "1=13.41000, 10=12.33000, 25=11.82000, 50=11.82000, 100=10.41000, 250=9.90000, 500=9.26000, 1000=8.50000, 2500=7.68000, 10000=9.26000 (USD)"; VariantName = "H753ZI"
Change component parameters (AddParameter): Name = "Provided_By"; Value = "SUBCO with ST control"; VariantName = "H753ZI"
Change component parameters (AddParameter): Name = "RoHS"; Value = "No"; VariantName = "H753ZI"
Change component parameters (AddParameter): Name = "Status"; Value = "Released"; VariantName = "H753ZI"
Change component parameters (AddParameter): Name = "Stock 1"; Value = "24"; VariantName = "H753ZI"
Change component parameters (AddParameter): Name = "Supplier 1"; Value = "Mouser"; VariantName = "H753ZI"
Change component parameters (AddParameter): Name = "Supplier Part Number 1"; Value = "511-STM32H743ZIT6U"; VariantName = "H753ZI"
Change component parameters (AddParameter): Name = "Value"; Value = "STM32H753ZIT6U"; VariantName = "H753ZI"
Added Net: Name=IOREF
