Removed Member From Class: ClassName=U_MCU_144_IOs Member=SB41
Change Component Designator: OldDesignator=C38 NewDesignator=C6
Change Component Designator: OldDesignator=C39 NewDesignator=C4
Change Component Designator: OldDesignator=C40 NewDesignator=C5
Change Component Designator: OldDesignator=C41 NewDesignator=C3
Change Component Designator: OldDesignator=C42 NewDesignator=C2
Change Component Designator: OldDesignator=C46 NewDesignator=C32
Change Component Designator: OldDesignator=C47 NewDesignator=C28
Change Component Designator: OldDesignator=C48 NewDesignator=C15
Change Component Designator: OldDesignator=C49 NewDesignator=C24
Change Component Designator: OldDesignator=C50 NewDesignator=C16
Change Component Designator: OldDesignator=C51 NewDesignator=C26
Change Component Designator: OldDesignator=C52 NewDesignator=C29
Change Component Designator: OldDesignator=C53 NewDesignator=C25
Change Component Designator: OldDesignator=C54 NewDesignator=C30
Change Component Designator: OldDesignator=C55 NewDesignator=C31
Change Component Designator: OldDesignator=C56 NewDesignator=C23
Change Component Designator: OldDesignator=C57 NewDesignator=C27
Change Component Designator: OldDesignator=C58 NewDesignator=C21
Change Component Designator: OldDesignator=C59 NewDesignator=C8
Change Component Designator: OldDesignator=C60 NewDesignator=C22
Change Component Designator: OldDesignator=C61 NewDesignator=C17
Change Component Designator: OldDesignator=C62 NewDesignator=C14
Change Component Designator: OldDesignator=C63 NewDesignator=C13
Change Component Designator: OldDesignator=C64 NewDesignator=C20
Change Component Designator: OldDesignator=C65 NewDesignator=C1
Change Component Designator: OldDesignator=C66 NewDesignator=C18
Change Component Designator: OldDesignator=C67 NewDesignator=C19
Change Component Designator: OldDesignator=C68 NewDesignator=C7
Change Component Designator: OldDesignator=C69 NewDesignator=C10
Change Component Designator: OldDesignator=C70 NewDesignator=C9
Change Component Designator: OldDesignator=C71 NewDesignator=C11
Change Component Designator: OldDesignator=C72 NewDesignator=C12
Change Component Designator: OldDesignator=CN11 NewDesignator=CN1
Change Component Designator: OldDesignator=CN12 NewDesignator=CN2
Change Component Designator: OldDesignator=CN15 NewDesignator=CN4
Change Component Designator: OldDesignator=CN16 NewDesignator=CN3
Change Component Designator: OldDesignator=JP2 NewDesignator=JP1
Change Component Designator: OldDesignator=JP4 NewDesignator=JP2
Change Component Designator: OldDesignator=LD5 NewDesignator=LD1
Change Component Designator: OldDesignator=R12 NewDesignator=R1
Change Component Designator: OldDesignator=R17 NewDesignator=R3
Change Component Designator: OldDesignator=R25 NewDesignator=R2
Change Component Designator: OldDesignator=R33 NewDesignator=R6
Change Component Designator: OldDesignator=R34 NewDesignator=R7
Change Component Designator: OldDesignator=R35 NewDesignator=R8
Change Component Designator: OldDesignator=R36 NewDesignator=R12
Change Component Designator: OldDesignator=R37 NewDesignator=R11
Change Component Designator: OldDesignator=R38 NewDesignator=R9
Change Component Designator: OldDesignator=R39 NewDesignator=R10
Change Component Designator: OldDesignator=R64 NewDesignator=R5
Change Component Designator: OldDesignator=R74 NewDesignator=R4
Change Component Designator: OldDesignator=SB1 NewDesignator=SB12
Change Component Designator: OldDesignator=SB2 NewDesignator=SB11
Change Component Designator: OldDesignator=SB3 NewDesignator=SB24
Change Component Designator: OldDesignator=SB4 NewDesignator=SB25
Change Component Designator: OldDesignator=SB5 NewDesignator=SB30
Change Component Designator: OldDesignator=SB9 NewDesignator=SB14
Change Component Designator: OldDesignator=SB10 NewDesignator=SB2
Change Component Designator: OldDesignator=SB11 NewDesignator=SB3
Change Component Designator: OldDesignator=SB12 NewDesignator=SB23
Change Component Designator: OldDesignator=SB13 NewDesignator=SB29
Change Component Designator: OldDesignator=SB14 NewDesignator=SB6
Change Component Designator: OldDesignator=SB15 NewDesignator=SB5
Change Component Designator: OldDesignator=SB16 NewDesignator=SB9
Change Component Designator: OldDesignator=SB17 NewDesignator=SB8
Change Component Designator: OldDesignator=SB19 NewDesignator=SB22
Change Component Designator: OldDesignator=SB20 NewDesignator=SB1
Change Component Designator: OldDesignator=SB25 NewDesignator=SB28
Change Component Designator: OldDesignator=SB32 NewDesignator=SB13
Change Component Designator: OldDesignator=SB34 NewDesignator=SB15
Change Component Designator: OldDesignator=SB40 NewDesignator=SB21
Change Component Designator: OldDesignator=SB41 NewDesignator=SB19
Change Component Designator: OldDesignator=SB42 NewDesignator=SB4
Change Component Designator: OldDesignator=SB43 NewDesignator=SB31
Change Component Designator: OldDesignator=SB44 NewDesignator=SB20
Change Component Designator: OldDesignator=SB46 NewDesignator=SB18
Change Component Designator: OldDesignator=SB51 NewDesignator=SB16
Change Component Designator: OldDesignator=SB52 NewDesignator=SB26
Change Component Designator: OldDesignator=SB56 NewDesignator=SB27
Change Component Designator: OldDesignator=SB58 NewDesignator=SB17
Change Component Designator: OldDesignator=SB81 NewDesignator=SB10
Change Component Designator: OldDesignator=SB82 NewDesignator=SB7
Change Component Designator: OldDesignator=U8 NewDesignator=U3
Change Component Designator: OldDesignator=U11 NewDesignator=U2
Change Component Designator: OldDesignator=U12 NewDesignator=U1
Change Component Designator: OldDesignator=U20 NewDesignator=U6
Change Component Designator: OldDesignator=U23 NewDesignator=U5
Change Component Designator: OldDesignator=U24 NewDesignator=U4
Change Component Designator: OldDesignator=X3 NewDesignator=X1
Change component parameters: Designator = "U14"; Footprint = "ICC_LQFP144_20X20_P050_SOCKET_YAMAICHI_IC149-144-145-B5_NM"; UniqueID = "\OUWECVDB\UIWQTVTY\IUDFBGBV"
Change component parameters. Clean all parameters for all variants
Change component parameters (AddParameter): Name = "BMS_Part_Number"; Value = "9175347"; VariantName = "[No Variations]"
Change component parameters (AddParameter): Name = "ComponentLink1Description"; Value = "Datasheet"; VariantName = "[No Variations]"
Change component parameters (AddParameter): Name = "ComponentLink1URL"; Value = "http://tunmcdsvn.tun.st.com/Component_Datasheet_Library/Trunk/IC/STM_STM32L552ZET6QU"; VariantName = "[No Variations]"
Change component parameters (AddParameter): Name = "ECCN_EU"; Value = "NEC"; VariantName = "[No Variations]"
Change component parameters (AddParameter): Name = "ECCN_US"; Value = "3A991A2"; VariantName = "[No Variations]"
Change component parameters (AddParameter): Name = "Internal_Part_Number"; Value = "MCD-01349"; VariantName = "[No Variations]"
Change component parameters (AddParameter): Name = "Manufacturer"; Value = "STMICROELECTRONICS"; VariantName = "[No Variations]"
Change component parameters (AddParameter): Name = "Manufacturer_Part_Number"; Value = "STM32H7A3ZIT6U"; VariantName = "[No Variations]"
Change component parameters (AddParameter): Name = "Package"; Value = "LQFP144"; VariantName = "[No Variations]"
Change component parameters (AddParameter): Name = "Part_Type"; Value = "IC"; VariantName = "[No Variations]"
Change component parameters (AddParameter): Name = "Provided_By"; Value = "SUBCO with ST control"; VariantName = "[No Variations]"
Change component parameters (AddParameter): Name = "Status"; Value = "Released"; VariantName = "[No Variations]"
Change component parameters (AddParameter): Name = "Value"; Value = "STM32H7A3ZIT6U"; VariantName = "[No Variations]"
Change component parameters (AddParameter): Name = "BMS_Part_Number"; Value = "9175293 (cut2.0)"; VariantName = "H743ZI"
Change component parameters (AddParameter): Name = "ComponentLink1Description"; Value = "Datasheet"; VariantName = "H743ZI"
Change component parameters (AddParameter): Name = "ComponentLink1URL"; Value = "http://tunmcdsvn.tun.st.com/Component_Datasheet_Library/Trunk/IC/STM_STM32L552ZET6QU"; VariantName = "H743ZI"
Change component parameters (AddParameter): Name = "ECCN_EU"; Value = "NEC"; VariantName = "H743ZI"
Change component parameters (AddParameter): Name = "ECCN_US"; Value = "3A991A2"; VariantName = "H743ZI"
Change component parameters (AddParameter): Name = "Internal_Part_Number"; Value = "MCD-01403"; VariantName = "H743ZI"
Change component parameters (AddParameter): Name = "Manufacturer"; Value = "STMICROELECTRONICS"; VariantName = "H743ZI"
Change component parameters (AddParameter): Name = "Manufacturer_Part_Number"; Value = "STM32H743ZIT6U"; VariantName = "H743ZI"
Change component parameters (AddParameter): Name = "Package"; Value = "LQFP144"; VariantName = "H743ZI"
Change component parameters (AddParameter): Name = "Part_Type"; Value = "IC"; VariantName = "H743ZI"
Change component parameters (AddParameter): Name = "Provided_By"; Value = "SUBCO with ST control"; VariantName = "H743ZI"
Change component parameters (AddParameter): Name = "Status"; Value = "Released"; VariantName = "H743ZI"
Change component parameters (AddParameter): Name = "Value"; Value = "STM32H743ZIT6U"; VariantName = "H743ZI"
Change component parameters (AddParameter): Name = "BMS_Part_Number"; Value = "9175347"; VariantName = "H7A3ZI"
Change component parameters (AddParameter): Name = "ComponentLink1Description"; Value = "Datasheet"; VariantName = "H7A3ZI"
Change component parameters (AddParameter): Name = "ComponentLink1URL"; Value = "http://tunmcdsvn.tun.st.com/Component_Datasheet_Library/Trunk/IC/STM_STM32L552ZET6QU"; VariantName = "H7A3ZI"
Change component parameters (AddParameter): Name = "ECCN_EU"; Value = "NEC"; VariantName = "H7A3ZI"
Change component parameters (AddParameter): Name = "ECCN_US"; Value = "3A991A2"; VariantName = "H7A3ZI"
Change component parameters (AddParameter): Name = "Internal_Part_Number"; Value = "MCD-01349"; VariantName = "H7A3ZI"
Change component parameters (AddParameter): Name = "Manufacturer"; Value = "STMICROELECTRONICS"; VariantName = "H7A3ZI"
Change component parameters (AddParameter): Name = "Manufacturer_Part_Number"; Value = "STM32H7A3ZIT6U"; VariantName = "H7A3ZI"
Change component parameters (AddParameter): Name = "Package"; Value = "LQFP144"; VariantName = "H7A3ZI"
Change component parameters (AddParameter): Name = "Part_Type"; Value = "IC"; VariantName = "H7A3ZI"
Change component parameters (AddParameter): Name = "Provided_By"; Value = "SUBCO with ST control"; VariantName = "H7A3ZI"
Change component parameters (AddParameter): Name = "Status"; Value = "Released"; VariantName = "H7A3ZI"
Change component parameters (AddParameter): Name = "Value"; Value = "STM32H7A3ZIT6U"; VariantName = "H7A3ZI"
Change component parameters (AddParameter): Name = "BMS_Part_Number"; Value = "9175345"; VariantName = "H7B3ZI"
Change component parameters (AddParameter): Name = "ComponentLink1Description"; Value = "Datasheet"; VariantName = "H7B3ZI"
Change component parameters (AddParameter): Name = "ComponentLink1URL"; Value = "http://tunmcdsvn.tun.st.com/Component_Datasheet_Library/Trunk/IC/STM_STM32L552ZET6QU"; VariantName = "H7B3ZI"
Change component parameters (AddParameter): Name = "ECCN_EU"; Value = "5A002A4"; VariantName = "H7B3ZI"
Change component parameters (AddParameter): Name = "ECCN_US"; Value = "5A002A4"; VariantName = "H7B3ZI"
Change component parameters (AddParameter): Name = "Internal_Part_Number"; Value = "MCD-01764"; VariantName = "H7B3ZI"
Change component parameters (AddParameter): Name = "Manufacturer"; Value = "STMICROELECTRONICS"; VariantName = "H7B3ZI"
Change component parameters (AddParameter): Name = "Manufacturer_Part_Number"; Value = "STM32H7B3ZIT6U"; VariantName = "H7B3ZI"
Change component parameters (AddParameter): Name = "Package"; Value = "LQFP144"; VariantName = "H7B3ZI"
Change component parameters (AddParameter): Name = "Part_Type"; Value = "IC"; VariantName = "H7B3ZI"
Change component parameters (AddParameter): Name = "Provided_By"; Value = "SUBCO with ST control"; VariantName = "H7B3ZI"
Change component parameters (AddParameter): Name = "Status"; Value = "Released"; VariantName = "H7B3ZI"
Change component parameters (AddParameter): Name = "Value"; Value = "STM32H7B3ZIT6U"; VariantName = "H7B3ZI"
Change component parameters (AddParameter): Name = "BMS_Part_Number"; Value = "9175294 (cut 2.0)"; VariantName = "H753ZI"
Change component parameters (AddParameter): Name = "ComponentLink1Description"; Value = "Datasheet"; VariantName = "H753ZI"
Change component parameters (AddParameter): Name = "ComponentLink1URL"; Value = "http://tunmcdsvn.tun.st.com/Component_Datasheet_Library/Trunk/IC/STM_STM32L552ZET6QU"; VariantName = "H753ZI"
Change component parameters (AddParameter): Name = "ECCN_EU"; Value = "5A002A4"; VariantName = "H753ZI"
Change component parameters (AddParameter): Name = "ECCN_US"; Value = "5A992C"; VariantName = "H753ZI"
Change component parameters (AddParameter): Name = "Internal_Part_Number"; Value = "MCD-01404"; VariantName = "H753ZI"
Change component parameters (AddParameter): Name = "Manufacturer"; Value = "STMICROELECTRONICS"; VariantName = "H753ZI"
Change component parameters (AddParameter): Name = "Manufacturer_Part_Number"; Value = "STM32H753ZIT6U"; VariantName = "H753ZI"
Change component parameters (AddParameter): Name = "Package"; Value = "LQFP144"; VariantName = "H753ZI"
Change component parameters (AddParameter): Name = "Part_Type"; Value = "IC"; VariantName = "H753ZI"
Change component parameters (AddParameter): Name = "Provided_By"; Value = "SUBCO with ST control"; VariantName = "H753ZI"
Change component parameters (AddParameter): Name = "Status"; Value = "Released"; VariantName = "H753ZI"
Change component parameters (AddParameter): Name = "Value"; Value = "STM32H753ZIT6U"; VariantName = "H753ZI"
Change Net Name : Old Net Name=NetC38_1 New Net Name=NetC6_1
Change Net Name : Old Net Name=NetC39_2 New Net Name=NetC4_2
Change Net Name : Old Net Name=NetC68_2 New Net Name=NetC7_2
Change Net Name : Old Net Name=NetCN11_69 New Net Name=NetCN1_69
Change Net Name : Old Net Name=NetCN12_1 New Net Name=NetCN2_1
Change Net Name : Old Net Name=NetCN12_2 New Net Name=NetCN2_2
Change Net Name : Old Net Name=NetCN12_7 New Net Name=NetCN2_7
Change Net Name : Old Net Name=NetCN12_10 New Net Name=NetCN2_10
Change Net Name : Old Net Name=NetCN12_12 New Net Name=NetCN2_12
Change Net Name : Old Net Name=NetCN12_14 New Net Name=NetCN2_14
Change Net Name : Old Net Name=NetLD5_1 New Net Name=NetLD1_1
Change Net Name : Old Net Name=NetR34_1 New Net Name=NetR7_1
Change Net Name : Old Net Name=NetSB13_2 New Net Name=NetSB29_2
Change Net Name : Old Net Name=NetSB25_2 New Net Name=NetSB28_2
Change Net Name : Old Net Name=NetSB56_1 New Net Name=NetSB27_1
Added Member To Class: ClassName=U_MCU_144_IOs Member=Component SB22 SB_ON
