Removed Pin From Net: NetName=+5 Pin=C28-1
Removed Pin From Net: NetName=GND Pin=C28-2
Removed Pin From Net: NetName=AGND Pin=TP1-1
Removed Pin From Net: NetName=ZP Pin=TP2-1
Removed Pin From Net: NetName=ZH Pin=TP3-1
Removed Pin From Net: NetName=NetP5_12 Pin=U7-2
Removed Pin From Net: NetName=GND Pin=U7-4
Removed Pin From Net: NetName=NetP5_12 Pin=U7-6
Removed Pin From Net: NetName=+5 Pin=U7-7
Removed Pin From Net: NetName=NetC17_1 Pin=U8-2
Removed Pin From Net: NetName=-5 Pin=U8-4
Removed Pin From Net: NetName=NetC17_2 Pin=U8-6
Removed Pin From Net: NetName=+5 Pin=U8-7
Removed Pin From Net: NetName=NetP5_2 Pin=U11-1
Removed Pin From Net: NetName=NetP5_2 Pin=U11-2
Removed Pin From Net: NetName=GND Pin=U11-4
Removed Pin From Net: NetName=NetR19_1 Pin=U11-5
Removed Pin From Net: NetName=NetP5_4 Pin=U11-6
Removed Pin From Net: NetName=+5 Pin=U11-8
Change Component Footprint: Designator=U11 Old Footprint=D0008A_L New Footprint=DBV0005A_M
Change Component Footprint: Designator=U7 Old Footprint=D0008A_M New Footprint=DBV0005A_M
Change Component Footprint: Designator=U8 Old Footprint=D0008A_M New Footprint=DBV0005A_M
Change Component Comment : Designator=U7 Old Comment=OPA188AIDR New Comment=OPA188AIDBVR
Change Component Comment : Designator=U8 Old Comment=OPA188AIDR New Comment=OPA188AIDBVR
Change Component Comment : Designator=U11 Old Comment=OPA2188AIDR New Comment=OPA188AIDBVR
Added Component: Designator=C45(CAPC0805(2012)155_L)
Add component. Clean all parameters for all variants
Add component (AddParameter): Name = "Applications"; Value = "General Purpose"; VariantName = "[No Variations]"
Add component (AddParameter): Name = "Capacitance"; Value = "0.1µF"; VariantName = "[No Variations]"
Add component (AddParameter): Name = "Category"; Value = "Capacitors"; VariantName = "[No Variations]"
Add component (AddParameter): Name = "ComponentLink1Description"; Value = "http://www.murata.com/~/media/webrenewal/support/library/catalog/products/capacitor/mlcc/c02e.ashx"; VariantName = "[No Variations]"
Add component (AddParameter): Name = "ComponentLink1URL"; Value = "http://www.murata.com/~/media/webrenewal/support/library/catalog/products/capacitor/mlcc/c02e.ashx"; VariantName = "[No Variations]"
Add component (AddParameter): Name = "Features"; Value = "-"; VariantName = "[No Variations]"
Add component (AddParameter): Name = "Height - Seated (Max)"; Value = "-"; VariantName = "[No Variations]"
Add component (AddParameter): Name = "Lead Spacing"; Value = "-"; VariantName = "[No Variations]"
Add component (AddParameter): Name = "Lead Style"; Value = "-"; VariantName = "[No Variations]"
Add component (AddParameter): Name = "Manufacturer"; Value = "Murata Electronics North America"; VariantName = "[No Variations]"
Add component (AddParameter): Name = "Manufacturer Part Number"; Value = "GRM21BR71E104KA01L"; VariantName = "[No Variations]"
Add component (AddParameter): Name = "Mounting Type"; Value = "Surface Mount, MLCC"; VariantName = "[No Variations]"
Add component (AddParameter): Name = "Operating Temperature"; Value = "-55°C ~ 125°C"; VariantName = "[No Variations]"
Add component (AddParameter): Name = "Package / Case"; Value = "0805 (2012 Metric)"; VariantName = "[No Variations]"
Add component (AddParameter): Name = "Packaging"; Value = "Digi-Reel®"; VariantName = "[No Variations]"
Add component (AddParameter): Name = "Part Status"; Value = "Active"; VariantName = "[No Variations]"
Add component (AddParameter): Name = "Pricing 1"; Value = "1=0.2, 10=0.145, 100=0.0683, 500=0.04788, 1000=0.03964 (USD)"; VariantName = "[No Variations]"
Add component (AddParameter): Name = "Ratings"; Value = "-"; VariantName = "[No Variations]"
Add component (AddParameter): Name = "RoHS"; Value = "RoHS Compliant"; VariantName = "[No Variations]"
Add component (AddParameter): Name = "Size / Dimension"; Value = "0.079" L x 0.049" W (2.00mm x 1.25mm)"; VariantName = "[No Variations]"
Add component (AddParameter): Name = "Stock 1"; Value = "891652"; VariantName = "[No Variations]"
Add component (AddParameter): Name = "Supplier 1"; Value = "Digi-Key"; VariantName = "[No Variations]"
Add component (AddParameter): Name = "Supplier Part Number 1"; Value = "490-1673-6-ND"; VariantName = "[No Variations]"
Add component (AddParameter): Name = "Temperature Coefficient"; Value = "X7R"; VariantName = "[No Variations]"
Add component (AddParameter): Name = "Thickness (Max)"; Value = "0.053" (1.35mm)"; VariantName = "[No Variations]"
Add component (AddParameter): Name = "Tolerance"; Value = "±10%"; VariantName = "[No Variations]"
Add component (AddParameter): Name = "Voltage - Rated"; Value = "25V"; VariantName = "[No Variations]"
Added Component: Designator=U25(DBV0005A_M)
Add component. Clean all parameters for all variants
Add component (AddParameter): Name = "CMRR(Min)(dB)"; Value = "120"; VariantName = "[No Variations]"
Add component (AddParameter): Name = "Code_JEDEC"; Value = "MO-178"; VariantName = "[No Variations]"
Add component (AddParameter): Name = "ComponentLink1Description"; Value = "Manufacturer URL"; VariantName = "[No Variations]"
Add component (AddParameter): Name = "ComponentLink1URL"; Value = "http://www.ti.com/"; VariantName = "[No Variations]"
Add component (AddParameter): Name = "ComponentLink2Description"; Value = "Datasheet"; VariantName = "[No Variations]"
Add component (AddParameter): Name = "ComponentLink2URL"; Value = "http://www.ti.com/lit/ds/symlink/opa188.pdf"; VariantName = "[No Variations]"
Add component (AddParameter): Name = "ComponentLink3Description"; Value = "Package Specification"; VariantName = "[No Variations]"
Add component (AddParameter): Name = "ComponentLink3URL"; Value = "http://www.ti.com/litv/pdf/mpds018i"; VariantName = "[No Variations]"
Add component (AddParameter): Name = "DatasheetVersion"; Value = "SBOS642A"; VariantName = "[No Variations]"
Add component (AddParameter): Name = "Eco-Plan"; Value = "Green (RoHS & no Sb/Br)"; VariantName = "[No Variations]"
Add component (AddParameter): Name = "GBW(Typ)(MHz)"; Value = "2"; VariantName = "[No Variations]"
Add component (AddParameter): Name = "Iq per channel(Max)(mA)"; Value = "0.51"; VariantName = "[No Variations]"
Add component (AddParameter): Name = "Manufacturer"; Value = "Texas Instruments"; VariantName = "[No Variations]"
Add component (AddParameter): Name = "Mounting Technology"; Value = "Surface Mount"; VariantName = "[No Variations]"
Add component (AddParameter): Name = "Number of Channels"; Value = "1"; VariantName = "[No Variations]"
Add component (AddParameter): Name = "Offset Drift(Typ)(uV/C)"; Value = "0.03"; VariantName = "[No Variations]"
Add component (AddParameter): Name = "PackageDescription"; Value = "5-Pin Plastic Small Outline, Body 1.6 x 2.9 mm, Pitch 0.95 mm"; VariantName = "[No Variations]"
Add component (AddParameter): Name = "PackageReference"; Value = "DBV0005A"; VariantName = "[No Variations]"
Add component (AddParameter): Name = "PackageVersion"; Value = "4073253-4/K, 03/2006"; VariantName = "[No Variations]"
Add component (AddParameter): Name = "Packing"; Value = ""; VariantName = "[No Variations]"
Add component (AddParameter): Name = "PartNumber"; Value = "OPA188AIDBVR"; VariantName = "[No Variations]"
Add component (AddParameter): Name = "Rating"; Value = "Catalog"; VariantName = "[No Variations]"
Add component (AddParameter): Name = "Slew Rate(Typ)(V/us)"; Value = "0.8"; VariantName = "[No Variations]"
Add component (AddParameter): Name = "SubFamily"; Value = "Zero Drift Precision Amplifier"; VariantName = "[No Variations]"
Add component (AddParameter): Name = "Total Supply Voltage(Max)(+5V is 5, +/-5V is 10)"; Value = "36"; VariantName = "[No Variations]"
Add component (AddParameter): Name = "Total Supply Voltage(Min)(+5V is 5, +/-5V is 10)"; Value = "4"; VariantName = "[No Variations]"
Added Pin To Net: NetName=GND Pin=C28-1
Added Pin To Net: NetName=+5 Pin=C28-2
Added Pin To Net: NetName=GND Pin=C45-1
Added Pin To Net: NetName=+5 Pin=C45-2
Added Pin To Net: NetName=NetP5_2 Pin=R23-1
Added Pin To Net: NetName=NetP5_2 Pin=R27-1
Added Pin To Net: NetName=NetP5_12 Pin=U7-1
Added Pin To Net: NetName=GND Pin=U7-2
Added Pin To Net: NetName=NetP5_12 Pin=U7-4
Added Pin To Net: NetName=+5 Pin=U7-5
Added Pin To Net: NetName=NetC17_2 Pin=U8-1
Added Pin To Net: NetName=-5 Pin=U8-2
Added Pin To Net: NetName=NetC17_1 Pin=U8-4
Added Pin To Net: NetName=+5 Pin=U8-5
Added Pin To Net: NetName=NetP5_4 Pin=U11-1
Added Pin To Net: NetName=GND Pin=U11-2
Added Pin To Net: NetName=NetR19_1 Pin=U11-3
Added Pin To Net: NetName=NetP5_4 Pin=U11-4
Added Pin To Net: NetName=+5 Pin=U11-5
Added Pin To Net: NetName=NetP5_2 Pin=U25-1
Added Pin To Net: NetName=GND Pin=U25-2
Added Pin To Net: NetName=NetP5_2 Pin=U25-3
Added Pin To Net: NetName=NetP5_2 Pin=U25-4
Added Pin To Net: NetName=+5 Pin=U25-5
Added Member To Class: ClassName=FeedbackLoop Member=Component C45 CAP CER 0.1UF 25V X7R 0805
Added Member To Class: ClassName=FeedbackLoop Member=Component U25 OPA188AIDBVR
