Change Component Designator: Old Designator=C? New Designator=C14
Change Component Designator: Old Designator=DS? New Designator=DS1
Change Component Designator: Old Designator=DS? New Designator=DS2
Change Component Designator: Old Designator=DS? New Designator=DS3
Change Component Designator: Old Designator=DS? New Designator=DS4
Change Component Designator: Old Designator=DS? New Designator=DS5
Change Component Designator: Old Designator=DS? New Designator=DS6
Change Component Designator: Old Designator=DS? New Designator=DS7
Change Component Designator: Old Designator=P? New Designator=P1
Change Component Designator: Old Designator=P? New Designator=P2
Change Component Designator: Old Designator=P? New Designator=P3
Change Component Designator: Old Designator=P? New Designator=P4
Change Component Designator: Old Designator=P? New Designator=P6
Change Component Designator: Old Designator=P? New Designator=P7
Change Component Designator: Old Designator=P? New Designator=P8
Change Component Designator: Old Designator=P? New Designator=P9
Change Component Designator: Old Designator=P? New Designator=P10
Change Component Designator: Old Designator=P? New Designator=P11
Change Component Designator: Old Designator=P? New Designator=P12
Change Component Designator: Old Designator=P? New Designator=P14
Change Component Designator: Old Designator=P? New Designator=P15
Change Component Designator: Old Designator=Q? New Designator=Q1
Change Component Designator: Old Designator=Q? New Designator=Q2
Change Component Designator: Old Designator=Q? New Designator=Q3
Change Component Designator: Old Designator=Q? New Designator=Q4
Change Component Designator: Old Designator=Q? New Designator=Q5
Change Component Designator: Old Designator=Q? New Designator=Q6
Change Component Designator: Old Designator=Q? New Designator=Q7
Change Component Designator: Old Designator=R? New Designator=R1
Change Component Designator: Old Designator=R? New Designator=R2
Change Component Designator: Old Designator=R? New Designator=R3
Change Component Designator: Old Designator=R? New Designator=R4
Change Component Designator: Old Designator=R? New Designator=R5
Change Component Designator: Old Designator=R? New Designator=R6
Change Component Designator: Old Designator=R? New Designator=R7
Change Component Designator: Old Designator=R? New Designator=R8
Change Component Designator: Old Designator=R? New Designator=R9
Change Component Designator: Old Designator=R? New Designator=R10
Change Component Designator: Old Designator=R? New Designator=R11
Change Component Designator: Old Designator=R? New Designator=R12
Change Component Designator: Old Designator=R? New Designator=R13
Change Component Designator: Old Designator=R? New Designator=R14
Change Component Designator: Old Designator=R? New Designator=R15
Change Component Designator: Old Designator=R? New Designator=R16
Change Component Designator: Old Designator=R? New Designator=R17
Change Component Designator: Old Designator=R? New Designator=R18
Change Component Designator: Old Designator=R? New Designator=R19
Change Component Designator: Old Designator=R? New Designator=R20
Change Component Designator: Old Designator=R? New Designator=R49
Change Component Designator: Old Designator=R? New Designator=R50
Change Component Designator: Old Designator=R? New Designator=R51
Change Component Designator: Old Designator=R? New Designator=R52
Change Component Designator: Old Designator=R? New Designator=R53
Change Component Designator: Old Designator=R? New Designator=R54
Change Component Designator: Old Designator=R? New Designator=R55
Change Component Designator: Old Designator=R? New Designator=R56
Change Component Designator: Old Designator=R? New Designator=R57
Change Component Designator: Old Designator=R? New Designator=R58
Change Component Designator: Old Designator=R? New Designator=R59
Change Component Designator: Old Designator=R? New Designator=R60
Change Component Designator: Old Designator=R? New Designator=R61
Change Component Designator: Old Designator=R? New Designator=R62
Change Component Designator: Old Designator=R? New Designator=R63
Change Component Designator: Old Designator=R? New Designator=R64
Change Component Designator: Old Designator=R? New Designator=R65
Change Component Designator: Old Designator=R? New Designator=R66
Change Component Designator: Old Designator=R? New Designator=R67
Change Component Designator: Old Designator=R? New Designator=R68
Change Component Designator: Old Designator=R? New Designator=R69
Change Component Designator: Old Designator=R? New Designator=R70
Change Component Designator: Old Designator=R? New Designator=R71
Change Component Designator: Old Designator=R? New Designator=R72
Change Component Designator: Old Designator=R? New Designator=R73
Change Component Designator: Old Designator=R? New Designator=R74
Change Component Designator: Old Designator=R? New Designator=R75
Change Component Designator: Old Designator=R? New Designator=R76
Change Component Designator: Old Designator=R? New Designator=R77
Change Component Designator: Old Designator=R? New Designator=R78
Change Component Designator: Old Designator=R? New Designator=R79
Change Component Designator: Old Designator=R? New Designator=R80
Change Component Designator: Old Designator=R? New Designator=R81
Change Component Designator: Old Designator=R? New Designator=R82
Change Component Designator: Old Designator=R? New Designator=R83
Change Component Designator: Old Designator=R? New Designator=R84
Change Component Designator: Old Designator=R? New Designator=R85
Change Component Designator: Old Designator=R? New Designator=R86
Change Component Designator: Old Designator=R? New Designator=R87
Change Component Designator: Old Designator=R? New Designator=R88
Change Component Designator: Old Designator=R? New Designator=R89
Change Component Designator: Old Designator=U? New Designator=U8
Change Component Designator: Old Designator=U? New Designator=U8
Change Component Designator: Old Designator=U? New Designator=U8
Change Component Part ID : Designator=U8 Old Part ID =3 New Part ID =4
Change Component Designator: Old Designator=U? New Designator=U8
Change Component Part ID : Designator=U8 Old Part ID =4 New Part ID =3
