Removed Pin From Net: NetName=+5 Pin=C7-1
Removed Pin From Net: NetName=GND Pin=C7-2
Removed Pin From Net: NetName=GND Pin=C10-2
Removed Pin From Net: NetName=+5 Pin=C12-1
Removed Pin From Net: NetName=GND Pin=C12-2
Removed Pin From Net: NetName=GND Pin=C13-2
Removed Pin From Net: NetName=GND Pin=C22-2
Removed Pin From Net: NetName=GND Pin=C23-2
Removed Pin From Net: NetName=GND Pin=R33-1
Removed Pin From Net: NetName=GND Pin=R47-1
Removed Pin From Net: NetName=GND Pin=U4-4
Removed Pin From Net: NetName=+5 Pin=U4-8
Removed Pin From Net: NetName=+5 Pin=U5-7
Removed Pin From Net: NetName=GND Pin=U5-22
Removed Pin From Net: NetName=NetP2_3 Pin=U5-24
Removed Pin From Net: NetName=GND Pin=U6-4
Removed Pin From Net: NetName=+5 Pin=U6-8
Removed Pin From Net: NetName=+5 Pin=U7-7
Removed Pin From Net: NetName=GND Pin=U7-22
Removed Pin From Net: NetName=NetP1_3 Pin=U7-24
Added Pin To Net: NetName=NetP1_1 Pin=P1-1
Added Net: Name=NetP1_1
Added Pin To Net: NetName=NetP1_2 Pin=P1-2
Added Net: Name=NetP1_2
Added Pin To Net: NetName=NetP2_1 Pin=P2-1
Added Net: Name=NetP2_1
Added Pin To Net: NetName=NetP2_2 Pin=P2-2
Added Net: Name=NetP2_2
Added Pin To Net: NetName=NetU2_10 Pin=U2-10
Added Net: Name=NetU2_10
Added Pin To Net: NetName=NetU2_11 Pin=U2-11
Added Net: Name=NetU2_11
Added Room: Name=LM_001
