Removed Pin From Net: NetName=Board1 Thermistor Pin=C19-1
Removed Pin From Net: NetName=GND Pin=C19-2
Removed Pin From Net: NetName=Board2 Thermistor Pin=C20-1
Removed Pin From Net: NetName=GND Pin=C20-2
Removed Pin From Net: NetName=+12 Pin=DS5-1
Removed Pin From Net: NetName=+12 Pin=DS6-1
Removed Pin From Net: NetName=GND Pin=P25-1
Removed Pin From Net: NetName=GND Pin=P26-1
Removed Pin From Net: NetName=Board1 Htr Out Pin=Q5-2
Removed Pin From Net: NetName=GND Pin=Q5-3
Removed Pin From Net: NetName=Board2 Htr Out Pin=Q6-2
Removed Pin From Net: NetName=Board1 Htr Out Pin=R12-1
Removed Pin From Net: NetName=Board2 Htr Out Pin=R13-1
Removed Pin From Net: NetName=Board1 Heater FET Pin=R16-1
Removed Pin From Net: NetName=Board2 Heater FET Pin=R17-1
Removed Pin From Net: NetName=+5 Pin=R18-2
Removed Pin From Net: NetName=+5 Pin=R19-2
Removed Pin From Net: NetName=Board1 Thermistor Pin=R54-2
Removed Pin From Net: NetName=Board2 Thermistor Pin=R55-2
Removed Member From Class: ClassName=LM_001 Member=C19
Removed Member From Class: ClassName=LM_001 Member=C20
Removed Member From Class: ClassName=LM_001 Member=DS5
Removed Member From Class: ClassName=LM_001 Member=DS6
Removed Member From Class: ClassName=LM_001 Member=P25
Removed Member From Class: ClassName=LM_001 Member=P26
Removed Member From Class: ClassName=LM_001 Member=Q5
Removed Member From Class: ClassName=LM_001 Member=Q6
Removed Member From Class: ClassName=LM_001 Member=R12
Removed Member From Class: ClassName=LM_001 Member=R13
Removed Member From Class: ClassName=LM_001 Member=R16
Removed Member From Class: ClassName=LM_001 Member=R17
Removed Member From Class: ClassName=LM_001 Member=R18
Removed Member From Class: ClassName=LM_001 Member=R19
Removed Member From Class: ClassName=LM_001 Member=R54
Removed Member From Class: ClassName=LM_001 Member=R55
Added Component: Designator=P1(0530470410)
Add component. Clean all parameters for all variants
Add component (AddParameter): Name = "Color"; Value = "Natural"; VariantName = "[No Variations]"
Add component (AddParameter): Name = "ComponentLink1Description"; Value = "http://components.arrow.com/part/dataview/2938462S4237926N3303?src-supplier=Arrow"; VariantName = "[No Variations]"
Add component (AddParameter): Name = "ComponentLink1URL"; Value = "http://components.arrow.com/part/dataview/2938462S4237926N3303?src-supplier=Arrow"; VariantName = "[No Variations]"
Add component (AddParameter): Name = "Connector Type"; Value = "Blade Pin"; VariantName = "[No Variations]"
Add component (AddParameter): Name = "Contact Material"; Value = "Bronze"; VariantName = "[No Variations]"
Add component (AddParameter): Name = "Contact Mating Length"; Value = "0.089inch"; VariantName = "[No Variations]"
Add component (AddParameter): Name = "Contact Plating"; Value = "Tin"; VariantName = "[No Variations]"
Add component (AddParameter): Name = "Contact Resistance"; Value = "20mR"; VariantName = "[No Variations]"
Add component (AddParameter): Name = "Depth"; Value = "3.2mm"; VariantName = "[No Variations]"
Add component (AddParameter): Name = "Housing Color"; Value = "White"; VariantName = "[No Variations]"
Add component (AddParameter): Name = "Housing Material"; Value = "Nylon"; VariantName = "[No Variations]"
Add component (AddParameter): Name = "Length"; Value = "6.75mm"; VariantName = "[No Variations]"
Add component (AddParameter): Name = "Manufacturer"; Value = "Molex"; VariantName = "[No Variations]"
Add component (AddParameter): Name = "Manufacturer Part Number"; Value = "0530470410"; VariantName = "[No Variations]"
Add component (AddParameter): Name = "Max Operating Temperature"; Value = "85°C"; VariantName = "[No Variations]"
Add component (AddParameter): Name = "Max Voltage Rating (AC)"; Value = "125V"; VariantName = "[No Variations]"
Add component (AddParameter): Name = "Min Operating Temperature"; Value = "-40°C"; VariantName = "[No Variations]"
Add component (AddParameter): Name = "Mount"; Value = "Through Hole"; VariantName = "[No Variations]"
Add component (AddParameter): Name = "Number of Contacts"; Value = "4"; VariantName = "[No Variations]"
Add component (AddParameter): Name = "Number of Positions"; Value = "4"; VariantName = "[No Variations]"
Add component (AddParameter): Name = "Number of Rows"; Value = "1"; VariantName = "[No Variations]"
Add component (AddParameter): Name = "Orientation"; Value = "Straight"; VariantName = "[No Variations]"
Add component (AddParameter): Name = "Packaging"; Value = "Tray"; VariantName = "[No Variations]"
Add component (AddParameter): Name = "Pitch"; Value = "1.25mm"; VariantName = "[No Variations]"
Add component (AddParameter): Name = "Pricing 1"; Value = "1=0.28, 10=0.261, 100=0.183, 500=0.15688, 1000=0.13073, 5000=0.11205, 10000=0.10458 (USD)"; VariantName = "[No Variations]"
Add component (AddParameter): Name = "Stock 1"; Value = "21727"; VariantName = "[No Variations]"
Add component (AddParameter): Name = "Supplier 1"; Value = "Digi-Key"; VariantName = "[No Variations]"
Add component (AddParameter): Name = "Supplier Part Number 1"; Value = "WM1733-ND"; VariantName = "[No Variations]"
Add component (AddParameter): Name = "Termination"; Value = "Solder"; VariantName = "[No Variations]"
Added Component: Designator=P2(0530470410)
Add component. Clean all parameters for all variants
Add component (AddParameter): Name = "Color"; Value = "Natural"; VariantName = "[No Variations]"
Add component (AddParameter): Name = "ComponentLink1Description"; Value = "http://components.arrow.com/part/dataview/2938462S4237926N3303?src-supplier=Arrow"; VariantName = "[No Variations]"
Add component (AddParameter): Name = "ComponentLink1URL"; Value = "http://components.arrow.com/part/dataview/2938462S4237926N3303?src-supplier=Arrow"; VariantName = "[No Variations]"
Add component (AddParameter): Name = "Connector Type"; Value = "Blade Pin"; VariantName = "[No Variations]"
Add component (AddParameter): Name = "Contact Material"; Value = "Bronze"; VariantName = "[No Variations]"
Add component (AddParameter): Name = "Contact Mating Length"; Value = "0.089inch"; VariantName = "[No Variations]"
Add component (AddParameter): Name = "Contact Plating"; Value = "Tin"; VariantName = "[No Variations]"
Add component (AddParameter): Name = "Contact Resistance"; Value = "20mR"; VariantName = "[No Variations]"
Add component (AddParameter): Name = "Depth"; Value = "3.2mm"; VariantName = "[No Variations]"
Add component (AddParameter): Name = "Housing Color"; Value = "White"; VariantName = "[No Variations]"
Add component (AddParameter): Name = "Housing Material"; Value = "Nylon"; VariantName = "[No Variations]"
Add component (AddParameter): Name = "Length"; Value = "6.75mm"; VariantName = "[No Variations]"
Add component (AddParameter): Name = "Manufacturer"; Value = "Molex"; VariantName = "[No Variations]"
Add component (AddParameter): Name = "Manufacturer Part Number"; Value = "0530470410"; VariantName = "[No Variations]"
Add component (AddParameter): Name = "Max Operating Temperature"; Value = "85°C"; VariantName = "[No Variations]"
Add component (AddParameter): Name = "Max Voltage Rating (AC)"; Value = "125V"; VariantName = "[No Variations]"
Add component (AddParameter): Name = "Min Operating Temperature"; Value = "-40°C"; VariantName = "[No Variations]"
Add component (AddParameter): Name = "Mount"; Value = "Through Hole"; VariantName = "[No Variations]"
Add component (AddParameter): Name = "Number of Contacts"; Value = "4"; VariantName = "[No Variations]"
Add component (AddParameter): Name = "Number of Positions"; Value = "4"; VariantName = "[No Variations]"
Add component (AddParameter): Name = "Number of Rows"; Value = "1"; VariantName = "[No Variations]"
Add component (AddParameter): Name = "Orientation"; Value = "Straight"; VariantName = "[No Variations]"
Add component (AddParameter): Name = "Packaging"; Value = "Tray"; VariantName = "[No Variations]"
Add component (AddParameter): Name = "Pitch"; Value = "1.25mm"; VariantName = "[No Variations]"
Add component (AddParameter): Name = "Pricing 1"; Value = "1=0.28, 10=0.261, 100=0.183, 500=0.15688, 1000=0.13073, 5000=0.11205, 10000=0.10458 (USD)"; VariantName = "[No Variations]"
Add component (AddParameter): Name = "Stock 1"; Value = "21727"; VariantName = "[No Variations]"
Add component (AddParameter): Name = "Supplier 1"; Value = "Digi-Key"; VariantName = "[No Variations]"
Add component (AddParameter): Name = "Supplier Part Number 1"; Value = "WM1733-ND"; VariantName = "[No Variations]"
Add component (AddParameter): Name = "Termination"; Value = "Solder"; VariantName = "[No Variations]"
Added Pin To Net: NetName=NetP1_1 Pin=P1-1
Added Pin To Net: NetName=NetP1_2 Pin=P1-2
Added Pin To Net: NetName=NetP1_3 Pin=P1-3
Added Pin To Net: NetName=NetP2_1 Pin=P2-1
Added Pin To Net: NetName=NetP2_2 Pin=P2-2
Added Pin To Net: NetName=NetP2_3 Pin=P2-3
Added Member To Class: ClassName=LM_001 Member=Component P1 0530470410
Added Member To Class: ClassName=LM_001 Member=Component P2 0530470410
