Added Pin To Net: NetName=PE7 Pin=C7-2
Added Pin To Net: NetName=SHAFT_OUT1+ Pin=P2-1
Added Pin To Net: NetName=SHAFT_OUT1- Pin=P2-3
Added Pin To Net: NetName=SHAFT_OUT2+ Pin=P2-5
Added Pin To Net: NetName=SHAFT_OUT2- Pin=P2-7
Added Pin To Net: NetName=ARRESTMENT_OUT1+ Pin=P3-1
Added Pin To Net: NetName=ARRESTMENT_OUT1- Pin=P3-3
Added Pin To Net: NetName=ARRESTMENT_OUT2+ Pin=P3-5
Added Pin To Net: NetName=ARRESTMENT_OUT2- Pin=P3-7
Added Pin To Net: NetName=PE7 Pin=R8-1
Added Pin To Net: NetName=PE10 Pin=R8-2
Added Pin To Net: NetName=PB8 Pin=U1-2
Added Pin To Net: NetName=PG0 Pin=U2-1
Added Pin To Net: NetName=PD12 Pin=U2-2
Added Pin To Net: NetName=ARRESTMENT_OUT1+ Pin=U2-3
Added Pin To Net: NetName=ARRESTMENT_OUT1- Pin=U2-5
Added Pin To Net: NetName=ARRESTMENT_OUT2- Pin=U2-8
Added Pin To Net: NetName=ARRESTMENT_OUT2+ Pin=U2-10
Added Pin To Net: NetName=PE7 Pin=U2-13
Added Pin To Net: NetName=PG1 Pin=U2-14
