Removed Pin From Net: NetName=GND Pin=C1-1
Removed Pin From Net: NetName=+9 Pin=C1-2
Removed Pin From Net: NetName=GND Pin=C2-1
Removed Pin From Net: NetName=+12 Pin=C2-2
Removed Pin From Net: NetName=+5 BBB Pin=C23-1
Removed Pin From Net: NetName=+5 BBB Pin=C25-2
Removed Pin From Net: NetName=+5 BBB Pin=C26-2
Removed Pin From Net: NetName=+5 BBB Pin=C27-2
Removed Pin From Net: NetName=+5 BBB Pin=C29-1
Removed Pin From Net: NetName=+5 BBB Pin=C31-2
Removed Pin From Net: NetName=+5 BBB Pin=C32-2
Removed Pin From Net: NetName=+5 BBB Pin=C33-2
Removed Pin From Net: NetName=+5 BBB Pin=R13-1
Removed Pin From Net: NetName=+5 BBB Pin=R20-1
Removed Pin From Net: NetName=+9 Pin=U1-1
Removed Pin From Net: NetName=+9 Pin=U1-2
Removed Pin From Net: NetName=GND Pin=U1-3
Removed Pin From Net: NetName=+12 Pin=U1-5
Removed Pin From Net: NetName=+12 Pin=U1-8
Removed Pin From Net: NetName=+5 BBB Pin=U8-15
Removed Pin From Net: NetName=+5 BBB Pin=U8-16
Removed Pin From Net: NetName=+5 BBB Pin=U10-15
Removed Pin From Net: NetName=+5 BBB Pin=U10-16
Removed Member From Class: ClassName=Connectors Member=C1
Removed Member From Class: ClassName=Connectors Member=C2
Removed Member From Class: ClassName=Connectors Member=U1
Added Pin To Net: NetName=+5 Pin=C23-1
Added Pin To Net: NetName=+5 Pin=C25-2
Added Pin To Net: NetName=+5 Pin=C26-2
Added Pin To Net: NetName=+5 Pin=C27-2
Added Pin To Net: NetName=+5 Pin=C29-1
Added Pin To Net: NetName=+5 Pin=C31-2
Added Pin To Net: NetName=+5 Pin=C32-2
Added Pin To Net: NetName=+5 Pin=C33-2
Added Pin To Net: NetName=+5 Pin=R13-1
Added Pin To Net: NetName=+5 Pin=R20-1
Added Pin To Net: NetName=+5 Pin=U8-15
Added Pin To Net: NetName=+5 Pin=U8-16
Added Pin To Net: NetName=+5 Pin=U10-15
Added Pin To Net: NetName=+5 Pin=U10-16
