Removed Pin From Net: NetName=GND Pin=C1-1
Removed Pin From Net: NetName=+5 Pin=C1-2
Removed Pin From Net: NetName=Conning Tower FET_Buff Pin=DS2-1
Removed Pin From Net: NetName=Arrestment Heater FET_Buff Pin=DS3-1
Removed Pin From Net: NetName=Gearbox Heater FET_Buff Pin=DS4-1
Removed Pin From Net: NetName=Meter Heater FET_Buff Pin=DS5-1
Removed Member From Class: ClassName=BBB Headers Member=C1
Removed Member From Class: ClassName=BBB Headers Member=P3
Removed Member From Class: ClassName=BBB Headers Member=P4
Removed Member From Class: ClassName=BBB Headers Member=P5
Removed Member From Class: ClassName=BBB Headers Member=P6
Removed Member From Class: ClassName=BBB Headers Member=P8
Removed Member From Class: ClassName=BBB Headers Member=U1
Removed Member From Class: ClassName=BBB Headers Member=U2
Removed Member From Class: ClassName=BBB Headers Member=U3
Added Pin To Net: NetName=Arrestment Heater FET_Buff Pin=DS2-1
Added Pin To Net: NetName=Meter Heater FET_Buff Pin=DS3-1
Added Pin To Net: NetName=Conning Tower FET_Buff Pin=DS4-1
Added Pin To Net: NetName=Gearbox Heater FET_Buff Pin=DS5-1
Change Class Name : Old Net Name=BBB Headers New Net Name=heater_control
Added Class: Name=BBB Headers
