Removed Pin From Net: NetName=SPI0_SCLK Pin=P3-1
Removed Pin From Net: NetName=SPI0_MISO Pin=P3-3
Removed Pin From Net: NetName=+5 Pin=P3-10
Removed Pin From Net: NetName=Gearbox Heater FET_Buff Pin=P3-11
Removed Pin From Net: NetName=Conning Tower FET_Buff Pin=P3-12
Removed Pin From Net: NetName=Arrestment Heater FET_Buff Pin=P3-13
Removed Pin From Net: NetName=Meter Heater FET_Buff Pin=P3-14
Removed Pin From Net: NetName=+12 Pin=P3-17
Removed Pin From Net: NetName=+12 Pin=P3-18
Removed Pin From Net: NetName=GND Pin=P3-19
Removed Pin From Net: NetName=GND Pin=P3-20
Removed Pin From Net: NetName=+5 Pin=P4-1
Removed Pin From Net: NetName=I2C2_SDA Pin=P4-2
Removed Pin From Net: NetName=I2C2_SCL Pin=P4-3
Removed Pin From Net: NetName=GND Pin=P4-4
Removed Pin From Net: NetName=GND Pin=P5-2
Removed Pin From Net: NetName=+5 Pin=R9-2
Removed Member From Class: ClassName=Connectors Member=P4
Removed Member From Class: ClassName=Connectors Member=P5
Removed Member From Class: ClassName=Connectors Member=R9
Change Component Footprint: Designator=P4 Old Footprint=B4B-ZR-SM4-TF New Footprint=HDR2X11
Change Component Footprint: Designator=P3 Old Footprint=IPL1-110-01-L-D-RE1-K New Footprint=HDR1X5
Change Component Comment : Designator=P4 Old Comment=CONN HEADER ZH TOP 4POS 1.5MM New Comment=Header 11X2
Change Component Comment : Designator=P3 Old Comment=Header 10X2 New Comment=Header 5
Change component parameters: Designator = "P4"; Footprint = "HDR2X11"; UniqueID = "\EMYIRXXV"
Change component parameters. Clean all parameters for all variants
Change component parameters (AddParameter): Name = "LatestRevisionDate"; Value = "17-Jul-2002"; VariantName = "[No Variations]"
Change component parameters (AddParameter): Name = "LatestRevisionNote"; Value = "Re-released for DXP Platform."; VariantName = "[No Variations]"
Change component parameters (AddParameter): Name = "Publisher"; Value = "Altium Limited"; VariantName = "[No Variations]"
Added Pin To Net: NetName=+5 Pin=P3-1
Added Pin To Net: NetName=GND Pin=P3-4
Added Pin To Net: NetName=SPI0_MISO Pin=P4-7
Added Pin To Net: NetName=SPI0_SCLK Pin=P4-10
Added Pin To Net: NetName=Gearbox Heater FET_Buff Pin=P4-14
Added Pin To Net: NetName=Meter Heater FET_Buff Pin=P4-16
Added Pin To Net: NetName=+5 Pin=P4-17
Added Pin To Net: NetName=+3.3 Pin=P4-18
Added Pin To Net: NetName=GND Pin=P4-19
Added Pin To Net: NetName=GND Pin=P4-20
Added Pin To Net: NetName=+12 Pin=P4-21
Added Pin To Net: NetName=+12 Pin=P4-22
Change Net Name : Old Net Name=Conning Tower FET_Buff New Net Name=NetDS2_1
Added Pin To Net: NetName=NetU6_11 Pin=U6-11
Added Net: Name=NetU6_11
Added Pin To Net: NetName=Serial1_RST Pin=P3-5
Added Net: Name=Serial1_RST
Added Pin To Net: NetName=Serial1_RX Pin=P3-2
Added Pin To Net: NetName=Serial1_RX Pin=U1-9-26
Added Net: Name=Serial1_RX
Added Pin To Net: NetName=Serial1_TX Pin=P3-3
Added Pin To Net: NetName=Serial1_TX Pin=U1-9-24
Added Net: Name=Serial1_TX
Added Member To Class: ClassName=BBB Headers Member=Component P4 Header 11X2
