Change Component Designator: OldDesignator=P1 NewDesignator=P4
Added Component: Designator=P1(FTSH-110-02-F-D-ES)
Add component. Clean all parameters for all variants
Added Pin To Net: NetName=GND Pin=P1-1
Added Pin To Net: NetName=GND Pin=P1-2
Added Pin To Net: NetName=-5 Pin=P1-3
Added Pin To Net: NetName=+5 Pin=P1-4
Added Pin To Net: NetName=CT_CS0 Pin=P1-5
Added Pin To Net: NetName=Sync_clk Pin=P1-6
Added Pin To Net: NetName=SPIO_SCLK Pin=P1-7
Added Pin To Net: NetName=PWM2B_DELAY Pin=P1-8
Added Pin To Net: NetName=SPIO_MISO Pin=P1-9
Added Pin To Net: NetName=+12 Pin=P1-10
Added Pin To Net: NetName=SPI0_MOSI Pin=P1-11
Added Pin To Net: NetName=A0 Pin=P1-12
Added Pin To Net: NetName=PWM1A Pin=P1-13
Added Pin To Net: NetName=A1 Pin=P1-14
Added Pin To Net: NetName=ZP Pin=P1-15
Added Pin To Net: NetName=ZH Pin=P1-16
Added Pin To Net: NetName=PLATE_P_F Pin=P1-17
Added Pin To Net: NetName=PLATE_N_S Pin=P1-18
Added Pin To Net: NetName=PLATE_N_F Pin=P1-20
Added Pin To Net: NetName=Top Forcing Plate Sense Pin=R1-1
Added Pin To Net: NetName=Bottom Forcing Plate Sense Pin=R3-1
Added Member To Class: ClassName=Beam_Amp Member=Component P1 FTSH-110-02-F-D-ES
Added Member To Class: ClassName=ZP_Force_Plates Member=Component P4 Triax_Conn
