Removed Member From Class: ClassName=Beam_Amp Member=R11
Change Component Designator: OldDesignator=C9 NewDesignator=C6
Change Component Designator: OldDesignator=C10 NewDesignator=C7
Change Component Designator: OldDesignator=C11 NewDesignator=C8
Change Component Designator: OldDesignator=C12 NewDesignator=C9
Change Component Designator: OldDesignator=C13 NewDesignator=C10
Change Component Designator: OldDesignator=P4 NewDesignator=P1
Change Component Designator: OldDesignator=R3 NewDesignator=R5
Change Component Designator: OldDesignator=R4 NewDesignator=R7
Change Component Designator: OldDesignator=R5 NewDesignator=R8
Change Component Designator: OldDesignator=R6 NewDesignator=R9
Change Component Designator: OldDesignator=R7 NewDesignator=R10
Change Component Designator: OldDesignator=R8 NewDesignator=R11
Change Component Designator: OldDesignator=R9 NewDesignator=R12
Change Component Designator: OldDesignator=R10 NewDesignator=R13
Change Component Designator: OldDesignator=R11 NewDesignator=R6
Change Component Designator: OldDesignator=R22 NewDesignator=R3
Change Component Designator: OldDesignator=R23 NewDesignator=R4
Change Component Designator: OldDesignator=TP2 NewDesignator=TP1
Change Component Designator: OldDesignator=U2 NewDesignator=U1
Change Component Designator: OldDesignator=U3 NewDesignator=U2
Change Component Designator: OldDesignator=U4 NewDesignator=U3
Change Component Designator: OldDesignator=U6 NewDesignator=U4
Change Net Name : Old Net Name=NetC10_1 New Net Name=NetC7_1
Change Net Name : Old Net Name=NetC11_1 New Net Name=NetC8_1
Change Net Name : Old Net Name=NetC11_2 New Net Name=NetC8_2
Change Net Name : Old Net Name=NetC13_2 New Net Name=NetC10_2
Change Net Name : Old Net Name=NetR4_1 New Net Name=NetR7_1
Change Net Name : Old Net Name=NetR4_2 New Net Name=NetR7_2
Change Net Name : Old Net Name=NetR22_1 New Net Name=NetR3_1
Change Net Name : Old Net Name=NetR22_2 New Net Name=NetR3_2
Change Net Name : Old Net Name=NetTP2_1 New Net Name=NetTP1_1
Change Net Name : Old Net Name=NetU3_1 New Net Name=NetU2_1
Change Net Name : Old Net Name=NetU3_14 New Net Name=NetU2_14
Added Member To Class: ClassName=Beam_Amp Member=Component R12 
Added Room: Name=Beam_Amp
