Removed Pin From Net: NetName=Power_IN Pin=U11-1
Removed Pin From Net: NetName=GND Pin=U11-3
Removed Pin From Net: NetName=GND Pin=U11-5
Removed Pin From Net: NetName=+5 BBB Pin=U11-7
Removed Member From Class: ClassName=ADC Member=R5
Removed Member From Class: ClassName=12V_Supply Member=U7
Removed Member From Class: ClassName=BBB-Supply Member=U11
Change Component Footprint: Designator=U11 Old Footprint=CC1R5-0505SR-E New Footprint=MRA08B_L
Change Component Comment : Designator=U11 Old Comment=CC1R5-0505SR-E New Comment=LM22676MRE-5.0/NOPB
Change component parameters: Designator = "U11"; Footprint = "MRA08B_L"; UniqueID = "\CBRYEURI"
Change component parameters. Clean all parameters for all variants
Change component parameters (AddParameter): Name = "Code_JEDEC"; Value = "MS-012-AA"; VariantName = "[No Variations]"
Change component parameters (AddParameter): Name = "ComponentLink1Description"; Value = "LM22676 Datasheet"; VariantName = "[No Variations]"
Change component parameters (AddParameter): Name = "ComponentLink1URL"; Value = "http://www.national.com/ds/LM/LM22676.pdf"; VariantName = "[No Variations]"
Change component parameters (AddParameter): Name = "ComponentLink2Description"; Value = "LM22676 Web Page"; VariantName = "[No Variations]"
Change component parameters (AddParameter): Name = "ComponentLink2URL"; Value = "http://www.national.com/pf/LM/LM22676.html"; VariantName = "[No Variations]"
Change component parameters (AddParameter): Name = "ComponentLink3Description"; Value = "MRA08B Package Page"; VariantName = "[No Variations]"
Change component parameters (AddParameter): Name = "ComponentLink3URL"; Value = "http://www.national.com/packaging/folders/mra08b.html"; VariantName = "[No Variations]"
Change component parameters (AddParameter): Name = "CompType"; Value = "Switcher"; VariantName = "[No Variations]"
Change component parameters (AddParameter): Name = "DatasheetVersion"; Value = "Dec-2010"; VariantName = "[No Variations]"
Change component parameters (AddParameter): Name = "Manufacturer"; Value = "National Semiconductor"; VariantName = "[No Variations]"
Change component parameters (AddParameter): Name = "PackageDescription"; Value = "Molded, PSOP .193 x .154 x .058in, 8 Lead, .050in Pitch, Large DAP"; VariantName = "[No Variations]"
Change component parameters (AddParameter): Name = "PackageReference"; Value = "MRA08B"; VariantName = "[No Variations]"
Change component parameters (AddParameter): Name = "PackageTopMarking"; Value = "NSXYTT*L22676*5.0"; VariantName = "[No Variations]"
Change component parameters (AddParameter): Name = "PackageVersion"; Value = "revB, Dec-2007"; VariantName = "[No Variations]"
Change component parameters (AddParameter): Name = "PinCount"; Value = "8"; VariantName = "[No Variations]"
Change component parameters (AddParameter): Name = "PowerWise"; Value = "N"; VariantName = "[No Variations]"
Change component parameters (AddParameter): Name = "RevisionNote"; Value = "DatasheetVersion Updated. Component URLs added"; VariantName = "[No Variations]"
Change component parameters (AddParameter): Name = "RoHS"; Value = "Y"; VariantName = "[No Variations]"
Added Component: Designator=U14(PXB15-24WS05/NT)
Add component. Clean all parameters for all variants
Add component (AddParameter): Name = "Supplier 1"; Value = "Digi-Key"; VariantName = "[No Variations]"
Add component (AddParameter): Name = "Supplier Part Number 1"; Value = "285-1905-ND"; VariantName = "[No Variations]"
Added Pin To Net: NetName=-5 Pin=U13-4
Added Pin To Net: NetName=GND Pin=U14-2
Added Pin To Net: NetName=Power_IN Pin=U14-3
Added Pin To Net: NetName=+5 BBB Pin=U14-4
Added Pin To Net: NetName=GND Pin=U14-6
Added Member To Class: ClassName=ADC Member=Component R6 10k
Added Member To Class: ClassName=ADC Member=Component R12 10k
Added Member To Class: ClassName=12V_Supply Member=Component U6 PXB15-24WS05/NT
Added Member To Class: ClassName=5R_Supply.doc Member=Component U11 LM22676MRE-5.0/NOPB
Added Member To Class: ClassName=BBB-Supply Member=Component U14 PXB15-24WS05/NT
