Removed Pin From Net: NetName=GND Pin=U*2-2
Removed Pin From Net: NetName=Power_IN Pin=U*2-3
Removed Pin From Net: NetName=+5 BBB Pin=U*2-4
Removed Pin From Net: NetName=GND Pin=U*2-6
Removed Member From Class: ClassName=BBB-Supply Member=U*2
Change Component Designator: OldDesignator=R6 NewDesignator=R5
Change Component Designator: OldDesignator=R7 NewDesignator=R6
Change Component Designator: OldDesignator=R8 NewDesignator=R7
Change Component Designator: OldDesignator=R9 NewDesignator=R8
Change Component Designator: OldDesignator=R10 NewDesignator=R9
Change Component Designator: OldDesignator=R11 NewDesignator=R10
Change Component Designator: OldDesignator=R12 NewDesignator=R11
Change Component Designator: OldDesignator=R13 NewDesignator=R12
Change Component Designator: OldDesignator=R14 NewDesignator=R13
Change Component Designator: OldDesignator=U6 NewDesignator=U7
Change Component Designator: OldDesignator=U*1 NewDesignator=U6
Added Component: Designator=U11(CC1R5-0505SR-E)
Add component. Clean all parameters for all variants
Add component (AddParameter): Name = "Supplier 1"; Value = "Digi-Key"; VariantName = "[No Variations]"
Add component (AddParameter): Name = "Supplier Part Number 1"; Value = "445-3267-ND"; VariantName = "[No Variations]"
Added Pin To Net: NetName=Power_IN Pin=U11-1
Added Pin To Net: NetName=GND Pin=U11-3
Added Pin To Net: NetName=GND Pin=U11-5
Added Pin To Net: NetName=+5 BBB Pin=U11-7
Added Member To Class: ClassName=BBB-Supply Member=Component U11 CC1R5-0505SR-E
