Removed Pin From Net: NetName=GND Pin=U14-2
Removed Pin From Net: NetName=Power_IN Pin=U14-3
Removed Pin From Net: NetName=+5 BBB Pin=U14-4
Removed Member From Class: ClassName=5R_Supply.doc Member=U11
Removed Member From Class: ClassName=BBB-Supply Member=U14
Change Component Footprint: Designator=U5 Old Footprint=LT-S8-8_L New Footprint=LT-S8-8_M
Change Component Footprint: Designator=U11 Old Footprint=MRA08B_L New Footprint=CC1R5-0505SR-E
Change Component Footprint: Designator=U14 Old Footprint=PXB15-24WS05/NT New Footprint=LMR23625CDDAR
Change Component Comment : Designator=U11 Old Comment=LM22676MRE-5.0/NOPB New Comment=CC1R5-0505SR-E
Change Component Comment : Designator=U5 Old Comment=LT1763CS8-5#TRPBF   New Comment=LT1763CS8-5#TRPBF
Change Component Comment : Designator=U14 Old Comment=PXB15-24WS05/NT New Comment=LMR23625CDDAR
Change component parameters: Designator = "U14"; Footprint = "LMR23625CDDAR"; UniqueID = "\HSKOCNSC"
Change component parameters. Clean all parameters for all variants
Change component parameters (AddParameter): Name = "Supplier 1"; Value = "Digi-Key"; VariantName = "[No Variations]"
Change component parameters (AddParameter): Name = "Supplier Part Number 1"; Value = "296-47268-6-ND"; VariantName = "[No Variations]"
Change component parameters: Designator = "U11"; Footprint = "CC1R5-0505SR-E"; UniqueID = "\CTGDYWFW"
Change component parameters. Clean all parameters for all variants
Change component parameters (AddParameter): Name = "Supplier 1"; Value = "Digi-Key"; VariantName = "[No Variations]"
Change component parameters (AddParameter): Name = "Supplier Part Number 1"; Value = "445-3267-ND"; VariantName = "[No Variations]"
Added Component: Designator=C22(CAPC0805(2012)145_N)
Add component. Clean all parameters for all variants
Added Component: Designator=C23(CAPC0805(2012)145_N)
Add component. Clean all parameters for all variants
Added Component: Designator=C24(CAPC0805(2012)145_N)
Add component. Clean all parameters for all variants
Added Component: Designator=C25(CAPC0805(2012)145_N)
Add component. Clean all parameters for all variants
Added Component: Designator=C26(CAPC0805(2012)145_N)
Add component. Clean all parameters for all variants
Added Component: Designator=C27(CAPC0805(2012)145_N)
Add component. Clean all parameters for all variants
Added Component: Designator=L2(PA4332)
Add component. Clean all parameters for all variants
Add component (AddParameter): Name = "Category"; Value = "Inductors, Coils, Chokes"; VariantName = "[No Variations]"
Add component (AddParameter): Name = "ComponentLink1Description"; Value = "http://products.pulseelex.com/files/product_files/P761.pdf"; VariantName = "[No Variations]"
Add component (AddParameter): Name = "ComponentLink1URL"; Value = "http://products.pulseelex.com/files/product_files/P761.pdf"; VariantName = "[No Variations]"
Add component (AddParameter): Name = "Current - Saturation"; Value = "6.1A"; VariantName = "[No Variations]"
Add component (AddParameter): Name = "DC Resistance (DCR)"; Value = "48 mOhm Max"; VariantName = "[No Variations]"
Add component (AddParameter): Name = "Features"; Value = "-"; VariantName = "[No Variations]"
Add component (AddParameter): Name = "Frequency - Self Resonant"; Value = "25MHz"; VariantName = "[No Variations]"
Add component (AddParameter): Name = "Height - Seated (Max)"; Value = "0.079" (2.00mm)"; VariantName = "[No Variations]"
Add component (AddParameter): Name = "Manufacturer"; Value = "Pulse Electronics Power"; VariantName = "[No Variations]"
Add component (AddParameter): Name = "Manufacturer Part Number"; Value = "PA4332.222NLT"; VariantName = "[No Variations]"
Add component (AddParameter): Name = "Material - Core"; Value = "Iron"; VariantName = "[No Variations]"
Add component (AddParameter): Name = "Mounting Type"; Value = "Surface Mount"; VariantName = "[No Variations]"
Add component (AddParameter): Name = "Operating Temperature"; Value = "-40°C ~ 125°C"; VariantName = "[No Variations]"
Add component (AddParameter): Name = "Package / Case"; Value = "Nonstandard"; VariantName = "[No Variations]"
Add component (AddParameter): Name = "Packaging"; Value = "Digi-Reel®"; VariantName = "[No Variations]"
Add component (AddParameter): Name = "Part Status"; Value = "Active"; VariantName = "[No Variations]"
Add component (AddParameter): Name = "Pricing 1"; Value = "1=0.64, 10=0.564, 100=0.4025, 500=0.3381, 1000=0.2737 (USD)"; VariantName = "[No Variations]"
Add component (AddParameter): Name = "Q @ Freq"; Value = "-"; VariantName = "[No Variations]"
Add component (AddParameter): Name = "Ratings"; Value = "-"; VariantName = "[No Variations]"
Add component (AddParameter): Name = "RoHS"; Value = "RoHS Compliant"; VariantName = "[No Variations]"
Add component (AddParameter): Name = "Shielding"; Value = "Shielded"; VariantName = "[No Variations]"
Add component (AddParameter): Name = "Size / Dimension"; Value = "0.165" L x 0.165" W (4.20mm x 4.20mm)"; VariantName = "[No Variations]"
Add component (AddParameter): Name = "Stock 1"; Value = "4798"; VariantName = "[No Variations]"
Add component (AddParameter): Name = "Supplier 1"; Value = "Digi-Key"; VariantName = "[No Variations]"
Add component (AddParameter): Name = "Supplier Device Package"; Value = "-"; VariantName = "[No Variations]"
Add component (AddParameter): Name = "Supplier Part Number 1"; Value = "553-3290-6-ND"; VariantName = "[No Variations]"
Add component (AddParameter): Name = "Tolerance"; Value = "±20%"; VariantName = "[No Variations]"
Add component (AddParameter): Name = "Type"; Value = "Wirewound"; VariantName = "[No Variations]"
Added Component: Designator=R23(RESC0805(2012)_M)
Add component. Clean all parameters for all variants
Added Component: Designator=R24(RESC0805(2012)_M)
Add component. Clean all parameters for all variants
Added Pin To Net: NetName=Power_IN Pin=C24-1
Added Pin To Net: NetName=GND Pin=C24-2
Added Pin To Net: NetName=Power_IN Pin=C25-1
Added Pin To Net: NetName=GND Pin=C25-2
Added Pin To Net: NetName=GND Pin=C26-2
Added Pin To Net: NetName=GND Pin=C27-2
Added Pin To Net: NetName=GND Pin=R24-1
Added Pin To Net: NetName=Power_IN Pin=U11-1
Added Pin To Net: NetName=GND Pin=U11-3
Added Pin To Net: NetName=GND Pin=U11-5
Added Pin To Net: NetName=+5 BBB Pin=U11-7
Added Pin To Net: NetName=GND Pin=U13-4
Added Pin To Net: NetName=Power_IN Pin=U14-5
Added Pin To Net: NetName=Power_IN Pin=U14-7
Added Pin To Net: NetName=GND Pin=U14-8
Added Pin To Net: NetName=GND Pin=U14-9
Added Pin To Net: NetName=NetC22_1 Pin=C22-1
Added Pin To Net: NetName=NetC22_1 Pin=U14-2
Added Net: Name=NetC22_1
Added Pin To Net: NetName=NetC22_2 Pin=C22-2
Added Pin To Net: NetName=NetC22_2 Pin=L2-1
Added Pin To Net: NetName=NetC22_2 Pin=U14-1
Added Net: Name=NetC22_2
Added Pin To Net: NetName=NetC23_1 Pin=C23-1
Added Pin To Net: NetName=NetC23_1 Pin=C26-1
Added Pin To Net: NetName=NetC23_1 Pin=L2-2
Added Pin To Net: NetName=NetC23_1 Pin=R23-2
Added Net: Name=NetC23_1
Added Pin To Net: NetName=NetC23_2 Pin=C23-2
Added Pin To Net: NetName=NetC23_2 Pin=R23-1
Added Pin To Net: NetName=NetC23_2 Pin=R24-2
Added Pin To Net: NetName=NetC23_2 Pin=U14-4
Added Net: Name=NetC23_2
Added Pin To Net: NetName=NetC27_1 Pin=C27-1
Added Pin To Net: NetName=NetC27_1 Pin=U14-3
Added Net: Name=NetC27_1
Added Member To Class: ClassName=5R_Supply.doc Member=Component C22 680nF
Added Member To Class: ClassName=5R_Supply.doc Member=Component C23 1uF
Added Member To Class: ClassName=5R_Supply.doc Member=Component C24 1uF
Added Member To Class: ClassName=5R_Supply.doc Member=Component C25 1uF
Added Member To Class: ClassName=5R_Supply.doc Member=Component C26 1uF
Added Member To Class: ClassName=5R_Supply.doc Member=Component C27 1uF
Added Member To Class: ClassName=5R_Supply.doc Member=Component L2 2.2uH
Added Member To Class: ClassName=5R_Supply.doc Member=Component R23 470K
Added Member To Class: ClassName=5R_Supply.doc Member=Component R24 470K
Added Member To Class: ClassName=BBB-Supply Member=Component U11 CC1R5-0505SR-E
Added Member To Class: ClassName=5R_Supply.doc Member=Component U14 LMR23625CDDAR
