Removed Member From Class: ClassName=LM-008 Member=C2
Removed Member From Class: ClassName=LM-008 Member=C3
Removed Member From Class: ClassName=Power_Input Member=C4
Removed Member From Class: ClassName=Power_Input Member=C5
Removed Member From Class: ClassName=5R_Supply.doc Member=C15
Removed Member From Class: ClassName=36V_Supply Member=L1
Removed Member From Class: ClassName=LM-008 Member=P1
Removed Member From Class: ClassName=5R_Supply.doc Member=R7
Removed Member From Class: ClassName=5R_Supply.doc Member=R8
Removed Member From Class: ClassName=5R_Supply.doc Member=U10
Change Component Footprint: Designator=P3 Old Footprint=HDR2X15 New Footprint=SSW-115-23-G-D
Change Component Footprint: Designator=P4 Old Footprint=HDR2X15 New Footprint=SSW-115-23-G-D
Added Member To Class: ClassName=Power_Input Member=Component C1 CAP CER 10UF 6.3V X5R 1206
Added Member To Class: ClassName=Power_Input Member=Component C2 CAP CER 10UF 6.3V X5R 1206
Added Member To Class: ClassName=LM-008 Member=Component C4 CAP CER 1UF 50V X7R 1210
Added Member To Class: ClassName=LM-008 Member=Component C5 CAP CER 1UF 50V X7R 1210
Added Member To Class: ClassName=5R_Supply.doc Member=Component C12 4.7uF
Added Member To Class: ClassName=36V_Supply Member=Component L2 47uH
Added Member To Class: ClassName=Power_Input Member=Component P2 IPL1-104-01-L-S-RA-K
Added Member To Class: ClassName=LM-008 Member=Component P3 SSW-115-01-G-D
Added Member To Class: ClassName=LM-008 Member=Component P4 SSW-115-21-G-D
Added Member To Class: ClassName=5R_Supply.doc Member=Component R4 22.1K
Added Member To Class: ClassName=5R_Supply.doc Member=Component R5 RES SMD 100K OHM 1% 1/8W 0805
Added Member To Class: ClassName=5R_Supply.doc Member=Component U5 LMR23625CDDAR
