Removed Pin From Net: NetName=-5 Pin=P3-14
Removed Pin From Net: NetName=-5 Pin=P4-14
Removed Pin From Net: NetName=CH1 Pin=R14-1
Removed Pin From Net: NetName=-5 Pin=U10-12
Removed Pin From Net: NetName=-5 Pin=U10-13
Removed Pin From Net: NetName=CH2 Pin=U11-6
Removed Pin From Net: NetName=CH2 Pin=U11-7
Removed Pin From Net: NetName=-5 Pin=U11-10
Removed Pin From Net: NetName=CH7 Pin=U11-13
Removed Pin From Net: NetName=CH7 Pin=U11-14
Removed Pin From Net: NetName=CH3 Pin=U14-1
Removed Pin From Net: NetName=CH3 Pin=U14-2
Removed Pin From Net: NetName=-5 Pin=U14-11
Added Pin To Net: NetName=-5 Pin=P3-14
Added Pin To Net: NetName=-5 Pin=P4-14
Added Pin To Net: NetName=CH2 Pin=R14-1
Added Pin To Net: NetName=-5 Pin=U10-12
Added Pin To Net: NetName=-5 Pin=U10-13
Added Pin To Net: NetName=CH3 Pin=U11-6
Added Pin To Net: NetName=CH3 Pin=U11-7
Added Pin To Net: NetName=-5 Pin=U11-10
Added Pin To Net: NetName=-5 Pin=U11-11
Added Pin To Net: NetName=CH1 Pin=U11-13
Added Pin To Net: NetName=CH1 Pin=U11-14
Added Pin To Net: NetName=CH7 Pin=U14-1
Added Pin To Net: NetName=CH7 Pin=U14-2
Added Pin To Net: NetName=-5 Pin=U14-11
