Removed Pin From Net: NetName=+5 Pin=C11-1
Removed Pin From Net: NetName=+5 BBB Pin=C17-1
Removed Pin From Net: NetName=AGND Pin=C23-1
Removed Pin From Net: NetName=AGND Pin=C25-1
Removed Pin From Net: NetName=-5 Pin=P3-14
Removed Pin From Net: NetName=-5 Pin=P4-14
Removed Pin From Net: NetName=+5 BBB Pin=U4-1
Removed Pin From Net: NetName=+5 BBB Pin=U4-2
Removed Pin From Net: NetName=+5 Pin=U9-1
Removed Pin From Net: NetName=+5 Pin=U9-2
Removed Pin From Net: NetName=-5 Pin=U10-12
Removed Pin From Net: NetName=-5 Pin=U10-13
Removed Pin From Net: NetName=-5 Pin=U14-11
Added Component: Designator=R14(RESC2512(6432)_L)
Add component. Clean all parameters for all variants
Add component (AddParameter): Name = "Category"; Value = "Resistors"; VariantName = "[No Variations]"
Add component (AddParameter): Name = "ComponentLink1Description"; Value = "http://www.vishaypg.com/docs/63089/csm.pdf"; VariantName = "[No Variations]"
Add component (AddParameter): Name = "ComponentLink1URL"; Value = "http://www.vishaypg.com/docs/63089/csm.pdf"; VariantName = "[No Variations]"
Add component (AddParameter): Name = "Composition"; Value = "Metal Foil"; VariantName = "[No Variations]"
Add component (AddParameter): Name = "Failure Rate"; Value = "-"; VariantName = "[No Variations]"
Add component (AddParameter): Name = "Features"; Value = "Current Sense, Moisture Resistant"; VariantName = "[No Variations]"
Add component (AddParameter): Name = "Height - Seated (Max)"; Value = "0.035" (0.89mm)"; VariantName = "[No Variations]"
Add component (AddParameter): Name = "Manufacturer"; Value = "Vishay Foil Resistors (Division of Vishay Precision Group)"; VariantName = "[No Variations]"
Add component (AddParameter): Name = "Manufacturer Part Number"; Value = "Y14870R10000B9R"; VariantName = "[No Variations]"
Add component (AddParameter): Name = "Operating Temperature"; Value = "-65°C ~ 170°C"; VariantName = "[No Variations]"
Add component (AddParameter): Name = "Package / Case"; Value = "2512 (6432 Metric)"; VariantName = "[No Variations]"
Add component (AddParameter): Name = "Packaging"; Value = "Cut Tape (CT)"; VariantName = "[No Variations]"
Add component (AddParameter): Name = "Part Status"; Value = "Active"; VariantName = "[No Variations]"
Add component (AddParameter): Name = "Power (Watts)"; Value = "1W"; VariantName = "[No Variations]"
Add component (AddParameter): Name = "Pricing 1"; Value = "1=7.44, 10=6.98, 25=6.5144, 50=5.7388, 100=4.9632, 250=4.49792, 500=4.1877 (USD)"; VariantName = "[No Variations]"
Add component (AddParameter): Name = "RoHS"; Value = "RoHS Compliant"; VariantName = "[No Variations]"
Add component (AddParameter): Name = "Size / Dimension"; Value = "0.250" L x 0.125" W (6.35mm x 3.18mm)"; VariantName = "[No Variations]"
Add component (AddParameter): Name = "Stock 1"; Value = "9055"; VariantName = "[No Variations]"
Add component (AddParameter): Name = "Supplier 1"; Value = "Digi-Key"; VariantName = "[No Variations]"
Add component (AddParameter): Name = "Supplier Device Package"; Value = "-"; VariantName = "[No Variations]"
Add component (AddParameter): Name = "Supplier Part Number 1"; Value = "804-1045-1-ND"; VariantName = "[No Variations]"
Add component (AddParameter): Name = "Temperature Coefficient"; Value = "±15ppm/°C"; VariantName = "[No Variations]"
Add component (AddParameter): Name = "Tolerance"; Value = "±0.1%"; VariantName = "[No Variations]"
Added Component: Designator=R27(RESC2512(6432)_L)
Add component. Clean all parameters for all variants
Add component (AddParameter): Name = "Category"; Value = "Resistors"; VariantName = "[No Variations]"
Add component (AddParameter): Name = "ComponentLink1Description"; Value = "http://www.vishaypg.com/docs/63089/csm.pdf"; VariantName = "[No Variations]"
Add component (AddParameter): Name = "ComponentLink1URL"; Value = "http://www.vishaypg.com/docs/63089/csm.pdf"; VariantName = "[No Variations]"
Add component (AddParameter): Name = "Composition"; Value = "Metal Foil"; VariantName = "[No Variations]"
Add component (AddParameter): Name = "Failure Rate"; Value = "-"; VariantName = "[No Variations]"
Add component (AddParameter): Name = "Features"; Value = "Current Sense, Moisture Resistant"; VariantName = "[No Variations]"
Add component (AddParameter): Name = "Height - Seated (Max)"; Value = "0.035" (0.89mm)"; VariantName = "[No Variations]"
Add component (AddParameter): Name = "Manufacturer"; Value = "Vishay Foil Resistors (Division of Vishay Precision Group)"; VariantName = "[No Variations]"
Add component (AddParameter): Name = "Manufacturer Part Number"; Value = "Y14870R10000B9R"; VariantName = "[No Variations]"
Add component (AddParameter): Name = "Operating Temperature"; Value = "-65°C ~ 170°C"; VariantName = "[No Variations]"
Add component (AddParameter): Name = "Package / Case"; Value = "2512 (6432 Metric)"; VariantName = "[No Variations]"
Add component (AddParameter): Name = "Packaging"; Value = "Cut Tape (CT)"; VariantName = "[No Variations]"
Add component (AddParameter): Name = "Part Status"; Value = "Active"; VariantName = "[No Variations]"
Add component (AddParameter): Name = "Power (Watts)"; Value = "1W"; VariantName = "[No Variations]"
Add component (AddParameter): Name = "Pricing 1"; Value = "1=7.44, 10=6.98, 25=6.5144, 50=5.7388, 100=4.9632, 250=4.49792, 500=4.1877 (USD)"; VariantName = "[No Variations]"
Add component (AddParameter): Name = "RoHS"; Value = "RoHS Compliant"; VariantName = "[No Variations]"
Add component (AddParameter): Name = "Size / Dimension"; Value = "0.250" L x 0.125" W (6.35mm x 3.18mm)"; VariantName = "[No Variations]"
Add component (AddParameter): Name = "Stock 1"; Value = "9055"; VariantName = "[No Variations]"
Add component (AddParameter): Name = "Supplier 1"; Value = "Digi-Key"; VariantName = "[No Variations]"
Add component (AddParameter): Name = "Supplier Device Package"; Value = "-"; VariantName = "[No Variations]"
Add component (AddParameter): Name = "Supplier Part Number 1"; Value = "804-1045-1-ND"; VariantName = "[No Variations]"
Add component (AddParameter): Name = "Temperature Coefficient"; Value = "±15ppm/°C"; VariantName = "[No Variations]"
Add component (AddParameter): Name = "Tolerance"; Value = "±0.1%"; VariantName = "[No Variations]"
Added Pin To Net: NetName=-5 Pin=C23-1
Added Pin To Net: NetName=-5 Pin=C25-1
Added Pin To Net: NetName=-5 Pin=P3-14
Added Pin To Net: NetName=-5 Pin=P4-14
Added Pin To Net: NetName=+5 Pin=R14-2
Added Pin To Net: NetName=+5 BBB Pin=R27-2
Added Pin To Net: NetName=-5 Pin=U10-12
Added Pin To Net: NetName=-5 Pin=U10-13
Added Pin To Net: NetName=-5 Pin=U11-11
Added Pin To Net: NetName=+5 Pin=U13-1
Added Pin To Net: NetName=+5 BBB Pin=U13-14
Added Pin To Net: NetName=-5 Pin=U14-11
Change Net Name : Old Net Name=-5 New Net Name=GND
Added Pin To Net: NetName=Critical Pin=U13-9
Added Net: Name=Critical
Added Pin To Net: NetName=PostBBR Pin=C17-1
Added Pin To Net: NetName=PostBBR Pin=R27-1
Added Pin To Net: NetName=PostBBR Pin=U4-1
Added Pin To Net: NetName=PostBBR Pin=U4-2
Added Pin To Net: NetName=PostBBR Pin=U13-15
Added Net: Name=PostBBR
Added Pin To Net: NetName=Pre5V Pin=C11-1
Added Pin To Net: NetName=Pre5V Pin=R14-1
Added Pin To Net: NetName=Pre5V Pin=U9-1
Added Pin To Net: NetName=Pre5V Pin=U9-2
Added Pin To Net: NetName=Pre5V Pin=U13-2
Added Net: Name=Pre5V
Added Pin To Net: NetName=PV Pin=U13-10
Added Net: Name=PV
Added Pin To Net: NetName=TC Pin=U13-13
Added Net: Name=TC
Added Pin To Net: NetName=VPU Pin=U13-16
Added Net: Name=VPU
Added Pin To Net: NetName=Warning Pin=U13-8
Added Net: Name=Warning
Added Member To Class: ClassName=LM-008 Member=Component R14 .1R
Added Member To Class: ClassName=LM-008 Member=Component R27 .1R
