Removed Pin From Net: NetName=+3.3 Pin=C4-1
Removed Pin From Net: NetName=GND Pin=C4-2
Removed Pin From Net: NetName=+3.3 Pin=C5-1
Removed Pin From Net: NetName=GND Pin=C5-2
Removed Pin From Net: NetName=SPI0_CS0 Pin=U3-6
Removed Pin From Net: NetName=ADC STRB Pin=U3-7
Removed Pin From Net: NetName=+3.3 Pin=U3-12
Removed Pin From Net: NetName=GND Pin=U3-13
Removed Pin From Net: NetName=MUX_A1 Pin=U3-14
Removed Pin From Net: NetName=MUX_A0 Pin=U3-15
Removed Pin From Net: NetName=+3.3 Pin=U6-2
Removed Pin From Net: NetName=NetBT1_1 Pin=U6-6
Removed Pin From Net: NetName=I2C2_SDA Pin=U6-7
Removed Pin From Net: NetName=I2C2_SCL Pin=U6-8
Removed Member From Class: ClassName=BBB Headers Member=U7
Change Component Footprint: Designator=U3 Old Footprint=ADI-CP-16-22_N New Footprint=ADI-RU-16_L
Change Component Footprint: Designator=U6 Old Footprint=S8MK+1_N New Footprint=U10+2_L
Change Component Comment : Designator=U3 Old Comment=ADG1609BCPZ-REEL7 New Comment=ADG1608BRUZ
Change Component Comment : Designator=U6 Old Comment=DS3231MZ/V+ New Comment=DS1390U-18+
Change component parameters: Designator = "U6"; Footprint = "U10+2_L"; UniqueID = "\EFNKGGLG"
Change component parameters. Clean all parameters for all variants
Change component parameters (AddParameter): Name = "Code_JEDEC"; Value = "MO-187-BA"; VariantName = "[No Variations]"
Change component parameters (AddParameter): Name = "ComponentLink1Description"; Value = "Manufacturer URL"; VariantName = "[No Variations]"
Change component parameters (AddParameter): Name = "ComponentLink1URL"; Value = "http://www.maxim-ic.com"; VariantName = "[No Variations]"
Change component parameters (AddParameter): Name = "ComponentLink2Description"; Value = "Datasheet"; VariantName = "[No Variations]"
Change component parameters (AddParameter): Name = "ComponentLink2URL"; Value = "http://datasheets.maxim-ic.com/en/ds/DS1390-DS1394.pdf"; VariantName = "[No Variations]"
Change component parameters (AddParameter): Name = "ComponentLink3Description"; Value = "Package Specification"; VariantName = "[No Variations]"
Change component parameters (AddParameter): Name = "ComponentLink3URL"; Value = "http://pdfserv.maxim-ic.com/package_dwgs/21-0061.PDF"; VariantName = "[No Variations]"
Change component parameters (AddParameter): Name = "DatasheetVersion"; Value = "rev3, Aug-2009"; VariantName = "[No Variations]"
Change component parameters (AddParameter): Name = "PackageDescription"; Value = "10-Pin Micro-MAX Thin Shrink Small Outline (uSOP), 3 x 3 x 0.85 mm Body, 0.5 mm Pitch, Pb-Free"; VariantName = "[No Variations]"
Change component parameters (AddParameter): Name = "PackageReference"; Value = "U10+2"; VariantName = "[No Variations]"
Change component parameters (AddParameter): Name = "PackageVersion"; Value = "revL, 2008"; VariantName = "[No Variations]"
Change component parameters: Designator = "U3"; Footprint = "ADI-RU-16_L"; UniqueID = "\WDSQPDEV"
Change component parameters. Clean all parameters for all variants
Change component parameters (AddParameter): Name = "Bandwidth (Hz)"; Value = "40M, 40M, 37M, 34M"; VariantName = "[No Variations]"
Change component parameters (AddParameter): Name = "Code_JEDEC"; Value = "MO-153AB"; VariantName = "[No Variations]"
Change component parameters (AddParameter): Name = "ComponentLink1Description"; Value = "Manufacturer URL"; VariantName = "[No Variations]"
Change component parameters (AddParameter): Name = "ComponentLink1URL"; Value = "http://www.analog.com/en/index.html"; VariantName = "[No Variations]"
Change component parameters (AddParameter): Name = "ComponentLink2Description"; Value = "Datasheet"; VariantName = "[No Variations]"
Change component parameters (AddParameter): Name = "ComponentLink2URL"; Value = "http://www.analog.com/static/imported-files/data_sheets/ADG1608_1609.pdf"; VariantName = "[No Variations]"
Change component parameters (AddParameter): Name = "ComponentLink3Description"; Value = "Package Specification"; VariantName = "[No Variations]"
Change component parameters (AddParameter): Name = "ComponentLink3URL"; Value = "http:/www.analog.com/static/imported-files/packages/36244347913743854010197452789RU16.pdf"; VariantName = "[No Variations]"
Change component parameters (AddParameter): Name = "DatasheetVersion"; Value = "Rev. 0"; VariantName = "[No Variations]"
Change component parameters (AddParameter): Name = "Manufacturer"; Value = "Analog Devices"; VariantName = "[No Variations]"
Change component parameters (AddParameter): Name = "Max Analog Signal Range"; Value = "0 to Vdd"; VariantName = "[No Variations]"
Change component parameters (AddParameter): Name = "Mounting Technology"; Value = "Surface Mount"; VariantName = "[No Variations]"
Change component parameters (AddParameter): Name = "PackageDescription"; Value = "16-Pin Thin Shrink Small Outline Package, Body 5 x 4.4 mm, Pitch 0.65 mm"; VariantName = "[No Variations]"
Change component parameters (AddParameter): Name = "PackageReference"; Value = "RU-16"; VariantName = "[No Variations]"
Change component parameters (AddParameter): Name = "PackageVersion"; Value = "Nov-02"; VariantName = "[No Variations]"
Change component parameters (AddParameter): Name = "Packing"; Value = "Tube"; VariantName = "[No Variations]"
Change component parameters (AddParameter): Name = "PartNumber"; Value = "ADG1608BRUZ"; VariantName = "[No Variations]"
Change component parameters (AddParameter): Name = "Ron (ohms)"; Value = "4.4"; VariantName = "[No Variations]"
Change component parameters (AddParameter): Name = "t transition (s)"; Value = "150n"; VariantName = "[No Variations]"
Added Pin To Net: NetName=GND Pin=C4-1
Added Pin To Net: NetName=+3.3 Pin=C4-2
Added Pin To Net: NetName=GND Pin=C5-1
Added Pin To Net: NetName=+3.3 Pin=C5-2
Added Pin To Net: NetName=MUX_A0 Pin=U3-1
Added Pin To Net: NetName=SPI0_CS0 Pin=U3-8
Added Pin To Net: NetName=MUX_A1 Pin=U3-16
Added Pin To Net: NetName=NetBT1_1 Pin=U6-3
Added Pin To Net: NetName=SPI0_MOSI Pin=U6-6
Added Pin To Net: NetName=SPI0_MISO Pin=U6-7
Added Pin To Net: NetName=SPI0_SCLK Pin=U6-8
Added Pin To Net: NetName=+3.3 Pin=U6-10
Change Net Name : Old Net Name=CS_Beam New Net Name=BEAM_CS0
Added Pin To Net: NetName=MUX A2 Pin=U3-15
Added Pin To Net: NetName=MUX A2 Pin=U16-8-41
Added Net: Name=MUX A2
Added Pin To Net: NetName=NetU6_9 Pin=U6-9
Added Net: Name=NetU6_9
Added Pin To Net: NetName=RTC_CS0 Pin=U3-7
Added Pin To Net: NetName=RTC_CS0 Pin=U6-4
Added Net: Name=RTC_CS0
Added Pin To Net: NetName=ZH_CS0 Pin=U3-5
Added Net: Name=ZH_CS0
Added Pin To Net: NetName=ZP_CS0 Pin=U3-6
Added Net: Name=ZP_CS0
