Removed Pin From Net: NetName=Conning Tower Htr Out Pin=Q1-4
Removed Pin From Net: NetName=METER_HTR_OUT Pin=Q2-4
Removed Pin From Net: NetName=Arrestment Htr Out Pin=Q3-4
Removed Pin From Net: NetName=Board1 Htr Out Pin=Q4-2
Removed Pin From Net: NetName=GND Pin=Q4-3
Removed Pin From Net: NetName=Board1 Htr Out Pin=Q4-4
Removed Pin From Net: NetName=Gearbox Htr Out Pin=Q5-2
Removed Pin From Net: NetName=Gearbox Htr Out Pin=Q5-4
Removed Pin From Net: NetName=GND Pin=Q6-3
Removed Pin From Net: NetName=Board2 Htr Out Pin=Q6-4
Removed Pin From Net: NetName=NetQ5_1 Pin=R10-2
Removed Pin From Net: NetName=NetQ4_1 Pin=R16-2
Change Component Footprint: Designator=Q4 Old Footprint=FDT457N New Footprint=CSD17585F5T
Change Component Footprint: Designator=Q5 Old Footprint=FDT457N New Footprint=CSD17585F5T
Change Component Footprint: Designator=Q1 Old Footprint=ONSC-DPAK-3-369AA-01_V New Footprint=CSD17585F5T
Change Component Footprint: Designator=Q2 Old Footprint=ONSC-DPAK-3-369AA-01_V New Footprint=CSD17585F5T
Change Component Footprint: Designator=Q3 Old Footprint=ONSC-DPAK-3-369AA-01_V New Footprint=CSD17585F5T
Change Component Footprint: Designator=Q6 Old Footprint=ONSC-DPAK-3-369AA-01_V New Footprint=CSD17585F5T
Change Component Comment : Designator=Q4 Old Comment=FDT457N New Comment=CSD17585F5T
Change Component Comment : Designator=Q5 Old Comment=FDT457N New Comment=CSD17585F5T
Change Component Comment : Designator=Q1 Old Comment=NTD4804NT4G New Comment=CSD17585F5T
Change Component Comment : Designator=Q2 Old Comment=NTD4804NT4G New Comment=CSD17585F5T
Change Component Comment : Designator=Q3 Old Comment=NTD4804NT4G New Comment=CSD17585F5T
Change Component Comment : Designator=Q6 Old Comment=NTD4804NT4G New Comment=CSD17585F5T
Change component parameters: Designator = "Q4"; Footprint = "CSD17585F5T"; UniqueID = "\CRIOYCFB"
Change component parameters. Clean all parameters for all variants
Change component parameters (AddParameter): Name = "Supplier 1"; Value = "Digi-Key"; VariantName = "[No Variations]"
Change component parameters (AddParameter): Name = "Supplier Part Number 1"; Value = "296-45068-6-ND"; VariantName = "[No Variations]"
Change component parameters: Designator = "Q5"; Footprint = "CSD17585F5T"; UniqueID = "\KLIONUMX"
Change component parameters. Clean all parameters for all variants
Change component parameters (AddParameter): Name = "Supplier 1"; Value = "Digi-Key"; VariantName = "[No Variations]"
Change component parameters (AddParameter): Name = "Supplier Part Number 1"; Value = "296-45068-6-ND"; VariantName = "[No Variations]"
Change component parameters: Designator = "Q1"; Footprint = "CSD17585F5T"; UniqueID = "\YCRRVMDF"
Change component parameters. Clean all parameters for all variants
Change component parameters (AddParameter): Name = "Supplier 1"; Value = "Digi-Key"; VariantName = "[No Variations]"
Change component parameters (AddParameter): Name = "Supplier Part Number 1"; Value = "296-45068-6-ND"; VariantName = "[No Variations]"
Change component parameters: Designator = "Q2"; Footprint = "CSD17585F5T"; UniqueID = "\HYHHIALP"
Change component parameters. Clean all parameters for all variants
Change component parameters (AddParameter): Name = "Supplier 1"; Value = "Digi-Key"; VariantName = "[No Variations]"
Change component parameters (AddParameter): Name = "Supplier Part Number 1"; Value = "296-45068-6-ND"; VariantName = "[No Variations]"
Change component parameters: Designator = "Q3"; Footprint = "CSD17585F5T"; UniqueID = "\ICSFPTGV"
Change component parameters. Clean all parameters for all variants
Change component parameters (AddParameter): Name = "Supplier 1"; Value = "Digi-Key"; VariantName = "[No Variations]"
Change component parameters (AddParameter): Name = "Supplier Part Number 1"; Value = "296-45068-6-ND"; VariantName = "[No Variations]"
Change component parameters: Designator = "Q6"; Footprint = "CSD17585F5T"; UniqueID = "\TYGYVGAU"
Change component parameters. Clean all parameters for all variants
Change component parameters (AddParameter): Name = "Supplier 1"; Value = "Digi-Key"; VariantName = "[No Variations]"
Change component parameters (AddParameter): Name = "Supplier Part Number 1"; Value = "296-45068-6-ND"; VariantName = "[No Variations]"
Added Pin To Net: NetName=Conning Tower Htr Out Pin=Q1-2
Added Pin To Net: NetName=METER_HTR_OUT Pin=Q2-2
Added Pin To Net: NetName=Arrestment Htr Out Pin=Q3-2
Added Pin To Net: NetName=Gearbox Htr Out Pin=Q4-2
Added Pin To Net: NetName=Board1 Htr Out Pin=Q5-2
Added Pin To Net: NetName=GND Pin=Q5-3
Added Pin To Net: NetName=Board2 Htr Out Pin=Q6-2
Added Pin To Net: NetName=NetQ4_1 Pin=R10-2
Added Pin To Net: NetName=NetQ5_1 Pin=R16-2
