Removed Pin From Net: NetName=+5 Pin=C14-1
Removed Pin From Net: NetName=GND Pin=C14-2
Removed Pin From Net: NetName=GND Pin=R30-2
Removed Pin From Net: NetName=GND Pin=R36-2
Removed Pin From Net: NetName=Cross_Raw Pin=U4-3
Removed Pin From Net: NetName=GND Pin=U4-4
Removed Pin From Net: NetName=VR_REF_Cross Pin=U4-5
Removed Pin From Net: NetName=+5 Pin=U4-8
Removed Pin From Net: NetName=Long_Raw Pin=U6-3
Removed Pin From Net: NetName=GND Pin=U6-4
Removed Pin From Net: NetName=VR_REF_Long Pin=U6-5
Removed Pin From Net: NetName=NetU1_10 Pin=U8-1
Removed Pin From Net: NetName=GND Pin=U8-4
Removed Pin From Net: NetName=NetR37_1 Pin=U8-5
Removed Pin From Net: NetName=NetR36_1 Pin=U8-6
Removed Pin From Net: NetName=NetU1_11 Pin=U8-7
Removed Member From Class: ClassName=Signal_Conditioner Member=C14
Removed Member From Class: ClassName=Signal_Conditioner Member=U4
Change Component Comment : Designator=R31 Old Comment=10K New Comment=1.2k
Change Component Comment : Designator=R37 Old Comment=10K New Comment=1.2k
Change component parameters: Designator = "R33"; Footprint = "Trimmer 2.54"; UniqueID = "\WKCGCVUD"
Change component parameters. Clean all parameters for all variants
Change component parameters (AddParameter): Name = "Adjustment Type"; Value = "Top Adjustment"; VariantName = "[No Variations]"
Change component parameters (AddParameter): Name = "Category"; Value = "Potentiometers, Variable Resistors"; VariantName = "[No Variations]"
Change component parameters (AddParameter): Name = "ComponentLink1Description"; Value = "https://www.bourns.com/docs/Product-Datasheets/3296.pdf"; VariantName = "[No Variations]"
Change component parameters (AddParameter): Name = "ComponentLink1URL"; Value = "https://www.bourns.com/docs/Product-Datasheets/3296.pdf"; VariantName = "[No Variations]"
Change component parameters (AddParameter): Name = "Manufacturer"; Value = "Bourns Inc."; VariantName = "[No Variations]"
Change component parameters (AddParameter): Name = "Manufacturer Part Number"; Value = "3296Y-1-104LF"; VariantName = "[No Variations]"
Change component parameters (AddParameter): Name = "Mounting Type"; Value = "Through Hole"; VariantName = "[No Variations]"
Change component parameters (AddParameter): Name = "Packaging"; Value = "Tube"; VariantName = "[No Variations]"
Change component parameters (AddParameter): Name = "Part Status"; Value = "Active"; VariantName = "[No Variations]"
Change component parameters (AddParameter): Name = "Power (Watts)"; Value = "0.5W, 1/2W"; VariantName = "[No Variations]"
Change component parameters (AddParameter): Name = "Pricing 1"; Value = "1=2.41, 10=2.117, 25=1.898, 50=1.825, 100=1.752, 250=1.679, 500=1.387, 1000=1.314, 5000=1.095 (USD)"; VariantName = "[No Variations]"
Change component parameters (AddParameter): Name = "Resistive Material"; Value = "Cermet"; VariantName = "[No Variations]"
Change component parameters (AddParameter): Name = "RoHS"; Value = "RoHS Compliant"; VariantName = "[No Variations]"
Change component parameters (AddParameter): Name = "Size / Dimension"; Value = "Rectangular - 0.375" x 0.190" Face x 0.395" H (9.53mm x 4.83mm x 10.03mm)"; VariantName = "[No Variations]"
Change component parameters (AddParameter): Name = "Stock 1"; Value = "10872"; VariantName = "[No Variations]"
Change component parameters (AddParameter): Name = "Supplier 1"; Value = "Digi-Key"; VariantName = "[No Variations]"
Change component parameters (AddParameter): Name = "Supplier Part Number 1"; Value = "3296Y-104LF-ND"; VariantName = "[No Variations]"
Change component parameters (AddParameter): Name = "Temperature Coefficient"; Value = "±100ppm/°C"; VariantName = "[No Variations]"
Change component parameters (AddParameter): Name = "Termination Style"; Value = "PC Pins"; VariantName = "[No Variations]"
Change component parameters (AddParameter): Name = "Tolerance"; Value = "±10%"; VariantName = "[No Variations]"
Change component parameters: Designator = "R39"; Footprint = "Trimmer 2.54"; UniqueID = "\BXCLSGXS"
Change component parameters. Clean all parameters for all variants
Change component parameters (AddParameter): Name = "Adjustment Type"; Value = "Top Adjustment"; VariantName = "[No Variations]"
Change component parameters (AddParameter): Name = "Category"; Value = "Potentiometers, Variable Resistors"; VariantName = "[No Variations]"
Change component parameters (AddParameter): Name = "ComponentLink1Description"; Value = "https://www.bourns.com/docs/Product-Datasheets/3296.pdf"; VariantName = "[No Variations]"
Change component parameters (AddParameter): Name = "ComponentLink1URL"; Value = "https://www.bourns.com/docs/Product-Datasheets/3296.pdf"; VariantName = "[No Variations]"
Change component parameters (AddParameter): Name = "Manufacturer"; Value = "Bourns Inc."; VariantName = "[No Variations]"
Change component parameters (AddParameter): Name = "Manufacturer Part Number"; Value = "3296Y-1-504LF"; VariantName = "[No Variations]"
Change component parameters (AddParameter): Name = "Mounting Type"; Value = "Through Hole"; VariantName = "[No Variations]"
Change component parameters (AddParameter): Name = "Packaging"; Value = "Tube"; VariantName = "[No Variations]"
Change component parameters (AddParameter): Name = "Part Status"; Value = "Active"; VariantName = "[No Variations]"
Change component parameters (AddParameter): Name = "Power (Watts)"; Value = "0.5W, 1/2W"; VariantName = "[No Variations]"
Change component parameters (AddParameter): Name = "Pricing 1"; Value = "1=2.41, 10=2.117, 25=1.898, 50=1.825, 100=1.752, 250=1.679, 500=1.387, 1000=1.314, 5000=1.095 (USD)"; VariantName = "[No Variations]"
Change component parameters (AddParameter): Name = "Resistive Material"; Value = "Cermet"; VariantName = "[No Variations]"
Change component parameters (AddParameter): Name = "RoHS"; Value = "RoHS Compliant"; VariantName = "[No Variations]"
Change component parameters (AddParameter): Name = "Size / Dimension"; Value = "Rectangular - 0.375" x 0.190" Face x 0.395" H (9.53mm x 4.83mm x 10.03mm)"; VariantName = "[No Variations]"
Change component parameters (AddParameter): Name = "Stock 1"; Value = "2214"; VariantName = "[No Variations]"
Change component parameters (AddParameter): Name = "Supplier 1"; Value = "Digi-Key"; VariantName = "[No Variations]"
Change component parameters (AddParameter): Name = "Supplier Part Number 1"; Value = "3296Y-504LF-ND"; VariantName = "[No Variations]"
Change component parameters (AddParameter): Name = "Temperature Coefficient"; Value = "±100ppm/°C"; VariantName = "[No Variations]"
Change component parameters (AddParameter): Name = "Termination Style"; Value = "PC Pins"; VariantName = "[No Variations]"
Change component parameters (AddParameter): Name = "Tolerance"; Value = "±10%"; VariantName = "[No Variations]"
Added Component: Designator=R41(RESC0805(2012)_L)
Add component. Clean all parameters for all variants
Added Component: Designator=R44(RESC0805(2012)_L)
Add component. Clean all parameters for all variants
Added Pin To Net: NetName=Long_Raw Pin=R30-2
Added Pin To Net: NetName=VR_REF_Long Pin=R31-2
Added Pin To Net: NetName=GND Pin=R34-2
Added Pin To Net: NetName=Cross_Raw Pin=R36-2
Added Pin To Net: NetName=VR_REF_Cross Pin=R37-2
Added Pin To Net: NetName=GND Pin=R38-2
Added Pin To Net: NetName=NetR30_1 Pin=R41-2
Added Pin To Net: NetName=NetR36_1 Pin=R44-2
Added Pin To Net: NetName=NetU1_11 Pin=U6-1
Added Pin To Net: NetName=NetU1_11 Pin=U6-2
Added Pin To Net: NetName=NetR37_1 Pin=U6-5
Added Pin To Net: NetName=NetR36_1 Pin=U6-6
Added Pin To Net: NetName=NetU1_10 Pin=U8-6
Added Pin To Net: NetName=NetU1_10 Pin=U8-7
Added Pin To Net: NetName=-5 Pin=U6-4
Added Pin To Net: NetName=-5 Pin=U8-4
Added Net: Name=-5
Added Pin To Net: NetName=NetR41_1 Pin=R41-1
Added Pin To Net: NetName=NetR41_1 Pin=U8-1
Added Pin To Net: NetName=NetR41_1 Pin=U8-5
Added Net: Name=NetR41_1
Added Pin To Net: NetName=NetR44_1 Pin=R44-1
Added Pin To Net: NetName=NetR44_1 Pin=U6-3
Added Pin To Net: NetName=NetR44_1 Pin=U6-7
Added Net: Name=NetR44_1
Added Member To Class: ClassName=Signal_Conditioner Member=Component R41 10K
Added Member To Class: ClassName=Signal_Conditioner Member=Component R44 10K
