Removed Pin From Net: NetName=SPI0_SCLK Pin=P1-1
Removed Pin From Net: NetName=MUX_A0 Pin=P1-2
Removed Pin From Net: NetName=SPI0_MISO Pin=P1-3
Removed Pin From Net: NetName=MUX_A1 Pin=P1-4
Removed Pin From Net: NetName=Thermistor_CS0 Pin=P1-5
Removed Pin From Net: NetName=MUX A2 Pin=P1-6
Removed Pin From Net: NetName=+5 Pin=P1-10
Change Component Footprint: Designator=P1 Old Footprint=IPL1-110-01-L-D-RE1-K New Footprint=HDR2X14
Change Component Comment : Designator=P1 Old Comment=Header 10X2 New Comment=Header 14X2
Added Pin To Net: NetName=Cross_Orange Pin=P1-1
Added Pin To Net: NetName=Long_Orange Pin=P1-2
Added Pin To Net: NetName=Cross_Green Pin=P1-3
Added Pin To Net: NetName=Long_Green Pin=P1-4
Added Pin To Net: NetName=Cross_Yellow Pin=P1-5
Added Pin To Net: NetName=Long_Yellow Pin=P1-6
Added Pin To Net: NetName=SPI0_SCLK Pin=P1-23
Added Pin To Net: NetName=MUX_A0 Pin=P1-24
Added Pin To Net: NetName=SPI0_MISO Pin=P1-25
Added Pin To Net: NetName=MUX_A1 Pin=P1-26
Added Pin To Net: NetName=Thermistor_CS0 Pin=P1-27
Added Pin To Net: NetName=MUX A2 Pin=P1-28
