Removed Pin From Net: NetName=+12 Pin=DS1-1
Removed Pin From Net: NetName=+12 Pin=DS2-1
Removed Pin From Net: NetName=+12 Pin=DS3-1
Removed Pin From Net: NetName=+12 Pin=DS4-1
Removed Pin From Net: NetName=+12 Pin=P6-1
Removed Pin From Net: NetName=+3.3 Pin=P6-2
Removed Pin From Net: NetName=SPI0_MISO Pin=P6-7
Removed Pin From Net: NetName=SPI0_SCLK Pin=P6-8
Removed Pin From Net: NetName=ADC STRB Pin=P6-9
Removed Pin From Net: NetName=SPI0_CS0 Pin=P6-11
Removed Pin From Net: NetName=SPI0_MOSI Pin=P6-12
Removed Pin From Net: NetName=GND Pin=P6-14
Removed Pin From Net: NetName=+5 Pin=P6-15
Removed Pin From Net: NetName=GND Pin=P6-16
Removed Pin From Net: NetName=GND Pin=Q1-3
Removed Pin From Net: NetName=Conning Tower Htr Out Pin=Q1-4
Removed Pin From Net: NetName=GND Pin=Q2-3
Removed Pin From Net: NetName=Gearbox Htr Out Pin=Q2-4
Removed Pin From Net: NetName=GND Pin=Q3-3
Removed Pin From Net: NetName=Arrestment Htr Out Pin=Q3-4
Removed Pin From Net: NetName=GND Pin=Q4-3
Removed Pin From Net: NetName=METER_HTR_OUT Pin=Q4-4
Removed Pin From Net: NetName=Conning Tower Htr Out Pin=R2-1
Removed Pin From Net: NetName=Gearbox Htr Out Pin=R5-1
Removed Pin From Net: NetName=Arrestment Htr Out Pin=R10-1
Removed Pin From Net: NetName=METER_HTR_OUT Pin=R11-1
Removed Member From Class: ClassName=LM_HTR_001 Member=DS1
Removed Member From Class: ClassName=LM_HTR_001 Member=DS2
Removed Member From Class: ClassName=LM_HTR_001 Member=DS3
Removed Member From Class: ClassName=LM_HTR_001 Member=DS4
Removed Member From Class: ClassName=LM_HTR_001 Member=P?
Removed Member From Class: ClassName=LM_HTR_001 Member=Q1
Removed Member From Class: ClassName=LM_HTR_001 Member=Q2
Removed Member From Class: ClassName=LM_HTR_001 Member=Q3
Removed Member From Class: ClassName=LM_HTR_001 Member=Q4
Removed Member From Class: ClassName=LM_HTR_001 Member=R2
Removed Member From Class: ClassName=LM_HTR_001 Member=R3
Removed Member From Class: ClassName=LM_HTR_001 Member=R5
Removed Member From Class: ClassName=LM_HTR_001 Member=R6
Removed Member From Class: ClassName=LM_HTR_001 Member=R10
Removed Member From Class: ClassName=LM_HTR_001 Member=R11
Removed Member From Class: ClassName=LM_HTR_001 Member=R12
Removed Member From Class: ClassName=LM_HTR_001 Member=R13
Change Component Footprint: Designator=P6 Old Footprint=HDR2X8 New Footprint=IPL1-110-01-L-D-RE1-K
Change Component Comment : Designator=P6 Old Comment=Header 8X2 New Comment=Header 10X2
Added Pin To Net: NetName=Conning Tower Thermistor Pin=P6-1
Added Pin To Net: NetName=Gearbox Thermistor Pin=P6-2
Added Pin To Net: NetName=Conning Tower Thermistor Pin=P6-3
Added Pin To Net: NetName=Gearbox Thermistor Pin=P6-4
Added Pin To Net: NetName=Arrestment Thermistor Pin=P6-5
Added Pin To Net: NetName=Meter Thermistor 1 Pin=P6-6
Added Pin To Net: NetName=Arrestment Thermistor Pin=P6-7
Added Pin To Net: NetName=Meter Thermistor 1 Pin=P6-8
Added Pin To Net: NetName=Meter Thermistor 2 Pin=P6-9
Added Pin To Net: NetName=+5 Pin=P6-10
Added Pin To Net: NetName=Meter Thermistor 2 Pin=P6-11
Added Pin To Net: NetName=Arrestment Htr Out Pin=P6-12
Added Pin To Net: NetName=Conning Tower Htr Out Pin=P6-13
Added Pin To Net: NetName=METER_HTR_OUT Pin=P6-14
Added Pin To Net: NetName=Gearbox Htr Out Pin=P6-15
Added Pin To Net: NetName=Conning Tower Thermistor Pin=P6-16
Added Pin To Net: NetName=+12 Pin=P6-17
Added Pin To Net: NetName=+12 Pin=P6-18
Added Pin To Net: NetName=GND Pin=P6-19
Added Pin To Net: NetName=GND Pin=P6-20
