Removed Pin From Net: NetName=NetR10_1 Pin=R13-1
Removed Pin From Net: NetName=GND Pin=R13-2
Removed Member From Class: ClassName=Sheet1 Member=R13
Added Component: Designator=U17(MSOP-MS8_N)
Add component. Clean all parameters for all variants
Add component (AddParameter): Name = "ComponentLink1Description"; Value = "Manufacturer URL"; VariantName = "[No Variations]"
Add component (AddParameter): Name = "ComponentLink1URL"; Value = "http://www.microchip.com/"; VariantName = "[No Variations]"
Add component (AddParameter): Name = "ComponentLink2Description"; Value = "Datasheet"; VariantName = "[No Variations]"
Add component (AddParameter): Name = "ComponentLink2URL"; Value = "http://ww1.microchip.com/downloads/en/DeviceDoc/22059b.pdf"; VariantName = "[No Variations]"
Add component (AddParameter): Name = "ComponentLink3Description"; Value = "Package Specification"; VariantName = "[No Variations]"
Add component (AddParameter): Name = "ComponentLink3URL"; Value = "http://www.microchip.com/stellent/groups/techpub_sg/documents/packagingspec/en012702.pdf"; VariantName = "[No Variations]"
Add component (AddParameter): Name = "DatasheetVersion"; Value = "revB, Dec-2008"; VariantName = "[No Variations]"
Add component (AddParameter): Name = "PackageDescription"; Value = "8-Lead Plastic Micro Small Outline Package (MS) [MSOP]"; VariantName = "[No Variations]"
Add component (AddParameter): Name = "PackageReference"; Value = "MSOP-MS8"; VariantName = "[No Variations]"
Add component (AddParameter): Name = "PackageVersion"; Value = "revBB, Aug-2009"; VariantName = "[No Variations]"
Add component (AddParameter): Name = "RevisionNote"; Value = "URLs added."; VariantName = "[No Variations]"
Added Pin To Net: NetName=NetP4_3 Pin=U15-15
Added Pin To Net: NetName=GND Pin=U17-4
Added Pin To Net: NetName=NetR10_1 Pin=U17-5
Added Pin To Net: NetName=GND Pin=U17-6
Added Pin To Net: NetName=+5 Pin=U17-8
Added Pin To Net: NetName=NetR14_2 Pin=R14-2
Added Pin To Net: NetName=NetR14_2 Pin=U17-7
Added Net: Name=NetR14_2
Added Pin To Net: NetName=SPI_CS0_POT Pin=U17-1
Added Net: Name=SPI_CS0_POT
Added Pin To Net: NetName=SPI_MISO Pin=U17-3
Added Net: Name=SPI_MISO
Added Pin To Net: NetName=SPI_SCLK Pin=U17-2
Added Net: Name=SPI_SCLK
Added Member To Class: ClassName=Sheet1 Member=Component U17 MCP4161-502E/MS
