Removed Member From Class: ClassName=Sheet3 Member=U15
Change Component Footprint: Designator=U14 Old Footprint=ADI-R-8_L New Footprint=ADI-R-8_M
Change Component Footprint: Designator=U15 Old Footprint=ADI-R-8_L New Footprint=ADI-R-8_M
Change Component Footprint: Designator=U13 Old Footprint=ADI-R-8_L New Footprint=ADI-R-8_N
Change Component Footprint: Designator=U2 Old Footprint=ADI-RU-20_L New Footprint=ADI-RU-20_N
Change Component Designator: OldDesignator=C3 NewDesignator=C28
Change Component Designator: OldDesignator=C4 NewDesignator=C3
Change Component Designator: OldDesignator=C5 NewDesignator=C4
Change Component Designator: OldDesignator=C6 NewDesignator=C5
Change Component Designator: OldDesignator=C7 NewDesignator=C6
Change Component Designator: OldDesignator=C8 NewDesignator=C7
Change Component Designator: OldDesignator=C9 NewDesignator=C8
Change Component Designator: OldDesignator=C10 NewDesignator=C9
Change Component Designator: OldDesignator=C11 NewDesignator=C10
Change Component Designator: OldDesignator=C12 NewDesignator=C11
Change Component Designator: OldDesignator=C13 NewDesignator=C12
Change Component Designator: OldDesignator=C14 NewDesignator=C13
Change Component Designator: OldDesignator=C15 NewDesignator=C14
Change Component Designator: OldDesignator=C16 NewDesignator=C15
Change Component Designator: OldDesignator=C17 NewDesignator=C16
Change Component Designator: OldDesignator=C18 NewDesignator=C17
Change Component Designator: OldDesignator=C19 NewDesignator=C18
Change Component Designator: OldDesignator=C20 NewDesignator=C19
Change Component Designator: OldDesignator=C21 NewDesignator=C20
Change Component Designator: OldDesignator=C22 NewDesignator=C21
Change Component Designator: OldDesignator=C23 NewDesignator=C29
Change Component Designator: OldDesignator=C24 NewDesignator=C22
Change Component Designator: OldDesignator=C25 NewDesignator=C23
Change Component Designator: OldDesignator=C26 NewDesignator=C24
Change Component Designator: OldDesignator=C27 NewDesignator=C25
Change Component Designator: OldDesignator=C28 NewDesignator=C26
Change Component Designator: OldDesignator=C29 NewDesignator=C27
Change Component Designator: OldDesignator=P1 NewDesignator=P2
Change Component Designator: OldDesignator=P2 NewDesignator=P3
Change Component Designator: OldDesignator=P3 NewDesignator=P5
Change Component Designator: OldDesignator=P4 NewDesignator=P6
Change Component Designator: OldDesignator=P5 NewDesignator=P7
Change Component Designator: OldDesignator=P6 NewDesignator=P4
Change Component Designator: OldDesignator=P7 NewDesignator=P1
Change Component Designator: OldDesignator=R5 NewDesignator=R37
Change Component Designator: OldDesignator=R6 NewDesignator=R23
Change Component Designator: OldDesignator=R7 NewDesignator=R5
Change Component Designator: OldDesignator=R8 NewDesignator=R6
Change Component Designator: OldDesignator=R9 NewDesignator=R24
Change Component Designator: OldDesignator=R10 NewDesignator=R9
Change Component Designator: OldDesignator=R11 NewDesignator=R10
Change Component Designator: OldDesignator=R12 NewDesignator=R11
Change Component Designator: OldDesignator=R13 NewDesignator=R12
Change Component Designator: OldDesignator=R14 NewDesignator=R13
Change Component Designator: OldDesignator=R15 NewDesignator=R14
Change Component Designator: OldDesignator=R16 NewDesignator=R15
Change Component Designator: OldDesignator=R17 NewDesignator=R16
Change Component Designator: OldDesignator=R18 NewDesignator=R17
Change Component Designator: OldDesignator=R19 NewDesignator=R18
Change Component Designator: OldDesignator=R20 NewDesignator=R19
Change Component Designator: OldDesignator=R21 NewDesignator=R20
Change Component Designator: OldDesignator=R22 NewDesignator=R21
Change Component Designator: OldDesignator=R23 NewDesignator=R22
Change Component Designator: OldDesignator=R24 NewDesignator=R25
Change Component Designator: OldDesignator=R25 NewDesignator=R26
Change Component Designator: OldDesignator=R26 NewDesignator=R27
Change Component Designator: OldDesignator=R27 NewDesignator=R30
Change Component Designator: OldDesignator=R28 NewDesignator=R31
Change Component Designator: OldDesignator=R29 NewDesignator=R32
Change Component Designator: OldDesignator=R30 NewDesignator=R33
Change Component Designator: OldDesignator=R31 NewDesignator=R34
Change Component Designator: OldDesignator=R32 NewDesignator=R35
Change Component Designator: OldDesignator=R33 NewDesignator=R36
Change Component Designator: OldDesignator=R34 NewDesignator=R7
Change Component Designator: OldDesignator=R35 NewDesignator=R8
Change Component Designator: OldDesignator=U2 NewDesignator=U15
Change Component Designator: OldDesignator=U3 NewDesignator=U2
Change Component Designator: OldDesignator=U4 NewDesignator=U3
Change Component Designator: OldDesignator=U5 NewDesignator=U4
Change Component Designator: OldDesignator=U6 NewDesignator=U5
Change Component Designator: OldDesignator=U7 NewDesignator=U6
Change Component Designator: OldDesignator=U8 NewDesignator=U7
Change Component Designator: OldDesignator=U9 NewDesignator=U8
Change Component Designator: OldDesignator=U10 NewDesignator=U9
Change Component Designator: OldDesignator=U11 NewDesignator=U10
Change Component Designator: OldDesignator=U12 NewDesignator=U11
Change Component Designator: OldDesignator=U13 NewDesignator=U16
Change Component Designator: OldDesignator=U14 NewDesignator=U13
Change Component Designator: OldDesignator=U15 NewDesignator=U14
Added Component: Designator=R28(RESC0402(1005)_M)
Add component. Clean all parameters for all variants
Added Component: Designator=R29(RESC0402(1005)_M)
Add component. Clean all parameters for all variants
Added Component: Designator=U12(FAIR-SC70-6_V)
Add component. Clean all parameters for all variants
Add component (AddParameter): Name = "Category"; Value = "IntegratedCircuits(ICs)"; VariantName = "[No Variations]"
Add component (AddParameter): Name = "Current - Output High, Low"; Value = "32mA,32mA"; VariantName = "[No Variations]"
Add component (AddParameter): Name = "Current - Quiescent (Max)"; Value = "1µA"; VariantName = "[No Variations]"
Add component (AddParameter): Name = "Datasheet URL"; Value = "https://www.fairchildsemi.com/datasheets/NC/NC7WZ04.pdf"; VariantName = "[No Variations]"
Add component (AddParameter): Name = "Datasheet Version"; Value = "Rev. 1.0.2, 12/2009"; VariantName = "[No Variations]"
Add component (AddParameter): Name = "Dynamic Catalog"; Value = "7WZ"; VariantName = "[No Variations]"
Add component (AddParameter): Name = "Family"; Value = "Logic-GatesandInverters"; VariantName = "[No Variations]"
Add component (AddParameter): Name = "Features"; Value = "-"; VariantName = "[No Variations]"
Add component (AddParameter): Name = "Logic Level - High"; Value = "-"; VariantName = "[No Variations]"
Add component (AddParameter): Name = "Logic Level - Low"; Value = "-"; VariantName = "[No Variations]"
Add component (AddParameter): Name = "Logic Type"; Value = "Inverter,Buffer"; VariantName = "[No Variations]"
Add component (AddParameter): Name = "Manufacturer"; Value = "Fairchild Semiconductor"; VariantName = "[No Variations]"
Add component (AddParameter): Name = "Manufacturer URL"; Value = "https://www.fairchildsemi.com/"; VariantName = "[No Variations]"
Add component (AddParameter): Name = "Max Propagation Delay @ V, Max CL"; Value = "3.6ns@5V,50pF"; VariantName = "[No Variations]"
Add component (AddParameter): Name = "Mounting Technology"; Value = "SurfaceMount"; VariantName = "[No Variations]"
Add component (AddParameter): Name = "Mounting Type"; Value = "SurfaceMount"; VariantName = "[No Variations]"
Add component (AddParameter): Name = "Number of Circuits"; Value = "2"; VariantName = "[No Variations]"
Add component (AddParameter): Name = "Number of Inputs"; Value = "1"; VariantName = "[No Variations]"
Add component (AddParameter): Name = "Operating Temperature"; Value = "-40°C~85°C"; VariantName = "[No Variations]"
Add component (AddParameter): Name = "Other Names"; Value = "NC7WZ04P6XDKR"; VariantName = "[No Variations]"
Add component (AddParameter): Name = "Package / Case"; Value = "6-TSSOP,SC-88,SOT-363"; VariantName = "[No Variations]"
Add component (AddParameter): Name = "Package Description"; Value = "6-Pin Small Outline Transistor, Body 2 x 1.25 mm, Pitch 0.65 mm"; VariantName = "[No Variations]"
Add component (AddParameter): Name = "Package Reference"; Value = "SC70-6"; VariantName = "[No Variations]"
Add component (AddParameter): Name = "Package URL"; Value = "https://www.fairchildsemi.com/package-drawings/MA/MAA06A.pdf"; VariantName = "[No Variations]"
Add component (AddParameter): Name = "Packaging"; Value = "Digi-Reel®"; VariantName = "[No Variations]"
Add component (AddParameter): Name = "PartId"; Value = "1"; VariantName = "[No Variations]"
Add component (AddParameter): Name = "Product Change Notification"; Value = "MoldCompoundChange12/Dec/2007"; VariantName = "[No Variations]"
Add component (AddParameter): Name = "Series"; Value = "7WZ"; VariantName = "[No Variations]"
Add component (AddParameter): Name = "Standard Package"; Value = "1"; VariantName = "[No Variations]"
Add component (AddParameter): Name = "Supplier Device Package"; Value = "SC-70-6"; VariantName = "[No Variations]"
Add component (AddParameter): Name = "Voltage - Supply"; Value = "1.65V~5.5V"; VariantName = "[No Variations]"
Added Pin To Net: NetName=GND Pin=U12-1
Added Pin To Net: NetName=GND Pin=U15-9
Added Pin To Net: NetName=GND Pin=U15-10
Change Net Name : Old Net Name=NetC3_1 New Net Name=NetC28_1
Change Net Name : Old Net Name=NetC6_1 New Net Name=NetC5_1
Change Net Name : Old Net Name=NetC6_2 New Net Name=NetC5_2
Change Net Name : Old Net Name=NetC11_1 New Net Name=NetC10_1
Change Net Name : Old Net Name=NetC11_2 New Net Name=NetC10_2
Change Net Name : Old Net Name=NetC12_1 New Net Name=NetC11_1
Change Net Name : Old Net Name=NetC12_2 New Net Name=NetC11_2
Change Net Name : Old Net Name=NetC16_2 New Net Name=NetC15_2
Change Net Name : Old Net Name=NetC17_1 New Net Name=NetC16_1
Change Net Name : Old Net Name=NetC24_1 New Net Name=NetC22_1
Change Net Name : Old Net Name=NetC24_2 New Net Name=NetC22_2
Change Net Name : Old Net Name=NetC25_1 New Net Name=NetC23_1
Change Net Name : Old Net Name=NetC25_2 New Net Name=NetC23_2
Change Net Name : Old Net Name=NetC26_2 New Net Name=NetC24_2
Change Net Name : Old Net Name=NetC27_1 New Net Name=NetC25_1
Change Net Name : Old Net Name=NetC28_1 New Net Name=NetC26_1
Change Net Name : Old Net Name=NetC29_1 New Net Name=NetC27_1
Change Net Name : Old Net Name=NetP3_2 New Net Name=NetP5_2
Change Net Name : Old Net Name=NetP6_1 New Net Name=NetP4_1
Change Net Name : Old Net Name=NetR5_2 New Net Name=NetR37_2
Change Net Name : Old Net Name=NetR6_1 New Net Name=NetR23_1
Change Net Name : Old Net Name=NetR6_2 New Net Name=NetR23_2
Change Net Name : Old Net Name=NetR7_2 New Net Name=NetR5_2
Change Net Name : Old Net Name=NetR11_1 New Net Name=NetR10_1
Change Net Name : Old Net Name=NetR12_1 New Net Name=NetR11_1
Change Net Name : Old Net Name=NetR13_1 New Net Name=NetR12_1
Change Net Name : Old Net Name=NetR14_3 New Net Name=NetR13_3
Change Net Name : Old Net Name=NetR22_3 New Net Name=NetR21_3
Change Net Name : Old Net Name=NetR23_3 New Net Name=NetR22_3
Change Net Name : Old Net Name=NetR27_1 New Net Name=NetR30_1
Change Net Name : Old Net Name=NetR27_2 New Net Name=NetR30_2
Change Net Name : Old Net Name=NetR30_1 New Net Name=NetR33_1
Change Net Name : Old Net Name=NetR34_1 New Net Name=NetR7_1
Change Net Name : Old Net Name=NetU2_8 New Net Name=NetU15_8
Change Net Name : Old Net Name=NetU2_11 New Net Name=NetU15_11
Added Pin To Net: NetName=NetP4_3 Pin=P4-3
Added Net: Name=NetP4_3
Added Pin To Net: NetName=NetP4_4 Pin=P4-4
Added Net: Name=NetP4_4
Added Pin To Net: NetName=NetR7_2 Pin=R7-2
Added Pin To Net: NetName=NetR7_2 Pin=R28-2
Added Pin To Net: NetName=NetR7_2 Pin=R29-1
Added Net: Name=NetR7_2
Added Pin To Net: NetName=NetR28_1 Pin=R28-1
Added Pin To Net: NetName=NetR28_1 Pin=U12-4
Added Net: Name=NetR28_1
Added Pin To Net: NetName=NetR29_2 Pin=R29-2
Added Pin To Net: NetName=NetR29_2 Pin=U12-3
Added Pin To Net: NetName=NetR29_2 Pin=U15-16
Added Net: Name=NetR29_2
Added Member To Class: ClassName=Sheet3 Member=Component R34 200
Added Member To Class: ClassName=Sheet3 Member=Component R35 2.6K
Added Member To Class: ClassName=Sheet3 Member=Component U12 NC7WZ04P6X
Added Member To Class: ClassName=Sheet3 Member=Component U16 ADP3301ARZ-3.3
