Change Component Designator: Old Designator=C3 New Designator=C28
Change Component Designator: Old Designator=C23 New Designator=C29
Change Component Designator: Old Designator=C24 New Designator=C22
Change Component Designator: Old Designator=C25 New Designator=C23
Change Component Designator: Old Designator=C26 New Designator=C24
Change Component Designator: Old Designator=C27 New Designator=C25
Change Component Designator: Old Designator=C28 New Designator=C26
Change Component Designator: Old Designator=C29 New Designator=C27
Change Component Designator: Old Designator=R5 New Designator=R37
Change Component Designator: Old Designator=R6 New Designator=R23
Change Component Designator: Old Designator=R9 New Designator=R24
Change Component Designator: Old Designator=R24 New Designator=R25
Change Component Designator: Old Designator=R25 New Designator=R26
Change Component Designator: Old Designator=R26 New Designator=R27
Change Component Designator: Old Designator=R27 New Designator=R30
Change Component Designator: Old Designator=R28 New Designator=R31
Change Component Designator: Old Designator=R29 New Designator=R32
Change Component Designator: Old Designator=R30 New Designator=R33
Change Component Designator: Old Designator=R31 New Designator=R34
Change Component Designator: Old Designator=R32 New Designator=R35
Change Component Designator: Old Designator=R33 New Designator=R36
Change Component Designator: Old Designator=R? New Designator=R28
Change Component Designator: Old Designator=R? New Designator=R29
Change Component Designator: Old Designator=U2 New Designator=U15
Change Component Designator: Old Designator=U13 New Designator=U16
Change Component Designator: Old Designator=U14 New Designator=U13
Change Component Designator: Old Designator=U14 New Designator=U13
Change Component Designator: Old Designator=U15 New Designator=U14
Change Component Designator: Old Designator=U15 New Designator=U14
Change Component Designator: Old Designator=U? New Designator=U12
Change Component Designator: Old Designator=U? New Designator=U12
Change Component Designator: Old Designator=U? New Designator=U12
