Removed Pin From Net: NetName=SPI0_MISO Pin=P4-7
Removed Pin From Net: NetName=Thermistor_CS0 Pin=P4-9
Removed Pin From Net: NetName=Thermistor_MUX_A1 Pin=P4-11
Removed Pin From Net: NetName=Thermistor_MUX A2 Pin=P4-12
Removed Pin From Net: NetName=+5 Pin=P4-17
Removed Pin From Net: NetName=+3.3 Pin=P4-18
Removed Pin From Net: NetName=GND Pin=P4-19
Removed Pin From Net: NetName=GND Pin=P4-20
Removed Pin From Net: NetName=Thermistor_MUX_A0 Pin=U5-8-31
Removed Pin From Net: NetName=Thermistor_MUX_A1 Pin=U5-8-32
Removed Pin From Net: NetName=Thermistor_MUX A2 Pin=U5-8-33
Change component parameters: Designator = "P4"; Footprint = "IPL1-112-01-F-S-K"; UniqueID = "\BNKKGAWO"
Change component parameters. Clean all parameters for all variants
Change component parameters (AddParameter): Name = "Supplier 1"; Value = "Newark"; VariantName = "[No Variations]"
Change component parameters (AddParameter): Name = "Supplier Part Number 1"; Value = "08W3504"; VariantName = "[No Variations]"
Added Component: Designator=P?(HDR2X15)
Add component. Clean all parameters for all variants
Add component (AddParameter): Name = "LatestRevisionDate"; Value = "17-Jul-2002"; VariantName = "[No Variations]"
Add component (AddParameter): Name = "LatestRevisionNote"; Value = "Re-released for DXP Platform."; VariantName = "[No Variations]"
Add component (AddParameter): Name = "Publisher"; Value = "Altium Limited"; VariantName = "[No Variations]"
Added Pin To Net: NetName=GND Pin=P4-1
Added Pin To Net: NetName=GND Pin=P4-2
Added Pin To Net: NetName=-5 Pin=P4-3
Added Pin To Net: NetName=Thermistor_MUX_A1 Pin=P4-6
Added Pin To Net: NetName=Thermistor_MUX A2 Pin=P4-7
Added Pin To Net: NetName=SPI0_MISO Pin=P4-9
Added Pin To Net: NetName=Thermistor_CS0 Pin=P4-12
Added Pin To Net: NetName=Board Heater FET_Buff 1 Pin=P4-17
Added Pin To Net: NetName=Board Heater FET_Buff 2 Pin=P4-18
Added Pin To Net: NetName=+5 Pin=P4-19
Added Pin To Net: NetName=+3.3 Pin=P4-20
Added Pin To Net: NetName=GND Pin=P?-1
Added Pin To Net: NetName=+5 BBB Pin=P?-2
Added Pin To Net: NetName=NetP10_12 Pin=P?-4
Added Pin To Net: NetName=FB_CS0 Pin=P?-5
Added Pin To Net: NetName=SPI0_MOSI Pin=P?-10
Added Pin To Net: NetName=SPI0_MISO Pin=P?-12
Added Pin To Net: NetName=SPI0_SCLK Pin=P?-14
Added Pin To Net: NetName=PWM1A Pin=P?-18
Added Pin To Net: NetName=GND Pin=P?-19
Added Pin To Net: NetName=GND Pin=P?-20
Added Pin To Net: NetName=+5 Pin=P?-21
Added Pin To Net: NetName=GND Pin=P?-22
Added Pin To Net: NetName=GND Pin=P?-23
Added Pin To Net: NetName=GND Pin=P?-24
Added Pin To Net: NetName=-5 Pin=P?-25
Added Pin To Net: NetName=+3.3 Pin=P?-26
Added Pin To Net: NetName=GND Pin=P?-27
Added Pin To Net: NetName=GND Pin=P?-28
Added Pin To Net: NetName=+12 Pin=P?-29
Added Pin To Net: NetName=+12 Pin=P?-30
Added Pin To Net: NetName=Thermistor_MUX_A0 Pin=U5-8-42
Added Pin To Net: NetName=Thermistor_MUX_A1 Pin=U5-8-43
Added Pin To Net: NetName=Thermistor_MUX A2 Pin=U5-8-44
Change Net Name : Old Net Name=MUX_A0 New Net Name=SPI0_CS0_MUX_A0
Change Net Name : Old Net Name=MUX_A1 New Net Name=SPI0_CS0_MUX_A1
Change Net Name : Old Net Name=MUX A2 New Net Name=SPI0_CS0_MUX A2
Change Net Name : Old Net Name=NetP2_15 New Net Name=FB_MUX_A1
Change Net Name : Old Net Name=NetP2_16 New Net Name=FB_MUX_A0
Added Pin To Net: NetName=NetU1_1 Pin=U1-1
Added Net: Name=NetU1_1
Added Pin To Net: NetName=NetU1_15 Pin=U1-15
Added Net: Name=NetU1_15
Added Pin To Net: NetName=NetU1_16 Pin=U1-16
Added Net: Name=NetU1_16
Added Pin To Net: NetName=Power_CS0 Pin=P?-9
Added Net: Name=Power_CS0
Added Pin To Net: NetName=Power_MUX_A0 Pin=P?-11
Added Pin To Net: NetName=Power_MUX_A0 Pin=U5-8-14
Added Net: Name=Power_MUX_A0
Added Pin To Net: NetName=Power_MUX_A1 Pin=P?-13
Added Pin To Net: NetName=Power_MUX_A1 Pin=U5-8-15
Added Net: Name=Power_MUX_A1
Added Pin To Net: NetName=Power_MUX_A2 Pin=P?-15
Added Pin To Net: NetName=Power_MUX_A2 Pin=U5-8-16
Added Net: Name=Power_MUX_A2
Added Pin To Net: NetName=Thermistor_MUX A3 Pin=P4-11
Added Pin To Net: NetName=Thermistor_MUX A3 Pin=U5-8-45
Added Net: Name=Thermistor_MUX A3
Added Member To Class: ClassName=Connectors Member=Component P? Header 15X2
