Removed Pin From Net: NetName=GND Pin=C8-1
Removed Pin From Net: NetName=+9 Pin=C8-2
Removed Pin From Net: NetName=+5 Pin=C9-1
Removed Pin From Net: NetName=GND Pin=C9-2
Removed Pin From Net: NetName=-5 Pin=C10-1
Removed Pin From Net: NetName=GND Pin=C10-2
Removed Pin From Net: NetName=-5 Pin=C11-1
Removed Pin From Net: NetName=GND Pin=C11-2
Removed Pin From Net: NetName=GND Pin=C12-1
Removed Pin From Net: NetName=GND Pin=C14-1
Removed Pin From Net: NetName=GND Pin=C15-1
Removed Pin From Net: NetName=ZH Pin=C15-2
Removed Pin From Net: NetName=GND Pin=C16-2
Removed Pin From Net: NetName=GND Pin=C17-1
Removed Pin From Net: NetName=GND Pin=C18-1
Removed Pin From Net: NetName=+9 Pin=C18-2
Removed Pin From Net: NetName=GND Pin=C19-1
Removed Pin From Net: NetName=-5 Pin=C19-2
Removed Pin From Net: NetName=GND Pin=C22-1
Removed Pin From Net: NetName=+12 Pin=C22-2
Removed Pin From Net: NetName=GND Pin=C23-1
Removed Pin From Net: NetName=+12 Pin=C23-2
Removed Pin From Net: NetName=GND Pin=C25-1
Removed Pin From Net: NetName=+12 Pin=C26-1
Removed Pin From Net: NetName=GND Pin=C26-2
Removed Pin From Net: NetName=GND Pin=P14-2
Removed Pin From Net: NetName=-5 Pin=P15-A2
Removed Pin From Net: NetName=GND Pin=P15-A5
Removed Pin From Net: NetName=GND Pin=P15-B1
Removed Pin From Net: NetName=+5 Pin=P15-B2
Removed Pin From Net: NetName=ZH Pin=P15-B4
Removed Pin From Net: NetName=GND Pin=P16-1
Removed Pin From Net: NetName=+5 Pin=P16-4
Removed Pin From Net: NetName=+3.3 Pin=P16-6
Removed Pin From Net: NetName=ZH Pin=P16-8
Removed Pin From Net: NetName=FB_CS0 Pin=P16-10
Removed Pin From Net: NetName=+12 Pin=P17-5
Removed Pin From Net: NetName=+5 Pin=P17-6
Removed Pin From Net: NetName=-5 Pin=P17-7
Removed Pin From Net: NetName=GND Pin=P17-9
Removed Pin From Net: NetName=+9 Pin=P17-10
Removed Pin From Net: NetName=+5 Pin=R24-2
Removed Pin From Net: NetName=GND Pin=R29-1
Removed Pin From Net: NetName=GND Pin=R31-2
Removed Pin From Net: NetName=GND Pin=R38-2
Removed Pin From Net: NetName=GND Pin=R43-1
Removed Pin From Net: NetName=GND Pin=R44-1
Removed Pin From Net: NetName=ZH Pin=TP7-1
Removed Pin From Net: NetName=GND Pin=TP8-1
Removed Pin From Net: NetName=-5 Pin=U8-5
Removed Pin From Net: NetName=GND Pin=U8-12
Removed Pin From Net: NetName=+9 Pin=U8-16
Removed Pin From Net: NetName=-5 Pin=U9-2
Removed Pin From Net: NetName=+5 Pin=U9-5
Removed Pin From Net: NetName=ZH Pin=U10-1
Removed Pin From Net: NetName=GND Pin=U10-4
Removed Pin From Net: NetName=GND Pin=U11-7
Removed Pin From Net: NetName=GND Pin=U12-2
Removed Pin From Net: NetName=-5 Pin=U12-5
Removed Pin From Net: NetName=GND Pin=U12-6
Removed Pin From Net: NetName=GND Pin=U12-14
Removed Pin From Net: NetName=+9 Pin=U12-16
Removed Pin From Net: NetName=GND Pin=U12-19
Removed Pin From Net: NetName=GND Pin=U13-4
Removed Pin From Net: NetName=+12 Pin=U13-8
Removed Pin From Net: NetName=GND Pin=U14-4
Removed Pin From Net: NetName=+12 Pin=U14-8
Removed Pin From Net: NetName=GND Pin=U15-2
Removed Pin From Net: NetName=+12 Pin=U15-5
