Removed Pin From Net: NetName=SPI0_MISO Pin=P2-7
Removed Pin From Net: NetName=Thermistor_MUX_A0 Pin=P2-8
Removed Pin From Net: NetName=SPI0_SCLK Pin=P2-10
Removed Pin From Net: NetName=Thermistor_MUX_A1 Pin=P2-11
Removed Pin From Net: NetName=Thermistor_MUX A2 Pin=P2-12
Removed Pin From Net: NetName=+5 Pin=P2-17
Removed Pin From Net: NetName=+3.3 Pin=P2-18
Removed Pin From Net: NetName=GND Pin=P2-19
Removed Pin From Net: NetName=+12 Pin=P2-21
Removed Pin From Net: NetName=+12 Pin=P2-22
Removed Pin From Net: NetName=GND Pin=P2-23
Removed Pin From Net: NetName=GND Pin=P2-24
Removed Pin From Net: NetName=NetP2_3 Pin=P4-3
Removed Pin From Net: NetName=PWM1A Pin=P8-1
Removed Pin From Net: NetName=GND Pin=P8-2
Removed Pin From Net: NetName=+5 Pin=P8-3
Removed Pin From Net: NetName=+3.3 Pin=P8-5
Removed Pin From Net: NetName=ZH Pin=P8-7
Removed Pin From Net: NetName=SPI0_MISO Pin=P8-8
Removed Pin From Net: NetName=FB_CS0 Pin=P8-9
Removed Pin From Net: NetName=SPI0_SCLK Pin=P8-10
Removed Pin From Net: NetName=+5 Pin=P9-5
Removed Pin From Net: NetName=+12 Pin=P9-6
Removed Pin From Net: NetName=-5 Pin=P9-8
Removed Pin From Net: NetName=+9 Pin=P9-9
Removed Pin From Net: NetName=GND Pin=P9-10
Removed Member From Class: ClassName=Connectors Member=P8
Removed Member From Class: ClassName=Connectors Member=P9
Change Component Footprint: Designator=P2 Old Footprint=IPL1-112-01-F-S-K New Footprint=HDR2X16_CEN
Change Component Comment : Designator=P2 Old Comment=IPL1-112-01-F-S-K New Comment=Header 16X2A
Change component parameters: Designator = "P2"; Footprint = "HDR2X16_CEN"; UniqueID = "\IFYMWIIU"
Change component parameters. Clean all parameters for all variants
Change component parameters (AddParameter): Name = "LatestRevisionDate"; Value = "17-Jul-2002"; VariantName = "[No Variations]"
Change component parameters (AddParameter): Name = "LatestRevisionNote"; Value = "Re-released for DXP Platform."; VariantName = "[No Variations]"
Change component parameters (AddParameter): Name = "Publisher"; Value = "Altium Limited"; VariantName = "[No Variations]"
Added Pin To Net: NetName=SPI0_MISO Pin=P2-1
Added Pin To Net: NetName=SPI0_SCLK Pin=P2-2
Added Pin To Net: NetName=PWM1A Pin=P2-5
Added Pin To Net: NetName=GND Pin=P2-14
Added Pin To Net: NetName=+5 Pin=P2-19
Added Pin To Net: NetName=+3.3 Pin=P2-21
Added Pin To Net: NetName=ZH Pin=P2-23
Added Pin To Net: NetName=+12 Pin=P2-25
Added Pin To Net: NetName=-5 Pin=P2-27
Added Pin To Net: NetName=GND Pin=P2-32
Added Pin To Net: NetName=NetP2_11 Pin=P2-11
Added Pin To Net: NetName=NetP2_11 Pin=U5-8-19
Added Net: Name=NetP2_11
Added Pin To Net: NetName=NetP2_13 Pin=P2-13
Added Pin To Net: NetName=NetP2_13 Pin=U5-8-13
Added Net: Name=NetP2_13
Added Pin To Net: NetName=NetP2_15 Pin=P2-15
Added Pin To Net: NetName=NetP2_15 Pin=U5-8-26
Added Net: Name=NetP2_15
Added Pin To Net: NetName=NetP2_16 Pin=P2-16
Added Pin To Net: NetName=NetP2_16 Pin=U5-8-25
Added Net: Name=NetP2_16
Added Pin To Net: NetName=NetP4_1 Pin=P4-1
Added Net: Name=NetP4_1
Added Pin To Net: NetName=NetP4_2 Pin=P4-2
Added Net: Name=NetP4_2
Added Pin To Net: NetName=NetP4_3 Pin=P4-3
Added Net: Name=NetP4_3
Added Pin To Net: NetName=NetP4_4 Pin=P4-4
Added Net: Name=NetP4_4
Added Pin To Net: NetName=NetP4_5 Pin=P4-5
Added Net: Name=NetP4_5
Added Pin To Net: NetName=NetP4_6 Pin=P4-6
Added Net: Name=NetP4_6
Added Pin To Net: NetName=NetU5_8-23 Pin=U5-8-23
Added Net: Name=NetU5_8-23
