Removed Member From Class: ClassName=Synch_demod Member=C24
Removed Member From Class: ClassName=DC-Motor-DRV Member=C32
Removed Member From Class: ClassName=heater_control Member=P4
Removed Member From Class: ClassName=Synch_demod Member=P6
Removed Member From Class: ClassName=Synch_demod Member=P7
Removed Member From Class: ClassName=Connectors Member=P12
Removed Member From Class: ClassName=Connectors Member=P14
Removed Member From Class: ClassName=DC-Motor-DRV Member=R19
Removed Member From Class: ClassName=Synch_demod Member=R19
Removed Member From Class: ClassName=Synch_demod Member=R24
Removed Member From Class: ClassName=Synch_demod Member=R25
Removed Member From Class: ClassName=Synch_demod Member=R26
Removed Member From Class: ClassName=Synch_demod Member=R36
Removed Member From Class: ClassName=Synch_demod Member=R38
Removed Member From Class: ClassName=Synch_demod Member=R40
Removed Member From Class: ClassName=Synch_demod Member=R41
Removed Member From Class: ClassName=Synch_demod Member=R44
Removed Member From Class: ClassName=DC-Motor-DRV Member=R46
Removed Member From Class: ClassName=DC-Motor-DRV Member=R47
Removed Member From Class: ClassName=DC-Motor-DRV Member=R49
Removed Member From Class: ClassName=heater_control Member=R61
Removed Member From Class: ClassName=heater_control Member=R65
Removed Member From Class: ClassName=heater_control Member=R66
Removed Member From Class: ClassName=heater_control Member=R67
Removed Member From Class: ClassName=DC-Motor-DRV Member=U7
Change Component Designator: OldDesignator=P15 NewDesignator=P100
Added Member To Class: ClassName=DC-Motor-DRV Member=Component C7 33nF
Added Member To Class: ClassName=DC-Motor-DRV Member=Component C21 4.7uF
Added Member To Class: ClassName=Synch_demod Member=Component C33 .1uF
Added Member To Class: ClassName=Connectors Member=Component P1 Header 3
Added Member To Class: ClassName=heater_control Member=Component P13 IPL1-112-01-F-S-K
Added Member To Class: ClassName=Synch_demod Member=Component P14 SSW-102-02-G-S-RA
Added Member To Class: ClassName=Synch_demod Member=Component P100 FTSH-105-01-F-DV-K
Added Member To Class: ClassName=heater_control Member=Component R16 4.99k
Added Member To Class: ClassName=heater_control Member=Component R20 4.99k
Added Member To Class: ClassName=heater_control Member=Component R21 20k
Added Member To Class: ClassName=heater_control Member=Component R22 4.99k
Added Member To Class: ClassName=DC-Motor-DRV Member=Component R23 10K
Added Member To Class: ClassName=DC-Motor-DRV Member=Component R28 10K
Added Member To Class: ClassName=DC-Motor-DRV Member=Component R39 10K
Added Member To Class: ClassName=DC-Motor-DRV Member=Component R42 10K
Added Member To Class: ClassName=Synch_demod Member=Component R46 3..k
Added Member To Class: ClassName=Synch_demod Member=Component R47 100k
Added Member To Class: ClassName=Synch_demod Member=Component R48 18.2k
Added Member To Class: ClassName=Synch_demod Member=Component R56 10K
Added Member To Class: ClassName=Synch_demod Member=Component R57 3.9k
Added Member To Class: ClassName=Synch_demod Member=Component R58 7.5k
Added Member To Class: ClassName=Synch_demod Member=Component R59 0
Added Member To Class: ClassName=Synch_demod Member=Component R60 DNP
Added Member To Class: ClassName=Synch_demod Member=Component R63 DNP
Added Member To Class: ClassName=DC-Motor-DRV Member=Component U8 DRV8801PWPR
