Removed Pin From Net: NetName=Cross_Yellow Pin=P1-1
Removed Pin From Net: NetName=Cross_Green Pin=P1-2
Removed Pin From Net: NetName=Cross_Orange Pin=P1-3
Removed Pin From Net: NetName=+5 Pin=P2-1
Removed Pin From Net: NetName=GND Pin=P2-2
Removed Pin From Net: NetName=GND Pin=P2-3
Removed Pin From Net: NetName=SPI1_MISO Pin=P2-4
Removed Pin From Net: NetName=SPI1_MOSI Pin=P2-5
Removed Pin From Net: NetName=SPI1_SCLK Pin=P2-6
Removed Pin From Net: NetName=SPI1_CS0 Pin=P2-7
Removed Pin From Net: NetName=Long_Yellow Pin=P4-1
Removed Pin From Net: NetName=Long_Green Pin=P4-2
Removed Pin From Net: NetName=Long_Orange Pin=P4-3
Removed Pin From Net: NetName=SPI0_SCLK Pin=U18-14
Removed Pin From Net: NetName=SPI0_MOSI Pin=U18-16
Removed Pin From Net: NetName=SPI0_MISO Pin=U18-17
Removed Pin From Net: NetName=Encoder_CS0 Pin=U18-18
Removed Member From Class: ClassName=Connectors Member=P1
Removed Member From Class: ClassName=Connectors Member=P2
Removed Member From Class: ClassName=Connectors Member=P4
Removed Member From Class: ClassName=DC-Motor-DRV Member=U18
Added Component: Designator=R59(RESC0402(1005)_M)
Add component. Clean all parameters for all variants
Added Component: Designator=R60(RESC0402(1005)_M)
Add component. Clean all parameters for all variants
Added Component: Designator=R61(RESC0402(1005)_M)
Add component. Clean all parameters for all variants
Added Component: Designator=U19(SN65LBC179QDRG4)
Add component. Clean all parameters for all variants
Add component (AddParameter): Name = "Base Part Number"; Value = "SN65LBC179"; VariantName = "[No Variations]"
Add component (AddParameter): Name = "Category"; Value = "Integrated Circuits (ICs)"; VariantName = "[No Variations]"
Add component (AddParameter): Name = "ComponentLink1Description"; Value = "http://www.ti.com/lit/ds/symlink/sn75lbc179.pdf"; VariantName = "[No Variations]"
Add component (AddParameter): Name = "ComponentLink1URL"; Value = "http://www.ti.com/lit/ds/symlink/sn75lbc179.pdf"; VariantName = "[No Variations]"
Add component (AddParameter): Name = "Data Rate"; Value = "-"; VariantName = "[No Variations]"
Add component (AddParameter): Name = "Duplex"; Value = "Full"; VariantName = "[No Variations]"
Add component (AddParameter): Name = "Manufacturer"; Value = "Texas Instruments"; VariantName = "[No Variations]"
Add component (AddParameter): Name = "Manufacturer Part Number"; Value = "SN65LBC179QDRG4"; VariantName = "[No Variations]"
Add component (AddParameter): Name = "Mounting Type"; Value = "Surface Mount"; VariantName = "[No Variations]"
Add component (AddParameter): Name = "Number of Drivers/Receivers"; Value = "1/1"; VariantName = "[No Variations]"
Add component (AddParameter): Name = "Operating Temperature"; Value = "-40°C ~ 125°C"; VariantName = "[No Variations]"
Add component (AddParameter): Name = "Package / Case"; Value = "8-SOIC (0.154", 3.90mm Width)"; VariantName = "[No Variations]"
Add component (AddParameter): Name = "Packaging"; Value = "Digi-Reel®"; VariantName = "[No Variations]"
Add component (AddParameter): Name = "Part Status"; Value = "Active"; VariantName = "[No Variations]"
Add component (AddParameter): Name = "Pricing 1"; Value = "1=2.73, 10=2.451, 100=2.0085, 500=1.7098, 1000=1.442 (USD)"; VariantName = "[No Variations]"
Add component (AddParameter): Name = "Protocol"; Value = "RS422, RS485"; VariantName = "[No Variations]"
Add component (AddParameter): Name = "RoHS"; Value = "RoHS Compliant"; VariantName = "[No Variations]"
Add component (AddParameter): Name = "Stock 1"; Value = "4792"; VariantName = "[No Variations]"
Add component (AddParameter): Name = "Supplier 1"; Value = "Digi-Key"; VariantName = "[No Variations]"
Add component (AddParameter): Name = "Supplier Device Package"; Value = "8-SOIC"; VariantName = "[No Variations]"
Add component (AddParameter): Name = "Supplier Part Number 1"; Value = "296-22544-6-ND"; VariantName = "[No Variations]"
Add component (AddParameter): Name = "Type"; Value = "Transceiver"; VariantName = "[No Variations]"
Add component (AddParameter): Name = "Voltage - Supply"; Value = "4.75 V ~ 5.25 V"; VariantName = "[No Variations]"
Added Component: Designator=U20(SN65LBC179QDRG4)
Add component. Clean all parameters for all variants
Add component (AddParameter): Name = "Base Part Number"; Value = "SN65LBC179"; VariantName = "[No Variations]"
Add component (AddParameter): Name = "Category"; Value = "Integrated Circuits (ICs)"; VariantName = "[No Variations]"
Add component (AddParameter): Name = "ComponentLink1Description"; Value = "http://www.ti.com/lit/ds/symlink/sn75lbc179.pdf"; VariantName = "[No Variations]"
Add component (AddParameter): Name = "ComponentLink1URL"; Value = "http://www.ti.com/lit/ds/symlink/sn75lbc179.pdf"; VariantName = "[No Variations]"
Add component (AddParameter): Name = "Data Rate"; Value = "-"; VariantName = "[No Variations]"
Add component (AddParameter): Name = "Duplex"; Value = "Full"; VariantName = "[No Variations]"
Add component (AddParameter): Name = "Manufacturer"; Value = "Texas Instruments"; VariantName = "[No Variations]"
Add component (AddParameter): Name = "Manufacturer Part Number"; Value = "SN65LBC179QDRG4"; VariantName = "[No Variations]"
Add component (AddParameter): Name = "Mounting Type"; Value = "Surface Mount"; VariantName = "[No Variations]"
Add component (AddParameter): Name = "Number of Drivers/Receivers"; Value = "1/1"; VariantName = "[No Variations]"
Add component (AddParameter): Name = "Operating Temperature"; Value = "-40°C ~ 125°C"; VariantName = "[No Variations]"
Add component (AddParameter): Name = "Package / Case"; Value = "8-SOIC (0.154", 3.90mm Width)"; VariantName = "[No Variations]"
Add component (AddParameter): Name = "Packaging"; Value = "Digi-Reel®"; VariantName = "[No Variations]"
Add component (AddParameter): Name = "Part Status"; Value = "Active"; VariantName = "[No Variations]"
Add component (AddParameter): Name = "Pricing 1"; Value = "1=2.73, 10=2.451, 100=2.0085, 500=1.7098, 1000=1.442 (USD)"; VariantName = "[No Variations]"
Add component (AddParameter): Name = "Protocol"; Value = "RS422, RS485"; VariantName = "[No Variations]"
Add component (AddParameter): Name = "RoHS"; Value = "RoHS Compliant"; VariantName = "[No Variations]"
Add component (AddParameter): Name = "Stock 1"; Value = "4792"; VariantName = "[No Variations]"
Add component (AddParameter): Name = "Supplier 1"; Value = "Digi-Key"; VariantName = "[No Variations]"
Add component (AddParameter): Name = "Supplier Device Package"; Value = "8-SOIC"; VariantName = "[No Variations]"
Add component (AddParameter): Name = "Supplier Part Number 1"; Value = "296-22544-6-ND"; VariantName = "[No Variations]"
Add component (AddParameter): Name = "Type"; Value = "Transceiver"; VariantName = "[No Variations]"
Add component (AddParameter): Name = "Voltage - Supply"; Value = "4.75 V ~ 5.25 V"; VariantName = "[No Variations]"
Added Component: Designator=U?(MAX1486EUB+)
Add component. Clean all parameters for all variants
Add component (AddParameter): Name = "Base Part Number"; Value = "MAX1481"; VariantName = "[No Variations]"
Add component (AddParameter): Name = "Category"; Value = "Integrated Circuits (ICs)"; VariantName = "[No Variations]"
Add component (AddParameter): Name = "ComponentLink1Description"; Value = "https://datasheets.maximintegrated.com/en/ds/MAX1481-MAX1486.pdf"; VariantName = "[No Variations]"
Add component (AddParameter): Name = "ComponentLink1URL"; Value = "https://datasheets.maximintegrated.com/en/ds/MAX1481-MAX1486.pdf"; VariantName = "[No Variations]"
Add component (AddParameter): Name = "Data Rate"; Value = "250kbps"; VariantName = "[No Variations]"
Add component (AddParameter): Name = "Duplex"; Value = "Full"; VariantName = "[No Variations]"
Add component (AddParameter): Name = "Manufacturer"; Value = "Maxim Integrated"; VariantName = "[No Variations]"
Add component (AddParameter): Name = "Manufacturer Part Number"; Value = "MAX1481EUB+"; VariantName = "[No Variations]"
Add component (AddParameter): Name = "Mounting Type"; Value = "Surface Mount"; VariantName = "[No Variations]"
Add component (AddParameter): Name = "Number of Drivers/Receivers"; Value = "1/1"; VariantName = "[No Variations]"
Add component (AddParameter): Name = "Operating Temperature"; Value = "-40°C ~ 85°C"; VariantName = "[No Variations]"
Add component (AddParameter): Name = "Package / Case"; Value = "10-TFSOP, 10-MSOP (0.118", 3.00mm Width)"; VariantName = "[No Variations]"
Add component (AddParameter): Name = "Packaging"; Value = "Tube"; VariantName = "[No Variations]"
Add component (AddParameter): Name = "Part Status"; Value = "Active"; VariantName = "[No Variations]"
Add component (AddParameter): Name = "Pricing 1"; Value = "1=2.57, 10=2.442, 25=2.28 (USD)"; VariantName = "[No Variations]"
Add component (AddParameter): Name = "Protocol"; Value = "RS422, RS485"; VariantName = "[No Variations]"
Add component (AddParameter): Name = "RoHS"; Value = "RoHS Compliant"; VariantName = "[No Variations]"
Add component (AddParameter): Name = "Stock 1"; Value = "308"; VariantName = "[No Variations]"
Add component (AddParameter): Name = "Supplier 1"; Value = "Digi-Key"; VariantName = "[No Variations]"
Add component (AddParameter): Name = "Supplier Device Package"; Value = "10-uMAX"; VariantName = "[No Variations]"
Add component (AddParameter): Name = "Supplier Part Number 1"; Value = "MAX1481EUB+-ND"; VariantName = "[No Variations]"
Add component (AddParameter): Name = "Type"; Value = "Transceiver"; VariantName = "[No Variations]"
Add component (AddParameter): Name = "Voltage - Supply"; Value = "4.75 V ~ 5.25 V"; VariantName = "[No Variations]"
Added Pin To Net: NetName=+3.3 Pin=R59-2
Added Pin To Net: NetName=GND Pin=R60-2
Added Pin To Net: NetName=+3.3 Pin=U19-1
Added Pin To Net: NetName=GND Pin=U19-4
Added Pin To Net: NetName=GND Pin=U20-4
Added Pin To Net: NetName=SPI0_MISO Pin=U?-1
Added Pin To Net: NetName=Encoder_CS0 Pin=U?-2
Added Pin To Net: NetName=+3.3 Pin=U?-3
Added Pin To Net: NetName=SPI0_SCLK Pin=U?-4
Added Pin To Net: NetName=GND Pin=U?-5
Added Pin To Net: NetName=+3.3 Pin=U?-10
Added Pin To Net: NetName=CLOCK+ Pin=U?-8
Added Net: Name=CLOCK+
Added Pin To Net: NetName=CLOCK- Pin=U?-7
Added Net: Name=CLOCK-
Added Pin To Net: NetName=DATA+ Pin=U?-9
Added Net: Name=DATA+
Added Pin To Net: NetName=DATA- Pin=U?-6
Added Net: Name=DATA-
Added Pin To Net: NetName=NetR59_1 Pin=R59-1
Added Pin To Net: NetName=NetR59_1 Pin=R61-1
Added Pin To Net: NetName=NetR59_1 Pin=U19-8
Added Pin To Net: NetName=NetR59_1 Pin=U20-5
Added Net: Name=NetR59_1
Added Pin To Net: NetName=NetR60_1 Pin=R60-1
Added Pin To Net: NetName=NetR60_1 Pin=R61-2
Added Pin To Net: NetName=NetR60_1 Pin=U19-7
Added Pin To Net: NetName=NetR60_1 Pin=U20-6
Added Net: Name=NetR60_1
Added Pin To Net: NetName=NetU19_5 Pin=U19-5
Added Pin To Net: NetName=NetU19_5 Pin=U20-8
Added Net: Name=NetU19_5
Added Pin To Net: NetName=NetU19_6 Pin=U19-6
Added Pin To Net: NetName=NetU19_6 Pin=U20-7
Added Net: Name=NetU19_6
Added Member To Class: ClassName=DC-Motor-DRV Member=Component R59 1.2K
Added Member To Class: ClassName=DC-Motor-DRV Member=Component R60 1.2K
Added Member To Class: ClassName=DC-Motor-DRV Member=Component R61 1.2K
Added Member To Class: ClassName=DC-Motor-DRV Member=Component U19 SN65LBC179QDRG4
Added Member To Class: ClassName=DC-Motor-DRV Member=Component U20 SN65LBC179QDRG4
Added Member To Class: ClassName=DC-Motor-DRV Member=Component U? MAX1481EUB+
