Removed Pin From Net: NetName=GND Pin=P8-7
Removed Pin From Net: NetName=GND Pin=P8-9
Removed Pin From Net: NetName=GND Pin=P8-11
Removed Pin From Net: NetName=GND Pin=P8-13
Removed Pin From Net: NetName=GND Pin=P8-15
Removed Pin From Net: NetName=GND Pin=P8-16
Removed Pin From Net: NetName=SPI0_MISO Pin=P10-2
Removed Pin From Net: NetName=SPI0_SCLK Pin=P10-4
Removed Pin From Net: NetName=PWM1A Pin=P10-8
Removed Pin From Net: NetName=+5 BBB Pin=P10-16
Removed Pin From Net: NetName=Power_IN Pin=P11-2
Removed Pin From Net: NetName=Relay_Out Pin=P11-4
Removed Pin From Net: NetName=GND Pin=P11-6
Removed Pin From Net: NetName=GND Pin=P11-8
Removed Pin From Net: NetName=GND Pin=P11-10
Removed Pin From Net: NetName=GND Pin=P11-12
Removed Pin From Net: NetName=GND Pin=P11-14
Removed Pin From Net: NetName=GND Pin=P11-16
Removed Pin From Net: NetName=PWM1A Pin=P?-18
Removed Member From Class: ClassName=Connectors Member=P8
Removed Member From Class: ClassName=Connectors Member=P10
Removed Member From Class: ClassName=Connectors Member=P11
Change Component Designator: OldDesignator=P? NewDesignator=P1
Added Pin To Net: NetName=PWM1A Pin=P1-8
Added Pin To Net: NetName=FB_CS0 Pin=P2-3
Change Net Name : Old Net Name=NetP2_6 New Net Name=Batt_1_Stat
Change Net Name : Old Net Name=NetP2_7 New Net Name=Batt_2_Stat
Change Net Name : Old Net Name=NetP2_9 New Net Name=Sys_Pwr_Enable
Change Net Name : Old Net Name=NetP2_11 New Net Name=PWM2A
Change Net Name : Old Net Name=NetP2_13 New Net Name=PWM2B
Added Pin To Net: NetName=BBB_PWR_SW Pin=P1-4
Added Pin To Net: NetName=BBB_PWR_SW Pin=U5-9-9
Added Net: Name=BBB_PWR_SW
