Removed Pin From Net: NetName=NetQ3_1 Pin=R47-2
Removed Pin From Net: NetName=NetC24_2 Pin=U15-2
Removed Member From Class: ClassName=heater_control Member=R47
Added Component: Designator=U32(DBV0005A_M)
Add component. Clean all parameters for all variants
Add component (AddParameter): Name = "CMRR(Min)(dB)"; Value = "120"; VariantName = "[No Variations]"
Add component (AddParameter): Name = "Code_JEDEC"; Value = "MO-178"; VariantName = "[No Variations]"
Add component (AddParameter): Name = "ComponentLink1Description"; Value = "Manufacturer URL"; VariantName = "[No Variations]"
Add component (AddParameter): Name = "ComponentLink1URL"; Value = "http://www.ti.com/"; VariantName = "[No Variations]"
Add component (AddParameter): Name = "ComponentLink2Description"; Value = "Datasheet"; VariantName = "[No Variations]"
Add component (AddParameter): Name = "ComponentLink2URL"; Value = "http://www.ti.com/lit/ds/symlink/opa188.pdf"; VariantName = "[No Variations]"
Add component (AddParameter): Name = "ComponentLink3Description"; Value = "Package Specification"; VariantName = "[No Variations]"
Add component (AddParameter): Name = "ComponentLink3URL"; Value = "http://www.ti.com/litv/pdf/mpds018i"; VariantName = "[No Variations]"
Add component (AddParameter): Name = "DatasheetVersion"; Value = "SBOS642A"; VariantName = "[No Variations]"
Add component (AddParameter): Name = "Eco-Plan"; Value = "Green (RoHS & no Sb/Br)"; VariantName = "[No Variations]"
Add component (AddParameter): Name = "GBW(Typ)(MHz)"; Value = "2"; VariantName = "[No Variations]"
Add component (AddParameter): Name = "Iq per channel(Max)(mA)"; Value = "0.51"; VariantName = "[No Variations]"
Add component (AddParameter): Name = "Manufacturer"; Value = "Texas Instruments"; VariantName = "[No Variations]"
Add component (AddParameter): Name = "Mounting Technology"; Value = "Surface Mount"; VariantName = "[No Variations]"
Add component (AddParameter): Name = "Number of Channels"; Value = "1"; VariantName = "[No Variations]"
Add component (AddParameter): Name = "Offset Drift(Typ)(uV/C)"; Value = "0.03"; VariantName = "[No Variations]"
Add component (AddParameter): Name = "PackageDescription"; Value = "5-Pin Plastic Small Outline, Body 1.6 x 2.9 mm, Pitch 0.95 mm"; VariantName = "[No Variations]"
Add component (AddParameter): Name = "PackageReference"; Value = "DBV0005A"; VariantName = "[No Variations]"
Add component (AddParameter): Name = "PackageVersion"; Value = "4073253-4/K, 03/2006"; VariantName = "[No Variations]"
Add component (AddParameter): Name = "Packing"; Value = ""; VariantName = "[No Variations]"
Add component (AddParameter): Name = "PartNumber"; Value = "OPA188AIDBVR"; VariantName = "[No Variations]"
Add component (AddParameter): Name = "Rating"; Value = "Catalog"; VariantName = "[No Variations]"
Add component (AddParameter): Name = "Slew Rate(Typ)(V/us)"; Value = "0.8"; VariantName = "[No Variations]"
Add component (AddParameter): Name = "SubFamily"; Value = "Zero Drift Precision Amplifier"; VariantName = "[No Variations]"
Add component (AddParameter): Name = "Total Supply Voltage(Max)(+5V is 5, +/-5V is 10)"; Value = "36"; VariantName = "[No Variations]"
Add component (AddParameter): Name = "Total Supply Voltage(Min)(+5V is 5, +/-5V is 10)"; Value = "4"; VariantName = "[No Variations]"
Added Pin To Net: NetName=NetQ3_1 Pin=R63-1
Added Pin To Net: NetName=-5 Pin=U32-2
Added Pin To Net: NetName=NetC24_2 Pin=U32-3
Added Pin To Net: NetName=+5 Pin=U32-5
Added Pin To Net: NetName=CH0 Pin=U15-2
Added Pin To Net: NetName=CH0 Pin=U32-1
Added Pin To Net: NetName=CH0 Pin=U32-4
Added Net: Name=CH0
Added Pin To Net: NetName=NetR63_2 Pin=R63-2
Added Pin To Net: NetName=NetR63_2 Pin=R70-2
Added Pin To Net: NetName=NetR63_2 Pin=U16-8-5
Added Net: Name=NetR63_2
Added Member To Class: ClassName=ADC Member=Component U32 OPA188AIDBVR
