Removed Pin From Net: NetName=+12 Pin=C1-1
Removed Pin From Net: NetName=AGND Pin=C1-2
Removed Pin From Net: NetName=GND Pin=C40-1
Removed Pin From Net: NetName=+5 Pin=C40-2
Removed Pin From Net: NetName=GND Pin=C43-1
Removed Pin From Net: NetName=+5 Pin=C43-2
Removed Pin From Net: NetName=GND Pin=C48-1
Removed Pin From Net: NetName=+5 Pin=C48-2
Removed Pin From Net: NetName=GND Pin=C49-1
Removed Pin From Net: NetName=+5 Pin=C49-2
Removed Pin From Net: NetName=GND Pin=C50-1
Removed Pin From Net: NetName=+5 Pin=C50-2
Removed Pin From Net: NetName=GND Pin=C51-1
Removed Pin From Net: NetName=+5 Pin=C51-2
Removed Pin From Net: NetName=+5 Pin=C52-1
Removed Pin From Net: NetName=AGND Pin=C52-2
Removed Pin From Net: NetName=+5 Pin=C53-1
Removed Pin From Net: NetName=AGND Pin=C53-2
Removed Pin From Net: NetName=+3.3 Pin=C54-1
Removed Pin From Net: NetName=DGND Pin=C54-2
Removed Pin From Net: NetName=+3.3 Pin=C55-1
Removed Pin From Net: NetName=DGND Pin=C55-2
Removed Pin From Net: NetName=GND Pin=C56-2
Removed Pin From Net: NetName=GND Pin=C57-2
Removed Pin From Net: NetName=CH2 Pin=U1-1
Removed Pin From Net: NetName=GND Pin=U1-2
Removed Pin From Net: NetName=+3.3 Pin=U1-3
Removed Pin From Net: NetName=CH2 Pin=U1-4
Removed Pin From Net: NetName=+12 Pin=U1-5
Removed Pin From Net: NetName=GND Pin=U17-2
Removed Pin From Net: NetName=+5 Pin=U17-5
Removed Pin From Net: NetName=GND Pin=U18-2
Removed Pin From Net: NetName=+5 Pin=U18-5
Removed Pin From Net: NetName=+5 Pin=U21-1
Removed Pin From Net: NetName=NetU16_9-40 Pin=U21-8
Removed Pin From Net: NetName=SPI0_CS0 Pin=U21-10
Removed Pin From Net: NetName=SPI0_MOSI Pin=U21-11
Removed Pin From Net: NetName=NetU15_12 Pin=U21-12
Removed Pin From Net: NetName=SPI0_SCLK Pin=U21-13
Removed Pin From Net: NetName=SPI0_MISO Pin=U21-14
Removed Pin From Net: NetName=GND Pin=U21-15
Removed Pin From Net: NetName=GND Pin=U21-16
Removed Pin From Net: NetName=+3.3 Pin=U21-17
Removed Pin From Net: NetName=+3.3 Pin=U21-18
Removed Pin From Net: NetName=GND Pin=U21-21
Removed Pin From Net: NetName=+5 Pin=U21-22
Removed Pin From Net: NetName=GND Pin=U21-23
Removed Pin From Net: NetName=GND Pin=U21-24
Removed Pin From Net: NetName=GND Pin=U22-2
Removed Pin From Net: NetName=+5 Pin=U22-5
Removed Pin From Net: NetName=GND Pin=U23-2
Removed Pin From Net: NetName=+5 Pin=U23-5
Removed Pin From Net: NetName=GND Pin=U24-2
Removed Pin From Net: NetName=+5 Pin=U24-5
Removed Pin From Net: NetName=GND Pin=U25-2
Removed Pin From Net: NetName=+5 Pin=U25-5
Removed Member From Class: ClassName=ADC Member=C1
Removed Member From Class: ClassName=ADC Member=U1
Change Component Designator: OldDesignator=P? NewDesignator=P7
