Removed Pin From Net: NetName=NetR33_1 Pin=U1-8-34
Removed Pin From Net: NetName=NetR25_1 Pin=U1-8-36
Added Pin To Net: NetName=NetR33_1 Pin=U1-8-36
Added Pin To Net: NetName=NetR25_1 Pin=U1-8-38
Change Net Name : Old Net Name=MUX_A0 New Net Name=SPI0_CS0_MUX_A0
Change Net Name : Old Net Name=MUX_A1 New Net Name=SPI0_CS0_MUX_A1
Change Net Name : Old Net Name=MUX_B0 New Net Name=NetU1_8-42
Change Net Name : Old Net Name=MUX_B1 New Net Name=NetU1_8-43
Change Net Name : Old Net Name=MUX A2 New Net Name=SPI0_CS0_MUX A2
Change Net Name : Old Net Name=MUX B2 New Net Name=NetU1_8-44
Added Pin To Net: NetName=Arrestment Heater FET Pin=U1-8-3
Added Net: Name=Arrestment Heater FET
Added Pin To Net: NetName=Conning Tower FET Pin=U1-8-4
Added Net: Name=Conning Tower FET
Added Pin To Net: NetName=Gearbox Heater FET Pin=U1-8-6
Added Net: Name=Gearbox Heater FET
Added Pin To Net: NetName=Meter Heater FET Pin=U1-8-5
Added Net: Name=Meter Heater FET
Added Pin To Net: NetName=NetU1_8-7 Pin=U1-8-7
Added Net: Name=NetU1_8-7
Added Pin To Net: NetName=NetU1_8-8 Pin=U1-8-8
Added Net: Name=NetU1_8-8
Added Pin To Net: NetName=NetU1_8-13 Pin=U1-8-13
Added Net: Name=NetU1_8-13
Added Pin To Net: NetName=NetU1_8-19 Pin=U1-8-19
Added Net: Name=NetU1_8-19
Added Pin To Net: NetName=NetU1_8-22 Pin=U1-8-22
Added Net: Name=NetU1_8-22
Added Pin To Net: NetName=NetU1_8-23 Pin=U1-8-23
Added Net: Name=NetU1_8-23
Added Pin To Net: NetName=NetU1_8-28 Pin=U1-8-28
Added Net: Name=NetU1_8-28
Added Pin To Net: NetName=NetU1_8-31 Pin=U1-8-31
Added Net: Name=NetU1_8-31
Added Pin To Net: NetName=NetU1_8-32 Pin=U1-8-32
Added Net: Name=NetU1_8-32
Added Pin To Net: NetName=NetU1_8-33 Pin=U1-8-33
Added Net: Name=NetU1_8-33
Added Pin To Net: NetName=NetU1_8-34 Pin=U1-8-34
Added Net: Name=NetU1_8-34
