Change component parameters: Designator = "H5"; Footprint = "KF2-440-ET"; UniqueID = "\XCFDNWWK"
Change component parameters. Clean all parameters for all variants
Change component parameters (AddParameter): Name = "Between Board Height"; Value = "0.437" (11.10mm) 7/16""; VariantName = "[No Variations]"
Change component parameters (AddParameter): Name = "Category"; Value = "Hardware, Fasteners, Accessories"; VariantName = "[No Variations]"
Change component parameters (AddParameter): Name = "Color"; Value = "-"; VariantName = "[No Variations]"
Change component parameters (AddParameter): Name = "ComponentLink1Description"; Value = "http://www.keyelco.com/product-pdf.cfm?p=7788"; VariantName = "[No Variations]"
Change component parameters (AddParameter): Name = "ComponentLink1URL"; Value = "http://www.keyelco.com/product-pdf.cfm?p=7788"; VariantName = "[No Variations]"
Change component parameters (AddParameter): Name = "Diameter - Inside"; Value = "-"; VariantName = "[No Variations]"
Change component parameters (AddParameter): Name = "Diameter - Outside"; Value = "0.250" (6.35mm) 1/4" Hex"; VariantName = "[No Variations]"
Change component parameters (AddParameter): Name = "Features"; Value = "-"; VariantName = "[No Variations]"
Change component parameters (AddParameter): Name = "Gender"; Value = "Female, Female"; VariantName = "[No Variations]"
Change component parameters (AddParameter): Name = "Length - Overall"; Value = "0.437" (11.10mm) 7/16""; VariantName = "[No Variations]"
Change component parameters (AddParameter): Name = "Manufacturer"; Value = "Keystone Electronics"; VariantName = "[No Variations]"
Change component parameters (AddParameter): Name = "Manufacturer Part Number"; Value = "NC121034A"; VariantName = "[No Variations]"
Change component parameters (AddParameter): Name = "Material"; Value = "Aluminum"; VariantName = "[No Variations]"
Change component parameters (AddParameter): Name = "Part Status"; Value = "Active"; VariantName = "[No Variations]"
Change component parameters (AddParameter): Name = "Plating"; Value = "Iridite"; VariantName = "[No Variations]"
Change component parameters (AddParameter): Name = "Pricing 1"; Value = "1=0.74, 10=0.646, 50=0.583, 100=0.5577, 250=0.507, 500=0.4563, 1000=0.4056, 2500=0.36758, 5000=0.3549 (USD)"; VariantName = "[No Variations]"
Change component parameters (AddParameter): Name = "RoHS"; Value = "RoHS Compliant"; VariantName = "[No Variations]"
Change component parameters (AddParameter): Name = "Screw, Thread Size"; Value = "#4-40"; VariantName = "[No Variations]"
Change component parameters (AddParameter): Name = "Stock 1"; Value = "2152"; VariantName = "[No Variations]"
Change component parameters (AddParameter): Name = "Supplier 1"; Value = "Digi-Key"; VariantName = "[No Variations]"
Change component parameters (AddParameter): Name = "Supplier Part Number 1"; Value = "36-NC121034A-ND"; VariantName = "[No Variations]"
Change component parameters (AddParameter): Name = "Threaded/Unthreaded"; Value = "Threaded"; VariantName = "[No Variations]"
Change component parameters (AddParameter): Name = "Type"; Value = "Hex Standoff"; VariantName = "[No Variations]"
Change component parameters (AddParameter): Name = "Weight"; Value = "-"; VariantName = "[No Variations]"
Change component parameters: Designator = "H6"; Footprint = "KF2-440-ET"; UniqueID = "\HTGDAAJG"
Change component parameters. Clean all parameters for all variants
Change component parameters (AddParameter): Name = "Between Board Height"; Value = "0.437" (11.10mm) 7/16""; VariantName = "[No Variations]"
Change component parameters (AddParameter): Name = "Category"; Value = "Hardware, Fasteners, Accessories"; VariantName = "[No Variations]"
Change component parameters (AddParameter): Name = "Color"; Value = "-"; VariantName = "[No Variations]"
Change component parameters (AddParameter): Name = "ComponentLink1Description"; Value = "http://www.keyelco.com/product-pdf.cfm?p=7788"; VariantName = "[No Variations]"
Change component parameters (AddParameter): Name = "ComponentLink1URL"; Value = "http://www.keyelco.com/product-pdf.cfm?p=7788"; VariantName = "[No Variations]"
Change component parameters (AddParameter): Name = "Diameter - Inside"; Value = "-"; VariantName = "[No Variations]"
Change component parameters (AddParameter): Name = "Diameter - Outside"; Value = "0.250" (6.35mm) 1/4" Hex"; VariantName = "[No Variations]"
Change component parameters (AddParameter): Name = "Features"; Value = "-"; VariantName = "[No Variations]"
Change component parameters (AddParameter): Name = "Gender"; Value = "Female, Female"; VariantName = "[No Variations]"
Change component parameters (AddParameter): Name = "Length - Overall"; Value = "0.437" (11.10mm) 7/16""; VariantName = "[No Variations]"
Change component parameters (AddParameter): Name = "Manufacturer"; Value = "Keystone Electronics"; VariantName = "[No Variations]"
Change component parameters (AddParameter): Name = "Manufacturer Part Number"; Value = "NC121034A"; VariantName = "[No Variations]"
Change component parameters (AddParameter): Name = "Material"; Value = "Aluminum"; VariantName = "[No Variations]"
Change component parameters (AddParameter): Name = "Part Status"; Value = "Active"; VariantName = "[No Variations]"
Change component parameters (AddParameter): Name = "Plating"; Value = "Iridite"; VariantName = "[No Variations]"
Change component parameters (AddParameter): Name = "Pricing 1"; Value = "1=0.74, 10=0.646, 50=0.583, 100=0.5577, 250=0.507, 500=0.4563, 1000=0.4056, 2500=0.36758, 5000=0.3549 (USD)"; VariantName = "[No Variations]"
Change component parameters (AddParameter): Name = "RoHS"; Value = "RoHS Compliant"; VariantName = "[No Variations]"
Change component parameters (AddParameter): Name = "Screw, Thread Size"; Value = "#4-40"; VariantName = "[No Variations]"
Change component parameters (AddParameter): Name = "Stock 1"; Value = "2152"; VariantName = "[No Variations]"
Change component parameters (AddParameter): Name = "Supplier 1"; Value = "Digi-Key"; VariantName = "[No Variations]"
Change component parameters (AddParameter): Name = "Supplier Part Number 1"; Value = "36-NC121034A-ND"; VariantName = "[No Variations]"
Change component parameters (AddParameter): Name = "Threaded/Unthreaded"; Value = "Threaded"; VariantName = "[No Variations]"
Change component parameters (AddParameter): Name = "Type"; Value = "Hex Standoff"; VariantName = "[No Variations]"
Change component parameters (AddParameter): Name = "Weight"; Value = "-"; VariantName = "[No Variations]"
Change component parameters: Designator = "H7"; Footprint = "KF2-440-ET"; UniqueID = "\GSYCVMXS"
Change component parameters. Clean all parameters for all variants
Change component parameters (AddParameter): Name = "Between Board Height"; Value = "0.437" (11.10mm) 7/16""; VariantName = "[No Variations]"
Change component parameters (AddParameter): Name = "Category"; Value = "Hardware, Fasteners, Accessories"; VariantName = "[No Variations]"
Change component parameters (AddParameter): Name = "Color"; Value = "-"; VariantName = "[No Variations]"
Change component parameters (AddParameter): Name = "ComponentLink1Description"; Value = "http://www.keyelco.com/product-pdf.cfm?p=7788"; VariantName = "[No Variations]"
Change component parameters (AddParameter): Name = "ComponentLink1URL"; Value = "http://www.keyelco.com/product-pdf.cfm?p=7788"; VariantName = "[No Variations]"
Change component parameters (AddParameter): Name = "Diameter - Inside"; Value = "-"; VariantName = "[No Variations]"
Change component parameters (AddParameter): Name = "Diameter - Outside"; Value = "0.250" (6.35mm) 1/4" Hex"; VariantName = "[No Variations]"
Change component parameters (AddParameter): Name = "Features"; Value = "-"; VariantName = "[No Variations]"
Change component parameters (AddParameter): Name = "Gender"; Value = "Female, Female"; VariantName = "[No Variations]"
Change component parameters (AddParameter): Name = "Length - Overall"; Value = "0.437" (11.10mm) 7/16""; VariantName = "[No Variations]"
Change component parameters (AddParameter): Name = "Manufacturer"; Value = "Keystone Electronics"; VariantName = "[No Variations]"
Change component parameters (AddParameter): Name = "Manufacturer Part Number"; Value = "NC121034A"; VariantName = "[No Variations]"
Change component parameters (AddParameter): Name = "Material"; Value = "Aluminum"; VariantName = "[No Variations]"
Change component parameters (AddParameter): Name = "Part Status"; Value = "Active"; VariantName = "[No Variations]"
Change component parameters (AddParameter): Name = "Plating"; Value = "Iridite"; VariantName = "[No Variations]"
Change component parameters (AddParameter): Name = "Pricing 1"; Value = "1=0.74, 10=0.646, 50=0.583, 100=0.5577, 250=0.507, 500=0.4563, 1000=0.4056, 2500=0.36758, 5000=0.3549 (USD)"; VariantName = "[No Variations]"
Change component parameters (AddParameter): Name = "RoHS"; Value = "RoHS Compliant"; VariantName = "[No Variations]"
Change component parameters (AddParameter): Name = "Screw, Thread Size"; Value = "#4-40"; VariantName = "[No Variations]"
Change component parameters (AddParameter): Name = "Stock 1"; Value = "2152"; VariantName = "[No Variations]"
Change component parameters (AddParameter): Name = "Supplier 1"; Value = "Digi-Key"; VariantName = "[No Variations]"
Change component parameters (AddParameter): Name = "Supplier Part Number 1"; Value = "36-NC121034A-ND"; VariantName = "[No Variations]"
Change component parameters (AddParameter): Name = "Threaded/Unthreaded"; Value = "Threaded"; VariantName = "[No Variations]"
Change component parameters (AddParameter): Name = "Type"; Value = "Hex Standoff"; VariantName = "[No Variations]"
Change component parameters (AddParameter): Name = "Weight"; Value = "-"; VariantName = "[No Variations]"
Change component parameters: Designator = "H8"; Footprint = "KF2-440-ET"; UniqueID = "\FTIWTHAK"
Change component parameters. Clean all parameters for all variants
Change component parameters (AddParameter): Name = "Between Board Height"; Value = "0.437" (11.10mm) 7/16""; VariantName = "[No Variations]"
Change component parameters (AddParameter): Name = "Category"; Value = "Hardware, Fasteners, Accessories"; VariantName = "[No Variations]"
Change component parameters (AddParameter): Name = "Color"; Value = "-"; VariantName = "[No Variations]"
Change component parameters (AddParameter): Name = "ComponentLink1Description"; Value = "http://www.keyelco.com/product-pdf.cfm?p=7788"; VariantName = "[No Variations]"
Change component parameters (AddParameter): Name = "ComponentLink1URL"; Value = "http://www.keyelco.com/product-pdf.cfm?p=7788"; VariantName = "[No Variations]"
Change component parameters (AddParameter): Name = "Diameter - Inside"; Value = "-"; VariantName = "[No Variations]"
Change component parameters (AddParameter): Name = "Diameter - Outside"; Value = "0.250" (6.35mm) 1/4" Hex"; VariantName = "[No Variations]"
Change component parameters (AddParameter): Name = "Features"; Value = "-"; VariantName = "[No Variations]"
Change component parameters (AddParameter): Name = "Gender"; Value = "Female, Female"; VariantName = "[No Variations]"
Change component parameters (AddParameter): Name = "Length - Overall"; Value = "0.437" (11.10mm) 7/16""; VariantName = "[No Variations]"
Change component parameters (AddParameter): Name = "Manufacturer"; Value = "Keystone Electronics"; VariantName = "[No Variations]"
Change component parameters (AddParameter): Name = "Manufacturer Part Number"; Value = "NC121034A"; VariantName = "[No Variations]"
Change component parameters (AddParameter): Name = "Material"; Value = "Aluminum"; VariantName = "[No Variations]"
Change component parameters (AddParameter): Name = "Part Status"; Value = "Active"; VariantName = "[No Variations]"
Change component parameters (AddParameter): Name = "Plating"; Value = "Iridite"; VariantName = "[No Variations]"
Change component parameters (AddParameter): Name = "Pricing 1"; Value = "1=0.74, 10=0.646, 50=0.583, 100=0.5577, 250=0.507, 500=0.4563, 1000=0.4056, 2500=0.36758, 5000=0.3549 (USD)"; VariantName = "[No Variations]"
Change component parameters (AddParameter): Name = "RoHS"; Value = "RoHS Compliant"; VariantName = "[No Variations]"
Change component parameters (AddParameter): Name = "Screw, Thread Size"; Value = "#4-40"; VariantName = "[No Variations]"
Change component parameters (AddParameter): Name = "Stock 1"; Value = "2152"; VariantName = "[No Variations]"
Change component parameters (AddParameter): Name = "Supplier 1"; Value = "Digi-Key"; VariantName = "[No Variations]"
Change component parameters (AddParameter): Name = "Supplier Part Number 1"; Value = "36-NC121034A-ND"; VariantName = "[No Variations]"
Change component parameters (AddParameter): Name = "Threaded/Unthreaded"; Value = "Threaded"; VariantName = "[No Variations]"
Change component parameters (AddParameter): Name = "Type"; Value = "Hex Standoff"; VariantName = "[No Variations]"
Change component parameters (AddParameter): Name = "Weight"; Value = "-"; VariantName = "[No Variations]"
Change component parameters: Designator = "H9"; Footprint = "SMTSO-256-8ET"; UniqueID = "\UGQJLSXJ"
Change component parameters. Clean all parameters for all variants
Change component parameters (AddParameter): Name = "Between Board Height"; Value = "0.250" (6.35mm) 1/4""; VariantName = "[No Variations]"
Change component parameters (AddParameter): Name = "Category"; Value = "Hardware, Fasteners, Accessories"; VariantName = "[No Variations]"
Change component parameters (AddParameter): Name = "Color"; Value = "-"; VariantName = "[No Variations]"
Change component parameters (AddParameter): Name = "ComponentLink1Description"; Value = "http://www.keyelco.com/product-pdf.cfm?p=4347"; VariantName = "[No Variations]"
Change component parameters (AddParameter): Name = "ComponentLink1URL"; Value = "http://www.keyelco.com/product-pdf.cfm?p=4347"; VariantName = "[No Variations]"
Change component parameters (AddParameter): Name = "Diameter - Inside"; Value = "-"; VariantName = "[No Variations]"
Change component parameters (AddParameter): Name = "Diameter - Outside"; Value = "0.156" (3.96mm) 5/32" Hex"; VariantName = "[No Variations]"
Change component parameters (AddParameter): Name = "Features"; Value = "-"; VariantName = "[No Variations]"
Change component parameters (AddParameter): Name = "Gender"; Value = "Female, Female"; VariantName = "[No Variations]"
Change component parameters (AddParameter): Name = "Length - Overall"; Value = "0.250" (6.35mm) 1/4""; VariantName = "[No Variations]"
Change component parameters (AddParameter): Name = "Manufacturer"; Value = "Keystone Electronics"; VariantName = "[No Variations]"
Change component parameters (AddParameter): Name = "Manufacturer Part Number"; Value = "1797B"; VariantName = "[No Variations]"
Change component parameters (AddParameter): Name = "Material"; Value = "Aluminum"; VariantName = "[No Variations]"
Change component parameters (AddParameter): Name = "Part Status"; Value = "Active"; VariantName = "[No Variations]"
Change component parameters (AddParameter): Name = "Plating"; Value = "Iridite"; VariantName = "[No Variations]"
Change component parameters (AddParameter): Name = "Pricing 1"; Value = "1=0.87, 10=0.656, 50=0.525, 100=0.5031, 250=0.45936, 500=0.4375, 1000=0.3675, 2500=0.32815, 5000=0.31719 (USD)"; VariantName = "[No Variations]"
Change component parameters (AddParameter): Name = "RoHS"; Value = "RoHS Compliant"; VariantName = "[No Variations]"
Change component parameters (AddParameter): Name = "Screw, Thread Size"; Value = "#2-56"; VariantName = "[No Variations]"
Change component parameters (AddParameter): Name = "Stock 1"; Value = "14978"; VariantName = "[No Variations]"
Change component parameters (AddParameter): Name = "Supplier 1"; Value = "Digi-Key"; VariantName = "[No Variations]"
Change component parameters (AddParameter): Name = "Supplier Part Number 1"; Value = "36-1797B-ND"; VariantName = "[No Variations]"
Change component parameters (AddParameter): Name = "Threaded/Unthreaded"; Value = "Threaded"; VariantName = "[No Variations]"
Change component parameters (AddParameter): Name = "Type"; Value = "Hex Standoff"; VariantName = "[No Variations]"
Change component parameters (AddParameter): Name = "Weight"; Value = "-"; VariantName = "[No Variations]"
Change component parameters: Designator = "H10"; Footprint = "SMTSO-256-8ET"; UniqueID = "\OWXQNFUI"
Change component parameters. Clean all parameters for all variants
Change component parameters (AddParameter): Name = "Between Board Height"; Value = "0.250" (6.35mm) 1/4""; VariantName = "[No Variations]"
Change component parameters (AddParameter): Name = "Category"; Value = "Hardware, Fasteners, Accessories"; VariantName = "[No Variations]"
Change component parameters (AddParameter): Name = "Color"; Value = "-"; VariantName = "[No Variations]"
Change component parameters (AddParameter): Name = "ComponentLink1Description"; Value = "http://www.keyelco.com/product-pdf.cfm?p=4347"; VariantName = "[No Variations]"
Change component parameters (AddParameter): Name = "ComponentLink1URL"; Value = "http://www.keyelco.com/product-pdf.cfm?p=4347"; VariantName = "[No Variations]"
Change component parameters (AddParameter): Name = "Diameter - Inside"; Value = "-"; VariantName = "[No Variations]"
Change component parameters (AddParameter): Name = "Diameter - Outside"; Value = "0.156" (3.96mm) 5/32" Hex"; VariantName = "[No Variations]"
Change component parameters (AddParameter): Name = "Features"; Value = "-"; VariantName = "[No Variations]"
Change component parameters (AddParameter): Name = "Gender"; Value = "Female, Female"; VariantName = "[No Variations]"
Change component parameters (AddParameter): Name = "Length - Overall"; Value = "0.250" (6.35mm) 1/4""; VariantName = "[No Variations]"
Change component parameters (AddParameter): Name = "Manufacturer"; Value = "Keystone Electronics"; VariantName = "[No Variations]"
Change component parameters (AddParameter): Name = "Manufacturer Part Number"; Value = "1797B"; VariantName = "[No Variations]"
Change component parameters (AddParameter): Name = "Material"; Value = "Aluminum"; VariantName = "[No Variations]"
Change component parameters (AddParameter): Name = "Part Status"; Value = "Active"; VariantName = "[No Variations]"
Change component parameters (AddParameter): Name = "Plating"; Value = "Iridite"; VariantName = "[No Variations]"
Change component parameters (AddParameter): Name = "Pricing 1"; Value = "1=0.87, 10=0.656, 50=0.525, 100=0.5031, 250=0.45936, 500=0.4375, 1000=0.3675, 2500=0.32815, 5000=0.31719 (USD)"; VariantName = "[No Variations]"
Change component parameters (AddParameter): Name = "RoHS"; Value = "RoHS Compliant"; VariantName = "[No Variations]"
Change component parameters (AddParameter): Name = "Screw, Thread Size"; Value = "#2-56"; VariantName = "[No Variations]"
Change component parameters (AddParameter): Name = "Stock 1"; Value = "14978"; VariantName = "[No Variations]"
Change component parameters (AddParameter): Name = "Supplier 1"; Value = "Digi-Key"; VariantName = "[No Variations]"
Change component parameters (AddParameter): Name = "Supplier Part Number 1"; Value = "36-1797B-ND"; VariantName = "[No Variations]"
Change component parameters (AddParameter): Name = "Threaded/Unthreaded"; Value = "Threaded"; VariantName = "[No Variations]"
Change component parameters (AddParameter): Name = "Type"; Value = "Hex Standoff"; VariantName = "[No Variations]"
Change component parameters (AddParameter): Name = "Weight"; Value = "-"; VariantName = "[No Variations]"
Change component parameters: Designator = "H11"; Footprint = "SMTSO-256-8ET"; UniqueID = "\GPYGSKAB"
Change component parameters. Clean all parameters for all variants
Change component parameters (AddParameter): Name = "Between Board Height"; Value = "0.250" (6.35mm) 1/4""; VariantName = "[No Variations]"
Change component parameters (AddParameter): Name = "Category"; Value = "Hardware, Fasteners, Accessories"; VariantName = "[No Variations]"
Change component parameters (AddParameter): Name = "Color"; Value = "-"; VariantName = "[No Variations]"
Change component parameters (AddParameter): Name = "ComponentLink1Description"; Value = "http://www.keyelco.com/product-pdf.cfm?p=4347"; VariantName = "[No Variations]"
Change component parameters (AddParameter): Name = "ComponentLink1URL"; Value = "http://www.keyelco.com/product-pdf.cfm?p=4347"; VariantName = "[No Variations]"
Change component parameters (AddParameter): Name = "Diameter - Inside"; Value = "-"; VariantName = "[No Variations]"
Change component parameters (AddParameter): Name = "Diameter - Outside"; Value = "0.156" (3.96mm) 5/32" Hex"; VariantName = "[No Variations]"
Change component parameters (AddParameter): Name = "Features"; Value = "-"; VariantName = "[No Variations]"
Change component parameters (AddParameter): Name = "Gender"; Value = "Female, Female"; VariantName = "[No Variations]"
Change component parameters (AddParameter): Name = "Length - Overall"; Value = "0.250" (6.35mm) 1/4""; VariantName = "[No Variations]"
Change component parameters (AddParameter): Name = "Manufacturer"; Value = "Keystone Electronics"; VariantName = "[No Variations]"
Change component parameters (AddParameter): Name = "Manufacturer Part Number"; Value = "1797B"; VariantName = "[No Variations]"
Change component parameters (AddParameter): Name = "Material"; Value = "Aluminum"; VariantName = "[No Variations]"
Change component parameters (AddParameter): Name = "Part Status"; Value = "Active"; VariantName = "[No Variations]"
Change component parameters (AddParameter): Name = "Plating"; Value = "Iridite"; VariantName = "[No Variations]"
Change component parameters (AddParameter): Name = "Pricing 1"; Value = "1=0.87, 10=0.656, 50=0.525, 100=0.5031, 250=0.45936, 500=0.4375, 1000=0.3675, 2500=0.32815, 5000=0.31719 (USD)"; VariantName = "[No Variations]"
Change component parameters (AddParameter): Name = "RoHS"; Value = "RoHS Compliant"; VariantName = "[No Variations]"
Change component parameters (AddParameter): Name = "Screw, Thread Size"; Value = "#2-56"; VariantName = "[No Variations]"
Change component parameters (AddParameter): Name = "Stock 1"; Value = "14978"; VariantName = "[No Variations]"
Change component parameters (AddParameter): Name = "Supplier 1"; Value = "Digi-Key"; VariantName = "[No Variations]"
Change component parameters (AddParameter): Name = "Supplier Part Number 1"; Value = "36-1797B-ND"; VariantName = "[No Variations]"
Change component parameters (AddParameter): Name = "Threaded/Unthreaded"; Value = "Threaded"; VariantName = "[No Variations]"
Change component parameters (AddParameter): Name = "Type"; Value = "Hex Standoff"; VariantName = "[No Variations]"
Change component parameters (AddParameter): Name = "Weight"; Value = "-"; VariantName = "[No Variations]"
Change component parameters: Designator = "H12"; Footprint = "SMTSO-256-8ET"; UniqueID = "\GTVWOXAB"
Change component parameters. Clean all parameters for all variants
Change component parameters (AddParameter): Name = "Between Board Height"; Value = "0.250" (6.35mm) 1/4""; VariantName = "[No Variations]"
Change component parameters (AddParameter): Name = "Category"; Value = "Hardware, Fasteners, Accessories"; VariantName = "[No Variations]"
Change component parameters (AddParameter): Name = "Color"; Value = "-"; VariantName = "[No Variations]"
Change component parameters (AddParameter): Name = "ComponentLink1Description"; Value = "http://www.keyelco.com/product-pdf.cfm?p=4347"; VariantName = "[No Variations]"
Change component parameters (AddParameter): Name = "ComponentLink1URL"; Value = "http://www.keyelco.com/product-pdf.cfm?p=4347"; VariantName = "[No Variations]"
Change component parameters (AddParameter): Name = "Diameter - Inside"; Value = "-"; VariantName = "[No Variations]"
Change component parameters (AddParameter): Name = "Diameter - Outside"; Value = "0.156" (3.96mm) 5/32" Hex"; VariantName = "[No Variations]"
Change component parameters (AddParameter): Name = "Features"; Value = "-"; VariantName = "[No Variations]"
Change component parameters (AddParameter): Name = "Gender"; Value = "Female, Female"; VariantName = "[No Variations]"
Change component parameters (AddParameter): Name = "Length - Overall"; Value = "0.250" (6.35mm) 1/4""; VariantName = "[No Variations]"
Change component parameters (AddParameter): Name = "Manufacturer"; Value = "Keystone Electronics"; VariantName = "[No Variations]"
Change component parameters (AddParameter): Name = "Manufacturer Part Number"; Value = "1797B"; VariantName = "[No Variations]"
Change component parameters (AddParameter): Name = "Material"; Value = "Aluminum"; VariantName = "[No Variations]"
Change component parameters (AddParameter): Name = "Part Status"; Value = "Active"; VariantName = "[No Variations]"
Change component parameters (AddParameter): Name = "Plating"; Value = "Iridite"; VariantName = "[No Variations]"
Change component parameters (AddParameter): Name = "Pricing 1"; Value = "1=0.87, 10=0.656, 50=0.525, 100=0.5031, 250=0.45936, 500=0.4375, 1000=0.3675, 2500=0.32815, 5000=0.31719 (USD)"; VariantName = "[No Variations]"
Change component parameters (AddParameter): Name = "RoHS"; Value = "RoHS Compliant"; VariantName = "[No Variations]"
Change component parameters (AddParameter): Name = "Screw, Thread Size"; Value = "#2-56"; VariantName = "[No Variations]"
Change component parameters (AddParameter): Name = "Stock 1"; Value = "14978"; VariantName = "[No Variations]"
Change component parameters (AddParameter): Name = "Supplier 1"; Value = "Digi-Key"; VariantName = "[No Variations]"
Change component parameters (AddParameter): Name = "Supplier Part Number 1"; Value = "36-1797B-ND"; VariantName = "[No Variations]"
Change component parameters (AddParameter): Name = "Threaded/Unthreaded"; Value = "Threaded"; VariantName = "[No Variations]"
Change component parameters (AddParameter): Name = "Type"; Value = "Hex Standoff"; VariantName = "[No Variations]"
Change component parameters (AddParameter): Name = "Weight"; Value = "-"; VariantName = "[No Variations]"
Change component parameters: Designator = "U16"; Footprint = "Beaglebone Black"; UniqueID = "\OFACMOSS"
Change component parameters. Clean all parameters for all variants
Change component parameters (AddParameter): Name = "Applications"; Value = "Automotive, General Purpose, Lighting, Medical, Telecommunications"; VariantName = "[No Variations]"
Change component parameters (AddParameter): Name = "Category"; Value = "Connectors, Interconnects"; VariantName = "[No Variations]"
Change component parameters (AddParameter): Name = "ComponentLink1Description"; Value = "http://www.molex.com/pdm_docs/sd/010897041_sd.pdf"; VariantName = "[No Variations]"
Change component parameters (AddParameter): Name = "ComponentLink1URL"; Value = "http://www.molex.com/pdm_docs/sd/010897041_sd.pdf"; VariantName = "[No Variations]"
Change component parameters (AddParameter): Name = "Connector Type"; Value = "Header, Breakaway"; VariantName = "[No Variations]"
Change component parameters (AddParameter): Name = "Contact Finish - Mating"; Value = "Gold"; VariantName = "[No Variations]"
Change component parameters (AddParameter): Name = "Contact Finish - Post"; Value = "Tin"; VariantName = "[No Variations]"
Change component parameters (AddParameter): Name = "Contact Finish Thickness - Mating"; Value = "15µin (0.38µm)"; VariantName = "[No Variations]"
Change component parameters (AddParameter): Name = "Contact Finish Thickness - Post"; Value = "74.8µin (1.90µm)"; VariantName = "[No Variations]"
Change component parameters (AddParameter): Name = "Contact Length - Mating"; Value = "0.240" (6.10mm)"; VariantName = "[No Variations]"
Change component parameters (AddParameter): Name = "Contact Length - Post"; Value = "0.107" (2.71mm)"; VariantName = "[No Variations]"
Change component parameters (AddParameter): Name = "Contact Material"; Value = "Copper Alloy"; VariantName = "[No Variations]"
Change component parameters (AddParameter): Name = "Contact Shape"; Value = "Square"; VariantName = "[No Variations]"
Change component parameters (AddParameter): Name = "Contact Type"; Value = "Male Pin"; VariantName = "[No Variations]"
Change component parameters (AddParameter): Name = "Current Rating"; Value = "-"; VariantName = "[No Variations]"
Change component parameters (AddParameter): Name = "Fastening Type"; Value = "-"; VariantName = "[No Variations]"
Change component parameters (AddParameter): Name = "Features"; Value = "-"; VariantName = "[No Variations]"
Change component parameters (AddParameter): Name = "Ingress Protection"; Value = "-"; VariantName = "[No Variations]"
Change component parameters (AddParameter): Name = "Insulation Color"; Value = "Black"; VariantName = "[No Variations]"
Change component parameters (AddParameter): Name = "Insulation Height"; Value = "0.090" (2.29mm)"; VariantName = "[No Variations]"
Change component parameters (AddParameter): Name = "Insulation Material"; Value = "Liquid Crystal Polymer (LCP), Glass Filled"; VariantName = "[No Variations]"
Change component parameters (AddParameter): Name = "Manufacturer"; Value = "Molex, LLC"; VariantName = "[No Variations]"
Change component parameters (AddParameter): Name = "Manufacturer Part Number"; Value = "0010897462"; VariantName = "[No Variations]"
Change component parameters (AddParameter): Name = "Mated Stacking Heights"; Value = "-"; VariantName = "[No Variations]"
Change component parameters (AddParameter): Name = "Material Flammability Rating"; Value = "UL94 V-0"; VariantName = "[No Variations]"
Change component parameters (AddParameter): Name = "Mounting Type"; Value = "Through Hole"; VariantName = "[No Variations]"
Change component parameters (AddParameter): Name = "Number of Positions"; Value = "46"; VariantName = "[No Variations]"
Change component parameters (AddParameter): Name = "Number of Positions Loaded"; Value = "All"; VariantName = "[No Variations]"
Change component parameters (AddParameter): Name = "Number of Rows"; Value = "2"; VariantName = "[No Variations]"
Change component parameters (AddParameter): Name = "Operating Temperature"; Value = "-"; VariantName = "[No Variations]"
Change component parameters (AddParameter): Name = "Overall Contact Length"; Value = "0.437" (11.10mm)"; VariantName = "[No Variations]"
Change component parameters (AddParameter): Name = "Packaging"; Value = "Bulk"; VariantName = "[No Variations]"
Change component parameters (AddParameter): Name = "Part Status"; Value = "Active"; VariantName = "[No Variations]"
Change component parameters (AddParameter): Name = "Pitch - Mating"; Value = "0.100" (2.54mm)"; VariantName = "[No Variations]"
Change component parameters (AddParameter): Name = "Pricing 1"; Value = "1=7.65, 10=7.336, 25=6.698, 50=6.379, 100=6.0601, 250=5.4222, 500=5.10324 (USD)"; VariantName = "[No Variations]"
Change component parameters (AddParameter): Name = "RoHS"; Value = "RoHS Compliant"; VariantName = "[No Variations]"
Change component parameters (AddParameter): Name = "Row Spacing - Mating"; Value = "0.100" (2.54mm)"; VariantName = "[No Variations]"
Change component parameters (AddParameter): Name = "Shrouding"; Value = "Unshrouded"; VariantName = "[No Variations]"
Change component parameters (AddParameter): Name = "Stock 1"; Value = "407"; VariantName = "[No Variations]"
Change component parameters (AddParameter): Name = "Style"; Value = "Board to Board or Cable"; VariantName = "[No Variations]"
Change component parameters (AddParameter): Name = "Supplier 1"; Value = "Digi-Key"; VariantName = "[No Variations]"
Change component parameters (AddParameter): Name = "Supplier Part Number 1"; Value = "WM50012-46-ND"; VariantName = "[No Variations]"
Change component parameters (AddParameter): Name = "Termination"; Value = "Solder"; VariantName = "[No Variations]"
Change component parameters (AddParameter): Name = "Voltage Rating"; Value = "-"; VariantName = "[No Variations]"
Added Pin To Net: NetName=RC Pin=U3-1
Added Room: Name=ADC
Added Room: Name=BBB Headers
Added Room: Name=Connectors
Added Room: Name=FeedbackLoop
Added Room: Name=heater_control
Added Room: Name=Power
Added Room: Name=Power Monitor
Added Room: Name=Real Time Clock
Added Room: Name=RS232
