Removed Pin From Net: NetName=Power_IN Pin=C9-1
Removed Pin From Net: NetName=GND Pin=C9-2
Removed Pin From Net: NetName=GND Pin=C10-1
Removed Pin From Net: NetName=Power_IN Pin=C10-2
Removed Pin From Net: NetName=GND Pin=C11-1
Removed Pin From Net: NetName=Power_IN Pin=C11-2
Removed Pin From Net: NetName=GND Pin=C12-1
Removed Pin From Net: NetName=Power_IN Pin=C12-2
Removed Pin From Net: NetName=GND Pin=D1-1
Removed Pin From Net: NetName=Power_IN Pin=D1-2
Removed Pin From Net: NetName=GND Pin=RL1-1
Removed Pin From Net: NetName=Aux+ Pin=RL1-2
Removed Pin From Net: NetName=Aux+ Pin=RL1-3
Removed Pin From Net: NetName=Pre-fuse Pin=RL1-4
Removed Pin From Net: NetName=Batt+ Pin=RL1-5
Removed Pin From Net: NetName=NetP1_3 Pin=TP4-1
Removed Pin From Net: NetName=GND Pin=U5-2
Removed Pin From Net: NetName=RC Pin=U5-3
Removed Pin From Net: NetName=RC Pin=U5-4
Removed Pin From Net: NetName=+5 BBB Pin=U5-5
Removed Member From Class: ClassName=Power Member=C9
Removed Member From Class: ClassName=Power Member=C10
Removed Member From Class: ClassName=Power Member=C11
Removed Member From Class: ClassName=Power Member=C12
Removed Member From Class: ClassName=Power Member=D1
Removed Member From Class: ClassName=Power Member=RL1
Removed Member From Class: ClassName=Power Member=TP4
Removed Member From Class: ClassName=Power Member=U5
Added Component: Designator=K?(PNSC-CP1-12V_V)
Add component. Clean all parameters for all variants
Add component (AddParameter): Name = "Catalog Drawings"; Value = "CPSeriesPCBCP1-12VFootprintCP1-12VCircuit"; VariantName = "[No Variations]"
Add component (AddParameter): Name = "Category"; Value = "Relays"; VariantName = "[No Variations]"
Add component (AddParameter): Name = "Coil Current"; Value = "53.3mA"; VariantName = "[No Variations]"
Add component (AddParameter): Name = "Coil Power"; Value = "640mW"; VariantName = "[No Variations]"
Add component (AddParameter): Name = "Coil Resistance"; Value = "225Ohms"; VariantName = "[No Variations]"
Add component (AddParameter): Name = "Coil Type"; Value = "NonLatching"; VariantName = "[No Variations]"
Add component (AddParameter): Name = "Coil Voltage"; Value = "12VDC"; VariantName = "[No Variations]"
Add component (AddParameter): Name = "Contact Form"; Value = "SPDT(1FormC)"; VariantName = "[No Variations]"
Add component (AddParameter): Name = "Contact Material"; Value = "SilverAlloy,CadmiumFree"; VariantName = "[No Variations]"
Add component (AddParameter): Name = "Contact Rating (Current)"; Value = "20A"; VariantName = "[No Variations]"
Add component (AddParameter): Name = "Datasheet URL"; Value = "https://www.panasonic-electric-works.com/pew/de/downloads/ds_61207_en_cp.pdf"; VariantName = "[No Variations]"
Add component (AddParameter): Name = "Datasheet Version"; Value = "12/2012"; VariantName = "[No Variations]"
Add component (AddParameter): Name = "EDA / CAD Models"; Value = "DownloadfromAcceleratedDesigns"; VariantName = "[No Variations]"
Add component (AddParameter): Name = "Family"; Value = "PowerRelays,Over2Amps"; VariantName = "[No Variations]"
Add component (AddParameter): Name = "Features"; Value = "Sealed-Fully"; VariantName = "[No Variations]"
Add component (AddParameter): Name = "Manufacturer"; Value = "Panasonic"; VariantName = "[No Variations]"
Add component (AddParameter): Name = "Manufacturer URL"; Value = "http://www.panasonic.com/"; VariantName = "[No Variations]"
Add component (AddParameter): Name = "Mounting Technology"; Value = "ThroughHole"; VariantName = "[No Variations]"
Add component (AddParameter): Name = "Mounting Type"; Value = "ThroughHole"; VariantName = "[No Variations]"
Add component (AddParameter): Name = "Online Catalog"; Value = "CPSeries"; VariantName = "[No Variations]"
Add component (AddParameter): Name = "Operate Time"; Value = "10ms"; VariantName = "[No Variations]"
Add component (AddParameter): Name = "Operating Temperature"; Value = "-40°C~85°C"; VariantName = "[No Variations]"
Add component (AddParameter): Name = "Other Names"; Value = "255-1939CP1-12V-NDCP112V"; VariantName = "[No Variations]"
Add component (AddParameter): Name = "Other Related Documents"; Value = "GeneralApplGuidelinesHowtoReadDateCodes"; VariantName = "[No Variations]"
Add component (AddParameter): Name = "Package Description"; Value = "5-Pin Through Hole Device, Body 14 x 13 mm, Height 9.5 mm"; VariantName = "[No Variations]"
Add component (AddParameter): Name = "Package Reference"; Value = "CP1-12V"; VariantName = "[No Variations]"
Add component (AddParameter): Name = "Packaging"; Value = "Tube  "; VariantName = "[No Variations]"
Add component (AddParameter): Name = "Relay Type"; Value = "Automotive"; VariantName = "[No Variations]"
Add component (AddParameter): Name = "Release Time"; Value = "10ms"; VariantName = "[No Variations]"
Add component (AddParameter): Name = "Series"; Value = "CP"; VariantName = "[No Variations]"
Add component (AddParameter): Name = "Standard Package"; Value = "40"; VariantName = "[No Variations]"
Add component (AddParameter): Name = "Switching Voltage"; Value = "14VDC-Nom"; VariantName = "[No Variations]"
Add component (AddParameter): Name = "Termination Style"; Value = "PCPin"; VariantName = "[No Variations]"
Add component (AddParameter): Name = "Turn Off Voltage (Min)"; Value = "1VDC"; VariantName = "[No Variations]"
Add component (AddParameter): Name = "Turn On Voltage (Max)"; Value = "7.2VDC"; VariantName = "[No Variations]"
Added Component: Designator=U?(DBV0005A_M)
Add component. Clean all parameters for all variants
Add component (AddParameter): Name = "CMRR(Min)(dB)"; Value = "120"; VariantName = "[No Variations]"
Add component (AddParameter): Name = "Code_JEDEC"; Value = "MO-178"; VariantName = "[No Variations]"
Add component (AddParameter): Name = "ComponentLink1Description"; Value = "Manufacturer URL"; VariantName = "[No Variations]"
Add component (AddParameter): Name = "ComponentLink1URL"; Value = "http://www.ti.com/"; VariantName = "[No Variations]"
Add component (AddParameter): Name = "ComponentLink2Description"; Value = "Datasheet"; VariantName = "[No Variations]"
Add component (AddParameter): Name = "ComponentLink2URL"; Value = "http://www.ti.com/lit/ds/symlink/opa188.pdf"; VariantName = "[No Variations]"
Add component (AddParameter): Name = "ComponentLink3Description"; Value = "Package Specification"; VariantName = "[No Variations]"
Add component (AddParameter): Name = "ComponentLink3URL"; Value = "http://www.ti.com/litv/pdf/mpds018i"; VariantName = "[No Variations]"
Add component (AddParameter): Name = "DatasheetVersion"; Value = "SBOS642A"; VariantName = "[No Variations]"
Add component (AddParameter): Name = "Eco-Plan"; Value = "Green (RoHS & no Sb/Br)"; VariantName = "[No Variations]"
Add component (AddParameter): Name = "GBW(Typ)(MHz)"; Value = "2"; VariantName = "[No Variations]"
Add component (AddParameter): Name = "Iq per channel(Max)(mA)"; Value = "0.51"; VariantName = "[No Variations]"
Add component (AddParameter): Name = "Manufacturer"; Value = "Texas Instruments"; VariantName = "[No Variations]"
Add component (AddParameter): Name = "Mounting Technology"; Value = "Surface Mount"; VariantName = "[No Variations]"
Add component (AddParameter): Name = "Number of Channels"; Value = "1"; VariantName = "[No Variations]"
Add component (AddParameter): Name = "Offset Drift(Typ)(uV/C)"; Value = "0.03"; VariantName = "[No Variations]"
Add component (AddParameter): Name = "PackageDescription"; Value = "5-Pin Plastic Small Outline, Body 1.6 x 2.9 mm, Pitch 0.95 mm"; VariantName = "[No Variations]"
Add component (AddParameter): Name = "PackageReference"; Value = "DBV0005A"; VariantName = "[No Variations]"
Add component (AddParameter): Name = "PackageVersion"; Value = "4073253-4/K, 03/2006"; VariantName = "[No Variations]"
Add component (AddParameter): Name = "Packing"; Value = ""; VariantName = "[No Variations]"
Add component (AddParameter): Name = "PartNumber"; Value = "OPA188AIDBVR"; VariantName = "[No Variations]"
Add component (AddParameter): Name = "Rating"; Value = "Catalog"; VariantName = "[No Variations]"
Add component (AddParameter): Name = "Slew Rate(Typ)(V/us)"; Value = "0.8"; VariantName = "[No Variations]"
Add component (AddParameter): Name = "SubFamily"; Value = "Zero Drift Precision Amplifier"; VariantName = "[No Variations]"
Add component (AddParameter): Name = "Total Supply Voltage(Max)(+5V is 5, +/-5V is 10)"; Value = "36"; VariantName = "[No Variations]"
Add component (AddParameter): Name = "Total Supply Voltage(Min)(+5V is 5, +/-5V is 10)"; Value = "4"; VariantName = "[No Variations]"
Added Pin To Net: NetName=Pre-fuse Pin=K?-1
Added Pin To Net: NetName=GND Pin=K?-2
Added Pin To Net: NetName=Aux+ Pin=K?-3
Added Pin To Net: NetName=Batt+ Pin=K?-4
Added Pin To Net: NetName=Aux+ Pin=K?-5
Added Pin To Net: NetName=NetU16_9-38 Pin=U17-13
Added Pin To Net: NetName=NetU16_9-38 Pin=U17-14
Added Pin To Net: NetName=RC Pin=U?-1
Added Pin To Net: NetName=GND Pin=U?-2
Added Pin To Net: NetName=RC Pin=U?-4
Added Pin To Net: NetName=+5 BBB Pin=U?-5
Added Pin To Net: NetName=NetU16_8-22 Pin=U16-8-22
Added Pin To Net: NetName=NetU16_8-22 Pin=U?-3
Added Net: Name=NetU16_8-22
Added Member To Class: ClassName=Power Member=Component K? CP1-12V
Added Member To Class: ClassName=Power Member=Component U? OPA188AIDBVR
