Removed Pin From Net: NetName=Top_Forcing_Plate Pin=P1-1
Removed Pin From Net: NetName=Bottom_Forcing_Plate Pin=P1-2
Removed Pin From Net: NetName=Guard Pin=P1-3
Removed Pin From Net: NetName=Top_Forcing_Plate Pin=R1-1
Removed Pin From Net: NetName=Bottom_Forcing_Plate Pin=R2-1
Removed Pin From Net: NetName=GND Pin=R3-1
Removed Pin From Net: NetName=NetR3_2 Pin=R3-2
Removed Pin From Net: NetName=NetR3_2 Pin=U1-11
Removed Pin From Net: NetName=GND Pin=U1-14
Removed Pin From Net: NetName=ZP Pin=U1-16
Removed Pin From Net: NetName=GND Pin=U1-19
Removed Pin From Net: NetName=NetR3_2 Pin=U1-20
Removed Pin From Net: NetName=Guard Pin=U16-5
Removed Pin From Net: NetName=Guard Pin=U16-5
Removed Pin From Net: NetName=Guard Pin=U16-5
Removed Pin From Net: NetName=Guard Pin=U16-5
Removed Pin From Net: NetName=Guard Pin=U16-6
Removed Pin From Net: NetName=Guard Pin=U16-6
Removed Pin From Net: NetName=Guard Pin=U16-6
Removed Pin From Net: NetName=Guard Pin=U16-6
Removed Pin From Net: NetName=Guard Pin=U16-7
Removed Pin From Net: NetName=Guard Pin=U16-7
Removed Pin From Net: NetName=Guard Pin=U16-7
Removed Pin From Net: NetName=Guard Pin=U16-7
Removed Pin From Net: NetName=Guard Pin=U16-8
Removed Pin From Net: NetName=Guard Pin=U16-8
Removed Pin From Net: NetName=Guard Pin=U16-8
Removed Pin From Net: NetName=Guard Pin=U16-8
Removed Member From Class: ClassName=Beam_Amp Member=P1
Removed Member From Class: ClassName=Beam_Amp Member=R1
Removed Member From Class: ClassName=Beam_Amp Member=R2
Removed Member From Class: ClassName=Beam_Amp Member=R3
Removed Member From Class: ClassName=Sense Member=U16
Change Component Designator: OldDesignator=P5 NewDesignator=P1
Added Component: Designator=R?(RESC0402(1005)_M)
Add component. Clean all parameters for all variants
Added Component: Designator=R?(RESC0402(1005)_M)
Add component. Clean all parameters for all variants
Change Net Name : Old Net Name=NetR3_2 New Net Name=NetR29_2
Added Pin To Net: NetName=NetR?_1 Pin=R?-1
Added Pin To Net: NetName=NetR?_1 Pin=U7-6
Added Net: Name=NetR?_1
Added Pin To Net: NetName=NetR?_2 Pin=R?-2
Added Pin To Net: NetName=NetR?_2 Pin=U7-7
Added Net: Name=NetR?_2
Added Member To Class: ClassName=Sense Member=Component R? 100
Added Member To Class: ClassName=Sense Member=Component R? 100
