Removed Member From Class: ClassName=Sheet2 Member=C18
Removed Member From Class: ClassName=Sheet1 Member=C20
Removed Member From Class: ClassName=Sheet2 Member=R19
Removed Member From Class: ClassName=Sheet2 Member=TP9
Removed Member From Class: ClassName=Sheet1 Member=U14
Change Component Footprint: Designator=TP9 Old Footprint=TP-TH-C-152-H90 New Footprint=KSTN-5003
Change Component Comment : Designator=TP9 Old Comment=TP-TH-C-152-H90 New Comment=5003
Change Component Kind : Designator=TP9 Old Kind=Standard (No BOM) New Kind=Standard
Change component parameters: Designator = "TP9"; Footprint = "KSTN-5003"; UniqueID = "\FVNBASTF"
Change component parameters. Clean all parameters for all variants
Change component parameters (AddParameter): Name = "ComponentLink1Description"; Value = "Manufacturer URL"; VariantName = "[No Variations]"
Change component parameters (AddParameter): Name = "ComponentLink1URL"; Value = "http://www.keyelco.com/"; VariantName = "[No Variations]"
Change component parameters (AddParameter): Name = "ComponentLink2Description"; Value = "Datasheet"; VariantName = "[No Variations]"
Change component parameters (AddParameter): Name = "ComponentLink2URL"; Value = "http://keyelco.com/userAssets/file/M65p56.pdf"; VariantName = "[No Variations]"
Change component parameters (AddParameter): Name = "DatasheetVersion"; Value = "Jun-15"; VariantName = "[No Variations]"
Change component parameters (AddParameter): Name = "Diameter"; Value = "5.3 mm"; VariantName = "[No Variations]"
Change component parameters (AddParameter): Name = "Forward Current"; Value = "3 A"; VariantName = "[No Variations]"
Change component parameters (AddParameter): Name = "Forward Voltage"; Value = "1.08 V"; VariantName = "[No Variations]"
Change component parameters (AddParameter): Name = "Height"; Value = "0.25 inch"; VariantName = "[No Variations]"
Change component parameters (AddParameter): Name = "Length"; Value = "9.5 mm"; VariantName = "[No Variations]"
Change component parameters (AddParameter): Name = "Max Operating Temperature"; Value = "150 degC"; VariantName = "[No Variations]"
Change component parameters (AddParameter): Name = "Max Surge Current"; Value = "80 A"; VariantName = "[No Variations]"
Change component parameters (AddParameter): Name = "Min Operating Temperature"; Value = "-65 degC"; VariantName = "[No Variations]"
Change component parameters (AddParameter): Name = "Mount"; Value = "Through Hole"; VariantName = "[No Variations]"
Change component parameters (AddParameter): Name = "PackageDescription"; Value = "1-Pin Through Hole Device, Dia 2.54 mm"; VariantName = "[No Variations]"
Change component parameters (AddParameter): Name = "Package Quantity"; Value = "500"; VariantName = "[No Variations]"
Change component parameters (AddParameter): Name = "PackageReference"; Value = "5003"; VariantName = "[No Variations]"
Change component parameters (AddParameter): Name = "Packaging"; Value = "Bulk"; VariantName = "[No Variations]"
Change component parameters (AddParameter): Name = "Peak Reverse Current"; Value = "600 uA"; VariantName = "[No Variations]"
Change component parameters (AddParameter): Name = "Pins"; Value = "2"; VariantName = "[No Variations]"
Change component parameters (AddParameter): Name = "Radiation Hardening"; Value = "No"; VariantName = "[No Variations]"
Change component parameters (AddParameter): Name = "REACH SVHC"; Value = "No SVHC"; VariantName = "[No Variations]"
Change component parameters (AddParameter): Name = "RoHSCompliant"; Value = "true"; VariantName = "[No Variations]"
Change component parameters (AddParameter): Name = "Weight"; Value = "0.01 lb"; VariantName = "[No Variations]"
Change component parameters (AddParameter): Name = "Width"; Value = "0.25 inch"; VariantName = "[No Variations]"
Added Member To Class: ClassName=Sheet1 Member=Component C11 CAP CER 0.1UF 25V X7R 0805
Added Member To Class: ClassName=Sheet2 Member=Component C20 CAP CER 0.1UF 25V X7R 0805
Added Member To Class: ClassName=Sheet2 Member=Component C22 CAP CER 0.1UF 25V X7R 0805
Added Member To Class: ClassName=Sheet1 Member=Component R17 0
Added Member To Class: ClassName=Sheet1 Member=Component R18 1M
Added Member To Class: ClassName=Sheet2 Member=Component R20 100K
Added Member To Class: ClassName=Sheet2 Member=Component R22 100K
Added Member To Class: ClassName=Sheet1 Member=Component TP11 TP-TH-C-152-H90
Added Member To Class: ClassName=Sheet2 Member=Component TP12 TP-TH-C-152-H90
Added Member To Class: ClassName=Sheet1 Member=Component U6 AD584KNZ
