Removed Pin From Net: NetName=+5 Pin=P3-1
Removed Pin From Net: NetName=FB_CS0 Pin=P3-2
Removed Pin From Net: NetName=GND Pin=P3-3
Removed Pin From Net: NetName=+3.3 Pin=P3-5
Removed Pin From Net: NetName=Batt_1_Stat Pin=P3-8
Removed Pin From Net: NetName=ZH Pin=P3-9
Removed Pin From Net: NetName=Batt_2_Stat Pin=P3-10
Removed Pin From Net: NetName=+12 Pin=P3-13
Removed Pin From Net: NetName=-5 Pin=P3-17
Removed Pin From Net: NetName=PWM2A Pin=P3-18
Removed Pin From Net: NetName=SINE_CS0 Pin=P3-21
Removed Pin From Net: NetName=PWM2B Pin=P3-22
Removed Pin From Net: NetName=GND Pin=P3-24
Removed Pin From Net: NetName=FB_MUX_A1 Pin=P3-26
Removed Pin From Net: NetName=GND Pin=P3-27
Removed Pin From Net: NetName=FB_MUX_A0 Pin=P3-28
Removed Pin From Net: NetName=GND Pin=P5-1
Removed Pin From Net: NetName=+5 BBB Pin=P5-2
Removed Pin From Net: NetName=BBB_PWR_SW Pin=P5-4
Removed Pin From Net: NetName=FB_CS0 Pin=P5-5
Removed Pin From Net: NetName=PWM1A Pin=P5-8
Removed Pin From Net: NetName=Power A2 Pin=P5-15
Removed Pin From Net: NetName=PWM1A Pin=P5-18
Removed Pin From Net: NetName=+5 Pin=P5-21
Removed Pin From Net: NetName=GND Pin=P5-22
Removed Pin From Net: NetName=-5 Pin=P5-25
Removed Pin From Net: NetName=+3.3 Pin=P5-26
Added Pin To Net: NetName=FB_CS0 Pin=P3-1
Added Pin To Net: NetName=+5 Pin=P3-2
Added Pin To Net: NetName=GND Pin=P3-4
Added Pin To Net: NetName=+3.3 Pin=P3-6
Added Pin To Net: NetName=Batt_1_Stat Pin=P3-7
Added Pin To Net: NetName=Batt_2_Stat Pin=P3-9
Added Pin To Net: NetName=ZH Pin=P3-10
Added Pin To Net: NetName=+12 Pin=P3-14
Added Pin To Net: NetName=PWM2A Pin=P3-17
Added Pin To Net: NetName=-5 Pin=P3-18
Added Pin To Net: NetName=PWM2B Pin=P3-21
Added Pin To Net: NetName=SINE_CS0 Pin=P3-22
Added Pin To Net: NetName=GND Pin=P3-23
Added Pin To Net: NetName=FB_MUX_A1 Pin=P3-25
Added Pin To Net: NetName=FB_MUX_A0 Pin=P3-27
Added Pin To Net: NetName=GND Pin=P3-28
Added Pin To Net: NetName=+5 BBB Pin=P5-1
Added Pin To Net: NetName=GND Pin=P5-2
Added Pin To Net: NetName=BBB_PWR_SW Pin=P5-3
Added Pin To Net: NetName=FB_CS0 Pin=P5-6
Added Pin To Net: NetName=PWM1A Pin=P5-7
Added Pin To Net: NetName=Power A2 Pin=P5-16
Added Pin To Net: NetName=PWM1A Pin=P5-17
Added Pin To Net: NetName=GND Pin=P5-21
Added Pin To Net: NetName=+5 Pin=P5-22
Added Pin To Net: NetName=+3.3 Pin=P5-25
Added Pin To Net: NetName=-5 Pin=P5-26
Change Net Name : Old Net Name=Power_CS0 New Net Name=SPI0_MOSI
Change Net Name : Old Net Name=Power A0 New Net Name=SPI0_MISO
Change Net Name : Old Net Name=Power A1 New Net Name=SPI0_SCLK
Change Net Name : Old Net Name=SPI0_MISO New Net Name=Power A0
Change Net Name : Old Net Name=SPI0_MOSI New Net Name=Power_CS0
Change Net Name : Old Net Name=SPI0_SCLK New Net Name=Power A1
Added Pin To Net: NetName=NetP3_13 Pin=P3-13
Added Net: Name=NetP3_13
