Change Component Designator: Old Designator=C8 New Designator=C10
Change Component Designator: Old Designator=C9 New Designator=C8
Change Component Designator: Old Designator=C10 New Designator=C9
Change Component Designator: Old Designator=C12 New Designator=C11
Change Component Designator: Old Designator=C13 New Designator=C12
Change Component Designator: Old Designator=C14 New Designator=C13
Change Component Designator: Old Designator=C15 New Designator=C14
Change Component Designator: Old Designator=C17 New Designator=C15
Change Component Designator: Old Designator=C18 New Designator=C16
Change Component Designator: Old Designator=C19 New Designator=C17
Change Component Designator: Old Designator=C20 New Designator=C18
Change Component Designator: Old Designator=P5 New Designator=P4
Change Component Designator: Old Designator=R7 New Designator=R6
Change Component Designator: Old Designator=R8 New Designator=R5
Change Component Designator: Old Designator=R9 New Designator=R7
Change Component Designator: Old Designator=R10 New Designator=R8
Change Component Designator: Old Designator=R12 New Designator=R9
Change Component Designator: Old Designator=R13 New Designator=R10
Change Component Designator: Old Designator=R14 New Designator=R11
Change Component Designator: Old Designator=R15 New Designator=R12
Change Component Designator: Old Designator=R16 New Designator=R13
Change Component Designator: Old Designator=R17 New Designator=R14
Change Component Designator: Old Designator=R18 New Designator=R15
Change Component Designator: Old Designator=R19 New Designator=R16
Change Component Designator: Old Designator=R20 New Designator=R17
Change Component Designator: Old Designator=R21 New Designator=R18
Change Component Designator: Old Designator=R22 New Designator=R19
Change Component Designator: Old Designator=TP2 New Designator=TP3
Change Component Designator: Old Designator=TP3 New Designator=TP2
Change Component Designator: Old Designator=TP5 New Designator=TP8
Change Component Designator: Old Designator=TP6 New Designator=TP4
Change Component Designator: Old Designator=TP7 New Designator=TP5
Change Component Designator: Old Designator=TP8 New Designator=TP6
Change Component Designator: Old Designator=TP9 New Designator=TP7
Change Component Designator: Old Designator=TP10 New Designator=TP9
Change Component Designator: Old Designator=TP11 New Designator=TP10
Change Component Designator: Old Designator=TP12 New Designator=TP11
Change Component Designator: Old Designator=U4 New Designator=U5
Change Component Designator: Old Designator=U5 New Designator=U4
Change Component Designator: Old Designator=U7 New Designator=U6
Change Component Designator: Old Designator=U8 New Designator=U7
