Removed Pin From Net: NetName=GND Pin=C1-1
Removed Pin From Net: NetName=ZH Pin=C1-2
Removed Pin From Net: NetName=Guard Pin=P2-7
Removed Pin From Net: NetName=Guard Pin=P2-7
Removed Pin From Net: NetName=Guard Pin=P2-7
Removed Pin From Net: NetName=Guard Pin=P2-7
Removed Pin From Net: NetName=Guard Pin=P2-8
Removed Pin From Net: NetName=Guard Pin=P2-8
Removed Pin From Net: NetName=Guard Pin=P2-8
Removed Pin From Net: NetName=Guard Pin=P2-8
Removed Pin From Net: NetName=PWM Pin=R3-1
Removed Pin From Net: NetName=GND Pin=R3-2
Removed Pin From Net: NetName=PWM Pin=U1-1
Removed Pin From Net: NetName=ZP Pin=U1-2
Removed Pin From Net: NetName=GND Pin=U1-4
Removed Pin From Net: NetName=GND Pin=U1-5
Removed Pin From Net: NetName=GND Pin=U1-6
Removed Pin From Net: NetName=PWM Pin=U1-9
Removed Pin From Net: NetName=GND Pin=U1-10
Removed Pin From Net: NetName=ZP Pin=U1-12
Removed Pin From Net: NetName=ZH Pin=U1-13
Removed Member From Class: ClassName=LM-CT-001 Member=C1
Removed Member From Class: ClassName=LM-CT-001 Member=P2
Removed Member From Class: ClassName=LM-CT-001 Member=R1
Removed Member From Class: ClassName=LM-CT-001 Member=R2
Removed Member From Class: ClassName=LM-CT-001 Member=R3
Removed Member From Class: ClassName=LM-CT-001 Member=U1
Added Member To Class: ClassName=Sense Member=Component U15 GRF1-P-P-04-E-ST-TH1
