Removed Pin From Net: NetName=-5 Pin=C4-1
Removed Pin From Net: NetName=GND Pin=C4-2
Removed Pin From Net: NetName=-5 Pin=P1-2
Removed Pin From Net: NetName=GND Pin=P1-6
Removed Pin From Net: NetName=GND Pin=P1-7
Removed Pin From Net: NetName=+5 Pin=P1-8
Removed Pin From Net: NetName=ZH Pin=P1-10
Removed Pin From Net: NetName=GND Pin=P1-12
Removed Pin From Net: NetName=-5 Pin=U2-5
Removed Member From Class: ClassName=LM-CT-001 Member=C11
Change Component Footprint: Designator=P1 Old Footprint=HDR2X6_CEN New Footprint=HDR2X7
Change Component Comment : Designator=P1 Old Comment=Header 6X2A New Comment=Header 7X2
Change Component Designator: OldDesignator=1 NewDesignator=2
Change Component Designator: OldDesignator=2 NewDesignator=3
Change Component Designator: OldDesignator=3 NewDesignator=4
Change Component Designator: OldDesignator=4 NewDesignator=5
Change Component Designator: OldDesignator=C5 NewDesignator=C4
Change Component Designator: OldDesignator=C6 NewDesignator=C5
Change Component Designator: OldDesignator=C7 NewDesignator=C6
Change Component Designator: OldDesignator=C8 NewDesignator=C7
Change Component Designator: OldDesignator=C9 NewDesignator=C8
Change Component Designator: OldDesignator=C10 NewDesignator=C9
Change Component Designator: OldDesignator=C11 NewDesignator=C10
Change Component Designator: OldDesignator=R1 NewDesignator=R3
Change Component Designator: OldDesignator=R2 NewDesignator=R4
Change Component Designator: OldDesignator=R3 NewDesignator=R5
Added Component: Designator=1(RESC0402(1005)_M)
Add component. Clean all parameters for all variants
Added Component: Designator=R1(RESC0402(1005)_M)
Add component. Clean all parameters for all variants
Added Component: Designator=R2(RESC0402(1005)_M)
Add component. Clean all parameters for all variants
Added Pin To Net: NetName=GND Pin=1-2
Added Pin To Net: NetName=+5 Pin=P1-2
Added Pin To Net: NetName=-5 Pin=P1-3
Added Pin To Net: NetName=ZH Pin=P1-8
Added Pin To Net: NetName=GND Pin=P1-10
Added Pin To Net: NetName=GND Pin=P1-11
Added Pin To Net: NetName=GND Pin=U2-1
Added Pin To Net: NetName=GND Pin=U2-3
Added Pin To Net: NetName=GND Pin=U2-4
Added Pin To Net: NetName=GND Pin=U2-5
Added Pin To Net: NetName=GND Pin=U2-7
Added Pin To Net: NetName=GND Pin=U2-8
Added Pin To Net: NetName=GND Pin=U2-9
Added Pin To Net: NetName=GND Pin=U2-10
Added Pin To Net: NetName=ZH Pin=U2-12
Added Pin To Net: NetName=ZH Pin=U2-17
Change Net Name : Old Net Name=+9 New Net Name=ZP
Change Net Name : Old Net Name=Bottom_Sense_Plate New Net Name=ZP_Sense
Change Net Name : Old Net Name=Net1_1 New Net Name=Net2_1
Change Net Name : Old Net Name=Net1_2 New Net Name=Net2_2
Change Net Name : Old Net Name=Net2_2 New Net Name=Net3_2
Change Net Name : Old Net Name=Net3_1 New Net Name=Net4_1
Change Net Name : Old Net Name=NetC8_1 New Net Name=NetC7_1
Change Net Name : Old Net Name=NetC9_1 New Net Name=NetC8_1
Change Net Name : Old Net Name=ZP_Force New Net Name=PWM2
Change Net Name : Old Net Name=ZP_Sense New Net Name=Top_Sense_Plate
Added Pin To Net: NetName=Bottom_Forcing_Plate Pin=R2-1
Added Net: Name=Bottom_Forcing_Plate
Added Pin To Net: NetName=Bottom_Sense_Plate Pin=P1-6
Added Net: Name=Bottom_Sense_Plate
Added Pin To Net: NetName=NetR1_2 Pin=R1-2
Added Pin To Net: NetName=NetR1_2 Pin=U2-18
Added Net: Name=NetR1_2
Added Pin To Net: NetName=NetR2_2 Pin=R2-2
Added Pin To Net: NetName=NetR2_2 Pin=U2-13
Added Net: Name=NetR2_2
Added Pin To Net: NetName=PWM Pin=1-1
Added Pin To Net: NetName=PWM Pin=U2-11
Added Pin To Net: NetName=PWM Pin=U2-20
Added Net: Name=PWM
Added Pin To Net: NetName=SPI_CS0 Pin=P1-12
Added Net: Name=SPI_CS0
Added Pin To Net: NetName=SPI_MISO Pin=P1-13
Added Net: Name=SPI_MISO
Added Pin To Net: NetName=SPI_SCLK Pin=P1-14
Added Net: Name=SPI_SCLK
Added Pin To Net: NetName=Top_Forcing+Plate Pin=R1-1
Added Net: Name=Top_Forcing+Plate
Added Pin To Net: NetName=ZP_Force Pin=P1-7
Added Net: Name=ZP_Force
Added Member To Class: ClassName=LM-CT-001 Member=Component 5 
Added Member To Class: ClassName=LM-CT-001 Member=Component R4 
Added Member To Class: ClassName=LM-CT-001 Member=Component R5 
