Removed Pin From Net: NetName=-5 Pin=C2-1
Removed Pin From Net: NetName=GND Pin=C2-2
Removed Pin From Net: NetName=GND Pin=C14-1
Removed Pin From Net: NetName=GND Pin=C17-1
Removed Pin From Net: NetName=GND Pin=R19-1
Removed Pin From Net: NetName=GND Pin=R20-1
Removed Pin From Net: NetName=GND Pin=R39-1
Removed Pin From Net: NetName=NetR3_2 Pin=R39-2
Removed Pin From Net: NetName=GND Pin=U6-2
Removed Pin From Net: NetName=BEAM Pin=U6-4
Removed Pin From Net: NetName=-5 Pin=U6-5
Removed Pin From Net: NetName=GND Pin=U6-6
Removed Pin From Net: NetName=GND Pin=U6-14
Removed Pin From Net: NetName=GND Pin=U6-19
Removed Pin From Net: NetName=GND Pin=U7-4
Removed Pin From Net: NetName=GND Pin=U8-4
Removed Pin From Net: NetName=GND Pin=U8-6
Removed Pin From Net: NetName=+5 Pin=U8-8
Removed Pin From Net: NetName=GND Pin=U14-1
Removed Pin From Net: NetName=GND Pin=U14-2
Removed Pin From Net: NetName=GND Pin=U14-3
Removed Pin From Net: NetName=GND Pin=U14-4
Removed Pin From Net: NetName=GND Pin=U14-5
Removed Pin From Net: NetName=GND Pin=U14-6
Removed Pin From Net: NetName=GND Pin=U14-7
Removed Pin From Net: NetName=GND Pin=U14-8
Removed Pin From Net: NetName=GND Pin=U14-9
Removed Pin From Net: NetName=GND Pin=U14-10
Removed Pin From Net: NetName=NetR3_2 Pin=U14-11
Removed Pin From Net: NetName=ZH Pin=U14-12
Removed Pin From Net: NetName=GND Pin=U14-14
Removed Pin From Net: NetName=ZP Pin=U14-16
Removed Pin From Net: NetName=ZH Pin=U14-17
Removed Pin From Net: NetName=GND Pin=U14-19
Removed Pin From Net: NetName=NetR3_2 Pin=U14-20
Removed Pin From Net: NetName=GND Pin=U15-4
Added Component: Designator=P3(MMCX-P-P-H-ST-MT1)
Add component. Clean all parameters for all variants
Add component (AddParameter): Name = "ComponentLink1Description"; Value = "http://components.arrow.com/part/dataview/0323_04629497"; VariantName = "[No Variations]"
Add component (AddParameter): Name = "ComponentLink1URL"; Value = "http://components.arrow.com/part/dataview/0323_04629497"; VariantName = "[No Variations]"
Add component (AddParameter): Name = "ComponentLink2Description"; Value = "http://www.samtec.com/documents/webfiles/pdf/mmcx.pdf"; VariantName = "[No Variations]"
Add component (AddParameter): Name = "ComponentLink2URL"; Value = "http://www.samtec.com/documents/webfiles/pdf/mmcx.pdf"; VariantName = "[No Variations]"
Add component (AddParameter): Name = "Contact Material"; Value = "Copper"; VariantName = "[No Variations]"
Add component (AddParameter): Name = "Contact Plating"; Value = "Nickel,Gold"; VariantName = "[No Variations]"
Add component (AddParameter): Name = "Frequency"; Value = "6GHz"; VariantName = "[No Variations]"
Add component (AddParameter): Name = "Gender"; Value = "Male"; VariantName = "[No Variations]"
Add component (AddParameter): Name = "Impedance"; Value = "50R"; VariantName = "[No Variations]"
Add component (AddParameter): Name = "Manufacturer"; Value = "Samtec"; VariantName = "[No Variations]"
Add component (AddParameter): Name = "Manufacturer Part Number"; Value = "MMCX-P-P-H-ST-MT1"; VariantName = "[No Variations]"
Add component (AddParameter): Name = "Mount"; Value = "Surface Mount,Through Hole"; VariantName = "[No Variations]"
Add component (AddParameter): Name = "Orientation"; Value = "Straight"; VariantName = "[No Variations]"
Add component (AddParameter): Name = "Packaging"; Value = "Bulk"; VariantName = "[No Variations]"
Add component (AddParameter): Name = "Pricing 1"; Value = "1=5.4959, 10=5.3651, 25=5.2485, 50=5.129, 100=4.8148 (USD)"; VariantName = "[No Variations]"
Add component (AddParameter): Name = "Radiation Hardening"; Value = "No"; VariantName = "[No Variations]"
Add component (AddParameter): Name = "Stock 1"; Value = "0"; VariantName = "[No Variations]"
Add component (AddParameter): Name = "Supplier 1"; Value = "Avnet"; VariantName = "[No Variations]"
Add component (AddParameter): Name = "Supplier Part Number 1"; Value = "MMCX-P-P-H-ST-MT1"; VariantName = "[No Variations]"
Add component (AddParameter): Name = "Termination"; Value = "Solder"; VariantName = "[No Variations]"
Added Pin To Net: NetName=Beam_In Pin=P3-1
Added Pin To Net: NetName=Guard Pin=P3-2
Added Pin To Net: NetName=Guard Pin=P3-2
Added Pin To Net: NetName=Guard Pin=P3-2
Added Pin To Net: NetName=Guard Pin=P3-2
Added Member To Class: ClassName=Beam_Amp Member=Component P3 MMCX-P-P-H-ST-MT1
