Removed Pin From Net: NetName=+12 Pin=C24-2
Removed Pin From Net: NetName=GND Pin=R61-1
Removed Pin From Net: NetName=NetR50_1 Pin=U11-1
Removed Pin From Net: NetName=BREAK Pin=U11-2
Removed Pin From Net: NetName=NetU5_8-20 Pin=U11-3
Removed Pin From Net: NetName=GND Pin=U11-4
Removed Pin From Net: NetName=SLEEP Pin=U11-5
Removed Pin From Net: NetName=NetR60_2 Pin=U11-6
Removed Pin From Net: NetName=NetP13_1 Pin=U11-7
Removed Pin From Net: NetName=NetR61_2 Pin=U11-8
Removed Pin From Net: NetName=NetP13_2 Pin=U11-10
Removed Pin From Net: NetName=NetC20_1 Pin=U11-11
Removed Pin From Net: NetName=NetC20_2 Pin=U11-12
Removed Pin From Net: NetName=GND Pin=U11-13
Removed Pin From Net: NetName=+12 Pin=U11-14
Removed Pin From Net: NetName=NetR56_1 Pin=U11-15
Removed Pin From Net: NetName=BRK Pin=U11-16
Change Component Footprint: Designator=U11 Old Footprint=DRV8801PWPR New Footprint=DRV8801QRTYRQ1
Change Component Comment : Designator=U11 Old Comment=DRV8801PWPR New Comment=DRV8801QRTYRQ1
Change component parameters: Designator = "U11"; Footprint = "DRV8801QRTYRQ1"; UniqueID = "\CARJUXNW"
Change component parameters. Clean all parameters for all variants
Change component parameters (AddParameter): Name = "Applications"; Value = "General Purpose"; VariantName = "[No Variations]"
Change component parameters (AddParameter): Name = "Base Part Number"; Value = "DRV8801"; VariantName = "[No Variations]"
Change component parameters (AddParameter): Name = "Category"; Value = "Integrated Circuits (ICs)"; VariantName = "[No Variations]"
Change component parameters (AddParameter): Name = "ComponentLink1Description"; Value = "http://www.ti.com/lit/ds/symlink/drv8801-q1.pdf"; VariantName = "[No Variations]"
Change component parameters (AddParameter): Name = "ComponentLink1URL"; Value = "http://www.ti.com/lit/ds/symlink/drv8801-q1.pdf"; VariantName = "[No Variations]"
Change component parameters (AddParameter): Name = "Current - Output"; Value = "2.8A"; VariantName = "[No Variations]"
Change component parameters (AddParameter): Name = "Function"; Value = "Driver - Fully Integrated, Control and Power Stage"; VariantName = "[No Variations]"
Change component parameters (AddParameter): Name = "Interface"; Value = "Parallel"; VariantName = "[No Variations]"
Change component parameters (AddParameter): Name = "Manufacturer"; Value = "Texas Instruments"; VariantName = "[No Variations]"
Change component parameters (AddParameter): Name = "Manufacturer Part Number"; Value = "DRV8801QRTYRQ1"; VariantName = "[No Variations]"
Change component parameters (AddParameter): Name = "Motor Type - AC, DC"; Value = "Brushed DC"; VariantName = "[No Variations]"
Change component parameters (AddParameter): Name = "Motor Type - Stepper"; Value = "Bipolar"; VariantName = "[No Variations]"
Change component parameters (AddParameter): Name = "Mounting Type"; Value = "Surface Mount"; VariantName = "[No Variations]"
Change component parameters (AddParameter): Name = "Operating Temperature"; Value = "-40°C ~ 150°C (TJ)"; VariantName = "[No Variations]"
Change component parameters (AddParameter): Name = "Output Configuration"; Value = "Half Bridge (2)"; VariantName = "[No Variations]"
Change component parameters (AddParameter): Name = "Package / Case"; Value = "16-WQFN Exposed Pad"; VariantName = "[No Variations]"
Change component parameters (AddParameter): Name = "Packaging"; Value = "Cut Tape (CT)"; VariantName = "[No Variations]"
Change component parameters (AddParameter): Name = "Part Status"; Value = "Active"; VariantName = "[No Variations]"
Change component parameters (AddParameter): Name = "Pricing 1"; Value = "1=3.31, 10=2.976, 100=2.4383, 500=2.0757, 1000=1.75059 (USD)"; VariantName = "[No Variations]"
Change component parameters (AddParameter): Name = "RoHS"; Value = "RoHS Compliant"; VariantName = "[No Variations]"
Change component parameters (AddParameter): Name = "Step Resolution"; Value = "-"; VariantName = "[No Variations]"
Change component parameters (AddParameter): Name = "Stock 1"; Value = "3214"; VariantName = "[No Variations]"
Change component parameters (AddParameter): Name = "Supplier 1"; Value = "Digi-Key"; VariantName = "[No Variations]"
Change component parameters (AddParameter): Name = "Supplier Device Package"; Value = "16-QFN (3x4)"; VariantName = "[No Variations]"
Change component parameters (AddParameter): Name = "Supplier Part Number 1"; Value = "296-36582-1-ND"; VariantName = "[No Variations]"
Change component parameters (AddParameter): Name = "Technology"; Value = "DMOS"; VariantName = "[No Variations]"
Change component parameters (AddParameter): Name = "Voltage - Load"; Value = "8 V ~ 38 V"; VariantName = "[No Variations]"
Change component parameters (AddParameter): Name = "Voltage - Supply"; Value = "8 V ~ 38 V"; VariantName = "[No Variations]"
Added Pin To Net: NetName=+12 Pin=C24-1
Added Pin To Net: NetName=NetU5_8-20 Pin=U11-1
Added Pin To Net: NetName=GND Pin=U11-2
Added Pin To Net: NetName=SLEEP Pin=U11-3
Added Pin To Net: NetName=NetR60_2 Pin=U11-4
Added Pin To Net: NetName=BRK Pin=U11-5
Added Pin To Net: NetName=NetP13_1 Pin=U11-6
Added Pin To Net: NetName=NetR61_2 Pin=U11-7
Added Pin To Net: NetName=NetP13_2 Pin=U11-9
Added Pin To Net: NetName=NetC20_1 Pin=U11-10
Added Pin To Net: NetName=NetC20_2 Pin=U11-11
Added Pin To Net: NetName=GND Pin=U11-12
Added Pin To Net: NetName=+12 Pin=U11-13
Added Pin To Net: NetName=NetR56_1 Pin=U11-14
Added Pin To Net: NetName=NetR50_1 Pin=U11-15
Added Pin To Net: NetName=BREAK Pin=U11-16
Added Pin To Net: NetName=NetC24_2 Pin=C24-2
Added Pin To Net: NetName=NetC24_2 Pin=U11-8
Added Net: Name=NetC24_2
