Removed Pin From Net: NetName=Relay_Out Pin=DS2-1
Removed Pin From Net: NetName=+5 BBB Pin=P1-2
Removed Pin From Net: NetName=BBB_PWR_SW Pin=P1-4
Removed Pin From Net: NetName=GND Pin=P1-7
Removed Pin From Net: NetName=Sys_Pwr_Enable Pin=P1-8
Removed Pin From Net: NetName=GND Pin=P1-9
Removed Pin From Net: NetName=+9 Pin=P1-10
Removed Pin From Net: NetName=GND Pin=P1-11
Removed Pin From Net: NetName=GND Pin=P1-13
Removed Pin From Net: NetName=GND Pin=P1-14
Removed Pin From Net: NetName=+12 Pin=P1-15
Removed Pin From Net: NetName=+12 Pin=P1-16
Removed Pin From Net: NetName=Power_IN Pin=P2-2
Removed Pin From Net: NetName=I2C2_SCL Pin=P2-3
Removed Pin From Net: NetName=Relay_Out Pin=P2-4
Removed Pin From Net: NetName=GND Pin=P2-6
Removed Pin From Net: NetName=GND Pin=P2-8
Removed Pin From Net: NetName=GND Pin=P2-10
Removed Pin From Net: NetName=ZH Pin=P2-11
Removed Pin From Net: NetName=GND Pin=P2-12
Removed Pin From Net: NetName=+5 Pin=P2-13
Removed Pin From Net: NetName=-5 Pin=P2-15
Removed Pin From Net: NetName=GND Pin=P2-16
Removed Pin From Net: NetName=Power_IN Pin=R5-2
Removed Pin From Net: NetName=Power_IN Pin=R26-2
Removed Pin From Net: NetName=MUX_B0 Pin=U9-1
Removed Pin From Net: NetName=+3.3 Pin=U9-2
Removed Pin From Net: NetName=GND Pin=U9-3
Removed Pin From Net: NetName=CS_Levels Pin=U9-11
Removed Pin From Net: NetName=+3.3 Pin=U9-13
Removed Pin From Net: NetName=GND Pin=U9-14
Removed Pin From Net: NetName=MUX B2 Pin=U9-15
Removed Pin From Net: NetName=MUX_B1 Pin=U9-16
Removed Member From Class: ClassName=Power Member=P1
Removed Member From Class: ClassName=Power Member=P2
Removed Member From Class: ClassName=BBB Headers Member=U9
Change Component Footprint: Designator=U9 Old Footprint=ADI-RU-16_M New Footprint=DBV0005A_M
Change Component Footprint: Designator=P1 Old Footprint=SLW-108-01-G-D New Footprint=IPL1-103-01-F-D
Change Component Comment : Designator=U9 Old Comment=ADG1608BRUZ New Comment=OPA188AIDBVR
Change Component Comment : Designator=P1 Old Comment=SLW-108-01-G-D New Comment=IPL1-103-01-F-D
Change component parameters: Designator = "P1"; Footprint = "IPL1-103-01-F-D"; UniqueID = "\DXBYPUNF"
Change component parameters. Clean all parameters for all variants
Change component parameters (AddParameter): Name = "ComponentLink1Description"; Value = "https://webassistants.partcommunity.com/23d-libs/samtec/search/resolve.html?EMAIL=mysamtec@samtec.com&PN=HTSW-114-05-F-D"; VariantName = "[No Variations]"
Change component parameters (AddParameter): Name = "ComponentLink1URL"; Value = "https://webassistants.partcommunity.com/23d-libs/samtec/search/resolve.html?EMAIL=mysamtec@samtec.com&PN=HTSW-114-05-F-D"; VariantName = "[No Variations]"
Change component parameters (AddParameter): Name = "Manufacturer"; Value = "SAMTEC"; VariantName = "[No Variations]"
Change component parameters (AddParameter): Name = "Manufacturer Part Number"; Value = "IPL1-103-01-F-D-K"; VariantName = "[No Variations]"
Change component parameters (AddParameter): Name = "Pricing 1"; Value = "1=1.8, 5000=1.56, 10000=1.46 (USD)"; VariantName = "[No Variations]"
Change component parameters (AddParameter): Name = "Stock 1"; Value = "0"; VariantName = "[No Variations]"
Change component parameters (AddParameter): Name = "Supplier 1"; Value = "Newark"; VariantName = "[No Variations]"
Change component parameters (AddParameter): Name = "Supplier Part Number 1"; Value = "51P2678"; VariantName = "[No Variations]"
Change component parameters: Designator = "U9"; Footprint = "DBV0005A_M"; UniqueID = "\RYDUWQUX"
Change component parameters. Clean all parameters for all variants
Change component parameters (AddParameter): Name = "CMRR(Min)(dB)"; Value = "120"; VariantName = "[No Variations]"
Change component parameters (AddParameter): Name = "Code_JEDEC"; Value = "MO-178"; VariantName = "[No Variations]"
Change component parameters (AddParameter): Name = "ComponentLink1Description"; Value = "Manufacturer URL"; VariantName = "[No Variations]"
Change component parameters (AddParameter): Name = "ComponentLink1URL"; Value = "http://www.ti.com/"; VariantName = "[No Variations]"
Change component parameters (AddParameter): Name = "ComponentLink2Description"; Value = "Datasheet"; VariantName = "[No Variations]"
Change component parameters (AddParameter): Name = "ComponentLink2URL"; Value = "http://www.ti.com/lit/ds/symlink/opa188.pdf"; VariantName = "[No Variations]"
Change component parameters (AddParameter): Name = "ComponentLink3Description"; Value = "Package Specification"; VariantName = "[No Variations]"
Change component parameters (AddParameter): Name = "ComponentLink3URL"; Value = "http://www.ti.com/litv/pdf/mpds018i"; VariantName = "[No Variations]"
Change component parameters (AddParameter): Name = "DatasheetVersion"; Value = "SBOS642A"; VariantName = "[No Variations]"
Change component parameters (AddParameter): Name = "Eco-Plan"; Value = "Green (RoHS & no Sb/Br)"; VariantName = "[No Variations]"
Change component parameters (AddParameter): Name = "GBW(Typ)(MHz)"; Value = "2"; VariantName = "[No Variations]"
Change component parameters (AddParameter): Name = "Iq per channel(Max)(mA)"; Value = "0.51"; VariantName = "[No Variations]"
Change component parameters (AddParameter): Name = "Manufacturer"; Value = "Texas Instruments"; VariantName = "[No Variations]"
Change component parameters (AddParameter): Name = "Mounting Technology"; Value = "Surface Mount"; VariantName = "[No Variations]"
Change component parameters (AddParameter): Name = "Number of Channels"; Value = "1"; VariantName = "[No Variations]"
Change component parameters (AddParameter): Name = "Offset Drift(Typ)(uV/C)"; Value = "0.03"; VariantName = "[No Variations]"
Change component parameters (AddParameter): Name = "PackageDescription"; Value = "5-Pin Plastic Small Outline, Body 1.6 x 2.9 mm, Pitch 0.95 mm"; VariantName = "[No Variations]"
Change component parameters (AddParameter): Name = "PackageReference"; Value = "DBV0005A"; VariantName = "[No Variations]"
Change component parameters (AddParameter): Name = "PackageVersion"; Value = "4073253-4/K, 03/2006"; VariantName = "[No Variations]"
Change component parameters (AddParameter): Name = "Packing"; Value = ""; VariantName = "[No Variations]"
Change component parameters (AddParameter): Name = "PartNumber"; Value = "OPA188AIDBVR"; VariantName = "[No Variations]"
Change component parameters (AddParameter): Name = "Rating"; Value = "Catalog"; VariantName = "[No Variations]"
Change component parameters (AddParameter): Name = "Slew Rate(Typ)(V/us)"; Value = "0.8"; VariantName = "[No Variations]"
Change component parameters (AddParameter): Name = "SubFamily"; Value = "Zero Drift Precision Amplifier"; VariantName = "[No Variations]"
Change component parameters (AddParameter): Name = "Total Supply Voltage(Max)(+5V is 5, +/-5V is 10)"; Value = "36"; VariantName = "[No Variations]"
Change component parameters (AddParameter): Name = "Total Supply Voltage(Min)(+5V is 5, +/-5V is 10)"; Value = "4"; VariantName = "[No Variations]"
Added Component: Designator=C9(CAPC0402(1005)60_L)
Add component. Clean all parameters for all variants
Add component (AddParameter): Name = "Applications"; Value = "General Purpose"; VariantName = "[No Variations]"
Add component (AddParameter): Name = "Category"; Value = "Capacitors"; VariantName = "[No Variations]"
Add component (AddParameter): Name = "ComponentLink1Description"; Value = "http://www.murata.com/~/media/webrenewal/support/library/catalog/products/capacitor/mlcc/c02e.ashx?la=en-us"; VariantName = "[No Variations]"
Add component (AddParameter): Name = "ComponentLink1URL"; Value = "http://www.murata.com/~/media/webrenewal/support/library/catalog/products/capacitor/mlcc/c02e.ashx?la=en-us"; VariantName = "[No Variations]"
Add component (AddParameter): Name = "Features"; Value = "-"; VariantName = "[No Variations]"
Add component (AddParameter): Name = "Height - Seated (Max)"; Value = "-"; VariantName = "[No Variations]"
Add component (AddParameter): Name = "Lead Spacing"; Value = "-"; VariantName = "[No Variations]"
Add component (AddParameter): Name = "Manufacturer"; Value = "Murata Electronics North America"; VariantName = "[No Variations]"
Add component (AddParameter): Name = "Manufacturer Part Number"; Value = "GRM155R71A104KA01D"; VariantName = "[No Variations]"
Add component (AddParameter): Name = "Mounting Type"; Value = "Surface Mount, MLCC"; VariantName = "[No Variations]"
Add component (AddParameter): Name = "Operating Temperature"; Value = "-55°C ~ 125°C"; VariantName = "[No Variations]"
Add component (AddParameter): Name = "Package / Case"; Value = "0402 (1005 Metric)"; VariantName = "[No Variations]"
Add component (AddParameter): Name = "Packaging"; Value = "Cut Tape (CT)"; VariantName = "[No Variations]"
Add component (AddParameter): Name = "Part Status"; Value = "Active"; VariantName = "[No Variations]"
Add component (AddParameter): Name = "Pricing 1"; Value = "1=0.1, 10=0.014, 100=0.0063, 500=0.00446, 1000=0.00351, 2500=0.00319, 5000=0.00293 (USD)"; VariantName = "[No Variations]"
Add component (AddParameter): Name = "Ratings"; Value = "-"; VariantName = "[No Variations]"
Add component (AddParameter): Name = "RoHS"; Value = "RoHS Compliant"; VariantName = "[No Variations]"
Add component (AddParameter): Name = "Size / Dimension"; Value = "0.039" L x 0.020" W (1.00mm x 0.50mm)"; VariantName = "[No Variations]"
Add component (AddParameter): Name = "Stock 1"; Value = "2920395"; VariantName = "[No Variations]"
Add component (AddParameter): Name = "Supplier 1"; Value = "Digi-Key"; VariantName = "[No Variations]"
Add component (AddParameter): Name = "Supplier Part Number 1"; Value = "490-6321-1-ND"; VariantName = "[No Variations]"
Add component (AddParameter): Name = "Temperature Coefficient"; Value = "X7R"; VariantName = "[No Variations]"
Add component (AddParameter): Name = "Thickness (Max)"; Value = "0.022" (0.55mm)"; VariantName = "[No Variations]"
Add component (AddParameter): Name = "Tolerance"; Value = "±10%"; VariantName = "[No Variations]"
Add component (AddParameter): Name = "Voltage - Rated"; Value = "10V"; VariantName = "[No Variations]"
Added Component: Designator=P12(SLW-108-01-G-D)
Add component. Clean all parameters for all variants
Add component (AddParameter): Name = "Supplier 1"; Value = "Digi-Key"; VariantName = "[No Variations]"
Added Component: Designator=R13(RESC0402(1005)_M)
Add component. Clean all parameters for all variants
Added Component: Designator=R28(RESC0402(1005)_M)
Add component. Clean all parameters for all variants
Added Pin To Net: NetName=+3.3 Pin=C9-1
Added Pin To Net: NetName=GND Pin=C9-2
Added Pin To Net: NetName=+3.3 Pin=P1-1
Added Pin To Net: NetName=SPI0_SCLK Pin=P1-4
Added Pin To Net: NetName=SPI0_MISO Pin=P1-6
Added Pin To Net: NetName=+5 BBB Pin=P2-2
Added Pin To Net: NetName=BBB_PWR_SW Pin=P2-4
Added Pin To Net: NetName=GND Pin=P2-5
Added Pin To Net: NetName=GND Pin=P2-7
Added Pin To Net: NetName=Sys_Pwr_Enable Pin=P2-8
Added Pin To Net: NetName=GND Pin=P2-9
Added Pin To Net: NetName=+9 Pin=P2-10
Added Pin To Net: NetName=GND Pin=P2-11
Added Pin To Net: NetName=GND Pin=P2-13
Added Pin To Net: NetName=+12 Pin=P2-15
Added Pin To Net: NetName=+12 Pin=P2-16
Added Pin To Net: NetName=Power_IN Pin=P12-2
Added Pin To Net: NetName=I2C2_SCL Pin=P12-3
Added Pin To Net: NetName=Relay_Out Pin=P12-4
Added Pin To Net: NetName=GND Pin=P12-6
Added Pin To Net: NetName=GND Pin=P12-8
Added Pin To Net: NetName=GND Pin=P12-10
Added Pin To Net: NetName=ZH Pin=P12-11
Added Pin To Net: NetName=GND Pin=P12-12
Added Pin To Net: NetName=+5 Pin=P12-13
Added Pin To Net: NetName=GND Pin=P12-14
Added Pin To Net: NetName=-5 Pin=P12-15
Added Pin To Net: NetName=GND Pin=P12-16
Added Pin To Net: NetName=+5 Pin=R13-2
Added Pin To Net: NetName=-5 Pin=R28-1
Added Pin To Net: NetName=CS_Levels Pin=U1-9-28
Added Pin To Net: NetName=-5V Mon Pin=U9-1
Added Pin To Net: NetName=GND Pin=U9-2
Added Pin To Net: NetName=-5V Mon Pin=U9-4
Added Pin To Net: NetName=+3.3 Pin=U9-5
Change Net Name : Old Net Name=I2C2_SDA New Net Name=Battery Thermistor
Added Pin To Net: NetName=5V-RC Pin=P12-5
Added Pin To Net: NetName=5V-RC Pin=U1-8-21
Added Net: Name=5V-RC
Added Pin To Net: NetName=GPIO2_6 Pin=U1-8-45
Added Net: Name=GPIO2_6
Added Pin To Net: NetName=I2C2_SDA Pin=P12-1
Added Net: Name=I2C2_SDA
Added Pin To Net: NetName=IMU_CS0 Pin=P1-2
Added Pin To Net: NetName=IMU_CS0 Pin=U3-12
Added Net: Name=IMU_CS0
Added Pin To Net: NetName=NetR13_1 Pin=R13-1
Added Pin To Net: NetName=NetR13_1 Pin=R28-2
Added Pin To Net: NetName=NetR13_1 Pin=U9-3
Added Net: Name=NetR13_1
Added Pin To Net: NetName=NetU1_9-15 Pin=U1-9-15
Added Net: Name=NetU1_9-15
Added Pin To Net: NetName=Relay Pin=P1-3
Added Pin To Net: NetName=Relay Pin=U1-9-27
Added Net: Name=Relay
Added Member To Class: ClassName=Power Member=Component C9 0.1uF
Added Member To Class: ClassName=BBB Headers Member=Component P1 IPL1-103-01-F-D
Added Member To Class: ClassName=Connectors Member=Component P2 SLW-108-01-G-D
Added Member To Class: ClassName=Connectors Member=Component P12 SLW-108-01-G-D
Added Member To Class: ClassName=Power Member=Component R13 10k
Added Member To Class: ClassName=Power Member=Component R28 10k
Added Member To Class: ClassName=Power Member=Component U9 OPA188AIDBVR
