Added Component: Designator=BT1(BK-916-TR)
Add component. Clean all parameters for all variants
Add component (AddParameter): Name = "Battery Cell Size"; Value = "Coin, 12.0mm"; VariantName = "[No Variations]"
Add component (AddParameter): Name = "Battery Series"; Value = "1216, 1220, 1225"; VariantName = "[No Variations]"
Add component (AddParameter): Name = "Battery Type, Function"; Value = "Coin Cell, Retainer"; VariantName = "[No Variations]"
Add component (AddParameter): Name = "Category 1"; Value = "Battery Products"; VariantName = "[No Variations]"
Add component (AddParameter): Name = "ComponentLink1Description"; Value = "http://www.memoryprotectiondevices.com/datasheets/BK-916-datasheet.pdf"; VariantName = "[No Variations]"
Add component (AddParameter): Name = "ComponentLink1URL"; Value = "http://www.memoryprotectiondevices.com/datasheets/BK-916-datasheet.pdf"; VariantName = "[No Variations]"
Add component (AddParameter): Name = "Description 1"; Value = "CR1220, 1225 BATTERY RETAINER W/"; VariantName = "[No Variations]"
Add component (AddParameter): Name = "Height Above Board"; Value = "0.551" (14.00mm)"; VariantName = "[No Variations]"
Add component (AddParameter): Name = "Manufacturer 1"; Value = "MPD (Memory Protection Devices)"; VariantName = "[No Variations]"
Add component (AddParameter): Name = "Manufacturer Part Number 1"; Value = "BK-916-TR"; VariantName = "[No Variations]"
Add component (AddParameter): Name = "Mounting Type"; Value = "PCB, Surface Mount"; VariantName = "[No Variations]"
Add component (AddParameter): Name = "Number of Cells"; Value = "1"; VariantName = "[No Variations]"
Add component (AddParameter): Name = "Operating Temperature"; Value = "-"; VariantName = "[No Variations]"
Add component (AddParameter): Name = "Part Status"; Value = "Active"; VariantName = "[No Variations]"
Add component (AddParameter): Name = "Pricing 1"; Value = "1=0.49, 10=0.449, 100=0.408, 500=0.357 (USD)"; VariantName = "[No Variations]"
Add component (AddParameter): Name = "RoHS 1"; Value = "RoHS Compliant"; VariantName = "[No Variations]"
Add component (AddParameter): Name = "Stock 1"; Value = "7084"; VariantName = "[No Variations]"
Add component (AddParameter): Name = "Style"; Value = "Retainer"; VariantName = "[No Variations]"
Add component (AddParameter): Name = "Supplier 1"; Value = "Digi-Key"; VariantName = "[No Variations]"
Add component (AddParameter): Name = "Supplier Part Number 1"; Value = "BK-916-CT-ND"; VariantName = "[No Variations]"
Add component (AddParameter): Name = "Termination Style"; Value = "SMD (SMT) Tab"; VariantName = "[No Variations]"
Added Pin To Net: NetName=NetBT1_1 Pin=BT1-1
Added Pin To Net: NetName=DGND Pin=BT1-2
Added Pin To Net: NetName=DGND Pin=BT1-2
Added Member To Class: ClassName=Real Time Clock Member=Component BT1 Battery Holder - BK-916-TR
