Removed Pin From Net: NetName=PWR_GND Pin=U16-1
Removed Pin From Net: NetName=+5 BBB Pin=U18-1
Removed Pin From Net: NetName=+5 BBB Pin=U18-2
Removed Pin From Net: NetName=PWR_GND Pin=U18-3
Removed Pin From Net: NetName=NetC42_2 Pin=U18-4
Removed Pin From Net: NetName=Power_IN Pin=U18-5
Removed Pin From Net: NetName=PWR_GND Pin=U18-6
Removed Pin From Net: NetName=PWR_GND Pin=U18-7
Removed Pin From Net: NetName=Power_IN Pin=U18-8
Removed Member From Class: ClassName=Power Member=U18
Change Component Footprint: Designator=U15 Old Footprint=LT-S6-6-TSOT-23_L New Footprint=LT-S6-6-TSOT-23_N
Change Component Footprint: Designator=U16 Old Footprint=SO8_M New Footprint=TSOP127P600X100-8N
Change Component Designator: OldDesignator=C? NewDesignator=C44
Change component parameters: Designator = "U16"; Footprint = "TSOP127P600X100-8N"; UniqueID = "\WUKHMMMO"
Change component parameters. Clean all parameters for all variants
Change component parameters (AddParameter): Name = "Category"; Value = "Integrated Circuits (ICs)"; VariantName = "[No Variations]"
Change component parameters (AddParameter): Name = "ComponentLink1Description"; Value = "http://rohmfs.rohm.com/en/products/databook/datasheet/ic/power/linear_regulator/bdxxga3wefj-e.pdf"; VariantName = "[No Variations]"
Change component parameters (AddParameter): Name = "ComponentLink1URL"; Value = "http://rohmfs.rohm.com/en/products/databook/datasheet/ic/power/linear_regulator/bdxxga3wefj-e.pdf"; VariantName = "[No Variations]"
Change component parameters (AddParameter): Name = "Current - Limit (Min)"; Value = "-"; VariantName = "[No Variations]"
Change component parameters (AddParameter): Name = "Current - Output"; Value = "300mA"; VariantName = "[No Variations]"
Change component parameters (AddParameter): Name = "Manufacturer"; Value = "Rohm Semiconductor"; VariantName = "[No Variations]"
Change component parameters (AddParameter): Name = "Manufacturer Part Number"; Value = "BD90GA3WEFJ-E2"; VariantName = "[No Variations]"
Change component parameters (AddParameter): Name = "Mounting Type"; Value = "Surface Mount"; VariantName = "[No Variations]"
Change component parameters (AddParameter): Name = "Operating Temperature"; Value = "-25°C ~ 85°C"; VariantName = "[No Variations]"
Change component parameters (AddParameter): Name = "Package / Case"; Value = "8-SOIC (0.154", 3.90mm Width) Exposed Pad"; VariantName = "[No Variations]"
Change component parameters (AddParameter): Name = "Packaging"; Value = "Cut Tape (CT)"; VariantName = "[No Variations]"
Change component parameters (AddParameter): Name = "Part Status"; Value = "Active"; VariantName = "[No Variations]"
Change component parameters (AddParameter): Name = "Pricing 1"; Value = "1=0.69, 10=0.606, 25=0.5364, 100=0.4672, 250=0.40664, 500=0.34608, 1000=0.27686 (USD)"; VariantName = "[No Variations]"
Change component parameters (AddParameter): Name = "Regulator Topology"; Value = "Positive Fixed"; VariantName = "[No Variations]"
Change component parameters (AddParameter): Name = "RoHS"; Value = "RoHS Compliant"; VariantName = "[No Variations]"
Change component parameters (AddParameter): Name = "Stock 1"; Value = "4781"; VariantName = "[No Variations]"
Change component parameters (AddParameter): Name = "Supplier 1"; Value = "Digi-Key"; VariantName = "[No Variations]"
Change component parameters (AddParameter): Name = "Supplier Device Package"; Value = "8-HTSOP-J"; VariantName = "[No Variations]"
Change component parameters (AddParameter): Name = "Supplier Part Number 1"; Value = "BD90GA3WEFJ-E2CT-ND"; VariantName = "[No Variations]"
Change component parameters (AddParameter): Name = "Voltage - Dropout (Typical)"; Value = "0.6V @ 300mA"; VariantName = "[No Variations]"
Change component parameters (AddParameter): Name = "Voltage - Input"; Value = "Up to 14V"; VariantName = "[No Variations]"
Change component parameters (AddParameter): Name = "Voltage - Output"; Value = "9V"; VariantName = "[No Variations]"
Added Component: Designator=U10(LT-S8-8_L)
Add component. Clean all parameters for all variants
Add component (AddParameter): Name = "ComponentLink1Description"; Value = "Manufacturer URL"; VariantName = "[No Variations]"
Add component (AddParameter): Name = "ComponentLink1URL"; Value = "http://www.linear.com/"; VariantName = "[No Variations]"
Add component (AddParameter): Name = "ComponentLink2Description"; Value = "Datasheet"; VariantName = "[No Variations]"
Add component (AddParameter): Name = "ComponentLink2URL"; Value = "http://cds.linear.com/docs/en/datasheet/1763fg.pdf"; VariantName = "[No Variations]"
Add component (AddParameter): Name = "ComponentLink3Description"; Value = "Package Specification"; VariantName = "[No Variations]"
Add component (AddParameter): Name = "ComponentLink3URL"; Value = "http://cds.linear.com/docs/en/packaging/05081610_G_SO8.pdf"; VariantName = "[No Variations]"
Add component (AddParameter): Name = "DatasheetVersion"; Value = "Rev. G"; VariantName = "[No Variations]"
Add component (AddParameter): Name = "Discrete Pass Element"; Value = "no"; VariantName = "[No Variations]"
Add component (AddParameter): Name = "Dropout Voltage(V)"; Value = "0.3"; VariantName = "[No Variations]"
Add component (AddParameter): Name = "Iout(mA)"; Value = "500"; VariantName = "[No Variations]"
Add component (AddParameter): Name = "Isupply(mA)"; Value = "0.03"; VariantName = "[No Variations]"
Add component (AddParameter): Name = "Manufacturer"; Value = "Linear Technology"; VariantName = "[No Variations]"
Add component (AddParameter): Name = "Mounting Technology"; Value = "Surface Mount"; VariantName = "[No Variations]"
Add component (AddParameter): Name = "Noise(uV)"; Value = "20"; VariantName = "[No Variations]"
Add component (AddParameter): Name = "Number of Outputs"; Value = "1"; VariantName = "[No Variations]"
Add component (AddParameter): Name = "Output Voltage"; Value = "5 V"; VariantName = "[No Variations]"
Add component (AddParameter): Name = "PackageDescription"; Value = "8-Pin Plastic Small Outline (Narrow .150 Inch), Body 4.9 x 3.9 mm, Pitch 1.27 mm"; VariantName = "[No Variations]"
Add component (AddParameter): Name = "PackageReference"; Value = "S8-8"; VariantName = "[No Variations]"
Add component (AddParameter): Name = "PackageVersion"; Value = "Rev. G, 03/2012"; VariantName = "[No Variations]"
Add component (AddParameter): Name = "PartNumber"; Value = "LT1763CS8-5#PBF"; VariantName = "[No Variations]"
Add component (AddParameter): Name = "PSRR(dB)"; Value = "65"; VariantName = "[No Variations]"
Add component (AddParameter): Name = "RoHS"; Value = "TRUE"; VariantName = "[No Variations]"
Add component (AddParameter): Name = "Shutdown Current(uA)"; Value = "1"; VariantName = "[No Variations]"
Add component (AddParameter): Name = "Vin Max(V)"; Value = "20"; VariantName = "[No Variations]"
Add component (AddParameter): Name = "Vin Min(V)"; Value = "1.8"; VariantName = "[No Variations]"
Added Pin To Net: NetName=+5 BBB Pin=U10-1
Added Pin To Net: NetName=+5 BBB Pin=U10-2
Added Pin To Net: NetName=PWR_GND Pin=U10-3
Added Pin To Net: NetName=NetC42_2 Pin=U10-4
Added Pin To Net: NetName=Power_IN Pin=U10-5
Added Pin To Net: NetName=PWR_GND Pin=U10-6
Added Pin To Net: NetName=PWR_GND Pin=U10-7
Added Pin To Net: NetName=Power_IN Pin=U10-8
Added Pin To Net: NetName=+9 Pin=U16-1
Added Pin To Net: NetName=+9 Pin=U16-2
Added Pin To Net: NetName=PWR_GND Pin=U16-3
Added Pin To Net: NetName=NetU1_P8-10 Pin=U16-5
Added Pin To Net: NetName=+12 Pin=U16-8
Added Member To Class: ClassName=Power Member=Component U10 LT1763CS8-5#PBF
