Added Component: Designator=BT2(SEIK-MS621FE-FL11E-2_V)
Add component. Clean all parameters for all variants
Add component (AddParameter): Name = "Battery Size"; Value = "621"; VariantName = "[No Variations]"
Add component (AddParameter): Name = "Brand"; Value = "SeikoInstrumentsMicroEnergy"; VariantName = "[No Variations]"
Add component (AddParameter): Name = "Capacity"; Value = "5.5mAh"; VariantName = "[No Variations]"
Add component (AddParameter): Name = "Chemistry"; Value = "Lithium"; VariantName = "[No Variations]"
Add component (AddParameter): Name = "Datasheet URL"; Value = "http://datasheet.octopart.com/MS621FE-FL11E-Seiko-datasheet-5320152.pdf"; VariantName = "[No Variations]"
Add component (AddParameter): Name = "Datasheet Version"; Value = "Jan-08"; VariantName = "[No Variations]"
Add component (AddParameter): Name = "Diameter"; Value = "6.8mm"; VariantName = "[No Variations]"
Add component (AddParameter): Name = "Factory Pack Quantity"; Value = "100"; VariantName = "[No Variations]"
Add component (AddParameter): Name = "Height"; Value = "2.1mm"; VariantName = "[No Variations]"
Add component (AddParameter): Name = "Manufacturer"; Value = "SeikoInstruments"; VariantName = "[No Variations]"
Add component (AddParameter): Name = "Manufacturer URL"; Value = "http://www.sii.co.jp/en/"; VariantName = "[No Variations]"
Add component (AddParameter): Name = "Mounting Style"; Value = "WithLeads"; VariantName = "[No Variations]"
Add component (AddParameter): Name = "Orientation"; Value = "Vertical"; VariantName = "[No Variations]"
Add component (AddParameter): Name = "Output Voltage"; Value = "3V"; VariantName = "[No Variations]"
Add component (AddParameter): Name = "Packaging"; Value = "Tray"; VariantName = "[No Variations]"
Add component (AddParameter): Name = "Product Category"; Value = "CoinCellBattery"; VariantName = "[No Variations]"
Add component (AddParameter): Name = "Rechargeable/Non-Rechargeable"; Value = "Rechargeable"; VariantName = "[No Variations]"
Add component (AddParameter): Name = "RoHS"; Value = "NotApplicable"; VariantName = "[No Variations]"
Add component (AddParameter): Name = "Series"; Value = "MS"; VariantName = "[No Variations]"
Add component (AddParameter): Name = "Termination Style"; Value = "ThroughHole"; VariantName = "[No Variations]"
Add component (AddParameter): Name = "Type"; Value = "CoinCellBatterywithLeads"; VariantName = "[No Variations]"
Add component (AddParameter): Name = "Unit Weight"; Value = "0.008113oz"; VariantName = "[No Variations]"
Added Pin To Net: NetName=NetBT1_1 Pin=BT2-1
Added Pin To Net: NetName=GND Pin=BT2-2
Change Net Name : Old Net Name=NetBT1_1 New Net Name=NetBT2_1
Added Member To Class: ClassName=Real Time Clock Member=Component BT2 MS621FE-FL11E
