Added Pin To Net: NetName=NetU16_8-39 Pin=U16-8-39
Added Pin To Net: NetName=NetU16_8-39 Pin=U21-15
Added Net: Name=NetU16_8-39
Added Pin To Net: NetName=NetU16_8-40 Pin=U16-8-40
Added Pin To Net: NetName=NetU16_8-40 Pin=U21-14
Added Net: Name=NetU16_8-40
Added Pin To Net: NetName=NetU16_8-41 Pin=U16-8-41
Added Pin To Net: NetName=NetU16_8-41 Pin=U21-13
Added Net: Name=NetU16_8-41
Added Pin To Net: NetName=NetU17_1 Pin=U17-1
Added Pin To Net: NetName=NetU17_1 Pin=U17-4
Added Pin To Net: NetName=NetU17_1 Pin=U21-2
Added Net: Name=NetU17_1
Added Pin To Net: NetName=NetU18_1 Pin=U18-1
Added Pin To Net: NetName=NetU18_1 Pin=U18-4
Added Pin To Net: NetName=NetU18_1 Pin=U21-3
Added Net: Name=NetU18_1
Added Pin To Net: NetName=NetU21_4 Pin=U21-4
Added Pin To Net: NetName=NetU21_4 Pin=U22-1
Added Pin To Net: NetName=NetU21_4 Pin=U22-4
Added Net: Name=NetU21_4
Added Pin To Net: NetName=NetU21_5 Pin=U21-5
Added Pin To Net: NetName=NetU21_5 Pin=U23-1
Added Pin To Net: NetName=NetU21_5 Pin=U23-4
Added Net: Name=NetU21_5
Added Pin To Net: NetName=NetU21_10 Pin=U21-10
Added Pin To Net: NetName=NetU21_10 Pin=U25-1
Added Pin To Net: NetName=NetU21_10 Pin=U25-4
Added Net: Name=NetU21_10
Added Member To Class: ClassName=FeedbackLoop Member=Component U8 OPA188AIDBVR
