Added Component: Designator=P6(SLW-105-01-G-D)
Add component. Clean all parameters for all variants
Add component (AddParameter): Name = "Applications"; Value = "-"; VariantName = "[No Variations]"
Add component (AddParameter): Name = "Category"; Value = "Connectors, Interconnects"; VariantName = "[No Variations]"
Add component (AddParameter): Name = "ComponentLink1Description"; Value = "http://suddendocs.samtec.com/prints/slw-1xx-01-x-x-mkt.pdf"; VariantName = "[No Variations]"
Add component (AddParameter): Name = "ComponentLink1URL"; Value = "http://suddendocs.samtec.com/prints/slw-1xx-01-x-x-mkt.pdf"; VariantName = "[No Variations]"
Add component (AddParameter): Name = "Connector Type"; Value = "Receptacle"; VariantName = "[No Variations]"
Add component (AddParameter): Name = "Contact Finish - Mating"; Value = "Gold"; VariantName = "[No Variations]"
Add component (AddParameter): Name = "Contact Finish - Post"; Value = "Gold"; VariantName = "[No Variations]"
Add component (AddParameter): Name = "Contact Finish Thickness - Mating"; Value = "20열n (0.51엸)"; VariantName = "[No Variations]"
Add component (AddParameter): Name = "Contact Finish Thickness - Post"; Value = "3열n (0.08엸)"; VariantName = "[No Variations]"
Add component (AddParameter): Name = "Contact Length - Post"; Value = "0.115" (2.92mm)"; VariantName = "[No Variations]"
Add component (AddParameter): Name = "Contact Material"; Value = "Phosphor Bronze"; VariantName = "[No Variations]"
Add component (AddParameter): Name = "Contact Shape"; Value = "Square"; VariantName = "[No Variations]"
Add component (AddParameter): Name = "Contact Type"; Value = "Forked"; VariantName = "[No Variations]"
Add component (AddParameter): Name = "Current Rating"; Value = "-"; VariantName = "[No Variations]"
Add component (AddParameter): Name = "Fastening Type"; Value = "Push-Pull"; VariantName = "[No Variations]"
Add component (AddParameter): Name = "Features"; Value = "-"; VariantName = "[No Variations]"
Add component (AddParameter): Name = "Ingress Protection"; Value = "-"; VariantName = "[No Variations]"
Add component (AddParameter): Name = "Insulation Color"; Value = "Black"; VariantName = "[No Variations]"
Add component (AddParameter): Name = "Insulation Height"; Value = "0.180" (4.57mm)"; VariantName = "[No Variations]"
Add component (AddParameter): Name = "Insulation Material"; Value = "Polyester, Glass Filled"; VariantName = "[No Variations]"
Add component (AddParameter): Name = "Manufacturer"; Value = "Samtec Inc."; VariantName = "[No Variations]"
Add component (AddParameter): Name = "Manufacturer Part Number"; Value = "SLW-105-01-G-D"; VariantName = "[No Variations]"
Add component (AddParameter): Name = "Mated Stacking Heights"; Value = "6.09mm"; VariantName = "[No Variations]"
Add component (AddParameter): Name = "Material Flammability Rating"; Value = "-"; VariantName = "[No Variations]"
Add component (AddParameter): Name = "Mounting Type"; Value = "Through Hole"; VariantName = "[No Variations]"
Add component (AddParameter): Name = "Number of Positions"; Value = "10"; VariantName = "[No Variations]"
Add component (AddParameter): Name = "Number of Positions Loaded"; Value = "All"; VariantName = "[No Variations]"
Add component (AddParameter): Name = "Operating Temperature"; Value = "-55C ~ 125C"; VariantName = "[No Variations]"
Add component (AddParameter): Name = "Packaging"; Value = "Bulk"; VariantName = "[No Variations]"
Add component (AddParameter): Name = "Part Status"; Value = "Active"; VariantName = "[No Variations]"
Add component (AddParameter): Name = "Pitch - Mating"; Value = "0.100" (2.54mm)"; VariantName = "[No Variations]"
Add component (AddParameter): Name = "Pricing 1"; Value = "1=3.8, 10=3.401, 100=2.8012, 500=2.2143, 1000=1.90084, 5000=1.7341, 10000=1.6674 (USD)"; VariantName = "[No Variations]"
Add component (AddParameter): Name = "RoHS"; Value = "RoHS Compliant"; VariantName = "[No Variations]"
Add component (AddParameter): Name = "Row Spacing - Mating"; Value = "0.100" (2.54mm)"; VariantName = "[No Variations]"
Add component (AddParameter): Name = "Stock 1"; Value = "203"; VariantName = "[No Variations]"
Add component (AddParameter): Name = "Style"; Value = "Board to Board"; VariantName = "[No Variations]"
Add component (AddParameter): Name = "Supplier 1"; Value = "Digi-Key"; VariantName = "[No Variations]"
Add component (AddParameter): Name = "Supplier Part Number 1"; Value = "SAM1088-05-ND"; VariantName = "[No Variations]"
Add component (AddParameter): Name = "Termination"; Value = "Solder"; VariantName = "[No Variations]"
Add component (AddParameter): Name = "Voltage Rating"; Value = "-"; VariantName = "[No Variations]"
Added Component: Designator=P7(SLW-105-01-G-D)
Add component. Clean all parameters for all variants
Add component (AddParameter): Name = "Applications"; Value = "-"; VariantName = "[No Variations]"
Add component (AddParameter): Name = "Category"; Value = "Connectors, Interconnects"; VariantName = "[No Variations]"
Add component (AddParameter): Name = "ComponentLink1Description"; Value = "http://suddendocs.samtec.com/prints/slw-1xx-01-x-x-mkt.pdf"; VariantName = "[No Variations]"
Add component (AddParameter): Name = "ComponentLink1URL"; Value = "http://suddendocs.samtec.com/prints/slw-1xx-01-x-x-mkt.pdf"; VariantName = "[No Variations]"
Add component (AddParameter): Name = "Connector Type"; Value = "Receptacle"; VariantName = "[No Variations]"
Add component (AddParameter): Name = "Contact Finish - Mating"; Value = "Gold"; VariantName = "[No Variations]"
Add component (AddParameter): Name = "Contact Finish - Post"; Value = "Gold"; VariantName = "[No Variations]"
Add component (AddParameter): Name = "Contact Finish Thickness - Mating"; Value = "20열n (0.51엸)"; VariantName = "[No Variations]"
Add component (AddParameter): Name = "Contact Finish Thickness - Post"; Value = "3열n (0.08엸)"; VariantName = "[No Variations]"
Add component (AddParameter): Name = "Contact Length - Post"; Value = "0.115" (2.92mm)"; VariantName = "[No Variations]"
Add component (AddParameter): Name = "Contact Material"; Value = "Phosphor Bronze"; VariantName = "[No Variations]"
Add component (AddParameter): Name = "Contact Shape"; Value = "Square"; VariantName = "[No Variations]"
Add component (AddParameter): Name = "Contact Type"; Value = "Forked"; VariantName = "[No Variations]"
Add component (AddParameter): Name = "Current Rating"; Value = "-"; VariantName = "[No Variations]"
Add component (AddParameter): Name = "Fastening Type"; Value = "Push-Pull"; VariantName = "[No Variations]"
Add component (AddParameter): Name = "Features"; Value = "-"; VariantName = "[No Variations]"
Add component (AddParameter): Name = "Ingress Protection"; Value = "-"; VariantName = "[No Variations]"
Add component (AddParameter): Name = "Insulation Color"; Value = "Black"; VariantName = "[No Variations]"
Add component (AddParameter): Name = "Insulation Height"; Value = "0.180" (4.57mm)"; VariantName = "[No Variations]"
Add component (AddParameter): Name = "Insulation Material"; Value = "Polyester, Glass Filled"; VariantName = "[No Variations]"
Add component (AddParameter): Name = "Manufacturer"; Value = "Samtec Inc."; VariantName = "[No Variations]"
Add component (AddParameter): Name = "Manufacturer Part Number"; Value = "SLW-105-01-G-D"; VariantName = "[No Variations]"
Add component (AddParameter): Name = "Mated Stacking Heights"; Value = "6.09mm"; VariantName = "[No Variations]"
Add component (AddParameter): Name = "Material Flammability Rating"; Value = "-"; VariantName = "[No Variations]"
Add component (AddParameter): Name = "Mounting Type"; Value = "Through Hole"; VariantName = "[No Variations]"
Add component (AddParameter): Name = "Number of Positions"; Value = "10"; VariantName = "[No Variations]"
Add component (AddParameter): Name = "Number of Positions Loaded"; Value = "All"; VariantName = "[No Variations]"
Add component (AddParameter): Name = "Operating Temperature"; Value = "-55C ~ 125C"; VariantName = "[No Variations]"
Add component (AddParameter): Name = "Packaging"; Value = "Bulk"; VariantName = "[No Variations]"
Add component (AddParameter): Name = "Part Status"; Value = "Active"; VariantName = "[No Variations]"
Add component (AddParameter): Name = "Pitch - Mating"; Value = "0.100" (2.54mm)"; VariantName = "[No Variations]"
Add component (AddParameter): Name = "Pricing 1"; Value = "1=3.8, 10=3.401, 100=2.8012, 500=2.2143, 1000=1.90084, 5000=1.7341, 10000=1.6674 (USD)"; VariantName = "[No Variations]"
Add component (AddParameter): Name = "RoHS"; Value = "RoHS Compliant"; VariantName = "[No Variations]"
Add component (AddParameter): Name = "Row Spacing - Mating"; Value = "0.100" (2.54mm)"; VariantName = "[No Variations]"
Add component (AddParameter): Name = "Stock 1"; Value = "203"; VariantName = "[No Variations]"
Add component (AddParameter): Name = "Style"; Value = "Board to Board"; VariantName = "[No Variations]"
Add component (AddParameter): Name = "Supplier 1"; Value = "Digi-Key"; VariantName = "[No Variations]"
Add component (AddParameter): Name = "Supplier Part Number 1"; Value = "SAM1088-05-ND"; VariantName = "[No Variations]"
Add component (AddParameter): Name = "Termination"; Value = "Solder"; VariantName = "[No Variations]"
Add component (AddParameter): Name = "Voltage Rating"; Value = "-"; VariantName = "[No Variations]"
Added Component: Designator=P8(SLW-108-01-G-D)
Add component. Clean all parameters for all variants
Add component (AddParameter): Name = "Supplier 1"; Value = "Digi-Key"; VariantName = "[No Variations]"
Added Component: Designator=P9(SLW-108-01-G-D)
Add component. Clean all parameters for all variants
Add component (AddParameter): Name = "Supplier 1"; Value = "Digi-Key"; VariantName = "[No Variations]"
Added Pin To Net: NetName=+5 Pin=P6-3
Added Pin To Net: NetName=FB_MUX_A1 Pin=P6-4
Added Pin To Net: NetName=+3.3 Pin=P6-5
Added Pin To Net: NetName=FB_MUX_A0 Pin=P6-6
Added Pin To Net: NetName=ZH Pin=P6-7
Added Pin To Net: NetName=FB_CS0 Pin=P6-9
Added Pin To Net: NetName=NetP2_18 Pin=P7-1
Added Pin To Net: NetName=+5 Pin=P7-5
Added Pin To Net: NetName=+12 Pin=P7-6
Added Pin To Net: NetName=PWM2B Pin=P7-7
Added Pin To Net: NetName=-5 Pin=P7-8
Added Pin To Net: NetName=GND Pin=P7-10
Added Pin To Net: NetName=Battery Thermistor Pin=P8-1
Added Pin To Net: NetName=+5 BBB Pin=P8-2
Added Pin To Net: NetName=NetP8_4 Pin=P8-4
Added Pin To Net: NetName=GND Pin=P8-5
Added Pin To Net: NetName=GND Pin=P8-7
Added Pin To Net: NetName=Sys_Pwr_Enable Pin=P8-8
Added Pin To Net: NetName=GND Pin=P8-9
Added Pin To Net: NetName=+9 Pin=P8-10
Added Pin To Net: NetName=GND Pin=P8-11
Added Pin To Net: NetName=GND Pin=P8-13
Added Pin To Net: NetName=GND Pin=P8-14
Added Pin To Net: NetName=+12 Pin=P8-15
Added Pin To Net: NetName=+12 Pin=P8-16
Added Pin To Net: NetName=Power_IN Pin=P9-2
Added Pin To Net: NetName=Relay_Out Pin=P9-4
Added Pin To Net: NetName=+3.3 Pin=P9-5
Added Pin To Net: NetName=GND Pin=P9-6
Added Pin To Net: NetName=GND Pin=P9-8
Added Pin To Net: NetName=GND Pin=P9-10
Added Pin To Net: NetName=ZH Pin=P9-11
Added Pin To Net: NetName=GND Pin=P9-12
Added Pin To Net: NetName=+5 Pin=P9-13
Added Pin To Net: NetName=GND Pin=P9-14
Added Pin To Net: NetName=-5 Pin=P9-15
Added Pin To Net: NetName=GND Pin=P9-16
Added Pin To Net: NetName=NetR15_1 Pin=U5-8-7
Added Pin To Net: NetName=NetR17_1 Pin=U5-8-8
Added Member To Class: ClassName=Connectors Member=Component P6 SLW-105-01-G-D
Added Member To Class: ClassName=Connectors Member=Component P7 SLW-105-01-G-D
Added Member To Class: ClassName=Connectors Member=Component P8 SLW-108-01-G-D
Added Member To Class: ClassName=Connectors Member=Component P9 SLW-108-01-G-D
