Removed Pin From Net: NetName=GND Pin=C3-1
Removed Pin From Net: NetName=+5 Pin=C3-2
Removed Pin From Net: NetName=GND Pin=C4-1
Removed Pin From Net: NetName=+5 BBB Pin=C4-2
Removed Pin From Net: NetName=+5 Pin=C9-1
Removed Pin From Net: NetName=GND Pin=C11-1
Removed Pin From Net: NetName=+5 Pin=C11-2
Removed Pin From Net: NetName=GND Pin=C12-1
Removed Pin From Net: NetName=-5 Pin=C12-2
Removed Pin From Net: NetName=+5 Pin=U4-1
Removed Pin From Net: NetName=+5 Pin=U4-2
Removed Pin From Net: NetName=GND Pin=U4-3
Removed Pin From Net: NetName=GND Pin=U4-6
Removed Pin From Net: NetName=GND Pin=U4-7
Removed Pin From Net: NetName=+5 BBB Pin=U4-8
Removed Pin From Net: NetName=+5 Pin=U6-1
Removed Pin From Net: NetName=-5 Pin=U6-2
Removed Pin From Net: NetName=GND Pin=U6-5
Removed Pin From Net: NetName=+5 Pin=U6-6
Added Member To Class: ClassName=12_Supply Member=Component C2 CAP CER 0.1UF 16V X7R 0805
Added Member To Class: ClassName=12_Supply Member=Component R5 1M
Added Member To Class: ClassName=12_Supply Member=Component U1 OPA188AIDBVR
