Removed Pin From Net: NetName=+5 Pin=C13-1
Removed Pin From Net: NetName=GND Pin=C13-2
Removed Pin From Net: NetName=+5 Pin=C14-1
Removed Pin From Net: NetName=GND Pin=C14-2
Removed Pin From Net: NetName=GND Pin=C15-2
Removed Pin From Net: NetName=GND Pin=C16-2
Removed Pin From Net: NetName=GND Pin=C17-1
Removed Pin From Net: NetName=+12 Pin=C17-2
Removed Pin From Net: NetName=GND Pin=C18-2
Removed Pin From Net: NetName=GND Pin=C19-1
Removed Pin From Net: NetName=+12 Pin=C19-2
Removed Pin From Net: NetName=GND Pin=C20-2
Removed Pin From Net: NetName=+12 Pin=R10-2
Removed Pin From Net: NetName=GND Pin=R11-1
Removed Pin From Net: NetName=Batt+ Pin=R12-2
Removed Pin From Net: NetName=GND Pin=R13-1
Removed Pin From Net: NetName=+5 Pin=U8-3
Removed Pin From Net: NetName=+12 Pin=U8-4
Removed Pin From Net: NetName=-5 Pin=U8-10
Removed Pin From Net: NetName=+9 Pin=U8-12
Removed Pin From Net: NetName=+12 Pin=U9-4
Removed Pin From Net: NetName=+5 BBB Pin=U9-10
Removed Pin From Net: NetName=GND Pin=U9-11
Removed Pin From Net: NetName=+5 Pin=U10-1
Removed Pin From Net: NetName=SPI0_CS0 Pin=U10-10
Removed Pin From Net: NetName=SPI0_MOSI Pin=U10-11
Removed Pin From Net: NetName=SPI0_SCLK Pin=U10-13
Removed Pin From Net: NetName=SPI0_MISO Pin=U10-14
Removed Pin From Net: NetName=GND Pin=U10-15
Removed Pin From Net: NetName=GND Pin=U10-16
Removed Pin From Net: NetName=GND Pin=U10-21
Removed Pin From Net: NetName=+5 Pin=U10-22
Removed Pin From Net: NetName=GND Pin=U10-23
Removed Pin From Net: NetName=GND Pin=U10-24
Added Pin To Net: NetName=NetP3_4 Pin=P3-4
Added Net: Name=NetP3_4
Added Pin To Net: NetName=NetP3_5 Pin=P3-5
Added Net: Name=NetP3_5
