Removed Pin From Net: NetName=+5 BBB Pin=R1-1
Removed Pin From Net: NetName=9V_RC Pin=R1-2
Removed Pin From Net: NetName=+5 BBB Pin=R2-1
Removed Pin From Net: NetName=5V_RC Pin=R2-2
Removed Pin From Net: NetName=+5 BBB Pin=R4-1
Removed Pin From Net: NetName=12V_RC Pin=R4-2
Removed Member From Class: ClassName=LM-008 Member=R1
Removed Member From Class: ClassName=LM-008 Member=R2
Removed Member From Class: ClassName=LM-008 Member=R4
Added Component: Designator=R?(RESC0402(1005)_L)
Add component. Clean all parameters for all variants
Add component (AddParameter): Name = "Supplier Device Package"; Value = "0402"; VariantName = "[No Variations]"
Add component (AddParameter): Name = "Supplier Part Number 1"; Value = "YAG3220CT-ND"; VariantName = "[No Variations]"
Add component (AddParameter): Name = "Temperature Coefficient"; Value = "±100ppm/°C"; VariantName = "[No Variations]"
Add component (AddParameter): Name = "Tolerance"; Value = "±1%"; VariantName = "[No Variations]"
Added Component: Designator=R?(RESC0402(1005)_L)
Add component. Clean all parameters for all variants
Add component (AddParameter): Name = "Supplier Device Package"; Value = "0402"; VariantName = "[No Variations]"
Add component (AddParameter): Name = "Supplier Part Number 1"; Value = "YAG3220CT-ND"; VariantName = "[No Variations]"
Add component (AddParameter): Name = "Temperature Coefficient"; Value = "±100ppm/°C"; VariantName = "[No Variations]"
Add component (AddParameter): Name = "Tolerance"; Value = "±1%"; VariantName = "[No Variations]"
Added Component: Designator=R?(RESC0402(1005)_L)
Add component. Clean all parameters for all variants
Add component (AddParameter): Name = "Supplier Device Package"; Value = "0402"; VariantName = "[No Variations]"
Add component (AddParameter): Name = "Supplier Part Number 1"; Value = "YAG3220CT-ND"; VariantName = "[No Variations]"
Add component (AddParameter): Name = "Temperature Coefficient"; Value = "±100ppm/°C"; VariantName = "[No Variations]"
Add component (AddParameter): Name = "Tolerance"; Value = "±1%"; VariantName = "[No Variations]"
Added Pin To Net: NetName=5V_RC Pin=R?-1
Added Pin To Net: NetName=9V_RC Pin=R?-1
Added Pin To Net: NetName=12V_RC Pin=R?-1
Added Pin To Net: NetName=+5 BBB Pin=R?-2
Added Pin To Net: NetName=+5 BBB Pin=R?-2
Added Pin To Net: NetName=+5 BBB Pin=R?-2
Added Pin To Net: NetName=AGND Pin=U8-11
Added Member To Class: ClassName=LM-008 Member=Component R? 100K
Added Member To Class: ClassName=LM-008 Member=Component R? 100K
Added Member To Class: ClassName=LM-008 Member=Component R? 100K
