Removed Member From Class: ClassName=36V_Supply Member=C?
Removed Member From Class: ClassName=Power_Input Member=P?
Removed Member From Class: ClassName=36V_Supply Member=R?
Removed Member From Class: ClassName=Power_Input Member=R?
Removed Member From Class: ClassName=36V_Supply Member=U?
Change Component Designator: OldDesignator=C? NewDesignator=C1
Change Component Designator: OldDesignator=C? NewDesignator=C2
Change Component Designator: OldDesignator=C? NewDesignator=C3
Change Component Designator: OldDesignator=C? NewDesignator=C4
Change Component Designator: OldDesignator=C? NewDesignator=C5
Change Component Designator: OldDesignator=C? NewDesignator=C6
Change Component Designator: OldDesignator=C? NewDesignator=C7
Change Component Designator: OldDesignator=C? NewDesignator=C8
Change Component Designator: OldDesignator=C? NewDesignator=C9
Change Component Designator: OldDesignator=C? NewDesignator=C10
Change Component Designator: OldDesignator=C? NewDesignator=C11
Change Component Designator: OldDesignator=C? NewDesignator=C12
Change Component Designator: OldDesignator=C? NewDesignator=C13
Change Component Designator: OldDesignator=C? NewDesignator=C14
Change Component Designator: OldDesignator=C? NewDesignator=C15
Change Component Designator: OldDesignator=C? NewDesignator=C16
Change Component Designator: OldDesignator=C? NewDesignator=C17
Change Component Designator: OldDesignator=C? NewDesignator=C18
Change Component Designator: OldDesignator=C? NewDesignator=C19
Change Component Designator: OldDesignator=C? NewDesignator=C20
Change Component Designator: OldDesignator=C? NewDesignator=C21
Change Component Designator: OldDesignator=F? NewDesignator=F1
Change Component Designator: OldDesignator=L? NewDesignator=L1
Change Component Designator: OldDesignator=P? NewDesignator=P1
Change Component Designator: OldDesignator=P? NewDesignator=P2
Change Component Designator: OldDesignator=P? NewDesignator=P3
Change Component Designator: OldDesignator=P? NewDesignator=P4
Change Component Designator: OldDesignator=R? NewDesignator=R1
Change Component Designator: OldDesignator=R? NewDesignator=R2
Change Component Designator: OldDesignator=R? NewDesignator=R3
Change Component Designator: OldDesignator=R? NewDesignator=R4
Change Component Designator: OldDesignator=R? NewDesignator=R5
Change Component Designator: OldDesignator=R? NewDesignator=R6
Change Component Designator: OldDesignator=R? NewDesignator=R7
Change Component Designator: OldDesignator=R? NewDesignator=R8
Change Component Designator: OldDesignator=RLY? NewDesignator=RLY1
Change Component Designator: OldDesignator=U? NewDesignator=U1
Change Component Designator: OldDesignator=U? NewDesignator=U2
Change Component Designator: OldDesignator=U? NewDesignator=U3
Change Component Designator: OldDesignator=U? NewDesignator=U4
Change Component Designator: OldDesignator=U? NewDesignator=U5
Change Component Designator: OldDesignator=U? NewDesignator=U6
Change Component Designator: OldDesignator=U? NewDesignator=U7
Change Component Designator: OldDesignator=U? NewDesignator=U8
Change Net Name : Old Net Name=NetC?_1 New Net Name=NetC3_1
Change Net Name : Old Net Name=NetC?_1 New Net Name=NetC4_1
Change Net Name : Old Net Name=NetC?_1 New Net Name=NetC6_1
Change Net Name : Old Net Name=NetC?_1 New Net Name=NetC8_1
Change Net Name : Old Net Name=NetC?_1 New Net Name=NetC14_1
Change Net Name : Old Net Name=NetC?_1 New Net Name=NetC16_1
Change Net Name : Old Net Name=NetC?_2 New Net Name=NetC6_2
Change Net Name : Old Net Name=NetC?_2 New Net Name=NetC8_2
Change Net Name : Old Net Name=NetC?_2 New Net Name=NetC14_2
Change Net Name : Old Net Name=NetF?_1 New Net Name=NetF1_1
Change Net Name : Old Net Name=NetL?_2 New Net Name=NetL1_2
Added Member To Class: ClassName=LM-008 Member=Component C1 CAP CER 1UF 50V X7R 1210
Added Member To Class: ClassName=LM-008 Member=Component C2 CAP CER 1UF 50V X7R 1210
Added Member To Class: ClassName=LM-008 Member=Component C3 CAP CER 1UF 50V X7R 1210
Added Member To Class: ClassName=LM-008 Member=Component C4 CAP CER 1UF 50V X7R 1210
Added Member To Class: ClassName=LM-008 Member=Component C5 CAP CER 1UF 50V X7R 1210
Added Member To Class: ClassName=LM-008 Member=Component C6 CAP CER 1UF 50V X7R 1210
Added Member To Class: ClassName=LM-008 Member=Component C7 CAP CER 1UF 50V X7R 1210
Added Member To Class: ClassName=LM-008 Member=Component C8 CAP CER 1UF 50V X7R 1210
Added Member To Class: ClassName=LM-008 Member=Component C9 CAP CER 0.1UF 16V X7R 0805
Added Member To Class: ClassName=LM-008 Member=Component C10 CAP CER 1UF 50V X7R 1210
Added Member To Class: ClassName=LM-008 Member=Component C11 CAP CER 1UF 50V X7R 1210
Added Member To Class: ClassName=LM-008 Member=Component C12 CAP CER 1UF 50V X7R 1210
Added Member To Class: ClassName=LM-008 Member=Component C13 CAP CER 1UF 50V X7R 1210
Added Member To Class: ClassName=LM-008 Member=Component C15 CAP CER 470PF 3KV X7R 1812
Added Member To Class: ClassName=36V_Supply Member=Component C16 22pF
Added Member To Class: ClassName=36V_Supply Member=Component C17 CAP CER 1UF 50V X7R 1210
Added Member To Class: ClassName=36V_Supply Member=Component C18 CAP CER 0.47UF 50V X7R 1206
Added Member To Class: ClassName=36V_Supply Member=Component C19 CAP CER 1UF 16V X7R 0805
Added Member To Class: ClassName=36V_Supply Member=Component C20 4.7uF
Added Member To Class: ClassName=36V_Supply Member=Component C21 CAP CER 0.047UF 16V X7R 0603
Added Member To Class: ClassName=LM-008 Member=Component P1 TLW-108-05-G-D
Added Member To Class: ClassName=Power_Input Member=Component P3 IPL1-105-01-F-S-RA
Added Member To Class: ClassName=Power_Input Member=Component P4 IPL1-104-01-L-S-RA-K
Added Member To Class: ClassName=LM-008 Member=Component R1 330
Added Member To Class: ClassName=LM-008 Member=Component R2 330
Added Member To Class: ClassName=LM-008 Member=Component R3 16.27k
Added Member To Class: ClassName=LM-008 Member=Component R5 1M
Added Member To Class: ClassName=36V_Supply Member=Component R6 RES SMD 280K OHM 1% 1/8W 0805
Added Member To Class: ClassName=36V_Supply Member=Component R7 RES SMD 10K OHM 1% 1/8W 0805
Added Member To Class: ClassName=Power_Input Member=Component R8 6.98K
Added Member To Class: ClassName=LM-008 Member=Component U1 APXW005A0X3-SRZ
Added Member To Class: ClassName=LM-008 Member=Component U2 APXW005A0X3-SRZ
Added Member To Class: ClassName=LM-008 Member=Component U3 BD90GA3WEFJ-E2
Added Member To Class: ClassName=LM-008 Member=Component U5 TLV70233DBVR
Added Member To Class: ClassName=LM-008 Member=Component U6 CCG302412S
Added Member To Class: ClassName=LM-008 Member=Component U7 OPA188AIDBVR
Added Member To Class: ClassName=36V_Supply Member=Component U8 LT3461
