Removed Pin From Net: NetName=-5 Pin=P3-14
Removed Pin From Net: NetName=-5 Pin=P4-14
Removed Pin From Net: NetName=-5 Pin=U10-12
Removed Pin From Net: NetName=-5 Pin=U10-13
Removed Pin From Net: NetName=-5 Pin=U11-10
Removed Pin From Net: NetName=CH7 Pin=U14-1
Removed Pin From Net: NetName=CH7 Pin=U14-2
Removed Pin From Net: NetName=CH4 Pin=U14-6
Removed Pin From Net: NetName=CH4 Pin=U14-7
Removed Pin From Net: NetName=CH6 Pin=U14-8
Removed Pin From Net: NetName=CH6 Pin=U14-9
Removed Pin From Net: NetName=-5 Pin=U14-11
Removed Pin From Net: NetName=CH5 Pin=U14-13
Removed Pin From Net: NetName=CH5 Pin=U14-14
Added Pin To Net: NetName=-5 Pin=P3-14
Added Pin To Net: NetName=-5 Pin=P4-14
Added Pin To Net: NetName=-5 Pin=U10-12
Added Pin To Net: NetName=-5 Pin=U10-13
Added Pin To Net: NetName=-5 Pin=U11-10
Added Pin To Net: NetName=-5 Pin=U11-11
Added Pin To Net: NetName=CH5 Pin=U14-6
Added Pin To Net: NetName=CH5 Pin=U14-7
Added Pin To Net: NetName=CH7 Pin=U14-8
Added Pin To Net: NetName=CH7 Pin=U14-9
Added Pin To Net: NetName=-5 Pin=U14-11
Added Pin To Net: NetName=CH6 Pin=U14-13
Added Pin To Net: NetName=CH6 Pin=U14-14
Added Pin To Net: NetName=NetU14_1 Pin=U14-1
Added Pin To Net: NetName=NetU14_1 Pin=U14-2
Added Net: Name=NetU14_1
