Removed Pin From Net: NetName=+12 Pin=P1-8
Removed Pin From Net: NetName=I2C2_SCL Pin=P2-1
Removed Pin From Net: NetName=I2C2_SDA Pin=P2-3
Removed Member From Class: ClassName=Power_Input Member=P2
Removed Member From Class: ClassName=Power_Input Member=R10
Change Component Footprint: Designator=R5 Old Footprint=RESC0805(2012)_M New Footprint=RESC0402(1005)_L
Change Component Footprint: Designator=R6 Old Footprint=RESC0805(2012)_M New Footprint=RESC0402(1005)_L
Change Component Footprint: Designator=R7 Old Footprint=RESC0805(2012)_M New Footprint=RESC0402(1005)_L
Change Component Footprint: Designator=R8 Old Footprint=RESC0805(2012)_M New Footprint=RESC0402(1005)_L
Change Component Footprint: Designator=R9 Old Footprint=RESC0805(2012)_M New Footprint=RESC0402(1005)_L
Change Component Footprint: Designator=R10 Old Footprint=RESC0805(2012)_M New Footprint=RESC0402(1005)_L
Change Component Comment : Designator=R5 Old Comment=RES SMD 10K OHM 1% 1/8W 0805 New Comment=TBD
Change Component Comment : Designator=R6 Old Comment=RES SMD 10K OHM 1% 1/8W 0805 New Comment=TBD
Change Component Comment : Designator=R7 Old Comment=RES SMD 10K OHM 1% 1/8W 0805 New Comment=TBD
Change Component Comment : Designator=R8 Old Comment=RES SMD 10K OHM 1% 1/8W 0805 New Comment=TBD
Change Component Comment : Designator=R9 Old Comment=RES SMD 10K OHM 1% 1/8W 0805 New Comment=TBD
Change Component Comment : Designator=R10 Old Comment=RES SMD 10K OHM 1% 1/8W 0805 New Comment=TBD
Change component parameters: Designator = "R5"; Footprint = "RESC0402(1005)_L"; UniqueID = "\UDAEFRPA"
Change component parameters. Clean all parameters for all variants
Change component parameters (AddParameter): Name = "Supplier Device Package"; Value = "0402"; VariantName = "[No Variations]"
Change component parameters (AddParameter): Name = "Supplier Part Number 1"; Value = "YAG3220CT-ND"; VariantName = "[No Variations]"
Change component parameters (AddParameter): Name = "Temperature Coefficient"; Value = "±100ppm/°C"; VariantName = "[No Variations]"
Change component parameters (AddParameter): Name = "Tolerance"; Value = "±1%"; VariantName = "[No Variations]"
Change component parameters: Designator = "R6"; Footprint = "RESC0402(1005)_L"; UniqueID = "\EHYLSIYC"
Change component parameters. Clean all parameters for all variants
Change component parameters (AddParameter): Name = "Supplier Device Package"; Value = "0402"; VariantName = "[No Variations]"
Change component parameters (AddParameter): Name = "Supplier Part Number 1"; Value = "YAG3220CT-ND"; VariantName = "[No Variations]"
Change component parameters (AddParameter): Name = "Temperature Coefficient"; Value = "±100ppm/°C"; VariantName = "[No Variations]"
Change component parameters (AddParameter): Name = "Tolerance"; Value = "±1%"; VariantName = "[No Variations]"
Change component parameters: Designator = "R7"; Footprint = "RESC0402(1005)_L"; UniqueID = "\PAXEGKRR"
Change component parameters. Clean all parameters for all variants
Change component parameters (AddParameter): Name = "Supplier Device Package"; Value = "0402"; VariantName = "[No Variations]"
Change component parameters (AddParameter): Name = "Supplier Part Number 1"; Value = "YAG3220CT-ND"; VariantName = "[No Variations]"
Change component parameters (AddParameter): Name = "Temperature Coefficient"; Value = "±100ppm/°C"; VariantName = "[No Variations]"
Change component parameters (AddParameter): Name = "Tolerance"; Value = "±1%"; VariantName = "[No Variations]"
Change component parameters: Designator = "R8"; Footprint = "RESC0402(1005)_L"; UniqueID = "\RNBKETSR"
Change component parameters. Clean all parameters for all variants
Change component parameters (AddParameter): Name = "Supplier Device Package"; Value = "0402"; VariantName = "[No Variations]"
Change component parameters (AddParameter): Name = "Supplier Part Number 1"; Value = "YAG3220CT-ND"; VariantName = "[No Variations]"
Change component parameters (AddParameter): Name = "Temperature Coefficient"; Value = "±100ppm/°C"; VariantName = "[No Variations]"
Change component parameters (AddParameter): Name = "Tolerance"; Value = "±1%"; VariantName = "[No Variations]"
Change component parameters: Designator = "R9"; Footprint = "RESC0402(1005)_L"; UniqueID = "\AJFXLDMH"
Change component parameters. Clean all parameters for all variants
Change component parameters (AddParameter): Name = "Supplier Device Package"; Value = "0402"; VariantName = "[No Variations]"
Change component parameters (AddParameter): Name = "Supplier Part Number 1"; Value = "YAG3220CT-ND"; VariantName = "[No Variations]"
Change component parameters (AddParameter): Name = "Temperature Coefficient"; Value = "±100ppm/°C"; VariantName = "[No Variations]"
Change component parameters (AddParameter): Name = "Tolerance"; Value = "±1%"; VariantName = "[No Variations]"
Change component parameters: Designator = "R10"; Footprint = "RESC0402(1005)_L"; UniqueID = "\XFQTSPYI"
Change component parameters. Clean all parameters for all variants
Change component parameters (AddParameter): Name = "Supplier Device Package"; Value = "0402"; VariantName = "[No Variations]"
Change component parameters (AddParameter): Name = "Supplier Part Number 1"; Value = "YAG3220CT-ND"; VariantName = "[No Variations]"
Change component parameters (AddParameter): Name = "Temperature Coefficient"; Value = "±100ppm/°C"; VariantName = "[No Variations]"
Change component parameters (AddParameter): Name = "Tolerance"; Value = "±1%"; VariantName = "[No Variations]"
Added Pin To Net: NetName=+12 Pin=P2-1
Added Pin To Net: NetName=+12 Pin=P2-3
Added Pin To Net: NetName=I2C2_SCL Pin=P2-13
Added Pin To Net: NetName=I2C2_SDA Pin=P2-15
Added Pin To Net: NetName=GND Pin=U8-11
