Change Component Designator: Old Designator=C? New Designator=C9
Change Component Designator: Old Designator=C? New Designator=C22
Change Component Designator: Old Designator=C? New Designator=C30
Change Component Designator: Old Designator=C? New Designator=C44
Change Component Designator: Old Designator=C? New Designator=C45
Change Component Designator: Old Designator=C? New Designator=C47
Change Component Designator: Old Designator=P? New Designator=P17
Change Component Designator: Old Designator=R? New Designator=R24
Change Component Designator: Old Designator=R? New Designator=R25
Change Component Designator: Old Designator=R? New Designator=R27
Change Component Designator: Old Designator=R? New Designator=R28
Change Component Designator: Old Designator=R? New Designator=R29
Change Component Designator: Old Designator=TP? New Designator=TP14
Change Component Designator: Old Designator=TP? New Designator=TP15
Change Component Designator: Old Designator=TP? New Designator=TP16
Change Component Designator: Old Designator=TP? New Designator=TP17
Change Component Designator: Old Designator=U? New Designator=U6
Change Component Designator: Old Designator=U? New Designator=U7
Change Component Designator: Old Designator=U? New Designator=U6
Change Component Designator: Old Designator=U? New Designator=U7
