Removed Member From Class: ClassName=BBB Headers Member=C1
Removed Member From Class: ClassName=Connectors Member=P10
Removed Member From Class: ClassName=RS232 Member=P12
Removed Member From Class: ClassName=heater_control Member=R12
Removed Member From Class: ClassName=Power Member=R16
Removed Member From Class: ClassName=RS232 Member=R27
Removed Member From Class: ClassName=RS232 Member=R31
Removed Member From Class: ClassName=heater_control Member=U6
Removed Member From Class: ClassName=Power Member=U6
Removed Member From Class: ClassName=Power Member=U7
Added Pin To Net: NetName=NetP7_1 Pin=P7-1
Added Pin To Net: NetName=NetP7_1 Pin=U5-8-20
Added Net: Name=NetP7_1
Added Pin To Net: NetName=NetP8_4 Pin=P8-4
Added Pin To Net: NetName=NetP8_4 Pin=U5-9-9
Added Net: Name=NetP8_4
Added Class: Name=GPS
Added Member To Class: ClassName=Power Member=Component C2 0.1uF
Added Member To Class: ClassName=Power Member=Component C3 0.1uF
Added Member To Class: ClassName=BBB Headers Member=Component C7 0.1uF
Added Member To Class: ClassName=Connectors Member=Component P9 SLW-108-01-G-D
Added Member To Class: ClassName=RS232 Member=Component P11 Header 100 mil (2.54 mm)
Added Member To Class: ClassName=Power Member=Component R13 4.99k
Added Member To Class: ClassName=RS232 Member=Component R21 100
Added Member To Class: ClassName=RS232 Member=Component R22 100
Added Member To Class: ClassName=heater_control Member=Component R28 20k
Added Member To Class: ClassName=Power Member=Component U2 MAX11100EUB+T
Added Member To Class: ClassName=Power Member=Component U3 MAX6070AAUT41+T
Added Member To Class: ClassName=Power Member=Component U4 OPA188AIDBVR
Added Member To Class: ClassName=heater_control Member=Component U8 OPA4188AIPWR
