Removed Pin From Net: NetName=Power_IN Pin=U17-1
Removed Member From Class: ClassName=FeedbackLoop Member=C30
Removed Member From Class: ClassName=FeedbackLoop Member=R66
Removed Member From Class: ClassName=FeedbackLoop Member=R67
Removed Member From Class: ClassName=FeedbackLoop Member=R68
Removed Member From Class: ClassName=FeedbackLoop Member=R69
Change Component Designator: OldDesignator=C1 NewDesignator=C20
Change Component Designator: OldDesignator=C2 NewDesignator=C25
Change Component Designator: OldDesignator=C3 NewDesignator=C26
Change Component Designator: OldDesignator=C4 NewDesignator=C27
Change Component Designator: OldDesignator=C5 NewDesignator=C30
Change Component Designator: OldDesignator=C6 NewDesignator=C31
Change Component Designator: OldDesignator=C7 NewDesignator=C33
Change Component Designator: OldDesignator=C8 NewDesignator=C34
Change Component Designator: OldDesignator=C9 NewDesignator=C21
Change Component Designator: OldDesignator=C10 NewDesignator=C32
Change Component Designator: OldDesignator=C11 NewDesignator=C35
Change Component Designator: OldDesignator=C12 NewDesignator=C1
Change Component Designator: OldDesignator=C13 NewDesignator=C36
Change Component Designator: OldDesignator=C14 NewDesignator=C37
Change Component Designator: OldDesignator=C15 NewDesignator=C38
Change Component Designator: OldDesignator=C16 NewDesignator=C39
Change Component Designator: OldDesignator=C17 NewDesignator=C40
Change Component Designator: OldDesignator=C18 NewDesignator=C41
Change Component Designator: OldDesignator=C19 NewDesignator=C2
Change Component Designator: OldDesignator=C20 NewDesignator=C42
Change Component Designator: OldDesignator=C21 NewDesignator=C43
Change Component Designator: OldDesignator=C22 NewDesignator=C28
Change Component Designator: OldDesignator=C23 NewDesignator=C3
Change Component Designator: OldDesignator=C24 NewDesignator=C44
Change Component Designator: OldDesignator=C25 NewDesignator=C45
Change Component Designator: OldDesignator=C26 NewDesignator=C4
Change Component Designator: OldDesignator=C27 NewDesignator=C46
Change Component Designator: OldDesignator=C28 NewDesignator=C5
Change Component Designator: OldDesignator=C29 NewDesignator=C47
Change Component Designator: OldDesignator=C30 NewDesignator=C22
Change Component Designator: OldDesignator=C31 NewDesignator=C6
Change Component Designator: OldDesignator=C32 NewDesignator=C7
Change Component Designator: OldDesignator=C33 NewDesignator=C8
Change Component Designator: OldDesignator=C34 NewDesignator=C9
Change Component Designator: OldDesignator=C35 NewDesignator=C10
Change Component Designator: OldDesignator=C36 NewDesignator=C11
Change Component Designator: OldDesignator=C37 NewDesignator=C12
Change Component Designator: OldDesignator=C38 NewDesignator=C13
Change Component Designator: OldDesignator=C39 NewDesignator=C14
Change Component Designator: OldDesignator=C40 NewDesignator=C15
Change Component Designator: OldDesignator=C41 NewDesignator=C16
Change Component Designator: OldDesignator=C42 NewDesignator=C17
Change Component Designator: OldDesignator=C43 NewDesignator=C18
Change Component Designator: OldDesignator=C44 NewDesignator=C29
Change Component Designator: OldDesignator=C45 NewDesignator=C23
Change Component Designator: OldDesignator=C46 NewDesignator=C19
Change Component Designator: OldDesignator=C47 NewDesignator=C24
Change Component Designator: OldDesignator=DS1 NewDesignator=DS3
Change Component Designator: OldDesignator=DS2 NewDesignator=DS8
Change Component Designator: OldDesignator=DS3 NewDesignator=DS4
Change Component Designator: OldDesignator=DS4 NewDesignator=DS6
Change Component Designator: OldDesignator=DS6 NewDesignator=DS7
Change Component Designator: OldDesignator=DS8 NewDesignator=DS1
Change Component Designator: OldDesignator=DS9 NewDesignator=DS2
Change Component Designator: OldDesignator=P2 NewDesignator=P3
Change Component Designator: OldDesignator=P3 NewDesignator=P12
Change Component Designator: OldDesignator=P4 NewDesignator=P7
Change Component Designator: OldDesignator=P5 NewDesignator=P8
Change Component Designator: OldDesignator=P6 NewDesignator=P5
Change Component Designator: OldDesignator=P7 NewDesignator=P4
Change Component Designator: OldDesignator=P10 NewDesignator=P1
Change Component Designator: OldDesignator=P11 NewDesignator=P9
Change Component Designator: OldDesignator=P12 NewDesignator=P2
Change Component Designator: OldDesignator=P13 NewDesignator=P10
Change Component Designator: OldDesignator=P14 NewDesignator=P6
Change Component Designator: OldDesignator=P15 NewDesignator=P11
Change Component Designator: OldDesignator=P22 NewDesignator=P13
Change Component Designator: OldDesignator=R1 NewDesignator=R42
Change Component Designator: OldDesignator=R2 NewDesignator=R35
Change Component Designator: OldDesignator=R3 NewDesignator=R37
Change Component Designator: OldDesignator=R4 NewDesignator=R39
Change Component Designator: OldDesignator=R5 NewDesignator=R36
Change Component Designator: OldDesignator=R6 NewDesignator=R38
Change Component Designator: OldDesignator=R7 NewDesignator=R44
Change Component Designator: OldDesignator=R8 NewDesignator=R43
Change Component Designator: OldDesignator=R9 NewDesignator=R49
Change Component Designator: OldDesignator=R10 NewDesignator=R15
Change Component Designator: OldDesignator=R11 NewDesignator=R18
Change Component Designator: OldDesignator=R12 NewDesignator=R19
Change Component Designator: OldDesignator=R13 NewDesignator=R21
Change Component Designator: OldDesignator=R14 NewDesignator=R40
Change Component Designator: OldDesignator=R15 NewDesignator=R22
Change Component Designator: OldDesignator=R16 NewDesignator=R64
Change Component Designator: OldDesignator=R17 NewDesignator=R65
Change Component Designator: OldDesignator=R18 NewDesignator=R23
Change Component Designator: OldDesignator=R19 NewDesignator=R66
Change Component Designator: OldDesignator=R20 NewDesignator=R25
Change Component Designator: OldDesignator=R21 NewDesignator=R26
Change Component Designator: OldDesignator=R22 NewDesignator=R29
Change Component Designator: OldDesignator=R23 NewDesignator=R30
Change Component Designator: OldDesignator=R24 NewDesignator=R10
Change Component Designator: OldDesignator=R25 NewDesignator=R11
Change Component Designator: OldDesignator=R26 NewDesignator=R46
Change Component Designator: OldDesignator=R27 NewDesignator=R12
Change Component Designator: OldDesignator=R28 NewDesignator=R13
Change Component Designator: OldDesignator=R29 NewDesignator=R14
Change Component Designator: OldDesignator=R30 NewDesignator=R41
Change Component Designator: OldDesignator=R31 NewDesignator=R50
Change Component Designator: OldDesignator=R32 NewDesignator=R47
Change Component Designator: OldDesignator=R33 NewDesignator=R45
Change Component Designator: OldDesignator=R34 NewDesignator=R48
Change Component Designator: OldDesignator=R35 NewDesignator=R52
Change Component Designator: OldDesignator=R36 NewDesignator=R54
Change Component Designator: OldDesignator=R37 NewDesignator=R55
Change Component Designator: OldDesignator=R38 NewDesignator=R56
Change Component Designator: OldDesignator=R39 NewDesignator=R32
Change Component Designator: OldDesignator=R40 NewDesignator=R34
Change Component Designator: OldDesignator=R41 NewDesignator=R67
Change Component Designator: OldDesignator=R42 NewDesignator=R57
Change Component Designator: OldDesignator=R43 NewDesignator=R58
Change Component Designator: OldDesignator=R44 NewDesignator=R59
Change Component Designator: OldDesignator=R45 NewDesignator=R60
Change Component Designator: OldDesignator=R46 NewDesignator=R31
Change Component Designator: OldDesignator=R47 NewDesignator=R61
Change Component Designator: OldDesignator=R48 NewDesignator=R68
Change Component Designator: OldDesignator=R49 NewDesignator=R1
Change Component Designator: OldDesignator=R50 NewDesignator=R2
Change Component Designator: OldDesignator=R51 NewDesignator=R69
Change Component Designator: OldDesignator=R52 NewDesignator=R3
Change Component Designator: OldDesignator=R53 NewDesignator=R4
Change Component Designator: OldDesignator=R54 NewDesignator=R62
Change Component Designator: OldDesignator=R55 NewDesignator=R63
Change Component Designator: OldDesignator=R56 NewDesignator=R51
Change Component Designator: OldDesignator=R57 NewDesignator=R53
Change Component Designator: OldDesignator=R58 NewDesignator=R33
Change Component Designator: OldDesignator=R59 NewDesignator=R5
Change Component Designator: OldDesignator=R60 NewDesignator=R6
Change Component Designator: OldDesignator=R61 NewDesignator=R7
Change Component Designator: OldDesignator=R62 NewDesignator=R16
Change Component Designator: OldDesignator=R63 NewDesignator=R8
Change Component Designator: OldDesignator=R64 NewDesignator=R17
Change Component Designator: OldDesignator=R65 NewDesignator=R9
Change Component Designator: OldDesignator=R66 NewDesignator=R20
Change Component Designator: OldDesignator=R67 NewDesignator=R24
Change Component Designator: OldDesignator=R68 NewDesignator=R27
Change Component Designator: OldDesignator=R69 NewDesignator=R28
Change Component Designator: OldDesignator=U1 NewDesignator=U16
Change Component Designator: OldDesignator=U2 NewDesignator=U17
Change Component Designator: OldDesignator=U3 NewDesignator=U13
Change Component Designator: OldDesignator=U4 NewDesignator=U14
Change Component Designator: OldDesignator=U5 NewDesignator=U15
Change Component Designator: OldDesignator=U6 NewDesignator=U10
Change Component Designator: OldDesignator=U7 NewDesignator=U8
Change Component Designator: OldDesignator=U8 NewDesignator=U7
Change Component Designator: OldDesignator=U10 NewDesignator=U4
Change Component Designator: OldDesignator=U13 NewDesignator=U19
Change Component Designator: OldDesignator=U14 NewDesignator=U18
Change Component Designator: OldDesignator=U15 NewDesignator=U1
Change Component Designator: OldDesignator=U16 NewDesignator=U2
Change Component Designator: OldDesignator=U17 NewDesignator=U3
Change Component Designator: OldDesignator=U19 NewDesignator=U5
Change Component Designator: OldDesignator=U20 NewDesignator=U6
Added Pin To Net: NetName=Power_IN Pin=U3-3
Change Net Name : Old Net Name=NetC2_1 New Net Name=NetC25_1
Change Net Name : Old Net Name=NetC2_2 New Net Name=NetC25_2
Change Net Name : Old Net Name=NetC5_1 New Net Name=NetC30_1
Change Net Name : Old Net Name=NetC5_2 New Net Name=NetC30_2
Change Net Name : Old Net Name=NetC6_1 New Net Name=NetC31_1
Change Net Name : Old Net Name=NetC6_2 New Net Name=NetC31_2
Change Net Name : Old Net Name=NetC7_1 New Net Name=NetC33_1
Change Net Name : Old Net Name=NetC7_2 New Net Name=NetC33_2
Change Net Name : Old Net Name=NetC9_1 New Net Name=NetC21_1
Change Net Name : Old Net Name=NetC9_2 New Net Name=NetC21_2
Change Net Name : Old Net Name=NetC12_1 New Net Name=NetC1_1
Change Net Name : Old Net Name=NetC18_1 New Net Name=NetC41_1
Change Net Name : Old Net Name=NetC20_1 New Net Name=NetC42_1
Change Net Name : Old Net Name=NetC42_2 New Net Name=NetC17_2
Change Net Name : Old Net Name=NetC47_1 New Net Name=NetC24_1
Change Net Name : Old Net Name=NetDS1_2 New Net Name=NetDS3_2
Change Net Name : Old Net Name=NetDS2_1 New Net Name=NetDS8_1
Change Net Name : Old Net Name=NetDS2_2 New Net Name=NetDS8_2
Change Net Name : Old Net Name=NetDS3_2 New Net Name=NetDS4_2
Change Net Name : Old Net Name=NetDS4_2 New Net Name=NetDS6_2
Change Net Name : Old Net Name=NetDS6_2 New Net Name=NetDS7_2
Change Net Name : Old Net Name=NetDS8_2 New Net Name=NetDS1_2
Change Net Name : Old Net Name=NetDS9_2 New Net Name=NetDS2_2
Change Net Name : Old Net Name=NetP2_2 New Net Name=NetP3_2
Change Net Name : Old Net Name=NetP2_3 New Net Name=NetP3_3
Change Net Name : Old Net Name=NetP2_4 New Net Name=NetP3_4
Change Net Name : Old Net Name=NetP2_12 New Net Name=NetP3_12
Change Net Name : Old Net Name=NetP3_27 New Net Name=NetP12_27
Change Net Name : Old Net Name=NetP4_2 New Net Name=NetP7_2
Change Net Name : Old Net Name=NetP4_4 New Net Name=NetP7_4
Change Net Name : Old Net Name=NetP5_1 New Net Name=NetP8_1
Change Net Name : Old Net Name=NetP5_4 New Net Name=NetP8_4
Change Net Name : Old Net Name=NetP7_4 New Net Name=NetP4_4
Change Net Name : Old Net Name=NetP10_3 New Net Name=NetP1_3
Change Net Name : Old Net Name=NetP10_4 New Net Name=NetP1_4
Change Net Name : Old Net Name=NetP10_5 New Net Name=NetP1_5
Change Net Name : Old Net Name=NetP11_1 New Net Name=NetP9_1
Change Net Name : Old Net Name=NetP11_4 New Net Name=NetP9_4
Change Net Name : Old Net Name=NetP12_2 New Net Name=NetP2_2
Change Net Name : Old Net Name=NetP13_1 New Net Name=NetP10_1
Change Net Name : Old Net Name=NetP13_4 New Net Name=NetP10_4
Change Net Name : Old Net Name=NetP15_1 New Net Name=NetP11_1
Change Net Name : Old Net Name=NetP15_4 New Net Name=NetP11_4
Change Net Name : Old Net Name=NetR7_1 New Net Name=NetR44_1
Change Net Name : Old Net Name=NetR8_1 New Net Name=NetR43_1
Change Net Name : Old Net Name=NetR10_1 New Net Name=NetR15_1
Change Net Name : Old Net Name=NetR11_2 New Net Name=NetR18_2
Change Net Name : Old Net Name=NetR12_1 New Net Name=NetR19_1
Change Net Name : Old Net Name=NetR18_1 New Net Name=NetR23_1
Change Net Name : Old Net Name=NetR21_1 New Net Name=NetR26_1
Change Net Name : Old Net Name=NetR27_1 New Net Name=NetR12_1
Change Net Name : Old Net Name=NetR29_2 New Net Name=NetR14_2
Change Net Name : Old Net Name=NetR31_1 New Net Name=NetR50_1
Change Net Name : Old Net Name=NetR32_1 New Net Name=NetR47_1
Change Net Name : Old Net Name=NetR36_1 New Net Name=NetR54_1
Change Net Name : Old Net Name=NetR38_1 New Net Name=NetR56_1
Change Net Name : Old Net Name=NetR39_1 New Net Name=NetR32_1
Change Net Name : Old Net Name=NetR42_1 New Net Name=NetR57_1
Change Net Name : Old Net Name=NetR45_1 New Net Name=NetR60_1
Change Net Name : Old Net Name=NetR46_2 New Net Name=NetR31_2
Change Net Name : Old Net Name=NetR47_1 New Net Name=NetR61_1
Change Net Name : Old Net Name=NetR57_1 New Net Name=NetR53_1
Change Net Name : Old Net Name=NetR58_2 New Net Name=NetR33_2
Change Net Name : Old Net Name=NetR62_2 New Net Name=NetR16_2
Change Net Name : Old Net Name=NetR64_1 New Net Name=NetR17_1
Change Net Name : Old Net Name=NetR66_1 New Net Name=NetR20_1
Change Net Name : Old Net Name=NetR67_1 New Net Name=NetR24_1
Change Net Name : Old Net Name=NetU1_8-10 New Net Name=NetU2_5
Change Net Name : Old Net Name=NetU1_8-22 New Net Name=NetU5_1
Change Net Name : Old Net Name=NetU1_8-28 New Net Name=NetU16_8-28
Change Net Name : Old Net Name=NetU1_8-29 New Net Name=NetU16_8-29
Change Net Name : Old Net Name=NetU1_8-30 New Net Name=NetU16_8-30
Change Net Name : Old Net Name=NetU1_9-14 New Net Name=NetU7_3
Change Net Name : Old Net Name=NetU1_9-16 New Net Name=NetU16_9-16
Change Net Name : Old Net Name=NetU1_9-24 New Net Name=NetU16_9-24
Change Net Name : Old Net Name=NetU1_9-26 New Net Name=NetU16_9-26
Change Net Name : Old Net Name=NetU1_9-33 New Net Name=NetU16_9-33
Change Net Name : Old Net Name=NetU1_9-35 New Net Name=NetU16_9-35
Change Net Name : Old Net Name=NetU1_9-37 New Net Name=NetU16_9-37
Change Net Name : Old Net Name=NetU1_9-38 New Net Name=NetU16_9-38
Change Net Name : Old Net Name=NetU1_9-39 New Net Name=NetU16_9-39
Change Net Name : Old Net Name=NetU2_13 New Net Name=NetU17_13
Change Net Name : Old Net Name=NetU5_12 New Net Name=NetU15_12
Change Net Name : Old Net Name=NetU13_3 New Net Name=NetU19_3
Change Net Name : Old Net Name=NetU13_4 New Net Name=NetU19_4
Added Member To Class: ClassName=FeedbackLoop Member=Component C28 CAP CER 0.1UF 25V X7R 0805
Added Member To Class: ClassName=FeedbackLoop Member=Component R19 RES SMD 7.5K OHM 1% 1/8W 0805
Added Member To Class: ClassName=FeedbackLoop Member=Component R26 RES SMD 3.9K OHM 5% 1/8W 0805
Added Member To Class: ClassName=FeedbackLoop Member=Component R29 RES SMD 1M OHM 1% 1/8W 0805
Added Member To Class: ClassName=FeedbackLoop Member=Component R30 RES SMD 1M OHM 1% 1/8W 0805
Added Room: Name=ADC
Added Room: Name=BBB Headers
Added Room: Name=Connectors
Added Room: Name=FeedbackLoop
Added Room: Name=heater_control
Added Room: Name=Power
Added Room: Name=Power Monitor
Added Room: Name=Real Time Clock
Added Room: Name=RS232
